8817,0,0,1.955879,43103,0,0
8916,1,1,1.913666,43203,0,0
9022,2,2,1.899595,43303,0,0
9116,3,3,1.955879,43403,0,0
9222,4,4,1.866762,43503,0,0
9316,5,5,1.904285,43603,0,0
9416,6,6,1.918356,43703,0,0
9516,7,7,1.880833,43803,0,0
9621,8,8,1.918356,43903,0,0
9717,9,9,1.899595,44003,0,0
9817,10,10,1.946498,44103,0,0
9916,11,11,1.923046,44203,0,0
10016,12,12,1.960569,44303,0,0
10122,13,13,1.894904,44403,0,0
10216,14,14,1.871452,44503,0,0
10316,15,15,1.932427,44603,0,0
10422,16,16,1.908975,44703,0,0
10517,17,17,1.941808,44803,0,0
10622,18,18,1.908975,44903,0,0
10726,19,19,1.937117,45003,0,0
10815,20,20,1.876143,45103,0,0
10923,21,21,1.937117,45203,0,0
11016,22,22,1.969950,45303,0,0
11115,23,23,1.941808,45403,0,0
11216,24,24,1.941808,45503,0,0
11324,25,25,1.880833,45603,0,0
11417,26,26,1.923046,45703,0,0
11523,27,27,1.937117,45803,0,0
11617,28,28,1.871452,45903,0,0
11716,29,29,1.913666,46003,0,0
11817,30,30,1.918356,46103,0,0
11923,31,31,1.923046,46203,0,0
12016,32,32,1.946498,46303,0,0
12115,33,33,1.918356,46403,0,0
12215,34,34,1.941808,46503,0,0
12315,35,35,1.937117,46603,0,0
12424,36,36,1.908975,46703,0,0
12515,37,37,1.946498,46803,0,0
12616,38,38,1.941808,46903,0,0
12715,39,39,1.965260,47003,0,0
12814,40,40,1.960569,47103,0,0
12915,41,41,1.913666,47203,0,0
13016,42,42,1.984021,47303,0,0
13117,43,43,1.923046,47403,0,0
13223,44,44,1.927737,47503,0,0
13317,45,45,1.927737,47603,0,0
13422,46,46,1.941808,47703,0,0
13522,47,47,1.927737,47803,0,0
13622,48,48,1.908975,47903,0,0
13722,49,49,1.937117,48003,0,0
13823,50,50,1.927737,48103,0,0
13917,51,51,1.894904,48203,0,0
14016,52,52,1.904285,48303,0,0
14115,53,53,1.923046,48403,0,0
14223,54,54,1.955879,48503,0,0
14315,55,55,1.923046,48603,0,0
14423,56,56,1.927737,48703,0,0
14515,57,57,1.923046,48803,0,0
14617,58,58,1.946498,48903,0,0
14716,59,59,1.927737,49003,0,0
14822,60,60,1.913666,49103,0,0
14923,61,61,1.941808,49203,0,0
15016,62,62,1.927737,49303,0,0
15117,63,63,1.927737,49403,0,0
15223,64,64,1.927737,49503,0,0
15316,65,65,1.932427,49603,0,0
15417,66,66,1.974640,49703,0,0
15516,67,67,1.941808,49803,0,0
15624,68,68,1.974640,49903,0,0
15723,69,69,1.951188,50003,0,0
15815,70,70,1.927737,50103,0,0
15916,71,71,1.946498,50203,0,0
16015,72,72,1.960569,50303,0,0
16122,73,73,1.955879,50403,0,0
16223,74,74,1.951188,50503,0,0
16323,75,75,1.965260,50603,0,0
16416,76,76,1.946498,50703,0,0
16516,77,77,1.965260,50803,0,0
16616,78,78,1.974640,50903,0,0
16716,79,79,1.951188,51003,0,0
16822,80,80,1.955879,51103,0,0
16923,81,81,1.923046,51203,0,0
17017,82,82,1.927737,51303,0,0
17115,83,83,1.923046,51403,0,0
17223,84,84,1.946498,51503,0,0
17316,85,85,1.969950,51603,0,0
17415,86,86,1.941808,51703,0,0
17523,87,87,1.974640,51803,0,0
17615,88,88,1.932427,51903,0,0
17714,89,89,1.932427,52003,0,0
17814,90,90,1.984021,52103,0,0
17914,91,91,1.960569,52203,0,0
18014,92,92,1.955879,52303,0,0
18114,93,93,1.998092,52403,0,0
18214,94,94,1.946498,52503,0,0
18314,95,95,1.998092,52603,0,0
18415,96,96,1.988711,52703,0,0
18514,97,97,1.932427,52803,0,0
18615,98,98,1.951188,52903,0,0
18714,99,99,1.955879,53003,0,0
18814,100,100,1.979331,53103,0,0
18914,101,101,1.993402,53203,0,0
19015,102,102,1.960569,53303,0,0
19114,103,103,1.998092,53403,0,0
19214,104,104,1.998092,53503,0,0
19314,105,105,1.974640,53603,0,0
19414,106,106,1.974640,53703,0,0
19514,107,107,1.974640,53803,0,0
19614,108,108,1.946498,53903,0,0
19714,109,109,1.904285,54004,0,0
19814,110,110,1.941808,54104,0,0
19914,111,111,1.965260,54204,0,0
20014,112,112,1.908975,54304,0,0
20114,113,113,1.923046,54404,0,0
20214,114,114,1.998092,54504,0,0
20314,115,115,1.988711,54604,0,0
20414,116,116,1.984021,54704,0,0
20514,117,117,1.969950,54804,0,0
20614,118,118,2.007473,54904,0,0
20714,119,119,1.960569,55004,0,0
20814,120,120,1.979331,55104,0,0
20914,121,121,1.988711,55204,0,0
21014,122,122,1.984021,55304,0,0
21114,123,123,1.974640,55404,0,0
21214,124,124,1.979331,55504,0,0
21314,125,125,1.974640,55604,0,0
21414,126,126,1.955879,55704,0,0
21515,127,127,1.965260,55804,0,0
21622,128,128,1.951188,55904,0,0
21724,129,129,1.932427,56004,0,0
21823,130,130,1.988711,56104,0,0
21922,131,131,1.965260,56204,0,0
22024,132,132,1.988711,56304,0,0
22123,133,133,1.927737,56404,0,0
22224,134,134,1.969950,56504,0,0
22323,135,135,1.965260,56604,0,0
22423,136,136,1.984021,56704,0,0
22524,137,137,1.993402,56804,0,0
22623,138,138,2.007473,56904,0,0
22724,139,139,2.002782,57004,0,0
22814,140,140,1.979331,57104,0,0
22914,141,141,1.988711,57204,0,0
23014,142,142,2.026234,57304,0,0
23114,143,143,1.974640,57404,0,0
23214,144,144,1.988711,57504,0,0
23314,145,145,2.007473,57604,0,0
23414,146,146,1.979331,57704,0,0
23514,147,147,1.988711,57804,0,0
23614,148,148,2.021544,57904,0,0
23714,149,149,2.021544,58004,0,0
23814,150,150,1.993402,58104,0,0
23914,151,151,2.016853,58204,0,0
24014,152,152,1.974640,58304,0,0
24114,153,153,1.988711,58404,0,0
24214,154,154,1.998092,58504,0,0
24316,155,155,2.012163,58604,0,0
24414,156,156,1.993402,58704,0,0
24514,157,157,2.012163,58804,0,0
24614,158,158,2.026234,58904,0,0
24714,159,159,2.012163,59004,0,0
24814,160,160,2.016853,59104,0,0
24916,161,161,2.012163,59204,0,0
25014,162,162,1.988711,59304,0,0
25114,163,163,1.979331,59404,0,0
25214,164,164,1.969950,59504,0,0
25314,165,165,2.049686,59604,0,0
25414,166,166,1.984021,59704,0,0
25514,167,167,2.002782,59804,0,0
25614,168,168,1.993402,59904,0,0
25714,169,169,2.012163,60004,0,0
25814,170,170,1.988711,60104,0,0
25914,171,171,1.988711,60204,0,0
26014,172,172,1.969950,60304,0,0
26114,173,173,1.988711,60404,0,0
26214,174,174,1.955879,60504,0,0
26316,175,175,1.984021,60604,0,0
26414,176,176,1.960569,60704,0,0
26514,177,177,2.002782,60804,0,0
26614,178,178,1.960569,60904,0,0
26714,179,179,2.007473,61004,0,0
26814,180,180,1.941808,61104,0,0
26914,181,181,2.007473,61204,0,0
27014,182,182,1.988711,61304,0,0
27114,183,183,1.955879,61404,0,0
27214,184,184,1.937117,61504,0,0
27314,185,185,1.969950,61604,0,0
27414,186,186,1.974640,61704,0,0
27514,187,187,1.974640,61804,0,0
27614,188,188,1.937117,61904,0,0
27714,189,189,1.951188,62004,0,0
27815,190,190,1.955879,62104,0,0
27914,191,191,1.918356,62204,0,0
28015,192,192,1.932427,62304,0,0
28114,193,193,1.951188,62404,0,0
28216,194,194,1.937117,62504,0,0
28314,195,195,1.913666,62604,0,0
28414,196,196,1.979331,62704,0,0
28514,197,197,1.960569,62804,0,0
28614,198,198,1.946498,62904,0,0
28714,199,199,1.876143,63004,0,0
28814,200,200,1.946498,63104,0,0
28914,201,201,1.923046,63204,0,0
29014,202,202,1.960569,63304,0,0
29114,203,203,1.904285,63404,0,0
29214,204,204,1.941808,63504,0,0
29314,205,205,1.960569,63604,0,0
29414,206,206,1.894904,63704,0,0
29519,207,207,1.918356,63804,0,0
29615,208,208,1.894904,63904,0,0
29714,209,209,1.904285,64004,0,0
29814,210,210,1.979331,64104,0,0
29914,211,211,1.927737,64204,0,0
30014,212,212,1.955879,64304,0,0
30114,213,213,1.979331,64404,0,0
30214,214,214,1.932427,64504,0,0
30314,215,215,1.955879,64604,0,0
30414,216,216,1.988711,64704,0,0
30514,217,217,1.984021,64804,0,0
30614,218,218,1.951188,64904,0,0
30714,219,219,1.969950,65004,0,0
30814,220,220,1.951188,65104,0,0
30914,221,221,1.951188,65204,0,0
31014,222,222,1.998092,65304,0,0
31114,223,223,1.955879,65404,0,0
31214,224,224,2.002782,65504,0,0
31314,225,225,1.974640,65604,0,0
31414,226,226,1.918356,65704,0,0
31514,227,227,2.007473,65804,0,0
31614,228,228,1.969950,65904,0,0
31714,229,229,1.993402,66004,0,0
31814,230,230,2.021544,66104,0,0
31917,231,231,1.951188,66204,0,0
32017,232,232,1.984021,66304,0,0
32117,233,233,1.969950,66404,0,0
32215,234,234,1.965260,66504,0,0
32316,235,235,1.974640,66604,0,0
32423,236,236,1.965260,66704,0,0
32617,237,237,1.960569,66904,0,0
32717,238,238,1.988711,67004,0,0
32817,239,239,1.937117,67104,0,0
32917,240,240,1.984021,67204,0,0
33016,241,241,1.932427,67304,0,0
33116,242,242,1.993402,67404,0,0
33217,243,243,1.960569,67504,0,0
33315,244,244,1.969950,67604,0,0
33415,245,245,1.946498,67704,0,0
33516,246,246,1.941808,67804,0,0
33616,247,247,1.955879,67904,0,0
33715,248,248,1.965260,68004,0,0
33816,249,249,1.960569,68104,0,0
33915,250,250,1.979331,68204,0,0
34015,251,251,1.984021,68304,0,0
34124,252,252,1.979331,68404,0,0
34214,253,253,1.998092,68504,0,0
34317,254,254,1.946498,68604,0,0
34423,255,255,1.960569,68704,0,0
34517,256,256,1.955879,68804,0,0
34617,257,257,1.988711,68904,0,0
34718,258,258,1.937117,69004,0,0
34817,259,259,1.932427,69104,0,0
34917,260,260,1.951188,69204,0,0
35016,261,261,1.937117,69304,0,0
35115,262,262,1.937117,69404,0,0
35216,263,263,1.955879,69504,0,0
35316,264,264,1.984021,69604,0,0
35416,265,265,1.941808,69704,0,0
35517,266,266,1.908975,69804,0,0
35618,267,267,1.960569,69904,0,0
35717,268,268,1.923046,70004,0,0
35817,269,269,1.984021,70104,0,0
35923,270,270,1.955879,70204,0,0
36017,271,271,1.923046,70304,0,0
36117,272,272,1.951188,70404,0,0
36217,273,273,1.955879,70504,0,0
36320,274,274,1.984021,70604,0,0
36420,275,275,1.979331,70704,0,0
36521,276,276,1.960569,70804,0,0
36616,277,277,1.951188,70904,0,0
36721,278,278,1.965260,71004,0,0
36814,279,279,1.946498,71104,0,0
36914,280,280,1.988711,71204,0,0
37014,281,281,2.002782,71304,0,0
37114,282,282,1.979331,71404,0,0
37214,283,283,1.969950,71504,0,0
37314,284,284,1.988711,71604,0,0
37414,285,285,1.969950,71704,0,0
37514,286,286,1.979331,71804,0,0
37614,287,287,1.969950,71904,0,0
37714,288,288,1.951188,72004,0,0
37816,289,289,1.965260,72104,0,0
37914,290,290,1.965260,72204,0,0
38014,291,291,1.960569,72304,0,0
38114,292,292,1.984021,72404,0,0
38214,293,293,1.998092,72504,0,0
38314,294,294,1.974640,72604,0,0
38414,295,295,1.993402,72704,0,0
38514,296,296,1.941808,72804,0,0
38614,297,297,1.993402,72904,0,0
38714,298,298,1.979331,73004,0,0
38814,299,299,1.955879,73104,0,0
38914,300,300,1.960569,73204,0,0
39014,301,301,1.984021,73304,0,0
39118,302,302,1.965260,73404,0,0
39214,303,303,1.932427,73504,0,0
39314,304,304,1.960569,73604,0,0
39414,305,305,1.955879,73704,0,0
39514,306,306,2.016853,73804,0,0
39614,307,307,1.979331,73904,0,0
39714,308,308,1.951188,74004,0,0
39814,309,309,1.932427,74104,0,0
39914,310,310,1.946498,74204,0,0
40014,311,311,1.955879,74304,0,0
40114,312,312,1.894904,74404,0,0
40214,313,313,1.904285,74504,0,0
40314,314,314,1.923046,74604,0,0
40414,315,315,1.890214,74704,0,0
40514,316,316,1.885523,74804,0,0
40616,317,317,1.899595,74904,0,0
40715,318,318,1.862072,75004,0,0
40823,319,319,1.918356,75104,0,0
40923,320,320,1.941808,75204,0,0
41016,321,321,1.937117,75304,0,0
41116,322,322,1.904285,75404,0,0
41223,323,323,1.927737,75504,0,0
41315,324,324,1.904285,75604,0,0
41414,325,325,1.913666,75704,0,0
41514,326,326,1.890214,75804,0,0
41614,327,327,1.862072,75904,0,0
41714,328,328,1.871452,76004,0,0
41814,329,329,1.866762,76104,0,0
41914,330,330,1.871452,76204,0,0
42014,331,331,1.890214,76304,0,0
42114,332,332,1.862072,76404,0,0
42214,333,333,1.862072,76504,0,0
42314,334,334,1.852691,76604,0,0
42414,335,335,1.904285,76704,0,0
42514,336,336,1.852691,76804,0,0
42614,337,337,1.871452,76904,0,0
42714,338,338,1.852691,77004,0,0
42814,339,339,1.866762,77104,0,0
42914,340,340,1.871452,77204,0,0
43014,341,341,1.852691,77304,0,0
43114,342,342,1.833930,77404,0,0
43214,343,343,1.857381,77504,0,0
43314,344,344,1.890214,77604,0,0
43414,345,345,1.857381,77704,0,0
43514,346,346,1.876143,77804,0,0
43614,347,347,1.862072,77904,0,0
43714,348,348,1.908975,78004,0,0
43814,349,349,1.894904,78104,0,0
43914,350,350,1.894904,78204,0,0
44014,351,351,1.894904,78304,0,0
44114,352,352,1.918356,78404,0,0
44214,353,353,1.932427,78504,0,0
44314,354,354,1.908975,78604,0,0
44414,355,355,1.885523,78704,0,0
44514,356,356,1.899595,78804,0,0
44614,357,357,1.927737,78904,0,0
44724,358,358,1.918356,79004,0,0
44816,359,359,1.932427,79104,0,0
44923,360,360,1.932427,79204,0,0
45016,361,361,1.923046,79304,0,0
45123,362,362,1.923046,79404,0,0
45223,363,363,1.932427,79504,0,0
45322,364,364,1.932427,79604,0,0
45424,365,365,1.951188,79704,0,0
45523,366,366,1.913666,79804,0,0
45614,367,367,1.904285,79904,0,0
45716,368,368,1.951188,80004,0,0
45816,369,369,1.932427,80104,0,0
45924,370,370,1.913666,80204,0,0
46015,371,371,1.941808,80304,0,0
46115,372,372,1.913666,80404,0,0
46223,373,373,1.927737,80504,0,0
46314,374,374,1.913666,80604,0,0
46417,375,375,1.927737,80704,0,0
46514,376,376,1.932427,80805,0,0
46614,377,377,1.951188,80905,0,0
46714,378,378,1.918356,81005,0,0
46814,379,379,1.937117,81105,0,0
46915,380,380,1.927737,81205,0,0
47017,381,381,1.923046,81305,0,0
47114,382,382,1.946498,81405,0,0
47214,383,383,1.923046,81505,0,0
47314,384,384,1.937117,81605,0,0
47414,385,385,1.932427,81705,0,0
47514,386,386,1.955879,81805,0,0
47614,387,387,1.937117,81905,0,0
47714,388,388,1.913666,82005,0,0
47814,389,389,1.960569,82105,0,0
47914,390,390,1.932427,82205,0,0
48014,391,391,1.951188,82305,0,0
48114,392,392,1.937117,82405,0,0
48214,393,393,1.946498,82505,0,0
48314,394,394,1.979331,82605,0,0
48414,395,395,1.965260,82705,0,0
48514,396,396,1.927737,82805,0,0
48614,397,397,1.955879,82905,0,0
48714,398,398,1.937117,83005,0,0
48814,399,399,1.946498,83105,0,0
48914,400,400,1.937117,83205,0,0
49014,401,401,1.923046,83305,0,0
49114,402,402,1.946498,83405,0,0
49214,403,403,1.913666,83505,0,0
49314,404,404,1.932427,83605,0,0
49414,405,405,1.923046,83705,0,0
49514,406,406,1.937117,83805,0,0
49614,407,407,1.918356,83905,0,0
49714,408,408,1.904285,84005,0,0
49814,409,409,1.932427,84105,0,0
49916,410,410,1.894904,84205,0,0
50017,411,411,1.908975,84305,0,0
50114,412,412,1.904285,84405,0,0
50214,413,413,1.848001,84505,0,0
50314,414,414,1.918356,84605,0,0
50414,415,415,1.918356,84705,0,0
50514,416,416,1.880833,84805,0,0
50614,417,417,1.913666,84905,0,0
50714,418,418,1.876143,85005,0,0
50814,419,419,1.876143,85105,0,0
50914,420,420,1.894904,85205,0,0
51014,421,421,1.852691,85305,0,0
51114,422,422,1.866762,85405,0,0
51214,423,423,1.913666,85505,0,0
51314,424,424,1.885523,85605,0,0
51414,425,425,1.862072,85705,0,0
51516,426,426,1.908975,85805,0,0
51618,427,427,1.876143,85905,0,0
51716,428,428,1.852691,86005,0,0
51816,429,429,1.899595,86105,0,0
51917,430,430,1.876143,86205,0,0
52016,431,431,1.880833,86305,0,0
52115,432,432,1.857381,86405,0,0
52216,433,433,1.890214,86505,0,0
52316,434,434,1.876143,86605,0,0
52416,435,435,1.890214,86705,0,0
52515,436,436,1.866762,86805,0,0
52615,437,437,1.918356,86905,0,0
52715,438,438,1.923046,87005,0,0
52815,439,439,1.894904,87105,0,0
52915,440,440,1.913666,87205,0,0
53015,441,441,1.880833,87305,0,0
53116,442,442,1.927737,87405,0,0
53215,443,443,1.941808,87505,0,0
53316,444,444,1.937117,87605,0,0
53416,445,445,1.951188,87705,0,0
53516,446,446,1.974640,87805,0,0
53614,447,447,1.988711,87905,0,0
53715,448,448,1.984021,88005,0,0
53815,449,449,1.974640,88105,0,0
53919,450,450,1.988711,88205,0,0
54016,451,451,1.988711,88305,0,0
54116,452,452,1.998092,88405,0,0
54216,453,453,2.002782,88505,0,0
54316,454,454,1.998092,88605,0,0
54415,455,455,1.993402,88705,0,0
54515,456,456,2.002782,88805,0,0
54617,457,457,2.002782,88905,0,0
54715,458,458,2.030925,89005,0,0
54817,459,459,2.016853,89105,0,0
54917,460,460,2.030925,89205,0,0
55018,461,461,2.044996,89305,0,0
55115,462,462,1.984021,89405,0,0
55217,463,463,2.012163,89505,0,0
55316,464,464,2.012163,89605,0,0
55415,465,465,2.026234,89705,0,0
55516,466,466,1.988711,89805,0,0
55616,467,467,1.965260,89905,0,0
55716,468,468,1.988711,90005,0,0
55816,469,469,2.012163,90105,0,0
55916,470,470,2.002782,90205,0,0
56017,471,471,1.979331,90305,0,0
56115,472,472,2.016853,90405,0,0
56216,473,473,1.998092,90505,0,0
56319,474,474,1.946498,90605,0,0
56414,475,475,1.974640,90705,0,0
56514,476,476,1.969950,90805,0,0
56614,477,477,1.927737,90905,0,0
56714,478,478,1.937117,91005,0,0
56814,479,479,1.941808,91105,0,0
56914,480,480,1.937117,91205,0,0
57014,481,481,1.913666,91305,0,0
57114,482,482,1.946498,91405,0,0
57214,483,483,1.927737,91505,0,0
57314,484,484,1.951188,91605,0,0
57414,485,485,1.969950,91705,0,0
57514,486,486,1.923046,91805,0,0
57617,487,487,1.890214,91905,0,0
57714,488,488,1.918356,92005,0,0
57814,489,489,1.941808,92105,0,0
57914,490,490,1.904285,92205,0,0
58014,491,491,1.908975,92305,0,0
58124,492,492,1.932427,92405,0,0
58224,493,493,1.894904,92505,0,0
58324,494,494,1.913666,92605,0,0
58424,495,495,1.899595,92705,0,0
58516,496,496,1.871452,92805,0,0
58623,497,497,1.932427,92905,0,0
58716,498,498,1.890214,93005,0,0
58825,499,499,1.923046,93105,0,0
66752,500,0,3.480245,101043,0,0
66852,501,1,3.503697,101143,0,0
66952,502,2,3.503697,101243,0,0
67052,503,3,3.522458,101343,0,0
67152,504,4,3.545910,101443,0,0
67252,505,5,3.583433,101543,0,0
67352,506,6,3.555291,101643,0,0
67452,507,7,3.550600,101743,0,0
67552,508,8,3.559981,101843,0,0
67653,509,9,3.550600,101943,0,0
67752,510,10,3.578742,102043,0,0
67852,511,11,3.611575,102143,0,0
67954,512,12,3.541219,102243,0,0
68052,513,13,3.569362,102343,0,0
68152,514,14,3.555291,102443,0,0
68252,515,15,3.574052,102543,0,0
68352,516,16,3.569362,102643,0,0
68452,517,17,3.569362,102743,0,0
68552,518,18,3.569362,102843,0,0
68652,519,19,3.555291,102943,0,0
68752,520,20,3.555291,103043,0,0
68852,521,21,3.583433,103143,0,0
68952,522,22,3.550600,103243,0,0
69052,523,23,3.592813,103343,0,0
69152,524,24,3.555291,103443,0,0
69252,525,25,3.536529,103543,0,0
69352,526,26,3.550600,103643,0,0
69453,527,27,3.541219,103743,0,0
69552,528,28,3.536529,103843,0,0
69652,529,29,3.531839,103943,0,0
69752,530,30,3.522458,104043,0,0
69852,531,31,3.536529,104143,0,0
69952,532,32,3.527148,104243,0,0
70052,533,33,3.517768,104343,0,0
70152,534,34,3.503697,104443,0,0
70252,535,35,3.508387,104543,0,0
70352,536,36,3.484935,104643,0,0
70452,537,37,3.480245,104743,0,0
70552,538,38,3.494316,104843,0,0
70652,539,39,3.494316,104943,0,0
70752,540,40,3.513077,105043,0,0
70852,541,41,3.513077,105143,0,0
70952,542,42,3.466174,105243,0,0
71052,543,43,3.508387,105343,0,0
71153,544,44,3.494316,105443,0,0
71257,545,45,3.466174,105543,0,0
71352,546,46,3.522458,105643,0,0
71452,547,47,3.480245,105743,0,0
71552,548,48,3.489626,105843,0,0
71652,549,49,3.484935,105943,0,0
71752,550,50,3.527148,106043,0,0
71853,551,51,3.499006,106143,0,0
71952,552,52,3.503697,106243,0,0
72052,553,53,3.508387,106343,0,0
72152,554,54,3.494316,106443,0,0
72252,555,55,3.508387,106543,0,0
72352,556,56,3.489626,106643,0,0
72452,557,57,3.531839,106743,0,0
72552,558,58,3.550600,106843,0,0
72652,559,59,3.574052,106943,0,0
72752,560,60,3.555291,107043,0,0
72852,561,61,3.592813,107143,0,0
72952,562,62,3.578742,107243,0,0
73053,563,63,3.574052,107343,0,0
73152,564,64,3.606884,107443,0,0
73252,565,65,3.592813,107543,0,0
73352,566,66,3.616265,107643,0,0
73452,567,67,3.602194,107743,0,0
73552,568,68,3.574052,107843,0,0
73652,569,69,3.592813,107943,0,0
73752,570,70,3.606884,108043,0,0
73852,571,71,3.606884,108143,0,0
73952,572,72,3.578742,108243,0,0
74055,573,73,3.602194,108343,0,0
74155,574,74,3.592813,108443,0,0
74252,575,75,3.597504,108543,0,0
74352,576,76,3.578742,108643,0,0
74452,577,77,3.597504,108743,0,0
74552,578,78,3.574052,108843,0,0
74652,579,79,3.588123,108943,0,0
74752,580,80,3.602194,109043,0,0
74852,581,81,3.583433,109143,0,0
74952,582,82,3.569362,109243,0,0
75052,583,83,3.574052,109343,0,0
75153,584,84,3.602194,109443,0,0
75252,585,85,3.578742,109543,0,0
75352,586,86,3.574052,109643,0,0
75452,587,87,3.602194,109743,0,0
75552,588,88,3.564671,109843,0,0
75652,589,89,3.578742,109943,0,0
75752,590,90,3.555291,110043,0,0
75852,591,91,3.559981,110143,0,0
75952,592,92,3.550600,110243,0,0
76052,593,93,3.564671,110343,0,0
76152,594,94,3.531839,110443,0,0
76252,595,95,3.574052,110543,0,0
76352,596,96,3.564671,110643,0,0
76452,597,97,3.559981,110743,0,0
76552,598,98,3.583433,110843,0,0
76652,599,99,3.592813,110943,0,0
76754,600,100,3.578742,111043,0,0
76852,601,101,3.578742,111143,0,0
76952,602,102,3.569362,111243,0,0
77052,603,103,3.583433,111343,0,0
77152,604,104,3.592813,111443,0,0
77252,605,105,3.569362,111543,0,0
77354,606,106,3.611575,111643,0,0
77453,607,107,3.616265,111743,0,0
77553,608,108,3.606884,111843,0,0
77653,609,109,3.616265,111943,0,0
77752,610,110,3.635027,112043,0,0
77852,611,111,3.630336,112143,0,0
77952,612,112,3.644407,112243,0,0
78052,613,113,3.635027,112343,0,0
78152,614,114,3.644407,112443,0,0
78252,615,115,3.620956,112543,0,0
78352,616,116,3.667859,112643,0,0
78452,617,117,3.602194,112743,0,0
78552,618,118,3.653788,112843,0,0
78652,619,119,3.653788,112943,0,0
78752,620,120,3.649098,113043,0,0
78852,621,121,3.649098,113143,0,0
78952,622,122,3.635027,113243,0,0
79052,623,123,3.667859,113343,0,0
79152,624,124,3.635027,113443,0,0
79252,625,125,3.644407,113543,0,0
79352,626,126,3.649098,113643,0,0
79452,627,127,3.658478,113743,0,0
79552,628,128,3.663169,113843,0,0
79652,629,129,3.630336,113943,0,0
79752,630,130,3.639717,114043,0,0
79852,631,131,3.705382,114143,0,0
79952,632,132,3.700692,114243,0,0
80052,633,133,3.672549,114343,0,0
80152,634,134,3.691311,114443,0,0
80252,635,135,3.681930,114543,0,0
80352,636,136,3.649098,114643,0,0
80452,637,137,3.639717,114743,0,0
80552,638,138,3.635027,114843,0,0
80652,639,139,3.644407,114943,0,0
80752,640,140,3.635027,115043,0,0
80852,641,141,3.592813,115143,0,0
80952,642,142,3.616265,115243,0,0
81052,643,143,3.597504,115343,0,0
81152,644,144,3.616265,115443,0,0
81252,645,145,3.602194,115543,0,0
81352,646,146,3.616265,115643,0,0
81452,647,147,3.616265,115743,0,0
81552,648,148,3.635027,115843,0,0
81652,649,149,3.606884,115943,0,0
81752,650,150,3.635027,116043,0,0
81852,651,151,3.639717,116143,0,0
81952,652,152,3.616265,116243,0,0
82052,653,153,3.635027,116343,0,0
82152,654,154,3.620956,116443,0,0
82252,655,155,3.630336,116543,0,0
82352,656,156,3.606884,116643,0,0
82452,657,157,3.635027,116743,0,0
82552,658,158,3.635027,116843,0,0
82652,659,159,3.620956,116943,0,0
82752,660,160,3.635027,117043,0,0
82852,661,161,3.592813,117143,0,0
82952,662,162,3.630336,117243,0,0
83052,663,163,3.583433,117343,0,0
83152,664,164,3.602194,117443,0,0
83252,665,165,3.625646,117543,0,0
83512,666,166,3.606884,117643,0,0
83553,667,167,3.606884,117743,0,0
83612,668,168,3.611575,117843,0,0
83733,669,169,3.606884,117943,0,0
83804,670,170,3.630336,118043,0,0
83891,671,171,3.611575,118143,0,0
84013,672,172,3.597504,118243,0,0
84152,673,173,3.630336,118343,0,0
84173,674,174,3.611575,118443,0,0
84304,675,175,3.592813,118543,0,0
84442,676,176,3.625646,118643,0,0
84501,677,177,3.630336,118743,0,0
84591,678,178,3.644407,118843,0,0
84704,679,179,3.663169,118943,0,0
84824,680,180,3.639717,119043,0,0
84942,681,181,3.635027,119143,0,0
85023,682,182,3.611575,119243,0,0
85113,683,183,3.639717,119343,0,0
85173,684,184,3.644407,119443,0,0
85351,685,185,3.611575,119543,0,0
85363,686,186,3.649098,119643,0,0
85514,687,187,3.644407,119743,0,0
85574,688,188,3.635027,119843,0,0
85754,689,189,3.635027,119943,0,0
85853,690,190,3.630336,120043,0,0
85904,691,191,3.644407,120143,0,0
86024,692,192,3.667859,120243,0,0
86094,693,193,3.606884,120343,0,0
86184,694,194,3.644407,120443,0,0
86303,695,195,3.630336,120543,0,0
86392,696,196,3.649098,120643,0,0
86483,697,197,3.653788,120743,0,0
86573,698,198,3.635027,120843,0,0
86723,699,199,3.644407,120943,0,0
86753,700,200,3.639717,121043,0,0
86852,701,201,3.649098,121143,0,0
86952,702,202,3.625646,121243,0,0
87052,703,203,3.630336,121343,0,0
87152,704,204,3.653788,121443,0,0
87252,705,205,3.616265,121543,0,0
87352,706,206,3.630336,121643,0,0
87452,707,207,3.649098,121743,0,0
87552,708,208,3.620956,121843,0,0
87652,709,209,3.616265,121943,0,0
87752,710,210,3.606884,122043,0,0
87852,711,211,3.578742,122143,0,0
87952,712,212,3.564671,122243,0,0
88052,713,213,3.592813,122343,0,0
88152,714,214,3.592813,122443,0,0
88252,715,215,3.583433,122543,0,0
88352,716,216,3.578742,122643,0,0
88452,717,217,3.578742,122743,0,0
88552,718,218,3.574052,122843,0,0
88652,719,219,3.606884,122943,0,0
88752,720,220,3.583433,123043,0,0
88852,721,221,3.620956,123143,0,0
88952,722,222,3.583433,123243,0,0
89052,723,223,3.611575,123343,0,0
89152,724,224,3.602194,123443,0,0
89252,725,225,3.611575,123543,0,0
89352,726,226,3.606884,123643,0,0
89452,727,227,3.611575,123743,0,0
89552,728,228,3.592813,123844,0,0
89652,729,229,3.616265,123944,0,0
89752,730,230,3.583433,124044,0,0
89852,731,231,3.602194,124144,0,0
89952,732,232,3.597504,124244,0,0
90052,733,233,3.588123,124344,0,0
90152,734,234,3.630336,124444,0,0
90252,735,235,3.597504,124544,0,0
90352,736,236,3.644407,124644,0,0
90452,737,237,3.616265,124744,0,0
90552,738,238,3.635027,124844,0,0
90652,739,239,3.630336,124944,0,0
90752,740,240,3.625646,125044,0,0
90852,741,241,3.625646,125144,0,0
90952,742,242,3.588123,125244,0,0
91052,743,243,3.663169,125344,0,0
91152,744,244,3.630336,125444,0,0
91252,745,245,3.639717,125544,0,0
91352,746,246,3.653788,125644,0,0
91452,747,247,3.658478,125744,0,0
91552,748,248,3.672549,125844,0,0
91652,749,249,3.667859,125944,0,0
91752,750,250,3.686620,126044,0,0
91852,751,251,3.653788,126144,0,0
91963,752,252,3.686620,126244,0,0
92057,753,253,3.649098,126344,0,0
92167,754,254,3.677240,126444,0,0
92256,755,255,3.667859,126544,0,0
92355,756,256,3.644407,126644,0,0
92465,757,257,3.663169,126744,0,0
92557,758,258,3.667859,126844,0,0
92666,759,259,3.649098,126944,0,0
92756,760,260,3.616265,127044,0,0
92856,761,261,3.658478,127144,0,0
92956,762,262,3.653788,127244,0,0
93058,763,263,3.625646,127344,0,0
93156,764,264,3.667859,127444,0,0
93257,765,265,3.639717,127544,0,0
93356,766,266,3.663169,127644,0,0
93463,767,267,3.649098,127744,0,0
93558,768,268,3.672549,127844,0,0
93657,769,269,3.658478,127944,0,0
93758,770,270,3.616265,128044,0,0
93864,771,271,3.630336,128144,0,0
93956,772,272,3.630336,128244,0,0
94065,773,273,3.611575,128344,0,0
94165,774,274,3.592813,128444,0,0
94256,775,275,3.635027,128544,0,0
94363,776,276,3.625646,128644,0,0
94463,777,277,3.616265,128744,0,0
94563,778,278,3.644407,128844,0,0
94665,779,279,3.653788,128944,0,0
94764,780,280,3.635027,129044,0,0
94863,781,281,3.644407,129144,0,0
94956,782,282,3.672549,129244,0,0
95055,783,283,3.658478,129344,0,0
95163,784,284,3.658478,129444,0,0
95256,785,285,3.677240,129544,0,0
95364,786,286,3.677240,129644,0,0
95457,787,287,3.653788,129744,0,0
95556,788,288,3.663169,129844,0,0
95664,789,289,3.611575,129944,0,0
95765,790,290,3.644407,130044,0,0
95858,791,291,3.653788,130144,0,0
95955,792,292,3.677240,130244,0,0
96057,793,293,3.672549,130344,0,0
96154,794,294,3.672549,130444,0,0
96263,795,295,3.667859,130544,0,0
96356,796,296,3.658478,130644,0,0
96466,797,297,3.691311,130744,0,0
96556,798,298,3.686620,130844,0,0
96657,799,299,3.719453,130944,0,0
96758,800,300,3.686620,131044,0,0
96853,801,301,3.705382,131144,0,0
96954,802,302,3.681930,131244,0,0
97053,803,303,3.714763,131344,0,0
97152,804,304,3.681930,131444,0,0
97252,805,305,3.686620,131544,0,0
97352,806,306,3.677240,131644,0,0
97452,807,307,3.696001,131744,0,0
97552,808,308,3.686620,131844,0,0
97652,809,309,3.691311,131944,0,0
97752,810,310,3.686620,132044,0,0
97852,811,311,3.705382,132144,0,0
97952,812,312,3.658478,132244,0,0
98052,813,313,3.653788,132344,0,0
98152,814,314,3.710072,132444,0,0
98252,815,315,3.681930,132544,0,0
98352,816,316,3.691311,132644,0,0
98452,817,317,3.714763,132744,0,0
98552,818,318,3.696001,132844,0,0
98652,819,319,3.700692,132944,0,0
98752,820,320,3.691311,133044,0,0
98852,821,321,3.677240,133144,0,0
98952,822,322,3.667859,133244,0,0
99065,823,323,3.672549,133344,0,0
99165,824,324,3.677240,133444,0,0
99265,825,325,3.677240,133544,0,0
99356,826,326,3.672549,133644,0,0
99465,827,327,3.616265,133744,0,0
99565,828,328,3.635027,133844,0,0
99666,829,329,3.649098,133944,0,0
99756,830,330,3.635027,134044,0,0
99866,831,331,3.672549,134144,0,0
99963,832,332,3.653788,134244,0,0
100055,833,333,3.644407,134344,0,0
100155,834,334,3.620956,134444,0,0
100266,835,335,3.620956,134544,0,0
100365,836,336,3.620956,134644,0,0
100465,837,337,3.611575,134744,0,0
100566,838,338,3.611575,134844,0,0
100665,839,339,3.606884,134944,0,0
100756,840,340,3.588123,135044,0,0
100867,841,341,3.574052,135144,0,0
100956,842,342,3.583433,135244,0,0
101055,843,343,3.588123,135344,0,0
101156,844,344,3.592813,135444,0,0
101255,845,345,3.597504,135544,0,0
101365,846,346,3.559981,135644,0,0
101456,847,347,3.588123,135744,0,0
101564,848,348,3.578742,135844,0,0
101655,849,349,3.559981,135944,0,0
101753,850,350,3.583433,136044,0,0
101854,851,351,3.578742,136144,0,0
101954,852,352,3.569362,136244,0,0
102054,853,353,3.606884,136344,0,0
102154,854,354,3.588123,136444,0,0
102255,855,355,3.578742,136544,0,0
102354,856,356,3.620956,136644,0,0
102457,857,357,3.606884,136744,0,0
102564,858,358,3.639717,136844,0,0
102665,859,359,3.639717,136944,0,0
102764,860,360,3.583433,137044,0,0
102855,861,361,3.578742,137144,0,0
102954,862,362,3.597504,137244,0,0
103052,863,363,3.602194,137344,0,0
103152,864,364,3.616265,137444,0,0
103252,865,365,3.644407,137544,0,0
103352,866,366,3.639717,137644,0,0
103452,867,367,3.639717,137744,0,0
103552,868,368,3.635027,137844,0,0
103652,869,369,3.644407,137944,0,0
103756,870,370,3.625646,138044,0,0
103858,871,371,3.630336,138144,0,0
103956,872,372,3.620956,138244,0,0
104064,873,373,3.606884,138344,0,0
104157,874,374,3.630336,138444,0,0
104259,875,375,3.644407,138544,0,0
104364,876,376,3.649098,138644,0,0
104463,877,377,3.588123,138744,0,0
104558,878,378,3.667859,138844,0,0
104656,879,379,3.653788,138944,0,0
104757,880,380,3.635027,139044,0,0
104856,881,381,3.635027,139144,0,0
104963,882,382,3.639717,139244,0,0
105064,883,383,3.611575,139344,0,0
105156,884,384,3.658478,139444,0,0
105264,885,385,3.639717,139544,0,0
105358,886,386,3.620956,139644,0,0
105457,887,387,3.625646,139744,0,0
105556,888,388,3.630336,139844,0,0
105665,889,389,3.620956,139944,0,0
105759,890,390,3.620956,140044,0,0
105855,891,391,3.630336,140144,0,0
105958,892,392,3.592813,140244,0,0
106056,893,393,3.592813,140344,0,0
106156,894,394,3.597504,140444,0,0
106255,895,395,3.559981,140544,0,0
106364,896,396,3.611575,140644,0,0
106465,897,397,3.555291,140744,0,0
106564,898,398,3.578742,140844,0,0
106658,899,399,3.588123,140944,0,0
106758,900,400,3.602194,141044,0,0
106857,901,401,3.597504,141144,0,0
106956,902,402,3.550600,141244,0,0
107057,903,403,3.583433,141344,0,0
107164,904,404,3.536529,141444,0,0
107257,905,405,3.588123,141544,0,0
107357,906,406,3.578742,141644,0,0
107458,907,407,3.583433,141744,0,0
107565,908,408,3.583433,141844,0,0
107665,909,409,3.597504,141944,0,0
107758,910,410,3.588123,142044,0,0
107864,911,411,3.588123,142144,0,0
107955,912,412,3.578742,142244,0,0
108064,913,413,3.583433,142344,0,0
108156,914,414,3.578742,142444,0,0
108257,915,415,3.559981,142544,0,0
108364,916,416,3.597504,142644,0,0
108466,917,417,3.564671,142744,0,0
108564,918,418,3.559981,142844,0,0
108655,919,419,3.569362,142944,0,0
108757,920,420,3.592813,143044,0,0
108854,921,421,3.592813,143144,0,0
108952,922,422,3.602194,143244,0,0
109052,923,423,3.550600,143344,0,0
109152,924,424,3.597504,143444,0,0
109252,925,425,3.588123,143544,0,0
109365,926,426,3.649098,143644,0,0
109466,927,427,3.639717,143744,0,0
109565,928,428,3.649098,143844,0,0
109666,929,429,3.630336,143944,0,0
109766,930,430,3.653788,144044,0,0
109866,931,431,3.663169,144144,0,0
109956,932,432,3.649098,144244,0,0
110072,933,433,3.677240,144344,0,0
110156,934,434,3.667859,144444,0,0
110265,935,435,3.681930,144544,0,0
110364,936,436,3.639717,144644,0,0
110457,937,437,3.677240,144744,0,0
110555,938,438,3.639717,144844,0,0
110657,939,439,3.649098,144944,0,0
110755,940,440,3.672549,145044,0,0
110866,941,441,3.639717,145144,0,0
110966,942,442,3.653788,145244,0,0
111066,943,443,3.653788,145344,0,0
111156,944,444,3.644407,145444,0,0
111255,945,445,3.644407,145544,0,0
111375,946,446,3.635027,145644,0,0
111455,947,447,3.653788,145744,0,0
111557,948,448,3.625646,145844,0,0
111655,949,449,3.616265,145944,0,0
111755,950,450,3.639717,146044,0,0
111874,951,451,3.630336,146144,0,0
111966,952,452,3.635027,146244,0,0
112055,953,453,3.649098,146344,0,0
112166,954,454,3.630336,146444,0,0
112255,955,455,3.625646,146544,0,0
112357,956,456,3.635027,146644,0,0
112456,957,457,3.639717,146744,0,0
112566,958,458,3.620956,146844,0,0
112665,959,459,3.639717,146944,0,0
112765,960,460,3.630336,147044,0,0
112866,961,461,3.658478,147144,0,0
112957,962,462,3.653788,147244,0,0
113066,963,463,3.616265,147344,0,0
113166,964,464,3.663169,147444,0,0
113264,965,465,3.616265,147544,0,0
113365,966,466,3.653788,147644,0,0
113456,967,467,3.616265,147744,0,0
113554,968,468,3.639717,147844,0,0
113666,969,469,3.574052,147944,0,0
113755,970,470,3.550600,148044,0,0
113853,971,471,3.550600,148144,0,0
113952,972,472,3.602194,148244,0,0
114052,973,473,3.583433,148344,0,0
114152,974,474,3.592813,148444,0,0
114252,975,475,3.583433,148544,0,0
114353,976,476,3.574052,148644,0,0
114452,977,477,3.555291,148744,0,0
114552,978,478,3.574052,148844,0,0
114652,979,479,3.564671,148944,0,0
114752,980,480,3.602194,149044,0,0
114852,981,481,3.602194,149144,0,0
114952,982,482,3.583433,149244,0,0
115052,983,483,3.625646,149344,0,0
115152,984,484,3.569362,149444,0,0
115252,985,485,3.555291,149544,0,0
115352,986,486,3.545910,149644,0,0
115452,987,487,3.545910,149744,0,0
115552,988,488,3.522458,149844,0,0
115652,989,489,3.574052,149944,0,0
115752,990,490,3.545910,150044,0,0
115852,991,491,3.564671,150144,0,0
115952,992,492,3.517768,150245,0,0
116052,993,493,3.541219,150345,0,0
116152,994,494,3.522458,150445,0,0
116252,995,495,3.559981,150545,0,0
116352,996,496,3.541219,150645,0,0
116452,997,497,3.564671,150745,0,0
116552,998,498,3.564671,150845,0,0
116652,999,499,3.569362,150945,0,0
123864,1000,0,3.728834,158156,0,0
123964,1001,1,3.752285,158256,0,0
124064,1002,2,3.738214,158356,0,0
124167,1003,3,3.780428,158456,0,0
124264,1004,4,3.780428,158556,0,0
124364,1005,5,3.808570,158656,0,0
124464,1006,6,3.832022,158756,0,0
124564,1007,7,3.836712,158856,0,0
124664,1008,8,3.827331,158956,0,0
124784,1009,9,3.832022,159056,0,0
124876,1010,10,3.813260,159156,0,0
124975,1011,11,3.803879,159256,0,0
125067,1012,12,3.822641,159356,0,0
125176,1013,13,3.789808,159456,0,0
125267,1014,14,3.785118,159556,0,0
125375,1015,15,3.780428,159656,0,0
125466,1016,16,3.789808,159756,0,0
125575,1017,17,3.780428,159856,0,0
125667,1018,18,3.775737,159956,0,0
125767,1019,19,3.728834,160056,0,0
125867,1020,20,3.747595,160156,0,0
125976,1021,21,3.705382,160256,0,0
126075,1022,22,3.738214,160356,0,0
126168,1023,23,3.700692,160456,0,0
126276,1024,24,3.705382,160556,0,0
126377,1025,25,3.686620,160656,0,0
126476,1026,26,3.667859,160756,0,0
126568,1027,27,3.611575,160856,0,0
126676,1028,28,3.667859,160956,0,0
126775,1029,29,3.672549,161056,0,0
126868,1030,30,3.667859,161156,0,0
126976,1031,31,3.667859,161256,0,0
127075,1032,32,3.635027,161356,0,0
127167,1033,33,3.616265,161456,0,0
127276,1034,34,3.606884,161556,0,0
127367,1035,35,3.630336,161656,0,0
127476,1036,36,3.616265,161756,0,0
127575,1037,37,3.592813,161856,0,0
127676,1038,38,3.574052,161956,0,0
127776,1039,39,3.611575,162056,0,0
127876,1040,40,3.611575,162156,0,0
127976,1041,41,3.611575,162256,0,0
128065,1042,42,3.597504,162356,0,0
128175,1043,43,3.625646,162456,0,0
128267,1044,44,3.616265,162556,0,0
128367,1045,45,3.639717,162656,0,0
128466,1046,46,3.644407,162756,0,0
128564,1047,47,3.644407,162856,0,0
128676,1048,48,3.602194,162956,0,0
128768,1049,49,3.635027,163056,0,0
128864,1050,50,3.681930,163156,0,0
128964,1051,51,3.672549,163256,0,0
129064,1052,52,3.719453,163356,0,0
129164,1053,53,3.728834,163456,0,0
129264,1054,54,3.728834,163556,0,0
129364,1055,55,3.733524,163656,0,0
129464,1056,56,3.733524,163756,0,0
129564,1057,57,3.747595,163856,0,0
129664,1058,58,3.686620,163956,0,0
129764,1059,59,3.747595,164056,0,0
129867,1060,60,3.719453,164156,0,0
129964,1061,61,3.738214,164256,0,0
130064,1062,62,3.761666,164356,0,0
130164,1063,63,3.700692,164456,0,0
130264,1064,64,3.752285,164556,0,0
130364,1065,65,3.733524,164656,0,0
130464,1066,66,3.733524,164756,0,0
130567,1067,67,3.724143,164856,0,0
130676,1068,68,3.728834,164956,0,0
130767,1069,69,3.742905,165056,0,0
130875,1070,70,3.747595,165157,0,0
130976,1071,71,3.752285,165257,0,0
131075,1072,72,3.752285,165357,0,0
131175,1073,73,3.728834,165457,0,0
131267,1074,74,3.700692,165557,0,0
131377,1075,75,3.724143,165657,0,0
131477,1076,76,3.686620,165757,0,0
131576,1077,77,3.738214,165857,0,0
131677,1078,78,3.738214,165957,0,0
131777,1079,79,3.752285,166057,0,0
131877,1080,80,3.742905,166157,0,0
131965,1081,81,3.724143,166257,0,0
132077,1082,82,3.733524,166357,0,0
132174,1083,83,3.719453,166457,0,0
132275,1084,84,3.761666,166557,0,0
132365,1085,85,3.771047,166657,0,0
132467,1086,86,3.728834,166757,0,0
132574,1087,87,3.733524,166857,0,0
132676,1088,88,3.752285,166957,0,0
132767,1089,89,3.724143,167057,0,0
132868,1090,90,3.719453,167157,0,0
132976,1091,91,3.733524,167257,0,0
133075,1092,92,3.719453,167357,0,0
133167,1093,93,3.738214,167457,0,0
133276,1094,94,3.705382,167557,0,0
133384,1095,95,3.742905,167657,0,0
133477,1096,96,3.728834,167757,0,0
133575,1097,97,3.752285,167857,0,0
133675,1098,98,3.719453,167957,0,0
133766,1099,99,3.738214,168057,0,0
133864,1100,100,3.672549,168157,0,0
133964,1101,101,3.724143,168257,0,0
134064,1102,102,3.738214,168357,0,0
134164,1103,103,3.752285,168457,0,0
134264,1104,104,3.766357,168557,0,0
134364,1105,105,3.747595,168657,0,0
134464,1106,106,3.752285,168757,0,0
134564,1107,107,3.728834,168857,0,0
134664,1108,108,3.747595,168957,0,0
134767,1109,109,3.747595,169057,0,0
134864,1110,110,3.766357,169157,0,0
134964,1111,111,3.724143,169257,0,0
135064,1112,112,3.724143,169357,0,0
135164,1113,113,3.761666,169457,0,0
135264,1114,114,3.766357,169557,0,0
135364,1115,115,3.785118,169657,0,0
135464,1116,116,3.742905,169757,0,0
135564,1117,117,3.756976,169857,0,0
135664,1118,118,3.728834,169957,0,0
135764,1119,119,3.728834,170057,0,0
135864,1120,120,3.719453,170157,0,0
135964,1121,121,3.691311,170257,0,0
136064,1122,122,3.724143,170357,0,0
136164,1123,123,3.705382,170457,0,0
136264,1124,124,3.714763,170557,0,0
136364,1125,125,3.705382,170657,0,0
136464,1126,126,3.705382,170757,0,0
136564,1127,127,3.728834,170857,0,0
136664,1128,128,3.719453,170957,0,0
136764,1129,129,3.691311,171057,0,0
136864,1130,130,3.728834,171157,0,0
136964,1131,131,3.714763,171257,0,0
137064,1132,132,3.691311,171357,0,0
137164,1133,133,3.686620,171457,0,0
137264,1134,134,3.696001,171557,0,0
137364,1135,135,3.733524,171657,0,0
137464,1136,136,3.691311,171757,0,0
137564,1137,137,3.719453,171857,0,0
137664,1138,138,3.677240,171957,0,0
137764,1139,139,3.677240,172057,0,0
137864,1140,140,3.700692,172157,0,0
137964,1141,141,3.710072,172257,0,0
138064,1142,142,3.705382,172357,0,0
138164,1143,143,3.667859,172457,0,0
138264,1144,144,3.724143,172557,0,0
138364,1145,145,3.700692,172657,0,0
138464,1146,146,3.700692,172757,0,0
138564,1147,147,3.696001,172857,0,0
138664,1148,148,3.672549,172957,0,0
138764,1149,149,3.686620,173057,0,0
138864,1150,150,3.724143,173157,0,0
138964,1151,151,3.724143,173257,0,0
139064,1152,152,3.696001,173357,0,0
139164,1153,153,3.686620,173457,0,0
139264,1154,154,3.681930,173557,0,0
139364,1155,155,3.696001,173657,0,0
139464,1156,156,3.700692,173757,0,0
139564,1157,157,3.686620,173857,0,0
139664,1158,158,3.714763,173957,0,0
139764,1159,159,3.724143,174057,0,0
139864,1160,160,3.719453,174157,0,0
139967,1161,161,3.681930,174257,0,0
140067,1162,162,3.719453,174357,0,0
140165,1163,163,3.747595,174457,0,0
140268,1164,164,3.742905,174557,0,0
140368,1165,165,3.756976,174657,0,0
140468,1166,166,3.724143,174757,0,0
140567,1167,167,3.705382,174857,0,0
140669,1168,168,3.696001,174957,0,0
140769,1169,169,3.728834,175057,0,0
140866,1170,170,3.714763,175157,0,0
140968,1171,171,3.728834,175257,0,0
141066,1172,172,3.700692,175357,0,0
141167,1173,173,3.728834,175457,0,0
141268,1174,174,3.696001,175557,0,0
141369,1175,175,3.705382,175657,0,0
141467,1176,176,3.719453,175757,0,0
141568,1177,177,3.724143,175857,0,0
141669,1178,178,3.733524,175957,0,0
141770,1179,179,3.742905,176057,0,0
141865,1180,180,3.738214,176157,0,0
141968,1181,181,3.691311,176257,0,0
142065,1182,182,3.686620,176357,0,0
142170,1183,183,3.710072,176457,0,0
142269,1184,184,3.738214,176557,0,0
142369,1185,185,3.752285,176657,0,0
142470,1186,186,3.742905,176757,0,0
142569,1187,187,3.724143,176857,0,0
142669,1188,188,3.710072,176957,0,0
142766,1189,189,3.733524,177057,0,0
142870,1190,190,3.724143,177157,0,0
142966,1191,191,3.738214,177257,0,0
143069,1192,192,3.710072,177357,0,0
143169,1193,193,3.728834,177457,0,0
143268,1194,194,3.710072,177557,0,0
143368,1195,195,3.771047,177657,0,0
143467,1196,196,3.752285,177757,0,0
143568,1197,197,3.752285,177857,0,0
143667,1198,198,3.742905,177957,0,0
143768,1199,199,3.789808,178057,0,0
143867,1200,200,3.733524,178157,0,0
143967,1201,201,3.799189,178257,0,0
144068,1202,202,3.775737,178357,0,0
144169,1203,203,3.761666,178457,0,0
144276,1204,204,3.733524,178557,0,0
144367,1205,205,3.794499,178657,0,0
144475,1206,206,3.775737,178757,0,0
144569,1207,207,3.771047,178857,0,0
144669,1208,208,3.728834,178957,0,0
144767,1209,209,3.766357,179057,0,0
144869,1210,210,3.738214,179157,0,0
144968,1211,211,3.766357,179257,0,0
145070,1212,212,3.724143,179357,0,0
145168,1213,213,3.752285,179457,0,0
145270,1214,214,3.728834,179557,0,0
145369,1215,215,3.728834,179657,0,0
145469,1216,216,3.705382,179757,0,0
145569,1217,217,3.719453,179857,0,0
145666,1218,218,3.752285,179957,0,0
145768,1219,219,3.747595,180057,0,0
145868,1220,220,3.710072,180157,0,0
145969,1221,221,3.719453,180257,0,0
146075,1222,222,3.700692,180357,0,0
146170,1223,223,3.710072,180457,0,0
146270,1224,224,3.672549,180557,0,0
146369,1225,225,3.677240,180657,0,0
146469,1226,226,3.644407,180757,0,0
146566,1227,227,3.719453,180857,0,0
146670,1228,228,3.677240,180957,0,0
146870,1229,229,3.663169,181157,0,0
146979,1230,230,3.658478,181257,0,0
147069,1231,231,3.681930,181357,0,0
147166,1232,232,3.644407,181457,0,0
147269,1233,233,3.719453,181557,0,0
147369,1234,234,3.696001,181657,0,0
147469,1235,235,3.686620,181757,0,0
147570,1236,236,3.742905,181857,0,0
147668,1237,237,3.724143,181957,0,0
147769,1238,238,3.710072,182057,0,0
147869,1239,239,3.714763,182157,0,0
147966,1240,240,3.728834,182257,0,0
148069,1241,241,3.700692,182357,0,0
148169,1242,242,3.752285,182457,0,0
148269,1243,243,3.752285,182557,0,0
148368,1244,244,3.691311,182657,0,0
148470,1245,245,3.724143,182757,0,0
148567,1246,246,3.733524,182857,0,0
148667,1247,247,3.742905,182957,0,0
148769,1248,248,3.724143,183057,0,0
148867,1249,249,3.733524,183157,0,0
148969,1250,250,3.761666,183257,0,0
149067,1251,251,3.738214,183357,0,0
149169,1252,252,3.733524,183457,0,0
149269,1253,253,3.756976,183557,0,0
149368,1254,254,3.719453,183657,0,0
149468,1255,255,3.696001,183757,0,0
149566,1256,256,3.691311,183857,0,0
149667,1257,257,3.691311,183957,0,0
149765,1258,258,3.705382,184057,0,0
149866,1259,259,3.719453,184157,0,0
149970,1260,260,3.672549,184257,0,0
150068,1261,261,3.747595,184357,0,0
150170,1262,262,3.653788,184457,0,0
150267,1263,263,3.653788,184557,0,0
150365,1264,264,3.644407,184657,0,0
150469,1265,265,3.649098,184757,0,0
150565,1266,266,3.658478,184857,0,0
150668,1267,267,3.644407,184957,0,0
150765,1268,268,3.653788,185057,0,0
150869,1269,269,3.658478,185157,0,0
150970,1270,270,3.625646,185257,0,0
151070,1271,271,3.649098,185357,0,0
151169,1272,272,3.663169,185457,0,0
151270,1273,273,3.620956,185557,0,0
151367,1274,274,3.616265,185657,0,0
151468,1275,275,3.644407,185757,0,0
151568,1276,276,3.644407,185857,0,0
151666,1277,277,3.653788,185957,0,0
151775,1278,278,3.677240,186057,0,0
151868,1279,279,3.705382,186157,0,0
151970,1280,280,3.653788,186257,0,0
152068,1281,281,3.696001,186357,0,0
152170,1282,282,3.681930,186457,0,0
152267,1283,283,3.700692,186557,0,0
152369,1284,284,3.705382,186657,0,0
152466,1285,285,3.733524,186757,0,0
152565,1286,286,3.686620,186857,0,0
152667,1287,287,3.700692,186957,0,0
152767,1288,288,3.691311,187057,0,0
152870,1289,289,3.658478,187157,0,0
152969,1290,290,3.714763,187257,0,0
153068,1291,291,3.691311,187357,0,0
153168,1292,292,3.733524,187457,0,0
153269,1293,293,3.752285,187557,0,0
153370,1294,294,3.747595,187657,0,0
153467,1295,295,3.742905,187757,0,0
153565,1296,296,3.761666,187857,0,0
153664,1297,297,3.775737,187957,0,0
153769,1298,298,3.766357,188057,0,0
153868,1299,299,3.766357,188157,0,0
153969,1300,300,3.752285,188257,0,0
154068,1301,301,3.733524,188357,0,0
154169,1302,302,3.761666,188457,0,0
154267,1303,303,3.733524,188557,0,0
154367,1304,304,3.761666,188657,0,0
154467,1305,305,3.738214,188757,0,0
154566,1306,306,3.747595,188857,0,0
154669,1307,307,3.724143,188957,0,0
154769,1308,308,3.780428,189057,0,0
154870,1309,309,3.696001,189157,0,0
154967,1310,310,3.766357,189257,0,0
155069,1311,311,3.756976,189357,0,0
155169,1312,312,3.747595,189457,0,0
155270,1313,313,3.738214,189557,0,0
155370,1314,314,3.733524,189657,0,0
155467,1315,315,3.766357,189757,0,0
155568,1316,316,3.766357,189857,0,0
155670,1317,317,3.728834,189957,0,0
155770,1318,318,3.724143,190057,0,0
155870,1319,319,3.724143,190157,0,0
155970,1320,320,3.705382,190257,0,0
156065,1321,321,3.756976,190357,0,0
156170,1322,322,3.738214,190457,0,0
156270,1323,323,3.677240,190557,0,0
156369,1324,324,3.705382,190657,0,0
156470,1325,325,3.658478,190757,0,0
156566,1326,326,3.672549,190857,0,0
156669,1327,327,3.691311,190957,0,0
156766,1328,328,3.681930,191057,0,0
156869,1329,329,3.705382,191157,0,0
156970,1330,330,3.714763,191257,0,0
157069,1331,331,3.738214,191358,0,0
157166,1332,332,3.677240,191458,0,0
157269,1333,333,3.691311,191558,0,0
157370,1334,334,3.714763,191658,0,0
157470,1335,335,3.700692,191758,0,0
157570,1336,336,3.710072,191858,0,0
157670,1337,337,3.681930,191958,0,0
157769,1338,338,3.705382,192058,0,0
157868,1339,339,3.686620,192158,0,0
157970,1340,340,3.714763,192258,0,0
158070,1341,341,3.738214,192358,0,0
158168,1342,342,3.719453,192458,0,0
158270,1343,343,3.738214,192558,0,0
158370,1344,344,3.719453,192658,0,0
158470,1345,345,3.724143,192758,0,0
158570,1346,346,3.677240,192858,0,0
158667,1347,347,3.719453,192958,0,0
158770,1348,348,3.733524,193058,0,0
158870,1349,349,3.733524,193158,0,0
158970,1350,350,3.775737,193258,0,0
159069,1351,351,3.785118,193358,0,0
159168,1352,352,3.789808,193458,0,0
159268,1353,353,3.780428,193558,0,0
159370,1354,354,3.733524,193658,0,0
159467,1355,355,3.780428,193758,0,0
159566,1356,356,3.752285,193858,0,0
159665,1357,357,3.785118,193958,0,0
159769,1358,358,3.771047,194058,0,0
159876,1359,359,3.794499,194158,0,0
159966,1360,360,3.771047,194258,0,0
160069,1361,361,3.799189,194358,0,0
160168,1362,362,3.808570,194458,0,0
160269,1363,363,3.799189,194558,0,0
160370,1364,364,3.799189,194658,0,0
160470,1365,365,3.775737,194758,0,0
160568,1366,366,3.766357,194858,0,0
160676,1367,367,3.775737,194958,0,0
160768,1368,368,3.785118,195058,0,0
160865,1369,369,3.771047,195158,0,0
160964,1370,370,3.785118,195258,0,0
161064,1371,371,3.766357,195358,0,0
161164,1372,372,3.747595,195458,0,0
161264,1373,373,3.733524,195558,0,0
161364,1374,374,3.752285,195658,0,0
161464,1375,375,3.766357,195758,0,0
161564,1376,376,3.780428,195858,0,0
161664,1377,377,3.728834,195958,0,0
161764,1378,378,3.761666,196058,0,0
161864,1379,379,3.724143,196158,0,0
161964,1380,380,3.738214,196258,0,0
162064,1381,381,3.705382,196358,0,0
162167,1382,382,3.724143,196458,0,0
162264,1383,383,3.728834,196558,0,0
162364,1384,384,3.719453,196658,0,0
162464,1385,385,3.700692,196758,0,0
162564,1386,386,3.691311,196858,0,0
162664,1387,387,3.696001,196958,0,0
162764,1388,388,3.677240,197058,0,0
162864,1389,389,3.686620,197158,0,0
162964,1390,390,3.677240,197258,0,0
163064,1391,391,3.677240,197358,0,0
163164,1392,392,3.667859,197458,0,0
163264,1393,393,3.700692,197558,0,0
163364,1394,394,3.658478,197658,0,0
163466,1395,395,3.667859,197758,0,0
163564,1396,396,3.649098,197858,0,0
163664,1397,397,3.663169,197958,0,0
163764,1398,398,3.705382,198058,0,0
163864,1399,399,3.686620,198158,0,0
163967,1400,400,3.719453,198258,0,0
164076,1401,401,3.719453,198358,0,0
164175,1402,402,3.710072,198458,0,0
164277,1403,403,3.724143,198558,0,0
164375,1404,404,3.714763,198658,0,0
164476,1405,405,3.766357,198758,0,0
164567,1406,406,3.733524,198858,0,0
164676,1407,407,3.705382,198958,0,0
164766,1408,408,3.724143,199058,0,0
164868,1409,409,3.719453,199158,0,0
164975,1410,410,3.705382,199258,0,0
165068,1411,411,3.728834,199358,0,0
165175,1412,412,3.710072,199458,0,0
165266,1413,413,3.677240,199558,0,0
165368,1414,414,3.691311,199658,0,0
165477,1415,415,3.672549,199758,0,0
165577,1416,416,3.663169,199858,0,0
165686,1417,417,3.700692,199958,0,0
165783,1418,418,3.696001,200058,0,0
165874,1419,419,3.672549,200158,0,0
165966,1420,420,3.705382,200258,0,0
166077,1421,421,3.724143,200358,0,0
166187,1422,422,3.705382,200458,0,0
166285,1423,423,3.700692,200558,0,0
166368,1424,424,3.710072,200658,0,0
166477,1425,425,3.677240,200758,0,0
166567,1426,426,3.672549,200858,0,0
166677,1427,427,3.710072,200958,0,0
166775,1428,428,3.714763,201058,0,0
166875,1429,429,3.700692,201158,0,0
166975,1430,430,3.738214,201258,0,0
167076,1431,431,3.705382,201358,0,0
167176,1432,432,3.766357,201458,0,0
167276,1433,433,3.719453,201558,0,0
167367,1434,434,3.724143,201658,0,0
167477,1435,435,3.700692,201758,0,0
167577,1436,436,3.742905,201858,0,0
167677,1437,437,3.728834,201958,0,0
167777,1438,438,3.724143,202058,0,0
167867,1439,439,3.752285,202158,0,0
167966,1440,440,3.747595,202258,0,0
168077,1441,441,3.728834,202358,0,0
168187,1442,442,3.733524,202458,0,0
168275,1443,443,3.705382,202558,0,0
168375,1444,444,3.728834,202658,0,0
168467,1445,445,3.705382,202758,0,0
168567,1446,446,3.728834,202858,0,0
168676,1447,447,3.691311,202958,0,0
168777,1447,447,3.686620,203058,0,0
168868,1448,448,3.686620,203158,0,0
168976,1449,449,3.696001,203258,0,0
169073,1450,450,3.681930,203358,0,0
169174,1451,451,3.700692,203458,0,0
169267,1452,452,3.691311,203558,0,0
169377,1453,453,3.696001,203658,0,0
169466,1454,454,3.710072,203758,0,0
169568,1455,455,3.719453,203858,0,0
169686,1456,456,3.719453,203958,0,0
169766,1457,457,3.710072,204058,0,0
169883,1458,458,3.752285,204158,0,0
169966,1459,459,3.724143,204258,0,0
170066,1460,460,3.775737,204358,0,0
170177,1461,461,3.742905,204458,0,0
170276,1462,462,3.719453,204558,0,0
170376,1463,463,3.700692,204658,0,0
170477,1464,464,3.696001,204758,0,0
170577,1465,465,3.733524,204858,0,0
170676,1466,466,3.742905,204958,0,0
170766,1467,467,3.771047,205058,0,0
170864,1468,468,3.742905,205158,0,0
170964,1469,469,3.742905,205258,0,0
171067,1470,470,3.742905,205358,0,0
171164,1471,471,3.714763,205458,0,0
171264,1472,472,3.700692,205558,0,0
171364,1473,473,3.742905,205658,0,0
171467,1474,474,3.728834,205758,0,0
171564,1475,475,3.700692,205858,0,0
171664,1476,476,3.705382,205958,0,0
171764,1477,477,3.705382,206058,0,0
171864,1478,478,3.710072,206158,0,0
171964,1479,479,3.686620,206258,0,0
172064,1480,480,3.677240,206358,0,0
172164,1481,481,3.691311,206458,0,0
172264,1482,482,3.681930,206558,0,0
172364,1483,483,3.686620,206658,0,0
172467,1484,484,3.658478,206758,0,0
172564,1485,485,3.649098,206858,0,0
172664,1486,486,3.667859,206958,0,0
172764,1487,487,3.686620,207058,0,0
172864,1488,488,3.686620,207158,0,0
172964,1489,489,3.714763,207258,0,0
173067,1490,490,3.663169,207358,0,0
173164,1491,491,3.672549,207458,0,0
173264,1492,492,3.672549,207558,0,0
173364,1493,493,3.700692,207658,0,0
173464,1494,494,3.667859,207758,0,0
173564,1495,495,3.681930,207858,0,0
173664,1496,496,3.738214,207958,0,0
173767,1497,497,3.728834,208058,0,0
173864,1498,498,3.728834,208158,0,0
173964,1499,499,3.738214,208258,0,0
