58942,m,0,-3.836079,-9.572865,36.176239,194.510971
58945,p,1,-7.108959,-7.780555,39.555054,140772
58974,p,2,-7.111778,-7.782619,39.539055,140792
58994,p,3,-7.116498,-7.792158,39.530521,140812
59004,p,4,-7.115998,-7.806309,39.598190,140832
59023,p,5,-7.105554,-7.821014,39.662357,140852
59055,p,6,-7.088688,-7.834341,39.674282,140872
59073,p,7,-7.077877,-7.843873,39.729454,140892
59086,p,8,-7.075086,-7.849242,39.752556,140912
59104,p,9,-7.067722,-7.847127,39.734684,140932
59123,p,10,-7.042063,-7.836947,39.705559,140952
59144,p,11,-7.003549,-7.828376,39.654160,140972
59164,p,12,-6.954422,-7.832386,39.592594,140992
59201,p,13,-6.883491,-7.849068,39.542233,141012
59215,p,14,-6.775727,-7.870383,39.503670,141032
59234,p,15,-6.648484,-7.893119,39.469673,141052
59256,p,16,-6.510058,-7.925324,39.440281,141072
59273,p,17,-6.362987,-7.967901,39.427517,141092
59285,p,18,-6.202284,-8.012851,39.433723,141112
59316,p,19,-6.025573,-8.053859,39.522648,141132
59336,p,20,-5.843465,-8.090100,39.613861,141152
59345,p,21,-5.661171,-8.126742,39.701092,141172
59365,p,22,-5.501187,-8.160506,39.716766,141192
59385,p,23,-5.349015,-8.187954,39.777599,141212
59404,p,24,-5.186524,-8.209001,39.864498,141232
59444,p,25,-5.027026,-8.225115,39.862469,141252
59464,p,26,-4.860122,-8.240975,39.833767,141272
59484,p,27,-4.696662,-8.251037,39.797287,141292
59504,p,28,-4.509173,-8.249495,39.757595,141312
59513,p,29,-4.305483,-8.240264,39.704453,141332
59535,p,30,-4.111737,-8.235954,39.643627,141352
59554,p,31,-3.914257,-8.241507,39.594875,141372
59573,p,32,-3.721808,-8.250600,39.634571,141392
59592,p,33,-3.519640,-8.258935,39.685635,141412
59605,p,34,-3.295438,-8.264792,39.695900,141432
59624,p,35,-3.075794,-8.272734,39.703453,141452
59644,p,36,-2.859725,-8.287377,39.699326,141472
59664,p,37,-2.639044,-8.306398,39.684608,141492
59705,p,38,-2.424894,-8.316899,39.666405,141512
59725,p,39,-2.182885,-8.314089,39.639694,141532
59754,p,40,-1.936885,-8.306077,39.597267,141552
59776,p,41,-1.670499,-8.302761,39.540516,141572
59793,p,42,-1.394642,-8.307273,39.496025,141592
59814,p,43,-1.113679,-8.313454,39.475250,141612
59836,p,44,-0.804476,-8.316384,39.458797,141632
59845,p,45,-0.510952,-8.315833,39.434658,141652
59854,p,46,-0.230026,-8.312767,39.409687,141672
59873,p,47,0.057450,-8.298621,39.392056,141692
59895,p,48,0.350346,-8.266479,39.371258,141712
59924,p,49,0.350346,-8.266479,39.371258,141732
59944,p,50,0.679808,-8.217497,39.302727,141752
59964,p,51,0.972861,-8.175122,39.174747,141772
59993,p,52,1.270938,-8.142399,39.041382,141792
60003,p,53,1.577067,-8.121124,38.923271,141812
60012,p,54,1.914118,-8.108698,38.836658,141832
60023,p,55,2.260830,-8.099679,38.794098,141852
60061,p,56,2.630858,-8.087708,38.778328,141872
60075,p,57,3.014737,-8.071366,38.772449,141892
60096,p,58,3.399585,-8.051883,38.766563,141912
60115,p,59,3.775932,-8.029833,38.731968,141932
60145,p,60,4.145097,-8.000977,38.658463,141952
60163,p,61,4.516548,-7.958764,38.590485,141972
60173,p,62,4.919687,-7.899980,38.516327,141992
60193,p,63,5.317798,-7.838288,38.429661,142012
60216,p,64,5.722908,-7.782482,38.324127,142032
60245,p,65,6.145354,-7.738854,38.212208,142052
60265,p,66,6.548970,-7.710121,38.131195,142072
60285,p,67,6.959691,-7.692254,38.082474,142092
60313,p,68,7.375047,-7.678757,38.049572,142112
60334,p,69,7.817157,-7.660923,38.022270,142132
60355,p,70,8.249336,-7.643682,37.942558,142152
60385,p,71,8.706281,-7.628560,37.860424,142172
60395,p,72,9.154403,-7.616033,37.782990,142192
60404,p,73,9.572395,-7.605858,37.772457,142212
60413,p,74,9.991569,-7.592998,37.731663,142232
60424,p,75,10.424067,-7.567472,37.677845,142252
60463,p,76,10.891322,-7.524727,37.615746,142272
60485,p,77,11.341347,-7.476118,37.589905,142292
60505,p,78,11.787228,-7.429849,37.572025,142312
60534,p,79,12.227187,-7.390502,37.555027,142332
60545,p,80,12.685128,-7.353319,37.504601,142352
60554,p,81,13.124619,-7.316531,37.460079,142372
60564,p,82,13.591905,-7.272978,37.418098,142392
60594,p,83,14.039100,-7.226618,37.358624,142412
60625,p,84,14.481892,-7.181474,37.276695,142432
60635,p,85,14.927257,-7.142374,37.194752,142452
60646,p,86,15.387296,-7.108219,37.076233,142472
60673,p,87,15.864147,-7.077574,36.982048,142492
60704,p,88,16.346958,-7.052246,36.939850,142512
60724,p,89,16.832191,-7.036019,36.896576,142532
60735,p,90,17.316130,-7.031303,36.840214,142552
60774,p,91,17.809114,-7.033619,36.754780,142572
60794,p,92,18.349636,-7.034051,36.682575,142592
60814,p,93,18.890198,-7.030569,36.609779,142612
60833,p,94,19.435642,-7.031840,36.525059,142632
60844,p,95,19.978645,-7.045468,36.445175,142652
60864,p,96,20.546335,-7.070865,36.412556,142672
60885,p,97,21.087008,-7.097956,36.435051,142692
60904,p,98,21.625498,-7.122221,36.526455,142712
60905,p,99,22.156235,-7.140491,36.592579,142732
60935,p,100,22.698767,-7.153313,36.608479,142752
60955,p,101,23.215595,-7.156064,36.623318,142772
60994,p,102,23.763819,-7.147988,36.642551,142792
61014,p,103,24.309790,-7.135404,36.659012,142812
61033,p,104,24.842518,-7.128654,36.679955,142832
61054,p,105,25.342686,-7.120466,36.714802,142852
61074,p,106,25.849764,-7.102270,36.752064,142872
61094,p,107,26.366148,-7.079845,36.777340,142892
61115,p,108,26.887810,-7.060103,36.843098,142913
61135,p,109,27.420599,-7.039787,36.943546,142933
61165,p,110,27.953691,-7.014472,37.031544,142953
61185,p,111,28.507179,-6.984820,37.105556,142973
61215,p,112,29.040779,-6.955750,37.172535,142993
61236,p,113,29.575909,-6.928272,37.236591,143013
61253,p,114,30.119623,-6.903901,37.349525,143033
61265,p,115,30.621597,-6.877820,37.462284,143053
61283,p,116,31.115637,-6.843482,37.496456,143073
61287,p,117,31.602707,-6.806710,37.557865,143093
61291,p,118,32.088688,-6.771286,37.636105,143113
61318,p,119,32.571316,-6.738703,37.708305,143133
61327,p,120,32.571316,-6.738703,37.708305,143153
61347,p,121,33.114777,-6.705603,37.783485,143173
61367,p,122,33.588551,-6.680974,37.848850,143193
61387,p,123,34.088299,-6.660032,37.913284,143213
61407,p,124,34.592033,-6.645108,38.040291,143233
61427,p,125,35.077549,-6.635994,38.175400,143253
61447,p,126,35.563236,-6.629223,38.308849,143273
61467,p,127,36.068550,-6.619990,38.437973,143293
61487,p,128,36.551445,-6.606232,38.578968,143313
61507,p,129,37.035755,-6.591472,38.732311,143333
61527,p,130,37.541225,-6.577255,38.885876,143353
61547,p,131,38.045544,-6.558510,38.988865,143373
61567,p,132,38.528561,-6.533852,39.042900,143393
61587,p,133,39.044949,-6.502468,39.087898,143413
61607,p,134,39.537891,-6.474814,39.206631,143433
61627,p,135,40.024422,-6.449135,39.360909,143453
61647,p,136,40.510853,-6.424151,39.494709,143473
61668,p,137,41.022915,-6.406699,39.569511,143493
61688,p,138,41.537785,-6.400342,39.642590,143513
61707,p,139,42.027630,-6.399995,39.759754,143533
61728,p,140,42.544556,-6.401395,39.872147,143553
61748,p,141,43.049751,-6.402962,39.944332,143573
61768,p,142,43.582176,-6.410173,39.953911,143593
61788,p,143,44.086170,-6.419973,39.959545,143613
61808,p,144,44.612316,-6.432053,39.975281,143633
61828,p,145,45.118584,-6.448222,40.015545,143653
61848,p,146,45.659260,-6.473696,40.055443,143673
61868,p,147,46.199696,-6.511729,40.059959,143693
61888,p,148,46.710941,-6.555446,40.035809,143713
61908,p,149,47.229923,-6.602265,40.010582,143733
61928,p,150,47.755428,-6.655917,39.973255,143753
61948,p,151,48.314735,-6.721490,39.939693,143773
61968,p,152,48.852783,-6.792628,39.912716,143793
61988,p,153,49.407703,-6.871835,39.926102,143813
62008,p,154,49.962730,-6.948118,39.958904,143833
62028,p,155,50.498642,-7.018933,39.913944,143853
62048,p,156,51.063042,-7.096401,39.910145,143873
62068,p,157,51.606976,-7.172657,39.939892,143893
62089,p,158,51.606976,-7.172657,39.939892,143913
62109,p,159,52.226452,-7.258897,39.982098,143933
62129,p,160,52.750572,-7.334363,39.971176,143953
62149,p,161,53.263481,-7.409545,39.967506,143973
62169,p,162,53.769474,-7.477639,39.976692,143993
62189,p,163,54.267441,-7.541149,39.985466,144013
62209,p,164,54.786686,-7.605630,40.000565,144033
62229,p,165,55.285381,-7.665456,40.017765,144053
62249,p,166,55.810017,-7.735083,40.106163,144073
62269,p,167,56.309849,-7.810702,40.184982,144093
62289,p,168,56.808010,-7.892812,40.241642,144113
62309,p,169,57.330669,-7.981420,40.376194,144133
62329,p,170,57.836170,-8.060375,40.505531,144153
62349,p,171,58.353058,-8.131969,40.617146,144173
62369,p,172,58.907326,-8.200570,40.643303,144193
62390,p,173,59.468174,-8.265902,40.656445,144213
62410,p,174,59.989788,-8.327598,40.669777,144233
62430,p,175,60.495739,-8.384548,40.746910,144253
62450,p,176,60.989422,-8.436135,40.812172,144273
62470,p,177,61.479549,-8.484487,40.866226,144293
62490,p,178,61.999287,-8.534113,40.910339,144313
62510,p,179,62.501507,-8.588539,40.938564,144333
62530,p,180,63.005405,-8.651655,40.976688,144353
62550,p,181,63.509125,-8.724261,41.070801,144373
62570,p,182,64.005081,-8.805435,41.118820,144393
62590,p,183,64.523247,-8.891906,41.147293,144413
62610,p,184,65.022881,-8.970548,41.162308,144433
62630,p,185,65.531853,-9.044831,41.168858,144453
62650,p,186,66.079048,-9.114836,41.186897,144473
62670,p,187,66.603195,-9.177891,41.246014,144493
62691,p,188,67.120331,-9.239538,41.258411,144513
62711,p,189,67.647835,-9.302943,41.259960,144533
62731,p,190,68.132568,-9.362680,41.261738,144553
62751,p,191,68.633690,-9.419936,41.269527,144573
62771,p,192,69.130547,-9.466643,41.279079,144593
62791,p,193,69.607674,-9.505284,41.273331,144613
62811,p,194,70.120865,-9.545078,41.319035,144633
62831,p,195,70.650391,-9.591422,41.320259,144653
62851,p,196,71.162628,-9.650203,41.286293,144673
62871,p,197,71.684616,-9.719678,41.339031,144693
62891,p,198,72.213264,-9.790100,41.359432,144713
62911,p,199,72.760086,-9.858899,41.344254,144733
62931,p,200,73.275925,-9.913486,41.332382,144753
62951,p,201,73.809250,-9.960917,41.307526,144773
62972,p,202,74.315598,-10.001933,41.276711,144793
62992,p,203,74.849075,-10.039715,41.240765,144813
63012,p,204,75.386459,-10.077923,41.141872,144833
63032,p,205,75.896828,-10.121134,41.041130,144853
63052,p,206,76.406128,-10.170543,41.011185,144873
63072,p,207,76.911621,-10.226194,40.989769,144893
63092,p,208,76.911621,-10.226194,40.989769,144913
63112,p,209,77.485237,-10.293047,40.978077,144933
63132,p,210,77.986572,-10.342951,40.974522,144953
63152,p,211,78.482597,-10.380684,40.902485,144973
63172,p,212,78.968910,-10.409273,40.840477,144993
63192,p,213,79.454430,-10.427908,40.828636,145013
63212,p,214,79.946449,-10.437817,40.812080,145033
63233,p,215,80.465492,-10.448461,40.764900,145053
63253,p,216,80.966209,-10.462284,40.691608,145073
63273,p,217,81.473206,-10.478430,40.629322,145093
63293,p,218,81.977257,-10.500300,40.572170,145113
63313,p,219,82.500320,-10.528263,40.530525,145133
63333,p,220,83.006226,-10.559216,40.512417,145153
63353,p,221,83.525429,-10.596816,40.472759,145173
63373,p,222,84.047424,-10.646727,40.399887,145193
63393,p,223,84.593994,-10.707616,40.340199,145214
63413,p,224,85.117424,-10.762113,40.325356,145234
63433,p,225,85.635269,-10.811043,40.337830,145254
63453,p,226,86.145813,-10.852088,40.281975,145274
63473,p,227,86.652237,-10.877863,40.262268,145294
63493,p,228,87.184967,-10.889791,40.258690,145314
63514,p,229,87.694862,-10.893821,40.239853,145334
63534,p,230,88.214180,-10.895610,40.178318,145354
63554,p,231,88.742577,-10.902600,40.081425,145374
63574,p,232,89.300377,-10.921429,39.986294,145394
63594,p,233,89.835396,-10.944705,39.917648,145414
63616,p,234,90.375778,-10.967442,39.865887,145434
63634,p,235,90.936844,-10.992867,39.817806,145454
63654,p,236,91.456047,-11.020385,39.787029,145474
63674,p,237,91.987244,-11.046807,39.770523,145494
63694,p,238,92.488953,-11.060669,39.713493,145514
63715,p,239,93.003426,-11.063653,39.697605,145534
63734,p,240,93.486664,-11.060215,39.677917,145554
63755,p,241,93.954315,-11.050468,39.606731,145574
63775,p,242,94.413620,-11.031959,39.586952,145594
63795,p,243,94.874245,-11.008214,39.566780,145614
63815,p,244,95.339142,-10.984367,39.522686,145634
63835,p,245,95.835945,-10.959995,39.411251,145654
63855,p,246,96.325333,-10.932586,39.290642,145674
63876,p,247,96.824890,-10.903247,39.170158,145694
63895,p,248,97.323189,-10.878138,39.056419,145714
63915,p,249,97.834702,-10.853849,38.966560,145734
63936,p,250,98.323280,-10.825333,38.912128,145754
63956,p,251,98.808243,-10.792921,38.871590,145774
63975,p,252,99.280434,-10.764041,38.838306,145794
63996,p,253,99.743896,-10.742502,38.824520,145814
64016,p,254,100.215034,-10.724741,38.776733,145834
64036,p,255,100.719208,-10.710397,38.724941,145854
64056,p,256,101.199890,-10.704795,38.672245,145874
64076,p,257,101.672958,-10.704114,38.626240,145894
64097,p,258,102.142349,-10.696257,38.588001,145914
64117,p,259,102.600166,-10.681198,38.540768,145934
64137,p,260,103.040588,-10.663976,38.482502,145954
64156,p,261,103.466827,-10.640599,38.420216,145974
64177,p,262,103.887550,-10.604246,38.348137,145994
64199,p,263,104.302231,-10.562031,38.254513,146014
64217,p,264,104.711044,-10.522541,38.154243,146034
64237,p,265,105.146202,-10.483035,38.058594,146055
64257,p,266,105.576874,-10.445879,38.032425,146075
64277,p,267,106.012444,-10.412601,37.937790,146095
64297,p,268,106.448608,-10.383077,37.774200,146115
64317,p,269,106.890282,-10.350931,37.695686,146135
64337,p,270,107.341118,-10.310252,37.602760,146155
64358,p,271,107.792503,-10.263380,37.475349,146175
64378,p,272,108.237701,-10.216102,37.419273,146195
64398,p,273,108.695374,-10.165956,37.348667,146215
64417,p,274,109.134537,-10.111793,37.266312,146235
64438,p,275,109.575966,-10.050400,37.188053,146255
64458,p,276,110.011238,-9.987155,37.135262,146275
64478,p,277,110.451965,-9.924390,37.112148,146295
64499,p,278,110.865326,-9.864311,37.104294,146315
64518,p,279,111.301353,-9.796782,37.151466,146335
64538,p,280,111.722519,-9.730998,37.215313,146355
64558,p,281,112.139183,-9.665710,37.211811,146375
64578,p,282,112.548515,-9.602796,37.255985,146395
64598,p,283,112.950142,-9.548403,37.338840,146415
64618,p,284,113.367935,-9.502868,37.449249,146435
64638,p,285,113.775986,-9.466910,37.584923,146455
64658,p,286,114.200974,-9.433980,37.739819,146475
64678,p,287,114.652847,-9.406297,37.902634,146495
64698,p,288,114.652847,-9.406297,37.902634,146515
64719,p,289,115.143234,-9.392838,38.142090,146535
64739,p,290,115.575851,-9.393221,38.378281,146555
64759,p,291,116.011833,-9.395599,38.611298,146575
64779,p,292,116.442230,-9.399442,38.886631,146595
64800,p,293,116.880356,-9.407652,39.167507,146615
64819,p,294,117.292763,-9.413204,39.417313,146635
64839,p,295,117.704620,-9.412979,39.631401,146655
64859,p,296,118.112541,-9.408654,39.832943,146675
64879,p,297,118.540771,-9.394318,40.049057,146695
64899,p,298,118.947968,-9.370389,40.211906,146715
64919,p,299,119.370110,-9.348079,40.346340,146735
64939,p,300,119.771484,-9.330604,40.460670,146755
64959,p,301,120.171883,-9.308557,40.633427,146775
64979,p,302,120.557381,-9.283957,40.787880,146795
65000,p,303,120.921707,-9.260650,40.930729,146815
65020,p,304,121.273529,-9.238953,41.070072,146835
65040,p,305,121.625702,-9.214027,41.200977,146855
65060,p,306,121.985687,-9.183779,41.311268,146875
65080,p,307,122.344742,-9.147643,41.385193,146895
65100,p,308,122.720764,-9.100922,41.433414,146916
65120,p,309,123.089203,-9.048288,41.457428,146936
65140,p,310,123.487801,-8.992001,41.452469,146956
65160,p,311,123.893089,-8.940270,41.392460,146976
65180,p,312,124.288971,-8.889971,41.317787,146996
65201,p,313,124.685417,-8.832871,41.242996,147016
65220,p,314,125.067795,-8.774801,41.165699,147036
65240,p,315,125.452621,-8.717214,41.098778,147056
65260,p,316,125.835548,-8.653543,41.049309,147076
65281,p,317,126.201210,-8.584014,41.000092,147096
65301,p,318,126.573952,-8.506537,40.936081,147116
65321,p,319,126.917816,-8.426812,40.871326,147136
65341,p,320,127.258057,-8.334510,40.753799,147156
65361,p,321,127.600838,-8.229897,40.620678,147176
65381,p,322,127.947029,-8.121540,40.476746,147196
65401,p,323,128.314499,-8.013927,40.259285,147216
65421,p,324,128.674683,-7.917295,40.053093,147236
65441,p,325,129.053986,-7.822708,39.876842,147256
65461,p,326,129.456375,-7.727742,39.729710,147276
65481,p,327,129.898376,-7.626044,39.592957,147296
65501,p,328,130.325684,-7.529102,39.470646,147316
65521,p,329,130.748840,-7.436433,39.365524,147336
65541,p,330,131.187973,-7.342876,39.289825,147356
65561,p,331,131.611069,-7.248992,39.253410,147376
65581,p,332,132.042786,-7.142514,39.110779,147396
65601,p,333,132.479248,-7.023050,39.065250,147416
65622,p,334,132.932465,-6.893687,39.126083,147436
65642,p,335,133.375137,-6.764750,39.101437,147456
65662,p,336,133.786163,-6.639236,39.076710,147476
65682,p,337,134.187454,-6.512616,39.054287,147496
65702,p,338,134.585785,-6.386347,39.040916,147516
65722,p,339,135.006805,-6.251187,39.036087,147536
65742,p,340,135.415619,-6.115828,39.038090,147556
65762,p,341,135.831757,-5.976772,39.040100,147576
65782,p,342,136.271637,-5.831173,39.077862,147596
65802,p,343,136.688492,-5.695399,39.115772,147616
65822,p,344,137.096466,-5.566003,39.089298,147636
65842,p,345,137.512039,-5.439478,39.077209,147656
65862,p,346,137.904129,-5.322039,39.107449,147676
65882,p,347,137.904129,-5.322039,39.107449,147696
65902,p,348,138.352158,-5.186191,39.232174,147716
65922,p,349,138.742096,-5.064264,39.347134,147736
65943,p,350,139.119308,-4.942212,39.453911,147756
65963,p,351,139.475311,-4.822415,39.552338,147776
65983,p,352,139.807800,-4.703323,39.655910,147796
66003,p,353,140.123978,-4.575096,39.797379,147816
66023,p,354,140.451126,-4.424097,39.997799,147836
66043,p,355,140.765396,-4.266055,40.233627,147856
66063,p,356,141.079620,-4.101569,40.442020,147876
66083,p,357,141.387970,-3.939862,40.625202,147896
66103,p,358,141.696259,-3.790128,40.865891,147916
66123,p,359,142.017776,-3.650356,41.084709,147936
66143,p,360,142.351776,-3.520156,41.248051,147956
66164,p,361,142.683884,-3.405432,41.460144,147976
66183,p,362,143.026108,-3.300687,41.723980,147996
66203,p,363,143.347672,-3.201065,42.014759,148016
66223,p,364,143.657578,-3.094779,42.346848,148036
66244,p,365,143.960114,-2.977630,42.665001,148056
66264,p,366,144.236313,-2.859144,42.940620,148076
66284,p,367,144.515213,-2.736376,43.174694,148096
66304,p,368,144.799927,-2.615962,43.353142,148116
66324,p,369,145.105621,-2.492393,43.503872,148136
66344,p,370,145.423065,-2.369593,43.643284,148156
66364,p,371,145.723526,-2.253716,43.797901,148176
66384,p,372,146.014862,-2.135972,43.969349,148196
66404,p,373,146.274948,-2.023567,44.125225,148216
66424,p,374,146.542984,-1.903042,44.262486,148236
66444,p,375,146.792877,-1.790618,44.359791,148256
66465,p,376,147.044922,-1.680632,44.439140,148276
66484,p,377,147.317642,-1.566031,44.502468,148296
66504,p,378,147.576843,-1.460866,44.545589,148316
66524,p,379,147.829926,-1.363375,44.593159,148336
66544,p,380,148.089401,-1.268546,44.705730,148356
66564,p,381,148.325363,-1.183729,44.819847,148376
66585,p,382,148.557266,-1.098725,44.931328,148396
66605,p,383,148.781570,-1.014500,45.031406,148416
66625,p,384,148.993881,-0.935692,45.101601,148436
66645,p,385,149.210999,-0.859512,45.156532,148456
66665,p,386,149.437897,-0.783337,45.204769,148476
66685,p,387,149.671738,-0.707913,45.279770,148496
66705,p,388,149.874084,-0.642247,45.397469,148516
66725,p,389,150.069061,-0.569860,45.389160,148536
116750,m,390,150.237671,-0.492908,45.398212,361.024261
116770,p,391,158.186798,1.124157,38.396957,198438
116790,p,392,158.203369,1.092355,38.390411,198458
116810,p,393,158.219727,1.057480,38.380844,198478
116830,p,394,158.239563,1.021683,38.376995,198498
116850,p,395,158.272049,0.980863,38.370865,198518
116870,p,396,158.313522,0.923223,38.353947,198538
116890,p,397,158.350784,0.847724,38.347141,198558
116910,p,398,158.384033,0.758138,38.360249,198578
116930,p,399,158.407486,0.661741,38.380394,198598
116950,p,400,158.411316,0.556566,38.408146,198618
116970,p,401,158.401825,0.456073,38.504234,198638
116990,p,402,158.387619,0.355060,38.585781,198658
117010,p,403,158.369965,0.258855,38.640736,198678
117030,p,404,158.352036,0.154790,38.690651,198698
117051,p,405,158.333176,0.051185,38.732483,198718
117071,p,406,158.297470,-0.059135,38.771816,198738
117091,p,407,158.238159,-0.180616,38.830059,198758
117111,p,408,158.170135,-0.293744,38.893879,198778
117131,p,409,158.092972,-0.401246,38.948822,198798
117151,p,410,158.011581,-0.505448,39.003929,198818
117171,p,411,157.938004,-0.611770,39.111870,198838
117191,p,412,157.881561,-0.716816,39.225296,198858
117211,p,413,157.826477,-0.835132,39.348560,198878
117231,p,414,157.774338,-0.975333,39.492958,198898
117251,p,415,157.722580,-1.140121,39.641026,198919
117272,p,416,157.664749,-1.309708,39.765358,198939
117291,p,417,157.601578,-1.487429,39.821239,198959
117311,p,418,157.538559,-1.674568,39.840897,198979
117332,p,419,157.482574,-1.873736,39.849155,198999
117352,p,420,157.431091,-2.087984,39.901791,199019
117372,p,421,157.368332,-2.328075,39.958641,199039
117392,p,422,157.301102,-2.565300,40.000790,199059
117412,p,423,157.227203,-2.824448,40.026733,199079
117432,p,424,157.158615,-3.084272,40.050575,199099
117452,p,425,157.091187,-3.355488,40.073441,199119
117472,p,426,157.014511,-3.636925,40.029484,199139
117492,p,427,156.926559,-3.938577,40.008274,199159
117512,p,428,156.839813,-4.229769,40.009892,199179
117532,p,429,156.749405,-4.530908,39.997398,199199
117552,p,430,156.655365,-4.859293,39.987606,199219
117572,p,431,156.557999,-5.186656,39.979546,199239
117592,p,432,156.446671,-5.521255,39.974575,199259
117612,p,433,156.329483,-5.850908,39.965134,199279
117633,p,434,156.200851,-6.191541,39.935047,199299
117653,p,435,156.071884,-6.514561,39.905357,199319
117673,p,436,155.932831,-6.836843,39.843090,199339
117693,p,437,155.771851,-7.159721,39.760311,199359
117713,p,438,155.583862,-7.490993,39.697784,199379
117733,p,439,155.397629,-7.795424,39.687107,199399
117753,p,440,155.206680,-8.093695,39.693138,199419
117773,p,441,155.018661,-8.391869,39.645382,199439
117795,p,442,154.831146,-8.707714,39.601521,199459
117815,p,443,154.639984,-9.035692,39.557323,199479
117833,p,444,154.453232,-9.355169,39.511692,199499
117853,p,445,154.264786,-9.670609,39.461746,199519
117873,p,446,154.056427,-9.997286,39.398968,199539
117893,p,447,153.845642,-10.307020,39.341557,199559
117913,p,448,153.631927,-10.615331,39.241409,199579
117934,p,449,153.414474,-10.925933,39.152855,199599
117954,p,450,153.414474,-10.925933,39.152855,199619
117974,p,451,153.158325,-11.291132,39.148033,199639
117994,p,452,152.934860,-11.614677,39.172939,199659
118014,p,453,152.708008,-11.944971,39.174522,199679
118034,p,454,152.481796,-12.282000,39.134796,199699
118054,p,455,152.261185,-12.624515,39.086899,199719
118074,p,456,152.038284,-12.975710,39.056999,199739
118094,p,457,151.807541,-13.331018,39.074177,199759
118114,p,458,151.561508,-13.687699,39.095226,199779
118134,p,459,151.297928,-14.041965,39.123623,199799
118154,p,460,151.028397,-14.388516,39.157051,199819
118175,p,461,150.761734,-14.732288,39.190266,199839
118195,p,462,150.505600,-15.081874,39.237091,199859
118215,p,463,150.262436,-15.440280,39.296959,199879
118235,p,464,150.022247,-15.809932,39.423599,199899
118255,p,465,149.786804,-16.185488,39.553715,199919
118275,p,466,149.553101,-16.578144,39.650185,199939
118295,p,467,149.329269,-16.947847,39.705978,199959
118315,p,468,149.099670,-17.314411,39.748241,199979
118335,p,469,148.858902,-17.682072,39.785881,199999
118355,p,470,148.601379,-18.051126,39.828217,200019
118375,p,471,148.336121,-18.416641,39.904598,200039
118396,p,472,148.070847,-18.787741,40.014492,200059
118416,p,473,147.812897,-19.170681,40.063499,200079
118436,p,474,147.558746,-19.567623,40.113552,200099
118456,p,475,147.285645,-19.994522,40.167580,200119
118476,p,476,147.019608,-20.404203,40.214790,200139
118496,p,477,146.753647,-20.814461,40.246357,200160
118516,p,478,146.473694,-21.246695,40.273819,200180
118536,p,479,146.197540,-21.660061,40.358936,200200
118556,p,480,145.908768,-22.068058,40.473034,200220
118576,p,481,145.614182,-22.469131,40.596371,200240
118596,p,482,145.322021,-22.865690,40.640244,200260
118627,p,483,145.033340,-23.264179,40.723980,200280
118647,p,484,144.745911,-23.668186,40.836300,200300
118666,p,485,144.467697,-24.077562,40.943485,200320
118685,p,486,144.205582,-24.493168,41.033485,200340
118707,p,487,143.943161,-24.911127,41.110607,200360
118733,p,488,143.667877,-25.327499,41.186741,200380
118748,p,489,143.384323,-25.734413,41.256001,200400
118768,p,490,143.091019,-26.151606,41.322536,200420
118787,p,491,142.815399,-26.550493,41.384052,200440
118821,p,492,142.541000,-26.952873,41.448524,200460
118823,p,493,142.271988,-27.360455,41.506138,200480
118838,p,494,142.011032,-27.778023,41.553223,200500
118858,p,495,141.743530,-28.226664,41.595760,200520
118878,p,496,141.484421,-28.659697,41.628071,200540
118899,p,497,141.223251,-29.086535,41.652058,200560
118918,p,498,140.946152,-29.528038,41.665321,200580
118938,p,499,140.673706,-29.941385,41.661636,200600
118958,p,500,140.393097,-30.341064,41.595181,200620
118978,p,501,140.106735,-30.730000,41.526245,200640
118999,p,502,139.818542,-31.116848,41.480896,200660
119018,p,503,139.510635,-31.529072,41.499813,200680
119039,p,504,139.219498,-31.930939,41.475475,200700
119059,p,505,138.941696,-32.340862,41.438305,200720
119079,p,506,138.667007,-32.761753,41.400368,200740
119099,p,507,138.383682,-33.184429,41.370953,200760
119119,p,508,138.077484,-33.618359,41.341656,200780
119139,p,509,137.779480,-34.026554,41.306225,200800
119159,p,510,137.480759,-34.435108,41.276337,200820
119179,p,511,137.179459,-34.844608,41.250732,200840
119199,p,512,136.871109,-35.257092,41.233074,200860
119219,p,513,136.570267,-35.667263,41.221451,200880
119239,p,514,136.263672,-36.102806,41.207520,200900
119259,p,515,135.974655,-36.525860,41.203461,200920
119279,p,516,135.691605,-36.949890,41.197823,200941
119300,p,517,135.414246,-37.374638,41.152328,200961
119320,p,518,135.144211,-37.799492,41.058910,200981
119340,p,519,134.870178,-38.225563,41.020088,201001
119359,p,520,134.580688,-38.649609,40.967026,201021
119380,p,521,134.283569,-39.061970,40.872784,201041
119401,p,522,133.965012,-39.487690,40.837418,201061
119420,p,523,133.654831,-39.892502,40.833637,201081
119440,p,524,133.343765,-40.292130,40.855587,201101
119460,p,525,133.030441,-40.685760,40.882935,201121
119480,p,526,132.719330,-41.074940,40.913521,201141
119501,p,527,132.418655,-41.464966,40.949768,201161
119520,p,528,132.119629,-41.864922,40.982170,201181
119540,p,529,131.810120,-42.276993,40.991318,201201
119560,p,530,131.476318,-42.707737,40.968811,201221
119580,p,531,131.154022,-43.113403,40.936405,201241
119600,p,532,130.837692,-43.518009,40.897495,201261
119620,p,533,130.531906,-43.922039,40.863293,201281
119640,p,534,130.213394,-44.341873,40.818787,201301
119661,p,535,129.892349,-44.756168,40.764698,201321
119681,p,536,129.589676,-45.151443,40.705688,201341
119701,p,537,129.287247,-45.549934,40.635517,201361
119721,p,538,128.973053,-45.955727,40.569313,201381
119741,p,539,128.655319,-46.362144,40.515854,201401
119761,p,540,128.342468,-46.766907,40.460396,201421
119781,p,541,128.026703,-47.172337,40.373146,201441
119801,p,542,127.706558,-47.578037,40.281208,201461
119821,p,543,127.382545,-47.980579,40.203518,201481
119841,p,544,127.049751,-48.383476,40.167419,201501
119862,p,545,126.719574,-48.786709,40.169838,201521
119882,p,546,126.388092,-49.212448,40.168533,201541
119902,p,547,126.079857,-49.632122,40.169235,201561
119922,p,548,125.774841,-50.067093,40.182201,201581
119942,p,549,125.473732,-50.504215,40.126492,201601
119962,p,550,125.173172,-50.939186,40.097458,201621
119982,p,551,124.866997,-51.375767,40.086864,201641
120002,p,552,124.565590,-51.809032,40.070210,201661
120022,p,553,124.268677,-52.240993,40.037598,201681
120042,p,554,123.965759,-52.678406,40.006710,201701
120062,p,555,123.655853,-53.118729,40.004211,201721
120082,p,556,123.343369,-53.550705,40.021812,201741
120102,p,557,123.014153,-53.993816,40.039753,201762
120123,p,558,122.704880,-54.413605,40.056290,201782
120143,p,559,122.400635,-54.857479,40.080517,201802
120163,p,560,122.128021,-55.288799,40.099689,201822
120183,p,561,121.859215,-55.733021,40.119923,201842
120203,p,562,121.576965,-56.211899,40.159779,201862
120223,p,563,121.313446,-56.672699,40.201923,201882
120243,p,564,121.313446,-56.672699,40.201923,201902
120266,p,565,121.017212,-57.202858,40.226418,201922
120283,p,566,120.762909,-57.668362,40.231400,201942
120303,p,567,120.515289,-58.135967,40.198555,201962
120323,p,568,120.266754,-58.614574,40.117439,201982
120344,p,569,120.014816,-59.099953,40.107983,202002
120364,p,570,119.762329,-59.584709,40.117523,202022
120384,p,571,119.504005,-60.063866,40.121601,202042
120404,p,572,119.232597,-60.534676,40.115086,202062
120424,p,573,118.941353,-60.995632,40.107601,202082
120444,p,574,118.639557,-61.442883,40.103500,202102
120464,p,575,118.323288,-61.895184,40.088814,202122
120484,p,576,118.021324,-62.320518,40.066833,202142
120504,p,577,117.727646,-62.740780,40.054630,202162
120524,p,578,117.432533,-63.178654,40.054745,202182
120544,p,579,117.152817,-63.600258,40.059071,202202
120564,p,580,116.866203,-64.032806,40.076775,202222
120584,p,581,116.580635,-64.474129,40.115330,202242
120604,p,582,116.307182,-64.916199,40.156704,202262
120625,p,583,116.041832,-65.359222,40.177246,202282
120645,p,584,115.777336,-65.811203,40.251953,202302
120665,p,585,115.516418,-66.269775,40.327160,202322
120685,p,586,115.238159,-66.750023,40.400280,202342
120705,p,587,114.955917,-67.198700,40.401203,202362
120735,p,588,114.660042,-67.632545,40.404839,202382
120757,p,589,114.361526,-68.044685,40.398800,202402
120784,p,590,114.058922,-68.444016,40.438648,202422
120796,p,591,113.749855,-68.845528,40.476215,202442
120816,p,592,113.439926,-69.255966,40.523247,202462
120834,p,593,113.140327,-69.669342,40.586002,202482
120857,p,594,112.829567,-70.110512,40.656666,202502
120876,p,595,112.526657,-70.539894,40.723175,202523
120896,p,596,112.225716,-70.968887,40.787151,202543
120915,p,597,111.934021,-71.396431,40.834610,202563
120936,p,598,111.648651,-71.829895,40.871418,202583
120957,p,599,111.355095,-72.296211,40.975349,202603
120974,p,600,111.080948,-72.749146,41.071171,202623
120996,p,601,110.801994,-73.203209,41.138508,202643
121017,p,602,110.513901,-73.659348,41.136787,202663
121035,p,603,110.229675,-74.112007,41.128529,202683
121057,p,604,109.954247,-74.560905,41.103775,202703
121076,p,605,109.681435,-75.011383,41.072895,202723
121097,p,606,109.412781,-75.461510,41.096653,202743
121116,p,607,109.131401,-75.930573,41.145790,202763
121137,p,608,108.851570,-76.376671,41.184631,202783
121157,p,609,108.568779,-76.815369,41.226521,202803
121176,p,610,108.278168,-77.262276,41.286518,202823
121196,p,611,107.998688,-77.693756,41.350258,202843
121225,p,612,107.740540,-78.096352,41.396412,202863
121245,p,613,107.482323,-78.498779,41.438595,202883
121254,p,614,107.222649,-78.903069,41.499409,202903
121277,p,615,106.965096,-79.305725,41.631077,202923
121305,p,616,106.704765,-79.709259,41.753704,202943
121316,p,617,106.444931,-80.109077,41.825329,202963
121344,p,618,106.196373,-80.499657,41.884750,202983
121366,p,619,105.959648,-80.883324,41.920578,203003
121377,p,620,105.728447,-81.270645,41.951988,203023
121405,p,621,105.504570,-81.659508,42.048119,203043
121425,p,622,105.280128,-82.044861,42.149395,203063
121444,p,623,105.042580,-82.425789,42.238293,203083
121464,p,624,104.798241,-82.799728,42.265945,203103
121477,p,625,104.547623,-83.181885,42.289055,203123
121504,p,626,104.310036,-83.546989,42.342403,203143
121525,p,627,104.071083,-83.914917,42.341267,203163
121545,p,628,103.829826,-84.280624,42.332096,203183
121565,p,629,103.577354,-84.645958,42.315716,203203
121577,p,630,103.318993,-85.008598,42.297153,203223
121597,p,631,103.056557,-85.385300,42.296757,203243
121625,p,632,102.812065,-85.750916,42.331192,203263
121638,p,633,102.564911,-86.120468,42.358788,203283
121666,p,634,102.306511,-86.509377,42.369110,203303
121685,p,635,102.065079,-86.878113,42.349834,203323
121697,p,636,101.815903,-87.243256,42.328430,203344
121725,p,637,101.552101,-87.600395,42.310398,203364
121738,p,638,101.269997,-87.962151,42.290855,203384
121765,p,639,101.001648,-88.301102,42.254883,203404
121786,p,640,100.736275,-88.642754,42.210747,203424
121806,p,641,100.482330,-88.986832,42.172142,203444
121826,p,642,100.232658,-89.334213,42.131119,203464
121845,p,643,99.973938,-89.687866,42.087898,203484
121875,p,644,99.708923,-90.044395,42.052505,203504
121887,p,645,99.451195,-90.394745,42.012447,203524
121915,p,646,99.202370,-90.741692,41.911079,203544
121927,p,647,98.957359,-91.093918,41.760578,203564
121945,p,648,98.724976,-91.452209,41.623093,203584
121967,p,649,98.512177,-91.812149,41.464329,203604
121986,p,650,98.301575,-92.188789,41.268425,203624
122005,p,651,98.099075,-92.553932,41.099426,203644
122027,p,652,97.898376,-92.921097,40.973339,203664
122047,p,653,97.712379,-93.285004,40.906654,203684
122066,p,654,97.542229,-93.646645,40.936977,203704
122084,p,655,97.391136,-94.012108,40.897770,203724
122097,p,656,97.252357,-94.388916,40.801273,203744
122124,p,657,97.116768,-94.776588,40.779747,203764
122144,p,658,96.976707,-95.190552,40.777344,203784
122157,p,659,96.838829,-95.606308,40.779907,203804
122184,p,660,96.696358,-96.026375,40.770454,203824
122204,p,661,96.558800,-96.427742,40.756859,203844
122216,p,662,96.430931,-96.823959,40.735863,203864
122237,p,663,96.305588,-97.237686,40.696568,203884
122256,p,664,96.186928,-97.637917,40.604317,203904
122275,p,665,96.186928,-97.637917,40.604317,203924
122307,p,666,96.048058,-98.093735,40.530251,203944
122326,p,667,95.922958,-98.485146,40.527405,203964
122337,p,668,95.782463,-98.872536,40.524677,203984
122368,p,669,95.620346,-99.253891,40.518593,204004
122386,p,670,95.447723,-99.622742,40.514622,204024
122397,p,671,95.279327,-99.975258,40.505665,204044
122415,p,672,95.114235,-100.321434,40.482079,204064
122447,p,673,94.948471,-100.666885,40.453930,204084
122475,p,674,94.783325,-101.012192,40.441330,204104
122485,p,675,94.626373,-101.358582,40.456264,204124
122497,p,676,94.480515,-101.712357,40.493496,204144
122517,p,677,94.330902,-102.077324,40.535305,204164
122544,p,678,94.169312,-102.453529,40.581055,204184
122557,p,679,93.999458,-102.832176,40.634560,204204
122577,p,680,93.824051,-103.208084,40.679699,204224
122607,p,681,93.644531,-103.579010,40.700848,204244
122626,p,682,93.467972,-103.950012,40.704903,204265
122655,p,683,93.306885,-104.321510,40.695309,204285
122667,p,684,93.157211,-104.701836,40.641499,204305
122686,p,685,93.009666,-105.096909,40.543419,204325
122707,p,686,92.863602,-105.503784,40.516537,204345
122726,p,687,92.722069,-105.912140,40.466022,204365
122748,p,688,92.580444,-106.324249,40.358818,204385
122776,p,689,92.440025,-106.736275,40.244614,204405
122787,p,690,92.307411,-107.144485,40.137867,204425
122807,p,691,92.184425,-107.548035,40.036587,204445
122827,p,692,92.062080,-107.954002,39.934772,204465
122857,p,693,91.929588,-108.367767,39.844177,204485
122877,p,694,91.786392,-108.785713,39.782700,204505
122898,p,695,91.636269,-109.198586,39.684708,204525
122925,p,696,91.475502,-109.605110,39.588551,204545
122945,p,697,91.291946,-110.009361,39.492466,204565
122955,p,698,91.089714,-110.412621,39.400585,204585
122975,p,699,90.885002,-110.809494,39.311749,204605
122994,p,700,90.684792,-111.198051,39.213291,204625
123004,p,701,90.487564,-111.587059,39.111286,204645
123036,p,702,90.297256,-111.977722,39.024082,204665
123056,p,703,90.114990,-112.365326,38.949814,204685
123067,p,704,89.927223,-112.755096,38.819061,204705
123084,p,705,89.725906,-113.149673,38.700478,204725
123105,p,706,89.515022,-113.548386,38.604820,204745
123125,p,707,89.300003,-113.944275,38.509232,204765
123136,p,708,89.076851,-114.339577,38.370941,204785
123155,p,709,88.837837,-114.759659,38.184444,204805
123176,p,710,88.618355,-115.163208,38.023502,204825
123195,p,711,88.410904,-115.561935,37.874104,204845
123237,p,712,88.201538,-115.962708,37.734310,204865
123264,p,713,87.969032,-116.385513,37.616180,204885
123275,p,714,87.739311,-116.785515,37.544643,204905
123295,p,715,87.508179,-117.177818,37.503513,204925
123316,p,716,87.275215,-117.566536,37.471981,204945
123326,p,717,87.027992,-117.974953,37.438847,204965
123365,p,718,86.790871,-118.368744,37.410164,204985
123385,p,719,86.551216,-118.782646,37.381989,205005
123406,p,720,86.335815,-119.180954,37.345795,205025
123426,p,721,86.121422,-119.605804,37.294907,205045
123436,p,722,85.922333,-120.023338,37.254852,205065
123447,p,723,85.730820,-120.446465,37.236263,205085
123466,p,724,85.543030,-120.870796,37.229870,205105
123496,p,725,85.337662,-121.316612,37.229851,205126
123506,p,726,85.132080,-121.740685,37.197548,205146
123527,p,727,84.932297,-122.152855,37.159451,205166
123547,p,728,84.735703,-122.571487,37.108887,205186
123577,p,729,84.551224,-122.968712,37.093735,205206
123606,p,730,84.360306,-123.391029,37.100727,205226
123617,p,731,84.187134,-123.796928,37.119148,205246
123637,p,732,84.008575,-124.223854,37.126801,205266
123665,p,733,83.833710,-124.633858,37.116402,205286
123685,p,734,83.658501,-125.065117,37.099895,205306
123703,p,735,83.512390,-125.475754,37.070507,205326
123717,p,736,83.382477,-125.892769,37.026051,205346
123736,p,737,83.263870,-126.320374,36.989414,205366
123756,p,738,83.152969,-126.775719,36.973686,205386
123785,p,739,83.054024,-127.213524,36.967579,205406
123792,p,740,82.941673,-127.677429,36.958778,205426
123823,p,741,82.823486,-128.137802,36.955269,205446
123825,p,742,82.713493,-128.585678,36.951382,205466
123837,p,743,82.615021,-129.006393,36.927532,205486
174066,m,744,82.516273,-129.427094,36.839096,371.738922
174241,c,745,-1.804929,1.067904,0,0
174264,p,746,82.692802,-138.416809,41.311073,255769
174284,p,747,82.692802,-138.416809,41.311073,255789
174304,p,748,82.677460,-138.434280,41.196373,255809
174324,p,749,82.666237,-138.447403,41.081631,255830
174344,p,750,82.657722,-138.449829,40.978901,255850
174364,p,751,82.641556,-138.435486,40.889420,255870
174385,p,752,82.607445,-138.404968,40.822990,255890
174404,p,753,82.560776,-138.363419,40.778522,255910
174424,p,754,82.501633,-138.307388,40.790825,255930
174445,p,755,82.414696,-138.225159,40.827160,255950
174467,p,756,82.315742,-138.128967,40.878109,255970
174485,p,757,82.218040,-138.032364,40.940609,255990
174505,p,758,82.118217,-137.933517,40.982071,256010
174525,p,759,82.027626,-137.840805,40.979538,256030
174545,p,760,81.938347,-137.752884,41.034058,256050
174568,p,761,81.843506,-137.664642,41.090363,256070
174585,p,762,81.742905,-137.568481,41.135174,256090
174605,p,763,81.639557,-137.468643,41.233807,256110
174625,p,764,81.539146,-137.370728,41.324299,256130
174645,p,765,81.440399,-137.273560,41.357925,256150
174667,p,766,81.336426,-137.168579,41.387451,256170
174686,p,767,81.230423,-137.055969,41.431377,256190
174706,p,768,81.127197,-136.946457,41.519478,256210
174726,p,769,81.022240,-136.836655,41.603264,256230
174746,p,770,80.910187,-136.715118,41.657867,256250
174766,p,771,80.798218,-136.583344,41.661018,256270
174786,p,772,80.687187,-136.442154,41.660645,256290
174806,p,773,80.588875,-136.304031,41.680595,256310
174826,p,774,80.486855,-136.151810,41.739929,256330
174846,p,775,80.381607,-135.982574,41.729439,256350
174866,p,776,80.289055,-135.812347,41.703144,256370
174887,p,777,80.200790,-135.638504,41.671715,256390
174906,p,778,80.115753,-135.473297,41.632221,256410
174927,p,779,80.022598,-135.298523,41.577518,256430
174947,p,780,79.920815,-135.103012,41.516884,256450
174968,p,781,79.825012,-134.911667,41.522812,256470
174987,p,782,79.726067,-134.715286,41.495090,256490
175007,p,783,79.623245,-134.508026,41.436066,256510
175027,p,784,79.514107,-134.294815,41.372543,256530
175047,p,785,79.400696,-134.084732,41.323269,256550
175067,p,786,79.291786,-133.879395,41.282269,256570
175087,p,787,79.174835,-133.663101,41.241116,256590
175107,p,788,79.055283,-133.447525,41.178860,256610
175127,p,789,78.933411,-133.225662,41.106182,256630
175147,p,790,78.817665,-133.009338,41.104271,256650
175168,p,791,78.710617,-132.800232,41.112976,256670
175188,p,792,78.598190,-132.587296,41.121414,256690
175208,p,793,78.481384,-132.359207,41.132153,256710
175228,p,794,78.369141,-132.119492,41.137688,256731
175248,p,795,78.257904,-131.881439,41.141838,256751
175268,p,796,78.146927,-131.635269,41.151375,256771
175288,p,797,78.040459,-131.400360,41.150024,256791
175309,p,798,77.918854,-131.160355,41.144199,256811
175328,p,799,77.782310,-130.894745,41.144417,256831
175349,p,800,77.647118,-130.629227,41.097321,256851
175369,p,801,77.509193,-130.359879,41.056961,256871
175389,p,802,77.373192,-130.080612,41.097099,256891
175409,p,803,77.247711,-129.812698,41.091896,256911
175429,p,804,77.112831,-129.536545,41.082375,256931
175450,p,805,76.973793,-129.254028,41.130737,256951
175469,p,806,76.841606,-128.966476,41.181080,256971
175489,p,807,76.716896,-128.677994,41.218090,256991
175509,p,808,76.599487,-128.398315,41.252426,257011
175529,p,809,76.483871,-128.110764,41.214119,257031
175550,p,810,76.370552,-127.844604,41.167938,257051
175569,p,811,76.250603,-127.578224,41.161446,257071
175590,p,812,76.123642,-127.306206,41.142887,257091
175610,p,813,75.984543,-127.029106,41.103458,257111
175630,p,814,75.846222,-126.747032,41.035236,257131
175650,p,815,75.714218,-126.469292,41.031799,257151
175670,p,816,75.578499,-126.183777,41.050594,257171
175690,p,817,75.455933,-125.912270,41.074184,257191
175710,p,818,75.328972,-125.638962,41.086418,257211
175730,p,819,75.190239,-125.357101,41.091270,257231
175750,p,820,75.044266,-125.064438,41.092659,257251
175770,p,821,74.890572,-124.763657,41.085178,257271
175790,p,822,74.737404,-124.471207,41.088749,257291
175810,p,823,74.587761,-124.191124,41.105778,257311
175830,p,824,74.428886,-123.915802,41.120823,257331
175850,p,825,74.266006,-123.661285,41.133511,257351
175870,p,826,74.097099,-123.396782,41.148979,257371
175890,p,827,73.925446,-123.124809,41.091858,257391
175911,p,828,73.755188,-122.851562,41.039227,257411
175931,p,829,73.595116,-122.576675,40.988388,257431
175952,p,830,73.440887,-122.310211,40.995800,257451
175971,p,831,73.290085,-122.050430,40.970219,257471
175991,p,832,73.139877,-121.796257,40.895924,257491
176011,p,833,72.980843,-121.541496,40.814198,257511
176031,p,834,72.817467,-121.283333,40.738712,257532
176051,p,835,72.649086,-121.018974,40.664352,257552
176071,p,836,72.469498,-120.737679,40.596416,257572
176091,p,837,72.305313,-120.468811,40.553772,257592
176111,p,838,72.152405,-120.203056,40.514816,257612
176132,p,839,72.007118,-119.947571,40.475899,257632
176152,p,840,71.866150,-119.696365,40.443726,257652
176172,p,841,71.725800,-119.443718,40.395348,257672
176192,p,842,71.578156,-119.186768,40.257301,257692
176212,p,843,71.422562,-118.926758,40.167599,257712
176232,p,844,71.271683,-118.665611,40.128319,257732
176252,p,845,71.124664,-118.413750,40.026779,257752
176272,p,846,70.968513,-118.164169,39.943653,257772
176292,p,847,70.825203,-117.929993,39.883327,257792
176312,p,848,70.825203,-117.929993,39.883327,257812
176332,p,849,70.660423,-117.660301,39.816135,257832
176352,p,850,70.500748,-117.418182,39.707657,257852
176372,p,851,70.332092,-117.165283,39.600178,257872
176393,p,852,70.160255,-116.902031,39.553036,257892
176413,p,853,69.979370,-116.632370,39.557041,257912
176433,p,854,69.798538,-116.363091,39.586193,257932
176453,p,855,69.630035,-116.094360,39.584324,257952
176473,p,856,69.474350,-115.826439,39.586468,257972
176493,p,857,69.322258,-115.568497,39.581654,257992
176513,p,858,69.170120,-115.321747,39.581917,258012
176533,p,859,69.021561,-115.075478,39.633659,258032
176553,p,860,68.872269,-114.830795,39.691952,258052
176573,p,861,68.711838,-114.593704,39.742477,258072
176593,p,862,68.551506,-114.360245,39.796612,258092
176613,p,863,68.401543,-114.122787,39.865726,258112
176635,p,864,68.251884,-113.885109,39.993271,258132
176654,p,865,68.094765,-113.644928,40.071449,258152
176674,p,866,67.931046,-113.396606,40.143391,258172
176694,p,867,67.768364,-113.135033,40.265831,258192
176714,p,868,67.592598,-112.852989,40.379642,258212
176734,p,869,67.413826,-112.575371,40.463593,258232
176754,p,870,67.236870,-112.286644,40.485966,258252
176774,p,871,67.050850,-111.978241,40.545460,258272
176794,p,872,66.862282,-111.686325,40.608459,258292
176815,p,873,66.672379,-111.390671,40.669773,258312
176835,p,874,66.490852,-111.091133,40.715260,258333
176854,p,875,66.304192,-110.795395,40.717941,258353
176874,p,876,66.099319,-110.492195,40.666851,258373
176895,p,877,65.911453,-110.203224,40.682659,258393
176915,p,878,65.733543,-109.915993,40.699516,258413
176935,p,879,65.539383,-109.624069,40.702007,258433
176955,p,880,65.343590,-109.353020,40.644848,258453
176975,p,881,65.146667,-109.067963,40.587299,258473
176995,p,882,64.968048,-108.783333,40.519882,258493
177015,p,883,64.798805,-108.519814,40.513523,258513
177035,p,884,64.622070,-108.266556,40.516167,258533
177055,p,885,64.451027,-108.013123,40.535820,258553
177075,p,886,64.294609,-107.748215,40.567417,258573
177095,p,887,64.140236,-107.456146,40.598896,258593
177115,p,888,63.993793,-107.171371,40.608818,258613
177136,p,889,63.833500,-106.889954,40.608505,258633
177156,p,890,63.658783,-106.612053,40.584625,258653
177176,p,891,63.473244,-106.316696,40.550869,258673
177196,p,892,63.300404,-106.026085,40.569530,258693
