8243,0,0,3.297321,98839,0,0
8345,1,1,3.302011,98939,0,0
8443,2,2,3.330153,99039,0,0
8534,3,3,3.311392,99139,0,0
8636,4,4,3.311392,99239,0,0
8742,5,5,3.283250,99339,0,0
8832,6,6,3.287940,99439,0,0
8934,7,7,3.325463,99539,0,0
9035,8,8,3.302011,99639,0,0
9135,9,9,3.287940,99739,0,0
9244,10,10,3.273869,99839,0,0
9335,11,11,3.302011,99939,0,0
9426,12,12,3.297321,100039,0,0
9535,13,13,3.287940,100139,0,0
9635,14,14,3.362986,100239,0,0
9735,15,15,3.339534,100339,0,0
9834,16,16,3.334844,100439,0,0
9933,16,16,3.367676,100539,0,0
10054,17,17,3.334844,100639,0,0
10145,18,18,3.367676,100739,0,0
10236,19,19,3.358296,100839,0,0
10333,20,20,3.339534,100939,0,0
10426,21,21,3.334844,101039,0,0
10535,22,22,3.316082,101139,0,0
10635,23,23,3.325463,101239,0,0
10746,24,24,3.330153,101339,0,0
10844,25,25,3.311392,101439,0,0
10934,26,26,3.320773,101539,0,0
11035,27,27,3.302011,101639,0,0
11145,28,28,3.311392,101739,0,0
11226,29,29,3.273869,101839,0,0
11345,30,30,3.311392,101939,0,0
11446,31,31,3.292631,102039,0,0
11534,32,32,3.269179,102139,0,0
11635,33,33,3.311392,102239,0,0
11743,34,34,3.348915,102339,0,0
11835,35,35,3.320773,102439,0,0
11946,36,36,3.311392,102539,0,0
12035,37,37,3.306702,102639,0,0
12126,38,38,3.348915,102739,0,0
12266,39,39,3.302011,102839,0,0
12310,40,40,3.334844,102939,0,0
12417,41,41,3.311392,103039,0,0
12517,42,42,3.297321,103139,0,0
12617,43,43,3.311392,103239,0,0
12717,44,44,3.311392,103339,0,0
12817,45,45,3.348915,103439,0,0
12916,46,46,3.344224,103539,0,0
13018,47,47,3.348915,103639,0,0
13117,48,48,3.325463,103739,0,0
13216,49,49,3.348915,103839,0,0
13317,50,50,3.334844,103939,0,0
13417,51,51,3.353605,104039,0,0
13517,52,52,3.320773,104139,0,0
13618,53,53,3.330153,104239,0,0
13717,54,54,3.320773,104339,0,0
13817,55,55,3.377057,104439,0,0
13916,56,56,3.353605,104539,0,0
14024,57,57,3.330153,104639,0,0
14116,58,58,3.330153,104739,0,0
14226,59,59,3.381747,104839,0,0
14317,60,60,3.367676,104939,0,0
14417,61,61,3.395818,105039,0,0
14518,62,62,3.339534,105139,0,0
14617,63,63,3.330153,105239,0,0
14716,64,64,3.330153,105339,0,0
14817,65,65,3.330153,105439,0,0
14916,66,66,3.391128,105539,0,0
15017,67,67,3.381747,105639,0,0
15117,68,68,3.391128,105739,0,0
15225,69,69,3.372367,105839,0,0
15317,70,70,3.362986,105939,0,0
15416,71,71,3.377057,106039,0,0
15517,72,72,3.367676,106139,0,0
15623,73,73,3.367676,106239,0,0
15718,74,74,3.381747,106339,0,0
15818,75,75,3.372367,106439,0,0
15917,76,76,3.353605,106539,0,0
16018,77,77,3.409889,106639,0,0
16124,78,78,3.358296,106739,0,0
16217,79,79,3.419270,106839,0,0
16317,80,80,3.358296,106939,0,0
16416,81,81,3.391128,107039,0,0
16518,82,82,3.372367,107139,0,0
16624,83,83,3.367676,107239,0,0
16716,84,84,3.372367,107339,0,0
16825,85,85,3.372367,107439,0,0
16925,86,86,3.362986,107539,0,0
17017,87,87,3.358296,107639,0,0
17117,88,88,3.367676,107739,0,0
17217,89,89,3.381747,107839,0,0
17317,90,90,3.372367,107939,0,0
17425,91,91,3.339534,108039,0,0
17517,92,92,3.358296,108139,0,0
17618,93,93,3.353605,108239,0,0
17717,94,94,3.348915,108339,0,0
17817,95,95,3.391128,108439,0,0
17917,96,96,3.381747,108539,0,0
18017,97,97,3.395818,108639,0,0
18118,98,98,3.344224,108739,0,0
18216,99,99,3.353605,108839,0,0
18317,100,100,3.344224,108939,0,0
18418,101,101,3.358296,109039,0,0
18525,102,102,3.395818,109139,0,0
18624,103,103,3.320773,109239,0,0
18717,104,104,3.381747,109339,0,0
18825,105,105,3.316082,109439,0,0
18927,106,106,3.320773,109539,0,0
19018,107,107,3.386438,109639,0,0
19117,108,108,3.339534,109739,0,0
19217,109,109,3.325463,109839,0,0
19317,110,110,3.320773,109940,0,0
19417,111,111,3.306702,110040,0,0
19526,112,112,3.306702,110140,0,0
19617,113,113,3.367676,110240,0,0
19718,114,114,3.320773,110340,0,0
19817,115,115,3.330153,110440,0,0
19917,116,116,3.325463,110540,0,0
20017,117,117,3.306702,110640,0,0
20117,118,118,3.330153,110740,0,0
20218,119,119,3.306702,110840,0,0
20325,120,120,3.269179,110940,0,0
20427,121,121,3.320773,111040,0,0
20524,122,122,3.348915,111140,0,0
20617,123,123,3.292631,111240,0,0
20717,124,124,3.339534,111340,0,0
20817,125,125,3.320773,111440,0,0
20917,126,126,3.339534,111540,0,0
21017,127,127,3.330153,111640,0,0
21118,128,128,3.348915,111740,0,0
21226,129,129,3.348915,111840,0,0
21317,130,130,3.334844,111940,0,0
21426,131,131,3.330153,112040,0,0
21518,132,132,3.334844,112140,0,0
21624,133,133,3.358296,112240,0,0
21718,134,134,3.367676,112340,0,0
21826,135,135,3.372367,112440,0,0
21925,136,136,3.330153,112540,0,0
22017,137,137,3.381747,112640,0,0
22125,138,138,3.344224,112740,0,0
22218,139,139,3.339534,112840,0,0
22325,140,140,3.372367,112940,0,0
22423,141,141,3.391128,113040,0,0
22518,142,142,3.339534,113140,0,0
22623,143,143,3.344224,113240,0,0
22717,144,144,3.362986,113340,0,0
22826,145,145,3.391128,113440,0,0
22917,146,146,3.367676,113540,0,0
23024,147,147,3.362986,113640,0,0
23126,148,148,3.372367,113740,0,0
23217,149,149,3.395818,113840,0,0
23325,150,150,3.409889,113940,0,0
23418,151,151,3.372367,114040,0,0
23517,152,152,3.367676,114140,0,0
23618,153,153,3.391128,114240,0,0
23726,154,154,3.381747,114340,0,0
23817,154,154,3.391128,114440,0,0
23918,155,155,3.386438,114540,0,0
24017,156,156,3.400509,114640,0,0
24118,157,157,3.381747,114740,0,0
24225,158,158,3.358296,114840,0,0
24326,159,159,3.377057,114940,0,0
24418,160,160,3.381747,115040,0,0
24526,161,161,3.353605,115140,0,0
24617,162,162,3.362986,115240,0,0
24726,163,163,3.405199,115340,0,0
24826,164,164,3.297321,115440,0,0
24925,165,165,3.344224,115540,0,0
25016,166,166,3.386438,115640,0,0
25126,167,167,3.409889,115740,0,0
25223,168,168,3.395818,115840,0,0
25317,169,169,3.405199,115940,0,0
25426,170,170,3.344224,116040,0,0
25517,171,171,3.409889,116140,0,0
25617,172,172,3.377057,116240,0,0
25718,173,173,3.405199,116340,0,0
25825,174,174,3.423961,116440,0,0
25926,175,175,3.405199,116540,0,0
26017,176,176,3.414580,116640,0,0
26126,177,177,3.423961,116740,0,0
26226,178,178,3.400509,116840,0,0
26317,179,179,3.409889,116940,0,0
26425,180,180,3.381747,117040,0,0
26518,181,181,3.386438,117140,0,0
26617,182,182,3.409889,117240,0,0
26725,183,183,3.400509,117340,0,0
26817,184,184,3.409889,117440,0,0
26918,185,185,3.395818,117540,0,0
27012,186,186,3.362986,117640,0,0
27110,187,187,3.423961,117740,0,0
27209,188,188,3.381747,117840,0,0
27309,189,189,3.395818,117940,0,0
27409,190,190,3.438032,118040,0,0
27509,191,191,3.419270,118140,0,0
27609,192,192,3.414580,118240,0,0
27709,193,193,3.419270,118340,0,0
27809,194,194,3.405199,118440,0,0
27909,195,195,3.447412,118540,0,0
28009,196,196,3.423961,118640,0,0
28109,197,197,3.423961,118740,0,0
28209,198,198,3.405199,118840,0,0
28309,199,199,3.391128,118940,0,0
28409,200,200,3.414580,119040,0,0
28509,201,201,3.428651,119140,0,0
28609,202,202,3.400509,119240,0,0
28709,203,203,3.428651,119340,0,0
28809,204,204,3.405199,119440,0,0
28909,205,205,3.442722,119540,0,0
29009,206,206,3.409889,119640,0,0
29109,207,207,3.447412,119740,0,0
29209,208,208,3.414580,119840,0,0
29309,209,209,3.400509,119940,0,0
29409,210,210,3.428651,120040,0,0
29509,211,211,3.405199,120140,0,0
29609,212,212,3.381747,120240,0,0
29709,213,213,3.391128,120340,0,0
29809,214,214,3.423961,120440,0,0
29909,215,215,3.377057,120540,0,0
30009,216,216,3.395818,120640,0,0
30109,217,217,3.372367,120740,0,0
30209,218,218,3.409889,120840,0,0
30309,219,219,3.372367,120940,0,0
30409,220,220,3.372367,121040,0,0
30509,221,221,3.409889,121140,0,0
30609,222,222,3.409889,121240,0,0
30709,223,223,3.395818,121340,0,0
30809,224,224,3.362986,121440,0,0
30909,225,225,3.386438,121540,0,0
31009,226,226,3.409889,121640,0,0
31109,227,227,3.405199,121740,0,0
31209,228,228,3.400509,121840,0,0
31309,229,229,3.419270,121940,0,0
31409,230,230,3.409889,122040,0,0
31509,231,231,3.395818,122140,0,0
31609,232,232,3.409889,122240,0,0
31709,233,233,3.372367,122340,0,0
31809,234,234,3.381747,122440,0,0
31916,235,235,3.344224,122540,0,0
32012,236,236,3.372367,122640,0,0
32109,237,237,3.381747,122740,0,0
32209,238,238,3.386438,122840,0,0
32309,239,239,3.377057,122940,0,0
32409,240,240,3.367676,123040,0,0
32509,241,241,3.381747,123140,0,0
32609,242,242,3.381747,123240,0,0
32709,243,243,3.386438,123340,0,0
32809,244,244,3.386438,123440,0,0
32909,245,245,3.386438,123540,0,0
33009,246,246,3.405199,123640,0,0
33109,247,247,3.400509,123740,0,0
33209,248,248,3.428651,123840,0,0
33309,249,249,3.409889,123940,0,0
33409,250,250,3.400509,124040,0,0
33509,251,251,3.391128,124140,0,0
33609,252,252,3.428651,124240,0,0
33709,253,253,3.409889,124340,0,0
33809,254,254,3.381747,124440,0,0
33909,255,255,3.433341,124540,0,0
34009,256,256,3.447412,124640,0,0
34109,257,257,3.414580,124740,0,0
34209,258,258,3.438032,124840,0,0
34309,259,259,3.405199,124940,0,0
34409,260,260,3.395818,125040,0,0
34509,261,261,3.400509,125140,0,0
34609,262,262,3.419270,125240,0,0
34709,263,263,3.386438,125340,0,0
34809,264,264,3.470864,125440,0,0
34909,265,265,3.484935,125540,0,0
35009,266,266,3.419270,125640,0,0
35109,267,267,3.395818,125740,0,0
35209,268,268,3.423961,125840,0,0
35309,269,269,3.438032,125940,0,0
35409,270,270,3.405199,126040,0,0
35509,271,271,3.433341,126140,0,0
35609,272,272,3.395818,126240,0,0
35709,273,273,3.409889,126340,0,0
35809,274,274,3.409889,126440,0,0
35909,275,275,3.438032,126540,0,0
36009,276,276,3.395818,126640,0,0
36109,277,277,3.395818,126740,0,0
36209,278,278,3.395818,126840,0,0
36309,279,279,3.428651,126940,0,0
36409,280,280,3.433341,127040,0,0
36509,281,281,3.447412,127140,0,0
36610,282,282,3.433341,127240,0,0
36709,283,283,3.452103,127340,0,0
36809,284,284,3.461483,127440,0,0
36909,285,285,3.419270,127540,0,0
37009,286,286,3.433341,127640,0,0
37109,287,287,3.442722,127740,0,0
37209,288,288,3.456793,127840,0,0
37316,289,289,3.386438,127940,0,0
37418,290,290,3.391128,128040,0,0
37517,291,291,3.447412,128140,0,0
37618,292,292,3.405199,128240,0,0
37717,293,293,3.438032,128340,0,0
37818,294,294,3.414580,128440,0,0
37917,295,295,3.414580,128540,0,0
38018,296,296,3.391128,128640,0,0
38117,297,297,3.419270,128740,0,0
38217,298,298,3.414580,128840,0,0
38316,299,299,3.423961,128940,0,0
38423,300,300,3.409889,129040,0,0
38517,301,301,3.414580,129140,0,0
38617,302,302,3.386438,129240,0,0
38717,303,303,3.377057,129340,0,0
38823,304,304,3.405199,129440,0,0
38917,305,305,3.409889,129540,0,0
39016,306,306,3.414580,129640,0,0
39217,307,307,3.395818,129840,0,0
39318,308,308,3.433341,129940,0,0
39424,309,309,3.447412,130040,0,0
39517,310,310,3.484935,130140,0,0
39627,311,311,3.456793,130240,0,0
39718,312,312,3.433341,130340,0,0
39818,313,313,3.423961,130440,0,0
39918,314,314,3.438032,130540,0,0
40017,315,315,3.428651,130640,0,0
40126,316,316,3.475554,130740,0,0
40218,317,317,3.428651,130840,0,0
40317,318,318,3.447412,130940,0,0
40426,319,319,3.466174,131040,0,0
40626,320,320,3.494316,131240,0,0
40726,321,321,3.475554,131340,0,0
40825,322,322,3.438032,131440,0,0
40917,323,323,3.508387,131540,0,0
41018,324,324,3.517768,131640,0,0
41118,325,325,3.470864,131740,0,0
41217,326,326,3.541219,131840,0,0
41326,327,327,3.517768,131940,0,0
41417,328,328,3.489626,132040,0,0
41517,329,329,3.517768,132140,0,0
41626,330,330,3.475554,132240,0,0
41726,331,331,3.499006,132340,0,0
41818,332,332,3.517768,132440,0,0
41918,333,333,3.527148,132540,0,0
42009,334,334,3.508387,132640,0,0
42109,335,335,3.517768,132740,0,0
42209,336,336,3.522458,132840,0,0
42309,337,337,3.536529,132940,0,0
42409,338,338,3.531839,133040,0,0
42509,339,339,3.527148,133140,0,0
42609,340,340,3.489626,133240,0,0
42709,341,341,3.541219,133340,0,0
42809,342,342,3.475554,133440,0,0
42909,343,343,3.531839,133540,0,0
43009,344,344,3.517768,133640,0,0
43109,345,345,3.513077,133740,0,0
43209,346,346,3.527148,133840,0,0
43309,347,347,3.503697,133940,0,0
43409,348,348,3.536529,134040,0,0
43509,349,349,3.503697,134140,0,0
43609,350,350,3.508387,134240,0,0
43709,351,351,3.503697,134340,0,0
43808,352,352,3.513077,134440,0,0
43909,353,353,3.480245,134540,0,0
44008,354,354,3.484935,134640,0,0
44108,355,355,3.494316,134740,0,0
44208,356,356,3.489626,134840,0,0
44308,357,357,3.470864,134940,0,0
44408,358,358,3.475554,135040,0,0
44508,359,359,3.508387,135140,0,0
44608,360,360,3.480245,135240,0,0
44709,361,361,3.480245,135340,0,0
44808,362,362,3.442722,135440,0,0
44908,363,363,3.484935,135540,0,0
45008,364,364,3.508387,135640,0,0
45108,365,365,3.447412,135740,0,0
45208,366,366,3.503697,135840,0,0
45308,367,367,3.494316,135940,0,0
45415,368,368,3.466174,136040,0,0
45515,369,369,3.475554,136140,0,0
45617,370,370,3.517768,136240,0,0
45715,371,371,3.470864,136341,0,0
45816,372,372,3.484935,136441,0,0
45915,373,373,3.480245,136541,0,0
46010,374,374,3.494316,136641,0,0
46116,375,375,3.433341,136741,0,0
46214,376,376,3.484935,136841,0,0
46317,377,377,3.480245,136941,0,0
46415,378,378,3.484935,137041,0,0
46516,379,379,3.456793,137141,0,0
46617,380,380,3.456793,137241,0,0
46714,381,381,3.466174,137341,0,0
46815,382,382,3.522458,137441,0,0
46915,383,383,3.489626,137541,0,0
47016,384,384,3.480245,137641,0,0
47108,385,385,3.499006,137741,0,0
47208,386,386,3.503697,137841,0,0
47308,387,387,3.438032,137941,0,0
47415,388,388,3.456793,138041,0,0
47516,389,389,3.428651,138141,0,0
47615,390,390,3.466174,138241,0,0
47715,391,391,3.423961,138341,0,0
47815,392,392,3.484935,138441,0,0
47915,393,393,3.442722,138541,0,0
48015,394,394,3.466174,138641,0,0
48109,395,395,3.456793,138741,0,0
48214,396,396,3.466174,138841,0,0
48316,397,397,3.409889,138941,0,0
48414,398,398,3.428651,139041,0,0
48515,399,399,3.428651,139141,0,0
48617,400,400,3.414580,139241,0,0
48715,401,401,3.428651,139341,0,0
48815,402,402,3.419270,139441,0,0
48915,403,403,3.419270,139541,0,0
49015,404,404,3.423961,139641,0,0
49114,405,405,3.452103,139741,0,0
49215,406,406,3.466174,139841,0,0
49315,407,407,3.428651,139941,0,0
49416,408,408,3.405199,140041,0,0
49510,409,409,3.409889,140141,0,0
49615,410,410,3.428651,140241,0,0
49715,411,411,3.414580,140341,0,0
49809,412,412,3.456793,140441,0,0
49914,413,413,3.466174,140541,0,0
50015,414,414,3.419270,140641,0,0
50114,415,415,3.442722,140741,0,0
50215,416,416,3.470864,140841,0,0
50315,417,417,3.470864,140941,0,0
50416,418,418,3.475554,141041,0,0
50517,419,419,3.419270,141141,0,0
50614,420,420,3.428651,141241,0,0
50714,421,421,3.480245,141341,0,0
50808,422,422,3.428651,141441,0,0
50908,423,423,3.447412,141541,0,0
51014,424,424,3.433341,141641,0,0
51114,425,425,3.419270,141741,0,0
51215,426,426,3.442722,141841,0,0
51308,427,427,3.489626,141941,0,0
51409,428,428,3.494316,142041,0,0
51509,429,429,3.461483,142141,0,0
51609,430,430,3.503697,142241,0,0
51715,431,431,3.484935,142341,0,0
51814,432,432,3.442722,142441,0,0
51907,433,433,3.428651,142541,0,0
52008,434,434,3.475554,142641,0,0
52107,435,435,3.466174,142741,0,0
52207,436,436,3.489626,142841,0,0
52307,437,437,3.461483,142941,0,0
52413,438,438,3.452103,143041,0,0
52514,439,439,3.466174,143141,0,0
52614,440,440,3.475554,143241,0,0
52709,441,441,3.456793,143341,0,0
52809,442,442,3.466174,143441,0,0
52914,443,443,3.461483,143541,0,0
53013,444,444,3.447412,143641,0,0
53114,445,445,3.466174,143741,0,0
53209,446,446,3.466174,143841,0,0
53314,447,447,3.414580,143941,0,0
53415,448,448,3.447412,144041,0,0
53514,449,449,3.447412,144141,0,0
53609,450,450,3.452103,144241,0,0
53709,451,451,3.433341,144341,0,0
53814,452,452,3.452103,144441,0,0
53909,453,453,3.470864,144541,0,0
54009,454,454,3.447412,144641,0,0
54109,455,455,3.447412,144741,0,0
54214,456,456,3.405199,144841,0,0
54316,457,457,3.419270,144941,0,0
54407,458,458,3.428651,145041,0,0
54509,459,459,3.428651,145141,0,0
54609,460,460,3.447412,145241,0,0
54708,461,461,3.438032,145341,0,0
54809,462,462,3.395818,145441,0,0
54915,463,463,3.377057,145541,0,0
55009,464,464,3.433341,145641,0,0
55109,465,465,3.395818,145741,0,0
55207,466,466,3.414580,145841,0,0
55310,467,467,3.391128,145941,0,0
55409,468,468,3.377057,146041,0,0
55509,469,469,3.400509,146141,0,0
55609,470,470,3.381747,146241,0,0
55713,471,471,3.330153,146341,0,0
55809,472,472,3.306702,146441,0,0
55914,473,473,3.353605,146541,0,0
56014,474,474,3.353605,146641,0,0
56114,475,475,3.353605,146741,0,0
56209,476,476,3.320773,146841,0,0
56313,477,477,3.348915,146941,0,0
56408,478,478,3.334844,147041,0,0
56512,479,479,3.325463,147141,0,0
56606,480,480,3.386438,147241,0,0
56709,481,481,3.358296,147341,0,0
56814,482,482,3.386438,147441,0,0
56909,483,483,3.377057,147541,0,0
57008,484,484,3.386438,147641,0,0
57107,485,485,3.391128,147741,0,0
57208,486,486,3.414580,147841,0,0
57308,487,487,3.438032,147941,0,0
57413,488,488,3.433341,148041,0,0
57509,489,489,3.423961,148141,0,0
57609,490,490,3.438032,148241,0,0
57713,491,491,3.470864,148341,0,0
57813,492,492,3.409889,148441,0,0
57909,493,493,3.414580,148541,0,0
58013,494,494,3.409889,148641,0,0
58109,495,495,3.414580,148741,0,0
58208,496,496,3.452103,148841,0,0
58308,497,497,3.475554,148941,0,0
58410,498,498,3.466174,149041,0,0
58509,499,499,3.494316,149141,0,0
66824,500,0,3.658478,157458,0,0
66926,501,1,3.649098,157558,0,0
67024,502,2,3.649098,157658,0,0
67124,503,3,3.667859,157758,0,0
67225,504,4,3.677240,157858,0,0
67332,505,5,3.649098,157958,0,0
67425,506,6,3.616265,158058,0,0
67525,507,7,3.602194,158158,0,0
67624,508,8,3.630336,158258,0,0
67724,509,9,3.620956,158358,0,0
67825,510,10,3.663169,158458,0,0
67925,511,11,3.611575,158558,0,0
68032,512,12,3.635027,158658,0,0
68133,513,13,3.630336,158758,0,0
68232,514,14,3.606884,158858,0,0
68332,515,15,3.616265,158958,0,0
68424,516,16,3.616265,159058,0,0
68525,517,17,3.639717,159158,0,0
68625,518,18,3.644407,159258,0,0
68724,519,19,3.616265,159358,0,0
68832,520,20,3.611575,159458,0,0
68926,521,21,3.639717,159558,0,0
69024,522,22,3.574052,159658,0,0
69125,523,23,3.602194,159758,0,0
69226,524,24,3.625646,159858,0,0
69322,525,25,3.616265,159958,0,0
69421,526,26,3.653788,160058,0,0
69522,527,27,3.611575,160158,0,0
69625,528,28,3.625646,160258,0,0
69723,529,29,3.611575,160358,0,0
69825,530,30,3.658478,160458,0,0
69924,531,31,3.635027,160558,0,0
70026,532,32,3.616265,160658,0,0
70124,533,33,3.620956,160758,0,0
70225,534,34,3.630336,160858,0,0
70324,535,35,3.672549,160958,0,0
70424,536,36,3.630336,161058,0,0
70524,537,37,3.635027,161158,0,0
70625,538,38,3.667859,161258,0,0
70724,539,39,3.649098,161358,0,0
70824,540,40,3.625646,161458,0,0
70924,541,41,3.681930,161558,0,0
71024,542,42,3.649098,161658,0,0
71125,543,43,3.625646,161758,0,0
71224,544,44,3.635027,161858,0,0
71325,545,45,3.635027,161958,0,0
71423,546,46,3.639717,162058,0,0
71525,547,47,3.588123,162158,0,0
71625,548,48,3.602194,162258,0,0
71721,549,49,3.597504,162358,0,0
71824,550,50,3.588123,162458,0,0
71924,551,51,3.602194,162558,0,0
72024,552,52,3.592813,162658,0,0
72124,553,53,3.616265,162758,0,0
72224,554,54,3.611575,162858,0,0
72326,555,55,3.564671,162958,0,0
72424,556,56,3.550600,163058,0,0
72524,557,57,3.536529,163158,0,0
72624,558,58,3.536529,163258,0,0
72724,559,59,3.564671,163358,0,0
72824,560,60,3.527148,163458,0,0
72925,561,61,3.574052,163558,0,0
73024,562,62,3.522458,163658,0,0
73121,563,63,3.527148,163758,0,0
73221,564,64,3.555291,163858,0,0
73322,565,65,3.555291,163958,0,0
73423,566,66,3.517768,164058,0,0
73522,567,67,3.527148,164158,0,0
73624,568,68,3.541219,164258,0,0
73724,569,69,3.550600,164358,0,0
73824,570,70,3.517768,164458,0,0
73924,571,71,3.527148,164558,0,0
74025,572,72,3.555291,164658,0,0
74123,573,73,3.536529,164758,0,0
74220,574,74,3.545910,164858,0,0
74327,575,75,3.574052,164958,0,0
74420,576,76,3.583433,165058,0,0
74520,577,77,3.569362,165158,0,0
74620,578,78,3.550600,165258,0,0
74721,579,79,3.583433,165358,0,0
74820,580,80,3.527148,165458,0,0
74921,581,81,3.583433,165558,0,0
75020,582,82,3.531839,165658,0,0
75120,583,83,3.545910,165758,0,0
75220,584,84,3.531839,165858,0,0
75320,585,85,3.559981,165958,0,0
75420,586,86,3.517768,166058,0,0
75520,587,87,3.513077,166158,0,0
75620,588,88,3.531839,166258,0,0
75723,589,89,3.578742,166358,0,0
75823,590,90,3.536529,166458,0,0
75923,591,91,3.527148,166558,0,0
76024,592,92,3.574052,166658,0,0
76123,593,93,3.559981,166758,0,0
76223,594,94,3.592813,166858,0,0
76324,595,95,3.517768,166958,0,0
76424,596,96,3.555291,167058,0,0
76530,597,97,3.574052,167158,0,0
76623,598,98,3.550600,167258,0,0
76731,599,99,3.574052,167358,0,0
76823,600,100,3.541219,167458,0,0
76924,601,101,3.583433,167558,0,0
77030,602,102,3.564671,167658,0,0
77124,603,103,3.569362,167758,0,0
77224,604,104,3.602194,167858,0,0
77330,605,105,3.597504,167958,0,0
77423,606,106,3.588123,168058,0,0
77523,607,107,3.635027,168158,0,0
77630,608,108,3.630336,168258,0,0
77723,609,109,3.663169,168358,0,0
77823,610,110,3.663169,168458,0,0
77923,611,111,3.616265,168558,0,0
78031,612,112,3.602194,168658,0,0
78124,613,113,3.667859,168758,0,0
78223,614,114,3.606884,168858,0,0
78332,615,115,3.630336,168958,0,0
78424,616,116,3.691311,169058,0,0
78531,617,117,3.649098,169158,0,0
78623,618,118,3.672549,169258,0,0
78729,619,119,3.686620,169358,0,0
78823,620,120,3.719453,169458,0,0
78923,621,121,3.700692,169558,0,0
79023,622,122,3.658478,169658,0,0
79124,623,123,3.681930,169758,0,0
79224,624,124,3.663169,169858,0,0
79322,625,125,3.592813,169958,0,0
79422,626,126,3.597504,170058,0,0
79523,627,127,3.620956,170158,0,0
79620,628,128,3.620956,170258,0,0
79720,629,129,3.611575,170358,0,0
79820,630,130,3.620956,170458,0,0
79920,631,131,3.653788,170558,0,0
80020,632,132,3.620956,170658,0,0
80120,633,133,3.616265,170758,0,0
80220,634,134,3.606884,170858,0,0
80320,635,135,3.635027,170958,0,0
80420,636,136,3.592813,171058,0,0
80520,637,137,3.616265,171158,0,0
80622,638,138,3.630336,171258,0,0
80722,639,139,3.602194,171358,0,0
80829,640,140,3.616265,171458,0,0
80930,641,141,3.611575,171558,0,0
81023,642,142,3.635027,171658,0,0
81123,643,143,3.597504,171758,0,0
81223,644,144,3.658478,171858,0,0
81323,645,145,3.653788,171958,0,0
81430,646,146,3.602194,172058,0,0
81531,647,147,3.606884,172158,0,0
81631,648,148,3.639717,172258,0,0
81723,649,149,3.639717,172358,0,0
81822,650,150,3.592813,172458,0,0
81923,651,151,3.630336,172558,0,0
82029,652,152,3.639717,172658,0,0
82129,653,153,3.672549,172758,0,0
82223,654,154,3.686620,172858,0,0
82331,655,155,3.686620,172958,0,0
82423,656,156,3.719453,173058,0,0
82529,657,157,3.681930,173158,0,0
82623,658,158,3.644407,173258,0,0
82723,659,159,3.625646,173358,0,0
82823,660,160,3.658478,173458,0,0
82923,661,161,3.686620,173558,0,0
83023,662,162,3.630336,173658,0,0
83129,663,163,3.644407,173758,0,0
83223,664,164,3.620956,173858,0,0
83322,665,165,3.620956,173959,0,0
83422,666,166,3.620956,174059,0,0
83523,667,167,3.592813,174159,0,0
83623,668,168,3.616265,174259,0,0
83722,669,169,3.592813,174359,0,0
83822,670,170,3.616265,174459,0,0
83922,671,171,3.635027,174559,0,0
84022,672,172,3.616265,174659,0,0
84123,673,173,3.592813,174759,0,0
84223,674,174,3.602194,174859,0,0
84322,675,175,3.611575,174959,0,0
84419,676,176,3.602194,175059,0,0
84519,677,177,3.602194,175159,0,0
84619,678,178,3.583433,175259,0,0
84719,679,179,3.639717,175359,0,0
84819,680,180,3.616265,175459,0,0
84919,681,181,3.644407,175559,0,0
85019,682,182,3.611575,175659,0,0
85119,683,183,3.649098,175759,0,0
85219,684,184,3.635027,175859,0,0
85319,685,185,3.625646,175959,0,0
85419,686,186,3.644407,176059,0,0
85522,687,187,3.667859,176159,0,0
85622,688,188,3.630336,176259,0,0
85722,689,189,3.677240,176359,0,0
85829,690,190,3.696001,176459,0,0
85922,691,191,3.681930,176559,0,0
86023,692,192,3.649098,176659,0,0
86123,693,193,3.696001,176759,0,0
86222,694,194,3.719453,176859,0,0
86322,695,195,3.700692,176959,0,0
86422,696,196,3.663169,177059,0,0
86529,697,197,3.630336,177159,0,0
86622,698,198,3.681930,177259,0,0
86722,699,199,3.700692,177359,0,0
86823,700,200,3.714763,177459,0,0
86930,701,201,3.677240,177559,0,0
87022,702,202,3.644407,177659,0,0
87122,703,203,3.649098,177759,0,0
87223,704,204,3.672549,177859,0,0
87322,705,205,3.658478,177959,0,0
87430,706,206,3.606884,178059,0,0
87529,707,207,3.602194,178159,0,0
87622,708,208,3.606884,178259,0,0
87729,709,209,3.616265,178359,0,0
87822,710,210,3.635027,178459,0,0
87922,711,211,3.606884,178559,0,0
88022,712,212,3.588123,178659,0,0
88122,713,213,3.569362,178759,0,0
88229,714,214,3.588123,178859,0,0
88330,715,215,3.583433,178959,0,0
88429,716,216,3.578742,179059,0,0
88522,717,217,3.588123,179159,0,0
88630,718,218,3.559981,179259,0,0
88722,719,219,3.583433,179359,0,0
88828,720,220,3.564671,179459,0,0
88922,721,221,3.564671,179559,0,0
89022,722,222,3.602194,179659,0,0
89123,723,223,3.616265,179759,0,0
89221,724,224,3.611575,179859,0,0
89320,725,225,3.588123,179959,0,0
89418,726,226,3.597504,180059,0,0
89518,727,227,3.602194,180159,0,0
89618,728,228,3.606884,180259,0,0
89722,729,229,3.630336,180359,0,0
89829,730,230,3.616265,180459,0,0
89929,731,231,3.611575,180559,0,0
90021,732,232,3.616265,180659,0,0
90130,733,233,3.602194,180759,0,0
90228,734,234,3.574052,180859,0,0
90330,735,235,3.588123,180959,0,0
90422,736,236,3.592813,181059,0,0
90530,737,237,3.606884,181159,0,0
90622,738,238,3.630336,181259,0,0
90730,739,239,3.611575,181359,0,0
90830,740,240,3.611575,181459,0,0
90922,741,241,3.620956,181559,0,0
91029,742,242,3.611575,181659,0,0
91128,743,243,3.658478,181759,0,0
91228,744,244,3.644407,181859,0,0
91328,745,245,3.630336,181959,0,0
91422,746,246,3.635027,182059,0,0
91521,747,247,3.616265,182159,0,0
91628,748,248,3.681930,182259,0,0
91727,749,249,3.691311,182359,0,0
91821,750,250,3.710072,182459,0,0
91928,751,251,3.728834,182559,0,0
92029,752,252,3.710072,182659,0,0
92121,753,253,3.724143,182759,0,0
92228,754,254,3.719453,182859,0,0
92327,755,255,3.747595,182959,0,0
92428,756,256,3.714763,183059,0,0
92521,757,257,3.752285,183159,0,0
92621,758,258,3.719453,183259,0,0
92722,759,259,3.747595,183359,0,0
92822,760,260,3.719453,183459,0,0
92921,761,261,3.700692,183559,0,0
93022,762,262,3.696001,183659,0,0
93126,763,263,3.663169,183759,0,0
93221,764,264,3.705382,183859,0,0
93320,765,265,3.663169,183959,0,0
93429,766,266,3.710072,184059,0,0
93521,767,267,3.616265,184159,0,0
93621,768,268,3.658478,184259,0,0
93721,769,269,3.663169,184359,0,0
93821,770,270,3.672549,184459,0,0
93927,771,271,3.620956,184559,0,0
94029,772,272,3.635027,184659,0,0
94129,773,273,3.611575,184759,0,0
94229,774,274,3.606884,184859,0,0
94321,775,275,3.597504,184959,0,0
94421,776,276,3.611575,185059,0,0
94521,777,277,3.606884,185159,0,0
94621,778,278,3.635027,185259,0,0
94721,779,279,3.644407,185359,0,0
94828,780,280,3.667859,185459,0,0
94927,781,281,3.630336,185559,0,0
95021,782,282,3.616265,185659,0,0
95130,783,283,3.630336,185759,0,0
95227,784,284,3.611575,185859,0,0
95322,785,285,3.611575,185959,0,0
95429,786,286,3.606884,186059,0,0
95521,787,287,3.625646,186159,0,0
95621,788,288,3.616265,186259,0,0
95728,789,289,3.616265,186359,0,0
95827,790,290,3.620956,186459,0,0
95921,791,291,3.625646,186559,0,0
96029,792,292,3.620956,186659,0,0
96120,793,293,3.592813,186759,0,0
96221,794,294,3.639717,186859,0,0
96319,795,295,3.663169,186959,0,0
96421,796,296,3.649098,187059,0,0
96521,797,297,3.667859,187159,0,0
96620,798,298,3.710072,187259,0,0
96721,799,299,3.667859,187359,0,0
96820,800,300,3.663169,187459,0,0
96920,801,301,3.677240,187559,0,0
97028,802,302,3.672549,187659,0,0
97129,803,303,3.667859,187759,0,0
97222,804,304,3.672549,187859,0,0
97321,805,305,3.658478,187959,0,0
97420,806,306,3.667859,188059,0,0
97521,807,307,3.710072,188159,0,0
97628,808,308,3.667859,188259,0,0
97722,809,309,3.686620,188359,0,0
97820,810,310,3.663169,188459,0,0
97922,811,311,3.714763,188559,0,0
98020,812,312,3.649098,188659,0,0
98122,813,313,3.714763,188759,0,0
98221,814,314,3.658478,188859,0,0
98322,815,315,3.672549,188959,0,0
98421,816,316,3.724143,189059,0,0
98527,817,317,3.719453,189159,0,0
98620,818,318,3.724143,189259,0,0
98721,819,319,3.681930,189359,0,0
98820,820,320,3.733524,189459,0,0
98920,821,321,3.696001,189559,0,0
99021,822,322,3.705382,189659,0,0
99120,823,323,3.705382,189759,0,0
99220,824,324,3.705382,189859,0,0
99321,825,325,3.686620,189959,0,0
99420,826,326,3.686620,190059,0,0
99520,827,327,3.672549,190159,0,0
99629,828,328,3.677240,190259,0,0
99721,829,329,3.667859,190359,0,0
99820,830,330,3.663169,190459,0,0
99922,831,331,3.649098,190559,0,0
100020,832,332,3.644407,190659,0,0
100120,833,333,3.672549,190759,0,0
100221,834,334,3.625646,190859,0,0
100320,835,335,3.705382,190959,0,0
100421,836,336,3.606884,191059,0,0
100520,837,337,3.663169,191159,0,0
100620,838,338,3.649098,191259,0,0
100720,839,339,3.625646,191359,0,0
100829,840,340,3.649098,191459,0,0
100919,841,341,3.611575,191559,0,0
101020,842,342,3.681930,191659,0,0
101119,843,343,3.677240,191759,0,0
101221,844,344,3.658478,191859,0,0
101320,845,345,3.644407,191959,0,0
101420,846,346,3.681930,192059,0,0
101516,847,347,3.625646,192159,0,0
101616,848,348,3.691311,192259,0,0
101716,849,349,3.658478,192359,0,0
101817,850,350,3.667859,192459,0,0
101916,851,351,3.691311,192559,0,0
102016,852,352,3.696001,192659,0,0
102116,853,353,3.686620,192759,0,0
102216,854,354,3.658478,192859,0,0
102316,855,355,3.667859,192959,0,0
102416,856,356,3.696001,193059,0,0
102516,857,357,3.667859,193159,0,0
102616,858,358,3.686620,193259,0,0
102716,859,359,3.649098,193359,0,0
102816,860,360,3.696001,193459,0,0
102916,861,361,3.653788,193559,0,0
103016,862,362,3.700692,193659,0,0
103116,863,363,3.672549,193759,0,0
103216,864,364,3.653788,193859,0,0
103316,865,365,3.649098,193959,0,0
103416,866,366,3.667859,194059,0,0
103520,867,367,3.658478,194159,0,0
103621,868,368,3.649098,194259,0,0
103720,869,369,3.644407,194359,0,0
103820,870,370,3.630336,194459,0,0
103920,871,371,3.630336,194559,0,0
104019,872,372,3.644407,194659,0,0
104119,873,373,3.597504,194759,0,0
104219,874,374,3.606884,194859,0,0
104319,875,375,3.616265,194959,0,0
104426,876,376,3.635027,195059,0,0
104520,877,377,3.653788,195159,0,0
104619,878,378,3.649098,195259,0,0
104721,879,379,3.639717,195359,0,0
104820,880,380,3.606884,195459,0,0
104919,881,381,3.592813,195559,0,0
105027,882,382,3.620956,195659,0,0
105119,883,383,3.625646,195759,0,0
105219,884,384,3.630336,195859,0,0
105320,885,385,3.616265,195959,0,0
105419,886,386,3.616265,196059,0,0
105520,887,387,3.602194,196159,0,0
105620,888,388,3.611575,196259,0,0
105727,889,389,3.630336,196359,0,0
105829,890,390,3.677240,196459,0,0
105925,891,391,3.677240,196559,0,0
106028,892,392,3.616265,196659,0,0
106119,893,393,3.700692,196759,0,0
106220,894,394,3.635027,196859,0,0
106319,895,395,3.663169,196959,0,0
106426,896,396,3.649098,197059,0,0
106519,897,397,3.696001,197159,0,0
106620,898,398,3.658478,197259,0,0
106726,899,399,3.672549,197359,0,0
106819,900,400,3.681930,197459,0,0
106920,901,401,3.696001,197559,0,0
107020,902,402,3.691311,197659,0,0
107128,903,403,3.644407,197759,0,0
107226,904,404,3.635027,197859,0,0
107320,905,405,3.644407,197959,0,0
107420,906,406,3.635027,198059,0,0
107519,907,407,3.663169,198159,0,0
107618,908,408,3.644407,198259,0,0
107720,909,409,3.653788,198359,0,0
107819,910,410,3.681930,198459,0,0
107926,911,411,3.681930,198559,0,0
108019,912,412,3.672549,198659,0,0
108119,913,413,3.635027,198759,0,0
108219,914,414,3.625646,198859,0,0
108320,915,415,3.644407,198959,0,0
108420,916,416,3.639717,199059,0,0
108520,917,417,3.663169,199159,0,0
108619,918,418,3.630336,199259,0,0
108719,919,419,3.663169,199359,0,0
108820,920,420,3.649098,199459,0,0
108920,921,421,3.649098,199559,0,0
109026,922,422,3.653788,199659,0,0
109126,923,423,3.681930,199759,0,0
109221,924,424,3.672549,199859,0,0
109320,925,425,3.677240,199959,0,0
109415,926,426,3.681930,200059,0,0
109515,927,427,3.681930,200159,0,0
109615,928,428,3.653788,200260,0,0
109715,929,429,3.653788,200360,0,0
109815,930,430,3.686620,200460,0,0
109915,931,431,3.597504,200560,0,0
110015,932,432,3.677240,200660,0,0
110115,933,433,3.658478,200760,0,0
110215,934,434,3.663169,200860,0,0
110315,935,435,3.625646,200960,0,0
110415,936,436,3.700692,201060,0,0
110515,937,437,3.672549,201160,0,0
110615,938,438,3.667859,201260,0,0
110715,939,439,3.616265,201360,0,0
110815,940,440,3.611575,201460,0,0
110915,941,441,3.644407,201560,0,0
111015,942,442,3.700692,201660,0,0
111115,943,443,3.644407,201760,0,0
111215,944,444,3.686620,201860,0,0
111315,945,445,3.686620,201960,0,0
111415,946,446,3.649098,202060,0,0
111515,947,447,3.644407,202160,0,0
111615,948,448,3.677240,202260,0,0
111715,949,449,3.625646,202360,0,0
111815,950,450,3.611575,202460,0,0
111915,951,451,3.616265,202560,0,0
112015,952,452,3.630336,202660,0,0
112115,953,453,3.630336,202760,0,0
112215,954,454,3.625646,202860,0,0
112319,955,455,3.653788,202960,0,0
112426,956,456,3.630336,203060,0,0
112527,957,457,3.611575,203160,0,0
112618,958,458,3.602194,203260,0,0
112718,959,459,3.592813,203360,0,0
112819,960,460,3.602194,203460,0,0
112918,961,461,3.592813,203560,0,0
113026,962,462,3.588123,203660,0,0
113118,963,463,3.574052,203760,0,0
113218,964,464,3.620956,203860,0,0
113318,965,465,3.630336,203960,0,0
113418,966,466,3.602194,204060,0,0
113526,967,467,3.611575,204160,0,0
113618,968,468,3.625646,204260,0,0
113719,969,469,3.606884,204360,0,0
113826,970,470,3.616265,204460,0,0
113926,971,471,3.606884,204560,0,0
114018,972,472,3.592813,204660,0,0
114118,973,473,3.592813,204760,0,0
114226,974,474,3.602194,204860,0,0
114319,975,475,3.620956,204960,0,0
114419,976,476,3.606884,205060,0,0
114518,977,477,3.578742,205160,0,0
114625,978,478,3.616265,205260,0,0
114719,979,479,3.597504,205360,0,0
114819,980,480,3.569362,205460,0,0
114919,981,481,3.606884,205560,0,0
115025,982,482,3.630336,205660,0,0
115118,983,483,3.644407,205760,0,0
115219,984,484,3.667859,205860,0,0
115325,985,485,3.644407,205960,0,0
115418,986,486,3.639717,206060,0,0
115524,987,487,3.630336,206160,0,0
115625,988,488,3.658478,206260,0,0
115725,989,489,3.696001,206360,0,0
115819,990,490,3.672549,206460,0,0
115915,991,491,3.667859,206560,0,0
116014,992,492,3.653788,206660,0,0
116117,993,493,3.649098,206760,0,0
116218,994,494,3.672549,206860,0,0
116318,995,495,3.686620,206960,0,0
116419,996,496,3.677240,207060,0,0
116518,997,497,3.691311,207160,0,0
116618,998,498,3.672549,207260,0,0
116718,999,499,3.672549,207360,0,0
124374,1000,0,1.758884,215013,0,0
124475,1001,1,1.726051,215113,0,0
124574,1002,2,1.679148,215213,0,0
124675,1002,2,1.669767,215313,0,0
124776,1003,3,1.674457,215413,0,0
124874,1004,4,1.674457,215513,0,0
124974,1005,5,1.669767,215613,0,0
125074,1006,6,1.669767,215713,0,0
125174,1007,7,1.669767,215813,0,0
125275,1008,8,1.613483,215913,0,0
125374,1009,9,1.641625,216013,0,0
125474,1010,10,1.627554,216113,0,0
125573,1011,11,1.636935,216213,0,0
125675,1012,12,1.646315,216313,0,0
125768,1013,13,1.627554,216413,0,0
125868,1014,14,1.669767,216513,0,0
125968,1015,15,1.636935,216613,0,0
126066,1016,16,1.660386,216713,0,0
126169,1017,17,1.660386,216813,0,0
126267,1018,18,1.646315,216913,0,0
126367,1019,19,1.683838,217013,0,0
126468,1020,20,1.697909,217113,0,0
126568,1021,21,1.688528,217213,0,0
126668,1022,22,1.730742,217313,0,0
126768,1023,23,1.730742,217413,0,0
126868,1024,24,1.768265,217513,0,0
126967,1025,25,1.726051,217613,0,0
127066,1026,26,1.787026,217713,0,0
127166,1027,27,1.683838,217813,0,0
127266,1028,28,1.730742,217913,0,0
127369,1029,29,1.801097,218013,0,0
127469,1030,30,1.815168,218113,0,0
127566,1031,31,1.824549,218213,0,0
127666,1032,32,1.777645,218313,0,0
127765,1033,33,1.848001,218413,0,0
127869,1034,34,1.735432,218513,0,0
127966,1035,35,1.782336,218613,0,0
128067,1036,36,1.819858,218713,0,0
128169,1037,37,1.815168,218813,0,0
128266,1038,38,1.829239,218913,0,0
128365,1039,39,1.843310,219013,0,0
128465,1040,40,1.777645,219113,0,0
128565,1041,41,1.829239,219213,0,0
128667,1042,42,1.824549,219313,0,0
128768,1043,43,1.801097,219413,0,0
128868,1044,44,1.843310,219513,0,0
128969,1045,45,1.772955,219613,0,0
129068,1046,46,1.848001,219713,0,0
129168,1047,47,1.791716,219813,0,0
129265,1048,48,1.805787,219913,0,0
129365,1049,49,1.768265,220013,0,0
129465,1050,50,1.782336,220113,0,0
129565,1051,51,1.758884,220213,0,0
129665,1052,52,1.801097,220313,0,0
129765,1053,53,1.791716,220413,0,0
129865,1054,54,1.697909,220513,0,0
129965,1055,55,1.782336,220613,0,0
130065,1056,56,1.768265,220713,0,0
130165,1057,57,1.772955,220813,0,0
130265,1058,58,1.726051,220913,0,0
130365,1059,59,1.754193,221013,0,0
130465,1060,60,1.744813,221113,0,0
130565,1061,61,1.772955,221213,0,0
130665,1062,62,1.758884,221313,0,0
130767,1063,63,1.744813,221413,0,0
130870,1064,64,1.707290,221513,0,0
130967,1065,65,1.763574,221613,0,0
131065,1066,66,1.758884,221713,0,0
131165,1067,67,1.693219,221813,0,0
131265,1068,68,1.679148,221913,0,0
131365,1069,69,1.744813,222013,0,0
131465,1070,70,1.711980,222113,0,0
131573,1071,71,1.749503,222213,0,0
131667,1072,72,1.697909,222313,0,0
131773,1073,73,1.763574,222413,0,0
131866,1074,74,1.693219,222513,0,0
131967,1075,75,1.702600,222613,0,0
132067,1076,76,1.688528,222713,0,0
132167,1077,77,1.744813,222813,0,0
132267,1078,78,1.763574,222913,0,0
132375,1079,79,1.768265,223013,0,0
132475,1080,80,1.758884,223113,0,0
132567,1081,81,1.758884,223213,0,0
132672,1082,82,1.730742,223313,0,0
132774,1083,83,1.772955,223413,0,0
132874,1084,84,1.730742,223513,0,0
132973,1085,85,1.711980,223613,0,0
133074,1086,86,1.702600,223713,0,0
133174,1087,87,1.716671,223813,0,0
133274,1088,88,1.730742,223913,0,0
133373,1089,89,1.749503,224013,0,0
133467,1090,90,1.758884,224113,0,0
133567,1091,91,1.740122,224213,0,0
133673,1092,92,1.735432,224313,0,0
133773,1093,93,1.735432,224413,0,0
133874,1094,94,1.754193,224513,0,0
133973,1095,95,1.749503,224613,0,0
134074,1096,96,1.735432,224713,0,0
134173,1097,97,1.744813,224813,0,0
134273,1098,98,1.693219,224913,0,0
134373,1099,99,1.716671,225013,0,0
134475,1100,100,1.716671,225113,0,0
134573,1101,101,1.730742,225213,0,0
134667,1102,102,1.721361,225313,0,0
134767,1103,103,1.754193,225413,0,0
134874,1104,104,1.754193,225513,0,0
134967,1105,105,1.735432,225613,0,0
135074,1106,106,1.768265,225713,0,0
135173,1107,107,1.763574,225813,0,0
135267,1108,108,1.754193,225913,0,0
135367,1109,109,1.758884,226013,0,0
135467,1110,110,1.707290,226113,0,0
135572,1111,111,1.763574,226213,0,0
135673,1112,112,1.758884,226313,0,0
135767,1113,113,1.754193,226413,0,0
135867,1114,114,1.758884,226513,0,0
135968,1115,115,1.782336,226613,0,0
136073,1116,116,1.730742,226713,0,0
136172,1117,117,1.730742,226813,0,0
136274,1118,118,1.758884,226913,0,0
136368,1119,119,1.768265,227013,0,0
136467,1120,120,1.768265,227113,0,0
136567,1121,121,1.749503,227213,0,0
136666,1122,122,1.777645,227313,0,0
136773,1123,123,1.777645,227413,0,0
136872,1124,124,1.726051,227513,0,0
136966,1125,125,1.758884,227613,0,0
137067,1126,126,1.768265,227713,0,0
137173,1127,127,1.721361,227813,0,0
137267,1128,128,1.777645,227913,0,0
137367,1129,129,1.721361,228013,0,0
137467,1130,130,1.721361,228113,0,0
137566,1131,131,1.726051,228213,0,0
137666,1132,132,1.735432,228313,0,0
137767,1133,133,1.740122,228413,0,0
137866,1134,134,1.749503,228513,0,0
137966,1135,135,1.796407,228613,0,0
138072,1136,136,1.787026,228713,0,0
138166,1137,137,1.777645,228813,0,0
138266,1138,138,1.749503,228913,0,0
138372,1139,139,1.777645,229013,0,0
138466,1140,140,1.758884,229113,0,0
138567,1141,141,1.726051,229213,0,0
138672,1142,142,1.772955,229313,0,0
138766,1143,143,1.726051,229413,0,0
138866,1144,144,1.758884,229513,0,0
138966,1145,145,1.716671,229613,0,0
139067,1146,146,1.716671,229713,0,0
139167,1147,147,1.707290,229813,0,0
139266,1148,148,1.716671,229913,0,0
139368,1149,149,1.721361,230013,0,0
139466,1150,150,1.721361,230113,0,0
139566,1151,151,1.726051,230213,0,0
139666,1152,152,1.740122,230313,0,0
139766,1153,153,1.791716,230413,0,0
139866,1154,154,1.716671,230513,0,0
139966,1155,155,1.758884,230613,0,0
140066,1156,156,1.730742,230713,0,0
140166,1157,157,1.763574,230813,0,0
140266,1158,158,1.754193,230913,0,0
140365,1159,159,1.763574,231013,0,0
140466,1160,160,1.730742,231113,0,0
140566,1161,161,1.716671,231213,0,0
140666,1162,162,1.768265,231313,0,0
140772,1163,163,1.693219,231413,0,0
140873,1164,164,1.735432,231513,0,0
140972,1165,165,1.749503,231613,0,0
141073,1166,166,1.735432,231713,0,0
141172,1167,167,1.702600,231813,0,0
141274,1168,168,1.763574,231913,0,0
141372,1169,169,1.721361,232013,0,0
141472,1170,170,1.749503,232113,0,0
141573,1171,171,1.768265,232213,0,0
141672,1172,172,1.740122,232313,0,0
141773,1173,173,1.707290,232413,0,0
141866,1174,174,1.726051,232513,0,0
141973,1175,175,1.768265,232613,0,0
142065,1176,176,1.726051,232713,0,0
142172,1177,177,1.768265,232813,0,0
142266,1178,178,1.711980,232913,0,0
142366,1179,179,1.777645,233013,0,0
142466,1180,180,1.749503,233113,0,0
142572,1181,181,1.754193,233213,0,0
142666,1182,182,1.768265,233313,0,0
142772,1183,183,1.777645,233413,0,0
142871,1184,184,1.796407,233513,0,0
142966,1185,185,1.735432,233613,0,0
143066,1186,186,1.754193,233713,0,0
143172,1187,187,1.711980,233813,0,0
143272,1188,188,1.693219,233913,0,0
143373,1189,189,1.758884,234013,0,0
143466,1190,190,1.744813,234113,0,0
143566,1191,191,1.679148,234213,0,0
143673,1192,192,1.744813,234313,0,0
143765,1193,193,1.763574,234413,0,0
143872,1194,194,1.721361,234513,0,0
143965,1195,195,1.782336,234613,0,0
144066,1196,196,1.758884,234713,0,0
144166,1197,197,1.763574,234813,0,0
144266,1198,198,1.744813,234913,0,0
144366,1199,199,1.716671,235013,0,0
144473,1200,200,1.669767,235113,0,0
144572,1201,201,1.754193,235213,0,0
144665,1202,202,1.740122,235313,0,0
144772,1203,203,1.655696,235413,0,0
144872,1204,204,1.707290,235513,0,0
144965,1205,205,1.754193,235613,0,0
145066,1206,206,1.758884,235713,0,0
145165,1207,207,1.716671,235813,0,0
145265,1208,208,1.730742,235913,0,0
145373,1209,209,1.721361,236013,0,0
145471,1210,210,1.763574,236113,0,0
145565,1211,211,1.730742,236213,0,0
145667,1212,212,1.735432,236313,0,0
145765,1213,213,1.754193,236413,0,0
145865,1214,214,1.758884,236513,0,0
145966,1215,215,1.815168,236613,0,0
146071,1216,216,1.749503,236713,0,0
146165,1217,217,1.787026,236813,0,0
146265,1218,218,1.782336,236913,0,0
146372,1219,219,1.758884,237013,0,0
146466,1220,220,1.726051,237113,0,0
146565,1221,221,1.763574,237213,0,0
146665,1222,222,1.711980,237313,0,0
146772,1223,223,1.787026,237413,0,0
146865,1224,224,1.815168,237513,0,0
146965,1225,225,1.754193,237613,0,0
147065,1226,226,1.810478,237713,0,0
147165,1227,227,1.824549,237813,0,0
147265,1228,228,1.810478,237913,0,0
147365,1229,229,1.721361,238013,0,0
147465,1230,230,1.721361,238113,0,0
147571,1231,231,1.810478,238213,0,0
147671,1232,232,1.782336,238313,0,0
147765,1233,233,1.711980,238413,0,0
147872,1234,234,1.763574,238513,0,0
147965,1235,235,1.758884,238613,0,0
148065,1236,236,1.716671,238713,0,0
148171,1237,237,1.740122,238813,0,0
148265,1238,238,1.763574,238913,0,0
148372,1239,239,1.702600,239013,0,0
148465,1240,240,1.735432,239113,0,0
148566,1241,241,1.721361,239214,0,0
148665,1242,242,1.716671,239314,0,0
148765,1243,243,1.758884,239414,0,0
148866,1244,244,1.758884,239514,0,0
148965,1245,245,1.716671,239614,0,0
149067,1246,246,1.740122,239714,0,0
149272,1247,247,1.744813,239914,0,0
149365,1248,248,1.787026,240014,0,0
149472,1249,249,1.801097,240114,0,0
149565,1250,250,1.796407,240214,0,0
149665,1251,251,1.768265,240314,0,0
149766,1252,252,1.730742,240414,0,0
149865,1253,253,1.740122,240514,0,0
149965,1254,254,1.796407,240614,0,0
150063,1255,255,1.711980,240714,0,0
150165,1256,256,1.805787,240814,0,0
150266,1257,257,1.730742,240914,0,0
150365,1258,258,1.697909,241014,0,0
150465,1259,259,1.791716,241114,0,0
150565,1260,260,1.726051,241214,0,0
150665,1261,261,1.782336,241314,0,0
150765,1262,262,1.763574,241414,0,0
150865,1263,263,1.782336,241514,0,0
150965,1264,264,1.763574,241614,0,0
151063,1265,265,1.787026,241714,0,0
151165,1266,266,1.768265,241814,0,0
151264,1267,267,1.697909,241914,0,0
151364,1268,268,1.763574,242014,0,0
151465,1269,269,1.688528,242114,0,0
151562,1270,270,1.777645,242214,0,0
151665,1271,271,1.683838,242314,0,0
151762,1272,272,1.787026,242414,0,0
151862,1273,273,1.730742,242514,0,0
151964,1274,274,1.730742,242614,0,0
152065,1275,275,1.768265,242714,0,0
152163,1276,276,1.758884,242814,0,0
152262,1277,277,1.641625,242914,0,0
152364,1278,278,1.711980,243014,0,0
152464,1279,279,1.702600,243114,0,0
152562,1280,280,1.758884,243214,0,0
152662,1281,281,1.688528,243314,0,0
152771,1282,282,1.711980,243414,0,0
152873,1283,283,1.693219,243514,0,0
152973,1284,284,1.721361,243614,0,0
153073,1285,285,1.777645,243714,0,0
153171,1286,286,1.697909,243814,0,0
153273,1287,287,1.744813,243914,0,0
153371,1288,288,1.768265,244014,0,0
153470,1289,289,1.735432,244114,0,0
153572,1290,290,1.787026,244214,0,0
153673,1291,291,1.716671,244314,0,0
153774,1292,292,1.707290,244414,0,0
153872,1293,293,1.716671,244514,0,0
153971,1294,294,1.754193,244614,0,0
154071,1295,295,1.726051,244714,0,0
154171,1296,296,1.735432,244814,0,0
154271,1297,297,1.744813,244914,0,0
154372,1298,298,1.758884,245014,0,0
154464,1299,299,1.711980,245114,0,0
154572,1300,300,1.754193,245214,0,0
154671,1301,301,1.754193,245314,0,0
154771,1302,302,1.754193,245414,0,0
154871,1303,303,1.754193,245514,0,0
154972,1304,304,1.735432,245614,0,0
155071,1305,305,1.801097,245714,0,0
155173,1306,306,1.791716,245814,0,0
155272,1307,307,1.805787,245914,0,0
155371,1308,308,1.763574,246014,0,0
155471,1309,309,1.754193,246114,0,0
155571,1310,310,1.758884,246214,0,0
155680,1311,311,1.787026,246314,0,0
155772,1312,312,1.791716,246414,0,0
155871,1313,313,1.754193,246514,0,0
155970,1314,314,1.763574,246614,0,0
156071,1315,315,1.824549,246714,0,0
156171,1316,316,1.777645,246814,0,0
156270,1317,317,1.735432,246914,0,0
156372,1318,318,1.801097,247014,0,0
156471,1319,319,1.819858,247114,0,0
156570,1320,320,1.838620,247214,0,0
156671,1321,321,1.810478,247314,0,0
156771,1322,322,1.829239,247414,0,0
156870,1323,323,1.833930,247514,0,0
156963,1324,324,1.772955,247614,0,0
157064,1325,325,1.810478,247714,0,0
157172,1326,326,1.787026,247814,0,0
157272,1327,327,1.829239,247914,0,0
157370,1328,328,1.791716,248014,0,0
157467,1329,329,1.768265,248114,0,0
157562,1330,330,1.819858,248214,0,0
157662,1331,331,1.815168,248314,0,0
157761,1332,332,1.768265,248414,0,0
157861,1333,333,1.782336,248514,0,0
157962,1334,334,1.763574,248614,0,0
158062,1335,335,1.796407,248714,0,0
158161,1336,336,1.768265,248814,0,0
158262,1337,337,1.777645,248914,0,0
158361,1338,338,1.772955,249014,0,0
158461,1339,339,1.777645,249114,0,0
158561,1340,340,1.763574,249214,0,0
158661,1341,341,1.758884,249314,0,0
158761,1342,342,1.772955,249414,0,0
158861,1343,343,1.721361,249514,0,0
158961,1344,344,1.782336,249614,0,0
159061,1345,345,1.726051,249714,0,0
159161,1346,346,1.740122,249814,0,0
159261,1347,347,1.721361,249914,0,0
159361,1348,348,1.716671,250014,0,0
159461,1349,349,1.693219,250114,0,0
159561,1350,350,1.651006,250214,0,0
159661,1351,351,1.651006,250314,0,0
159761,1352,352,1.669767,250414,0,0
159861,1353,353,1.622863,250514,0,0
159971,1354,354,1.716671,250614,0,0
160063,1355,355,1.693219,250714,0,0
160169,1356,356,1.697909,250814,0,0
160263,1357,357,1.669767,250914,0,0
160370,1358,358,1.688528,251014,0,0
160470,1359,359,1.669767,251114,0,0
160571,1360,360,1.599412,251214,0,0
160670,1361,361,1.688528,251314,0,0
160770,1362,362,1.669767,251414,0,0
160863,1363,363,1.669767,251514,0,0
160963,1364,364,1.651006,251614,0,0
161063,1365,365,1.716671,251714,0,0
161162,1366,366,1.740122,251814,0,0
161263,1367,367,1.707290,251914,0,0
161370,1368,368,1.749503,252014,0,0
161470,1369,369,1.721361,252114,0,0
161563,1370,370,1.777645,252214,0,0
161670,1371,371,1.754193,252314,0,0
161763,1372,372,1.735432,252414,0,0
161870,1373,373,1.772955,252514,0,0
161963,1374,374,1.805787,252614,0,0
162063,1375,375,1.857381,252714,0,0
162169,1376,376,1.843310,252814,0,0
162263,1377,377,1.838620,252914,0,0
162363,1378,378,1.876143,253014,0,0
162462,1379,379,1.833930,253114,0,0
162561,1380,380,1.857381,253214,0,0
162661,1381,381,1.810478,253314,0,0
162761,1382,382,1.810478,253414,0,0
162861,1383,383,1.772955,253514,0,0
162961,1384,384,1.862072,253614,0,0
163061,1385,385,1.862072,253714,0,0
163161,1386,386,1.852691,253814,0,0
163261,1387,387,1.754193,253914,0,0
163361,1388,388,1.801097,254014,0,0
163461,1389,389,1.848001,254114,0,0
163561,1390,390,1.862072,254214,0,0
163661,1391,391,1.777645,254314,0,0
163761,1392,392,1.801097,254414,0,0
163861,1393,393,1.829239,254514,0,0
163961,1394,394,1.763574,254614,0,0
164061,1395,395,1.805787,254714,0,0
164161,1396,396,1.801097,254814,0,0
164261,1397,397,1.749503,254914,0,0
164361,1398,398,1.754193,255014,0,0
164461,1399,399,1.758884,255114,0,0
164561,1400,400,1.768265,255214,0,0
164661,1401,401,1.721361,255314,0,0
164761,1402,402,1.740122,255414,0,0
164861,1403,403,1.716671,255514,0,0
164961,1404,404,1.744813,255614,0,0
165061,1405,405,1.754193,255714,0,0
165161,1406,406,1.740122,255814,0,0
165260,1407,407,1.697909,255914,0,0
165361,1408,408,1.674457,256014,0,0
165461,1409,409,1.735432,256114,0,0
165560,1410,410,1.726051,256214,0,0
165660,1411,411,1.772955,256314,0,0
165763,1412,412,1.721361,256414,0,0
165870,1413,413,1.721361,256514,0,0
165969,1414,414,1.721361,256614,0,0
166062,1415,415,1.754193,256714,0,0
166162,1416,416,1.702600,256814,0,0
166262,1417,417,1.735432,256914,0,0
166369,1418,418,1.730742,257014,0,0
166471,1419,419,1.749503,257114,0,0
166571,1420,420,1.707290,257214,0,0
166669,1421,421,1.683838,257314,0,0
166768,1422,422,1.716671,257414,0,0
166868,1423,423,1.688528,257514,0,0
166970,1424,424,1.721361,257614,0,0
167069,1425,425,1.758884,257714,0,0
167169,1426,426,1.735432,257814,0,0
167262,1427,427,1.758884,257914,0,0
167369,1428,428,1.693219,258014,0,0
167465,1429,429,1.740122,258114,0,0
167561,1430,430,1.721361,258214,0,0
167660,1431,431,1.740122,258314,0,0
167760,1432,432,1.782336,258414,0,0
167860,1433,433,1.726051,258514,0,0
167960,1434,434,1.735432,258614,0,0
168060,1435,435,1.768265,258714,0,0
168160,1436,436,1.763574,258814,0,0
168260,1437,437,1.726051,258914,0,0
168360,1438,438,1.758884,259014,0,0
168460,1439,439,1.716671,259114,0,0
168562,1440,440,1.758884,259214,0,0
168669,1441,441,1.707290,259314,0,0
168770,1442,442,1.768265,259414,0,0
168869,1443,443,1.735432,259514,0,0
168970,1444,444,1.772955,259614,0,0
169070,1445,445,1.702600,259714,0,0
169170,1446,446,1.772955,259814,0,0
169270,1447,447,1.758884,259914,0,0
169369,1448,448,1.740122,260014,0,0
169471,1449,449,1.749503,260114,0,0
169562,1450,450,1.740122,260214,0,0
169669,1451,451,1.758884,260314,0,0
169762,1452,452,1.740122,260414,0,0
169862,1453,453,1.721361,260514,0,0
169970,1454,454,1.754193,260614,0,0
170070,1455,455,1.740122,260714,0,0
170171,1456,456,1.735432,260814,0,0
170269,1457,457,1.772955,260914,0,0
170362,1458,458,1.744813,261014,0,0
170469,1459,459,1.758884,261114,0,0
170569,1460,460,1.768265,261214,0,0
170672,1461,461,1.740122,261314,0,0
170771,1462,462,1.716671,261414,0,0
170869,1463,463,1.711980,261514,0,0
170969,1464,464,1.763574,261614,0,0
171068,1465,465,1.791716,261714,0,0
171169,1466,466,1.758884,261814,0,0
171269,1467,467,1.754193,261914,0,0
171362,1468,468,1.787026,262014,0,0
171462,1469,469,1.721361,262114,0,0
171570,1470,470,1.810478,262214,0,0
171668,1471,471,1.768265,262314,0,0
171768,1472,472,1.768265,262414,0,0
171868,1473,473,1.796407,262514,0,0
171962,1474,474,1.833930,262614,0,0
172070,1475,475,1.833930,262714,0,0
172162,1476,476,1.805787,262814,0,0
172269,1477,477,1.763574,262914,0,0
172362,1478,478,1.782336,263014,0,0
172464,1479,479,1.763574,263114,0,0
172570,1480,480,1.829239,263214,0,0
172678,1481,481,1.819858,263314,0,0
172770,1482,482,1.791716,263414,0,0
172869,1483,483,1.796407,263514,0,0
172970,1484,484,1.801097,263614,0,0
173070,1485,485,1.740122,263714,0,0
173169,1486,486,1.740122,263814,0,0
173270,1487,487,1.735432,263914,0,0
173369,1488,488,1.730742,264014,0,0
173468,1489,489,1.768265,264114,0,0
173570,1490,490,1.801097,264214,0,0
173670,1491,491,1.683838,264314,0,0
173771,1492,492,1.777645,264414,0,0
173870,1493,493,1.772955,264514,0,0
173969,1494,494,1.740122,264614,0,0
174068,1495,495,1.716671,264714,0,0
174169,1496,496,1.721361,264814,0,0
174269,1497,497,1.749503,264914,0,0
174369,1498,498,1.749503,265014,0,0
174469,1499,499,1.782336,265114,0,0
