58606,m,0,-4.959193,-10.817966,32.354664,340.447662
58626,p,1,-1.856739,0.167030,37.802063,72635
58646,p,2,-1.862091,0.233498,37.862602,72655
58666,p,3,-1.870349,0.288511,37.927761,72675
58686,p,4,-1.876175,0.332840,37.995609,72695
58706,p,5,-1.876660,0.377840,38.046722,72715
58726,p,6,-1.870532,0.424607,38.079506,72735
58747,p,7,-1.849449,0.471250,38.075920,72755
58767,p,8,-1.815696,0.519697,38.040962,72775
58787,p,9,-1.815696,0.519697,38.040962,72795
58807,p,10,-1.778268,0.578959,37.995331,72815
58827,p,11,-1.747922,0.637051,37.958984,72835
58847,p,12,-1.707923,0.703538,37.921196,72855
58866,p,13,-1.657118,0.769889,37.878651,72875
58887,p,14,-1.596648,0.832238,37.844471,72895
58907,p,15,-1.522437,0.897127,37.817207,72915
58927,p,16,-1.451940,0.957755,37.791573,72935
58948,p,17,-1.384611,1.020662,37.772411,72955
58968,p,18,-1.303940,1.095231,37.752213,72975
58987,p,19,-1.208357,1.174752,37.718693,72995
59007,p,20,-1.109550,1.247944,37.691261,73015
59028,p,21,-1.003184,1.325793,37.672668,73035
59048,p,22,-0.903326,1.402225,37.653313,73055
59067,p,23,-0.793789,1.483874,37.636967,73075
59088,p,24,-0.666450,1.569822,37.618916,73095
59108,p,25,-0.523398,1.654309,37.594048,73115
59128,p,26,-0.378208,1.731555,37.581841,73135
59148,p,27,-0.222762,1.815587,37.580208,73155
59168,p,28,-0.079790,1.898795,37.578526,73175
59188,p,29,0.063505,1.985960,37.586098,73195
59208,p,30,0.230644,2.086184,37.605076,73215
59228,p,31,0.417367,2.191109,37.618172,73235
59248,p,32,0.605246,2.279841,37.621922,73255
59268,p,33,0.796207,2.355225,37.677834,73275
59288,p,34,0.991222,2.425545,37.748001,73295
59308,p,35,1.201192,2.496780,37.802452,73315
59328,p,36,1.417029,2.562521,37.792645,73335
59348,p,37,1.665973,2.628837,37.751259,73355
59368,p,38,1.923344,2.684858,37.703434,73375
59388,p,39,2.171806,2.729104,37.612579,73395
59408,p,40,2.431137,2.772136,37.513714,73415
59428,p,41,2.701520,2.813255,37.402683,73435
59448,p,42,3.001096,2.850159,37.287132,73455
59468,p,43,3.304523,2.879201,37.209415,73475
59489,p,44,3.614103,2.899006,37.172070,73495
59508,p,45,3.913394,2.906209,37.084789,73515
59529,p,46,4.206784,2.912660,37.012489,73535
59549,p,47,4.503977,2.931303,36.942528,73555
59569,p,48,4.803220,2.961325,36.866638,73575
59589,p,49,5.105767,2.999775,36.800884,73595
59609,p,50,5.419233,3.049709,36.753960,73615
59629,p,51,5.754622,3.112461,36.715019,73635
59649,p,52,6.069676,3.174708,36.686520,73655
59669,p,53,6.375910,3.236538,36.683121,73675
59689,p,54,6.700182,3.300158,36.710331,73695
59709,p,55,7.023267,3.358899,36.698498,73715
59729,p,56,7.355236,3.415775,36.634823,73735
59750,p,57,7.693406,3.468706,36.640556,73755
59770,p,58,8.043931,3.523002,36.615681,73775
59790,p,59,8.395751,3.578543,36.554180,73795
59810,p,60,8.736128,3.634695,36.499668,73815
59830,p,61,9.067877,3.700043,36.488453,73835
59850,p,62,9.414313,3.782480,36.503689,73855
59870,p,63,9.414313,3.782480,36.503689,73875
59890,p,64,9.794126,3.877145,36.523003,73895
59910,p,65,10.135599,3.961888,36.516743,73915
59930,p,66,10.488262,4.049863,36.520878,73935
59950,p,67,10.844985,4.134457,36.581310,73955
59970,p,68,11.211336,4.213425,36.639328,73975
59992,p,69,11.595874,4.286362,36.690510,73995
60012,p,70,11.995598,4.346309,36.734421,74015
60043,p,71,12.420635,4.394770,36.788906,74036
60063,p,72,12.830753,4.435196,36.843864,74056
60076,p,73,13.244230,4.473902,36.893082,74076
60103,p,74,13.670325,4.512214,36.933750,74096
60116,p,75,14.129084,4.548100,36.973133,74116
60143,p,76,14.567352,4.576223,37.038074,74136
60163,p,77,15.017869,4.608282,37.048035,74156
60176,p,78,15.436326,4.648368,37.061302,74176
60203,p,79,15.846211,4.696774,37.107307,74196
60224,p,80,16.253820,4.753644,37.098347,74216
60237,p,81,16.653725,4.820249,37.080696,74236
60264,p,82,17.037428,4.895568,37.061333,74256
60276,p,83,17.429255,4.984001,37.037308,74276
60306,p,84,17.800529,5.074211,37.000076,74296
60323,p,85,18.163141,5.162856,36.966347,74316
60343,p,86,18.537645,5.256845,37.017117,74336
60362,p,87,18.908943,5.353620,37.072891,74356
60382,p,88,19.305990,5.454771,37.123569,74376
60403,p,89,19.729881,5.556530,37.112885,74396
60422,p,90,20.175859,5.657845,37.129921,74416
60444,p,91,20.659212,5.763245,37.184570,74436
60463,p,92,21.148735,5.865212,37.232719,74456
60476,p,93,21.686447,5.968115,37.230896,74476
60504,p,94,22.247961,6.063084,37.203629,74496
60524,p,95,22.801451,6.145637,37.177811,74516
60545,p,96,23.371412,6.218787,37.181820,74536
60565,p,97,23.951889,6.280072,37.188435,74556
60583,p,98,24.540495,6.329748,37.127678,74576
60596,p,99,25.160038,6.371377,37.115967,74596
60624,p,100,25.752325,6.405365,37.138893,74616
60644,p,101,26.352350,6.437417,37.153358,74636
60663,p,102,26.958120,6.461883,37.155460,74656
60684,p,103,27.564108,6.476587,37.163425,74676
60703,p,104,28.165133,6.485888,37.169884,74696
60722,p,105,28.782806,6.490999,37.166607,74716
60744,p,106,29.368347,6.492639,37.169224,74736
60763,p,107,29.976746,6.491611,37.178352,74756
60784,p,108,30.539635,6.488016,37.197216,74776
60803,p,109,31.109123,6.493326,37.225758,74796
60823,p,110,31.640263,6.511758,37.235516,74816
60845,p,111,32.161549,6.538991,37.236374,74836
60864,p,112,32.674477,6.574326,37.243984,74856
60876,p,113,33.195400,6.619104,37.252525,74876
60905,p,114,33.671597,6.668999,37.268814,74896
60936,p,115,34.166031,6.733443,37.296955,74916
60946,p,116,34.641941,6.802168,37.321835,74936
60965,p,117,35.128078,6.870820,37.352360,74956
60992,p,118,35.582767,6.940637,37.390125,74976
61005,p,119,36.034298,7.017744,37.418434,74996
61025,p,120,36.483269,7.092914,37.428383,75016
61043,p,121,36.951393,7.166863,37.423031,75037
61064,p,122,37.401115,7.232916,37.414921,75057
61084,p,123,37.847744,7.288488,37.410004,75077
61105,p,124,38.296391,7.336863,37.415039,75097
61125,p,125,38.776978,7.387629,37.413536,75117
61144,p,126,38.776978,7.387629,37.413536,75137
61165,p,127,39.313030,7.436028,37.398205,75157
61185,p,128,39.784893,7.464798,37.398281,75177
61213,p,129,40.256931,7.483971,37.408585,75197
61232,p,130,40.723587,7.495433,37.417702,75217
61246,p,131,41.211906,7.503999,37.431145,75237
61263,p,132,41.686043,7.513964,37.461102,75257
61285,p,133,42.163071,7.521449,37.537392,75277
61306,p,134,42.634121,7.524876,37.616589,75297
61325,p,135,43.122673,7.531355,37.695419,75317
61344,p,136,43.606735,7.537774,37.754494,75337
61365,p,137,44.066593,7.538034,37.811676,75357
61384,p,138,44.548172,7.537744,37.853054,75377
61415,p,139,44.999119,7.541946,37.845432,75397
61436,p,140,45.445480,7.552675,37.898125,75417
61446,p,141,45.898876,7.571332,37.950520,75437
61465,p,142,46.370476,7.594805,37.991261,75457
61485,p,143,46.804195,7.617258,38.032356,75477
61505,p,144,47.230721,7.647345,38.075916,75497
61524,p,145,47.658535,7.688005,38.107265,75517
61543,p,146,48.106339,7.736441,38.210735,75537
61572,p,147,48.531708,7.786893,38.317898,75557
61585,p,148,48.951134,7.843254,38.407806,75577
61612,p,149,49.384003,7.907189,38.485714,75597
61625,p,150,49.820118,7.974085,38.554512,75617
61653,p,151,50.243679,8.035580,38.605133,75637
61673,p,152,50.675350,8.094761,38.644016,75657
61694,p,153,51.132145,8.160129,38.674774,75677
61706,p,154,51.597221,8.229937,38.706451,75697
61734,p,155,52.073254,8.295404,38.790260,75717
61753,p,156,52.561523,8.351998,38.832756,75737
61766,p,157,53.038948,8.397768,38.868954,75757
61786,p,158,53.537724,8.435225,38.908199,75777
61813,p,159,54.031490,8.463553,38.950489,75797
61834,p,160,54.508610,8.487133,38.980934,75817
61855,p,161,54.990486,8.500479,38.997181,75837
61873,p,162,55.471840,8.500317,39.080704,75857
61892,p,163,55.974430,8.492997,39.175816,75877
61907,p,164,56.473068,8.483601,39.259445,75897
61926,p,165,56.954449,8.475409,39.338509,75917
61945,p,166,57.443317,8.468644,39.413189,75937
61975,p,167,57.949085,8.457773,39.488113,75957
61994,p,168,58.422852,8.447072,39.561882,75977
62013,p,169,58.422852,8.447072,39.561882,75997
62026,p,170,58.959366,8.441526,39.670650,76017
62053,p,171,59.442490,8.438399,39.759598,76037
62071,p,172,59.898357,8.434975,39.794155,76057
62093,p,173,60.339741,8.432953,39.827168,76077
62114,p,174,60.790085,8.436196,39.880219,76097
62134,p,175,61.222836,8.448836,39.975212,76117
62153,p,176,61.676472,8.467643,40.007507,76137
62166,p,177,62.126709,8.491043,40.061943,76157
62195,p,178,62.549381,8.519921,40.151436,76177
62213,p,179,62.965694,8.555477,40.289425,76197
62236,p,180,63.386417,8.597370,40.397190,76217
62253,p,181,63.826759,8.642275,40.454437,76237
62273,p,182,64.233032,8.683880,40.506947,76257
62295,p,183,64.631126,8.728780,40.553040,76277
62314,p,184,65.024933,8.773266,40.587570,76297
62332,p,185,65.433434,8.817098,40.628551,76317
62353,p,186,65.814003,8.855099,40.706253,76337
62374,p,187,66.184258,8.890495,40.818729,76357
62392,p,188,66.552681,8.920816,40.860680,76377
62413,p,189,66.946144,8.944664,40.898098,76397
62432,p,190,67.330162,8.958877,40.934433,76417
62453,p,191,67.737915,8.966398,40.972538,76437
62472,p,192,68.138779,8.968843,41.009968,76457
62486,p,193,68.522781,8.973540,41.043400,76477
62514,p,194,68.913048,8.978349,41.066280,76497
62526,p,195,69.307266,8.982200,41.092365,76517
62546,p,196,69.719315,8.985903,41.114395,76537
62574,p,197,70.104637,8.993407,41.127644,76557
62587,p,198,70.493011,9.006382,41.079681,76577
62614,p,199,70.884468,9.017351,41.013756,76597
62634,p,200,71.296524,9.024371,41.006786,76617
62653,p,201,71.696144,9.027454,40.994610,76637
62673,p,202,72.061348,9.030313,40.979897,76657
62693,p,203,72.440552,9.037484,40.956089,76677
62713,p,204,72.799873,9.042274,40.929161,76697
62743,p,205,73.176918,9.040908,40.891609,76717
62753,p,206,73.536194,9.032138,40.824261,76737
62773,p,207,73.907776,9.017724,40.828655,76757
62786,p,208,74.284172,9.005395,40.842339,76777
62806,p,209,74.653610,8.994133,40.847496,76797
62836,p,210,75.053864,8.979534,40.792435,76817
62854,p,211,75.440559,8.961230,40.782295,76837
62873,p,212,75.820862,8.938032,40.806660,76857
62892,p,213,76.197426,8.916239,40.827366,76877
62914,p,214,76.197426,8.916239,40.827366,76897
62934,p,215,76.627296,8.892100,40.779991,76917
62952,p,216,77.009964,8.868654,40.717552,76937
62974,p,217,77.402664,8.835984,40.702824,76957
62994,p,218,77.793625,8.792903,40.692509,76977
63012,p,219,78.203865,8.745323,40.703556,76997
63027,p,220,78.596558,8.698256,40.722992,77017
63053,p,221,78.992172,8.649861,40.691154,77037
63072,p,222,79.392799,8.602954,40.660824,77057
63092,p,223,79.801346,8.553970,40.677074,77077
63113,p,224,80.213547,8.498711,40.702408,77097
63132,p,225,80.629837,8.438970,40.726517,77117
63153,p,226,81.042343,8.377992,40.705017,77137
63175,p,227,81.472191,8.316772,40.688389,77157
63192,p,228,81.887779,8.262712,40.667057,77177
63214,p,229,82.311424,8.208677,40.637039,77197
63234,p,230,82.766685,8.147839,40.602219,77217
63256,p,231,83.205086,8.079909,40.563492,77237
63267,p,232,83.639725,8.002846,40.529152,77258
63293,p,233,84.073257,7.920391,40.495525,77278
63313,p,234,84.525215,7.827464,40.456348,77298
63333,p,235,84.964783,7.734970,40.423412,77318
63354,p,236,85.422592,7.638288,40.389217,77338
63374,p,237,85.902473,7.531087,40.359482,77358
63394,p,238,86.426277,7.408099,40.345139,77378
63414,p,239,86.937683,7.281286,40.337727,77398
63433,p,240,87.451401,7.145413,40.339275,77418
63453,p,241,87.963615,7.006592,40.347691,77438
63475,p,242,88.467682,6.869168,40.285961,77458
63494,p,243,88.985352,6.721769,40.217529,77478
63513,p,244,89.500191,6.576008,40.147167,77498
63532,p,245,89.993889,6.439734,40.070141,77518
63553,p,246,90.516899,6.298744,40.038170,77538
63575,p,247,91.026711,6.168846,40.043083,77558
63594,p,248,91.559891,6.038020,39.988224,77578
63614,p,249,92.056541,5.919929,39.949787,77598
63633,p,250,92.542259,5.815545,39.919411,77618
63654,p,251,93.014687,5.722757,39.877445,77638
63672,p,252,93.473358,5.636864,39.830616,77658
63693,p,253,93.927864,5.555985,39.786823,77678
63713,p,254,94.378944,5.474509,39.740448,77698
63735,p,255,94.827271,5.385171,39.707729,77718
63753,p,256,95.285309,5.291200,39.696907,77738
63773,p,257,95.752495,5.194876,39.687019,77758
63792,p,258,96.241493,5.087922,39.621754,77778
63813,p,259,96.714912,4.985478,39.555130,77798
63833,p,260,97.217758,4.882056,39.528084,77818
63854,p,261,97.697906,4.782883,39.495483,77838
63872,p,262,98.182503,4.685341,39.455364,77858
63893,p,263,98.677895,4.590137,39.365009,77878
63914,p,264,99.182014,4.492443,39.270538,77898
63933,p,265,99.707771,4.383593,39.206238,77918
63954,p,266,100.225296,4.278039,39.215942,77938
63974,p,267,100.706284,4.184080,39.167965,77958
63994,p,268,101.185287,4.090217,39.135143,77978
64013,p,269,101.623955,4.009973,39.151749,77998
64026,p,270,102.074081,3.938418,39.160515,78018
64054,p,271,102.503639,3.879169,39.167759,78038
64073,p,272,102.940437,3.830935,39.184170,78058
64094,p,273,103.382835,3.790733,39.133770,78078
64113,p,274,103.815811,3.752561,39.087128,78098
64133,p,275,104.233231,3.719311,39.052063,78118
64154,p,276,104.646271,3.691486,39.075005,78138
64173,p,277,105.020599,3.666483,39.092060,78158
64204,p,278,105.408157,3.642853,39.104851,78178
64215,p,279,105.408157,3.642853,39.104851,78198
64233,p,280,105.835602,3.613936,39.102783,78219
64254,p,281,106.220901,3.581584,39.102707,78239
64275,p,282,106.621178,3.543917,39.096722,78259
64297,p,283,107.027771,3.499545,39.035812,78279
64331,p,284,107.430222,3.447200,38.988987,78299
64338,p,285,107.833488,3.391961,38.965134,78319
64350,p,286,108.245407,3.340515,38.951794,78339
64370,p,287,108.667397,3.287614,38.993946,78359
64393,p,288,109.118912,3.229129,39.051254,78379
64413,p,289,109.565819,3.179582,39.051868,78399
64429,p,290,110.023682,3.139946,39.031986,78419
64447,p,291,110.473648,3.108924,38.999569,78439
64466,p,292,110.916870,3.086224,38.968716,78459
64487,p,293,111.353951,3.069246,38.935574,78479
64506,p,294,111.797096,3.054595,38.906223,78499
64526,p,295,112.228073,3.045709,38.884331,78519
64547,p,296,112.637070,3.038202,38.857544,78539
64566,p,297,113.047829,3.028081,38.832951,78559
64587,p,298,113.469955,3.018632,38.810265,78579
64607,p,299,113.932129,3.008924,38.772125,78599
64627,p,300,114.411369,2.997152,38.725948,78619
64647,p,301,114.876648,2.987564,38.680622,78639
64667,p,302,115.360733,2.978560,38.563576,78659
64687,p,303,115.813210,2.969437,38.505642,78679
64707,p,304,116.283333,2.966498,38.509632,78699
64727,p,305,116.723915,2.970559,38.521027,78719
64747,p,306,117.143570,2.976452,38.540333,78739
64767,p,307,117.563278,2.984030,38.563248,78759
64788,p,308,117.949570,2.990650,38.517414,78779
64807,p,309,118.318451,2.990860,38.508049,78799
64827,p,310,118.689247,2.984548,38.532135,78819
64848,p,311,119.047310,2.980294,38.552986,78839
64867,p,312,119.410347,2.981607,38.550690,78859
64888,p,313,119.776627,2.988075,38.531078,78879
64907,p,314,120.150276,3.003874,38.500504,78899
64928,p,315,120.529991,3.025648,38.456364,78919
64948,p,316,120.913109,3.048623,38.417362,78939
64968,p,317,121.303772,3.074744,38.390339,78959
64988,p,318,121.695770,3.100517,38.364407,78979
65008,p,319,122.084221,3.120231,38.349792,78999
65028,p,320,122.474182,3.135975,38.354980,79019
65048,p,321,122.866463,3.148591,38.323586,79039
65068,p,322,123.269913,3.152879,38.279018,79059
65088,p,323,123.650764,3.153457,38.250980,79080
65108,p,324,124.028801,3.156715,38.215931,79100
65128,p,325,124.397987,3.161980,38.168392,79120
65149,p,326,124.762550,3.172492,38.122063,79140
65171,p,327,125.146790,3.191124,38.062466,79160
65190,p,328,125.513374,3.215498,37.996010,79180
65209,p,329,125.885712,3.247449,37.923000,79200
65229,p,330,126.281601,3.293032,37.775814,79220
65249,p,331,126.671875,3.343337,37.629696,79240
65269,p,332,127.038681,3.391865,37.560558,79260
65289,p,333,127.403366,3.445187,37.460194,79280
65309,p,334,127.777489,3.502742,37.370239,79300
65329,p,335,128.125793,3.555404,37.319611,79320
65349,p,336,128.474243,3.608011,37.300289,79340
65370,p,337,128.821472,3.659088,37.317486,79360
65389,p,338,129.173920,3.705628,37.386780,79380
65409,p,339,129.503769,3.747729,37.390003,79400
65430,p,340,129.828064,3.787342,37.376194,79420
65455,p,341,130.152344,3.822115,37.354866,79440
65475,p,342,130.489532,3.857225,37.323601,79460
65503,p,343,130.853165,3.892526,37.273460,79480
65523,p,344,131.203354,3.923711,37.231766,79500
65543,p,345,131.553436,3.951863,37.201042,79520
65562,p,346,131.891953,3.977627,37.184212,79540
65584,p,347,132.238998,4.009115,37.186264,79560
65601,p,348,132.238998,4.009115,37.186264,79580
65615,p,349,132.605545,4.049133,37.186310,79600
65641,p,350,132.909958,4.091273,37.182720,79620
65662,p,351,133.204803,4.148394,37.186050,79640
65675,p,352,133.492859,4.214920,37.216190,79660
65703,p,353,133.776855,4.283468,37.180824,79680
65716,p,354,134.065506,4.351320,37.128101,79700
65744,p,355,134.362411,4.416425,37.075523,79720
65762,p,356,134.664215,4.474274,36.982552,79740
65783,p,357,134.971603,4.524886,36.888039,79760
65803,p,358,135.281189,4.564075,36.804157,79780
65815,p,359,135.592270,4.589807,36.784988,79800
65841,p,360,135.909363,4.609652,36.784534,79820
65863,p,361,136.232071,4.626287,36.720089,79840
65884,p,362,136.559219,4.639202,36.695694,79860
65904,p,363,136.900452,4.651923,36.681442,79880
65922,p,364,137.254440,4.660811,36.658222,79901
65943,p,365,137.615326,4.665016,36.601200,79921
65964,p,366,137.994019,4.671137,36.545345,79941
65982,p,367,138.346176,4.681168,36.502392,79961
66003,p,368,138.683716,4.696718,36.469681,79981
66015,p,369,139.009109,4.720648,36.455505,80001
66044,p,370,139.336685,4.752068,36.482327,80021
66055,p,371,139.650360,4.786848,36.449928,80041
66082,p,372,139.975510,4.831521,36.404480,80061
66102,p,373,140.306656,4.882032,36.352112,80081
66116,p,374,140.655960,4.934753,36.303135,80101
66143,p,375,140.992264,4.982011,36.265728,80121
66163,p,376,141.323181,5.019923,36.225594,80141
66184,p,377,141.646881,5.046487,36.190117,80161
66195,p,378,141.985458,5.065268,36.154915,80181
66223,p,379,142.311386,5.074172,36.110733,80201
66243,p,380,142.660828,5.077747,36.125725,80221
66263,p,381,143.006516,5.079484,36.106243,80241
66283,p,382,143.358368,5.076517,36.043808,80261
66304,p,383,143.712921,5.070035,35.995899,80281
66322,p,384,144.068588,5.062868,35.962910,80301
66343,p,385,144.415512,5.052726,35.942657,80321
66363,p,386,144.768341,5.042303,35.948486,80341
66382,p,387,145.099503,5.039010,35.971287,80361
66403,p,388,145.420425,5.042936,35.991253,80381
66425,p,389,145.729935,5.055201,36.078579,80401
66443,p,390,146.033463,5.075827,36.152496,80421
66463,p,391,146.334976,5.096735,36.209511,80441
66483,p,392,146.657730,5.112676,36.194351,80461
66503,p,393,146.976059,5.118706,36.174904,80481
66521,p,394,147.311600,5.114882,36.162750,80501
66544,p,395,147.630371,5.105103,36.228870,80521
66571,p,396,147.962280,5.089703,36.298264,80541
66584,p,397,148.268372,5.067016,36.362083,80561
66602,p,398,148.579483,5.039720,36.437031,80581
66624,p,399,148.885941,5.013413,36.504379,80601
66644,p,400,149.175217,4.991973,36.540001,80621
66664,p,401,149.467926,4.976448,36.511295,80641
66685,p,402,149.757492,4.961577,36.469246,80661
66713,p,403,150.054260,4.942909,36.435329,80681
66732,p,404,150.330856,4.920876,36.408058,80701
66744,p,405,150.595078,4.892359,36.387402,80721
66763,p,406,150.850555,4.859325,36.367004,80741
66782,p,407,151.104874,4.817037,36.333637,80761
66803,p,408,151.338974,4.773747,36.297516,80782
116828,m,409,151.572021,4.732206,36.247501,363.423859
116847,p,410,157.156967,2.815416,40.910023,130685
116866,p,411,157.148376,2.829370,40.853649,130705
116885,p,412,157.148376,2.829370,40.853649,130725
116906,p,413,157.137589,2.847041,40.818665,130745
116927,p,414,157.133698,2.864041,40.824326,130765
116947,p,415,157.129684,2.873168,40.814476,130785
116965,p,416,157.127304,2.870055,40.788403,130805
116987,p,417,157.133240,2.858365,40.722080,130825
117006,p,418,157.144485,2.838839,40.722820,130845
117028,p,419,157.151474,2.806912,40.741707,130865
117047,p,420,157.152420,2.763536,40.778500,130885
117066,p,421,157.149231,2.710630,40.826355,130905
117079,p,422,157.133041,2.647894,40.869743,130925
117105,p,423,157.100052,2.569295,40.921471,130945
117127,p,424,157.058441,2.476637,40.982395,130965
117147,p,425,157.016418,2.384210,41.022724,130986
117165,p,426,156.970474,2.285929,41.044552,131006
117188,p,427,156.925415,2.184924,41.059181,131026
117208,p,428,156.880966,2.078739,41.064812,131046
117228,p,429,156.833984,1.973423,41.073757,131066
117246,p,430,156.784195,1.861431,41.102154,131086
117267,p,431,156.742828,1.750862,41.141590,131106
117286,p,432,156.699402,1.640900,41.178940,131126
117309,p,433,156.642349,1.525337,41.228634,131146
117327,p,434,156.572250,1.408774,41.292797,131166
117348,p,435,156.478058,1.285991,41.355259,131186
117366,p,436,156.359665,1.165144,41.407848,131206
117386,p,437,156.235168,1.056601,41.435471,131226
117407,p,438,156.105316,0.947175,41.432980,131246
117436,p,439,155.974915,0.827514,41.421532,131266
117446,p,440,155.846542,0.692800,41.402615,131286
117474,p,441,155.704636,0.533168,41.368870,131306
117487,p,442,155.558487,0.365910,41.336040,131326
117506,p,443,155.402283,0.181488,41.239647,131346
117526,p,444,155.250931,-0.000981,41.120945,131366
117546,p,445,155.100800,-0.186575,41.004303,131386
117574,p,446,154.957352,-0.374021,40.938744,131406
117586,p,447,154.806580,-0.577547,40.856400,131426
117614,p,448,154.661301,-0.779809,40.753731,131446
117636,p,449,154.522324,-0.987294,40.678875,131466
117648,p,450,154.380142,-1.215016,40.614246,131486
117666,p,451,154.236984,-1.444280,40.562420,131506
117688,p,452,154.088806,-1.680617,40.524445,131526
117715,p,453,153.940262,-1.920272,40.456066,131546
117727,p,454,153.779480,-2.179951,40.335609,131566
117746,p,455,153.619003,-2.448633,40.290436,131586
117767,p,456,153.473251,-2.712522,40.211716,131606
117788,p,457,153.318771,-3.000092,40.094799,131626
117807,p,458,153.154358,-3.298079,39.996346,131646
117826,p,459,152.986954,-3.587569,39.909351,131666
117845,p,460,152.801346,-3.891752,39.818722,131686
117866,p,461,152.801346,-3.891752,39.818722,131706
117887,p,462,152.591263,-4.226213,39.729774,131726
117906,p,463,152.413376,-4.516089,39.651211,131746
117926,p,464,152.237381,-4.806016,39.556377,131766
117946,p,465,152.042252,-5.116184,39.458172,131786
117966,p,466,151.844711,-5.413055,39.380760,131806
117978,p,467,151.638336,-5.706769,39.294781,131826
118005,p,468,151.414200,-6.001441,39.182293,131846
118027,p,469,151.155350,-6.315355,39.103729,131866
118046,p,470,150.895340,-6.616305,39.070271,131886
118068,p,471,150.629333,-6.919651,39.055523,131906
118086,p,472,150.341629,-7.247074,39.047031,131926
118108,p,473,150.065338,-7.567125,39.048149,131946
118127,p,474,149.801956,-7.888978,39.048340,131966
118147,p,475,149.551270,-8.216628,39.036415,131986
118167,p,476,149.302185,-8.555073,39.025269,132006
118187,p,477,149.050751,-8.899998,39.018333,132026
118207,p,478,148.781754,-9.264264,39.003536,132046
118227,p,479,148.522064,-9.611176,38.985497,132066
118247,p,480,148.267288,-9.954377,38.961159,132086
118266,p,481,147.999237,-10.312153,38.927631,132106
118287,p,482,147.736755,-10.648481,38.905491,132126
118307,p,483,147.462387,-10.975139,38.886154,132146
118327,p,484,147.156433,-11.309573,38.860615,132166
118356,p,485,146.843460,-11.638001,38.845276,132186
118369,p,486,146.552261,-11.950184,38.837151,132206
118388,p,487,146.249420,-12.287454,38.837929,132226
118407,p,488,145.962509,-12.616431,38.850147,132246
118426,p,489,145.682144,-12.946493,38.864429,132266
118448,p,490,145.407349,-13.280291,38.917442,132286
118469,p,491,145.123596,-13.635252,38.967243,132306
118496,p,492,144.843231,-13.975566,39.007435,132326
118508,p,493,144.547302,-14.311100,39.050354,132346
118537,p,494,144.246414,-14.635210,39.087627,132366
118548,p,495,143.946320,-14.951864,39.118599,132386
118568,p,496,143.650360,-15.267827,39.160709,132406
118589,p,497,143.369537,-15.589359,39.216866,132426
118617,p,498,143.092133,-15.921247,39.263367,132446
118636,p,499,142.813675,-16.258038,39.295181,132466
118648,p,500,142.532990,-16.599524,39.309803,132486
118668,p,501,142.238602,-16.948339,39.319347,132506
118694,p,502,141.927063,-17.297920,39.336590,132526
118708,p,503,141.586884,-17.656126,39.341427,132546
118728,p,504,141.256256,-17.986729,39.332272,132566
118756,p,505,140.930832,-18.308926,39.321716,132586
118775,p,506,140.603729,-18.633749,39.308636,132606
118797,p,507,140.255493,-18.980005,39.302193,132626
118815,p,508,139.931229,-19.313021,39.301025,132646
118836,p,509,139.607666,-19.666430,39.283989,132666
118855,p,510,139.301636,-20.012861,39.257221,132686
118876,p,511,138.991821,-20.359097,39.235825,132706
118895,p,512,138.669891,-20.698364,39.207157,132726
118917,p,513,138.337021,-21.029619,39.176537,132747
118936,p,514,138.010483,-21.354109,39.154007,132767
118955,p,515,137.683701,-21.689529,39.132504,132787
118975,p,516,137.376984,-22.017460,39.124027,132807
118996,p,517,137.076584,-22.354424,39.134567,132827
119015,p,518,136.784485,-22.698397,39.133545,132847
119035,p,519,136.493820,-23.038679,39.103550,132867
119055,p,520,136.197571,-23.374727,39.061497,132887
119076,p,521,135.905853,-23.704195,39.030289,132907
119095,p,522,135.624908,-24.027584,39.007900,132927
119109,p,523,135.336044,-24.364489,38.996597,132947
119147,p,524,135.063232,-24.689190,39.010559,132967
119165,p,525,134.798828,-25.015186,39.035366,132987
119179,p,526,134.540344,-25.346651,39.048416,133007
119197,p,527,134.271606,-25.707180,39.056549,133027
119217,p,528,134.024734,-26.059914,39.071362,133047
119236,p,529,133.784027,-26.416286,39.084599,133067
119256,p,530,133.535233,-26.775789,39.101452,133087
119276,p,531,133.275879,-27.133156,39.132164,133107
119299,p,532,133.010880,-27.483622,39.163033,133127
119315,p,533,132.739227,-27.833605,39.248581,133147
119336,p,534,132.467377,-28.186302,39.336304,133167
119356,p,535,132.199371,-28.557098,39.428364,133187
119378,p,536,131.958054,-28.921291,39.508152,133207
119396,p,537,131.715393,-29.302946,39.587429,133227
119418,p,538,131.470108,-29.697821,39.670307,133247
119448,p,539,131.220779,-30.113108,39.733936,133267
119458,p,540,130.973679,-30.504160,39.765564,133287
119476,p,541,130.973679,-30.504160,39.765564,133307
119495,p,542,130.677750,-30.943424,39.792652,133327
119515,p,543,130.415421,-31.332422,39.816574,133347
119536,p,544,130.160461,-31.716202,39.832973,133367
119556,p,545,129.916611,-32.083447,39.860729,133387
119575,p,546,129.673553,-32.452946,39.912247,133407
119595,p,547,129.420563,-32.841431,39.974781,133427
119616,p,548,129.163528,-33.240322,40.068966,133447
119636,p,549,128.909241,-33.651012,40.197033,133467
119655,p,550,128.682007,-34.049934,40.302982,133487
119674,p,551,128.459000,-34.460400,40.385777,133507
119695,p,552,128.226807,-34.883114,40.461239,133527
119716,p,553,127.986382,-35.308155,40.467834,133547
119735,p,554,127.732933,-35.729214,40.459526,133567
119764,p,555,127.469986,-36.142700,40.447418,133587
119775,p,556,127.204849,-36.547943,40.552803,133607
119796,p,557,126.931076,-36.952274,40.604450,133627
119815,p,558,126.626907,-37.378002,40.636715,133647
119835,p,559,126.326668,-37.775555,40.682087,133668
119856,p,560,126.023735,-38.158260,40.717144,133688
119874,p,561,125.704460,-38.549313,40.734413,133708
119895,p,562,125.402184,-38.919357,40.753845,133728
119915,p,563,125.116547,-39.289494,40.787067,133748
119936,p,564,124.844193,-39.670425,40.820164,133768
119956,p,565,124.556175,-40.085793,40.850742,133788
119976,p,566,124.276146,-40.489006,40.881317,133808
119996,p,567,123.983856,-40.906368,40.893394,133828
120015,p,568,123.698624,-41.302662,40.884941,133848
120028,p,569,123.406311,-41.695442,40.886017,133868
120055,p,570,123.111023,-42.082130,40.898727,133888
120078,p,571,122.804718,-42.463284,40.910225,133908
120088,p,572,122.481979,-42.839424,40.924072,133928
120117,p,573,122.156815,-43.204155,40.958324,133948
120136,p,574,121.841553,-43.560661,41.031525,133968
120159,p,575,121.532700,-43.921383,41.047054,133988
120199,p,576,121.226006,-44.291893,41.077351,134008
120218,p,577,120.929031,-44.662003,41.165241,134028
120236,p,578,120.641731,-45.034370,41.235779,134048
120256,p,579,120.365974,-45.418846,41.273670,134068
120268,p,580,120.109421,-45.819195,41.264820,134088
120285,p,581,119.871811,-46.230087,41.252460,134108
120296,p,582,119.633331,-46.654045,41.249336,134128
120316,p,583,119.383621,-47.087223,41.302937,134148
120335,p,584,119.119972,-47.521614,41.316410,134168
120359,p,585,118.830841,-47.963619,41.333515,134188
120376,p,586,118.542175,-48.375122,41.386837,134208
120396,p,587,118.251747,-48.778885,41.385723,134228
120416,p,588,117.956223,-49.193275,41.372646,134248
120436,p,589,117.677887,-49.583961,41.355579,134268
120455,p,590,117.390831,-49.973782,41.341461,134288
120484,p,591,117.087013,-50.374104,41.333466,134308
120498,p,592,116.806694,-50.743481,41.316032,134328
120516,p,593,116.536064,-51.110996,41.287971,134348
120537,p,594,116.271645,-51.490181,41.271267,134368
120556,p,595,116.019516,-51.872898,41.273983,134388
120575,p,596,115.775101,-52.259060,41.273079,134408
120596,p,597,115.528809,-52.651405,41.262047,134429
120616,p,598,115.288010,-53.049267,41.253185,134449
120636,p,599,115.065865,-53.445942,41.237556,134469
120656,p,600,114.856720,-53.849682,41.183769,134489
120676,p,601,114.650421,-54.266430,41.099018,134509
120697,p,602,114.444450,-54.689686,41.028473,134529
120717,p,603,114.228813,-55.135845,40.949207,134549
120737,p,604,114.018501,-55.564415,40.864418,134569
120758,p,605,113.808640,-55.989494,40.785160,134589
120776,p,606,113.607811,-56.405422,40.698078,134609
120796,p,607,113.409401,-56.818069,40.600506,134629
120816,p,608,113.201569,-57.230679,40.520615,134649
120854,p,609,112.978584,-57.638264,40.468365,134669
120860,p,610,112.740067,-58.040558,40.424931,134689
120873,p,611,112.484978,-58.440746,40.380051,134709
120895,p,612,112.220154,-58.842529,40.338753,134729
120910,p,613,111.967140,-59.245964,40.301331,134749
120930,p,614,111.737083,-59.657959,40.199879,134769
120952,p,615,111.506065,-60.110527,40.099991,134789
120971,p,616,111.290436,-60.557632,40.028564,134809
120992,p,617,111.079872,-61.004948,40.028221,134829
121009,p,618,110.863045,-61.450928,39.973110,134849
121028,p,619,110.638481,-61.891953,39.879120,134869
121048,p,620,110.405296,-62.343266,39.789417,134889
121069,p,621,110.190582,-62.762608,39.707043,134909
121088,p,622,109.976654,-63.181019,39.629726,134929
121109,p,623,109.747978,-63.623234,39.512466,134949
121129,p,624,109.531197,-64.044876,39.473827,134969
121149,p,625,109.325127,-64.461426,39.470818,134989
121169,p,626,109.122185,-64.873779,39.457802,135009
121189,p,627,108.910469,-65.283905,39.425667,135029
121209,p,628,108.686035,-65.696579,39.392979,135049
121230,p,629,108.444199,-66.129120,39.371315,135069
121250,p,630,108.206062,-66.545883,39.362671,135089
121269,p,631,107.955635,-66.970131,39.377289,135109
121290,p,632,107.698532,-67.400307,39.420143,135129
121310,p,633,107.442078,-67.828331,39.465889,135149
121330,p,634,107.181435,-68.260468,39.507977,135169
121350,p,635,107.181435,-68.260468,39.507977,135189
121370,p,636,106.882355,-68.763382,39.609936,135209
121390,p,637,106.629364,-69.207115,39.696602,135230
121410,p,638,106.376717,-69.656769,39.757690,135250
121430,p,639,106.118240,-70.114029,39.773739,135270
121450,p,640,105.859573,-70.569595,39.786816,135290
121470,p,641,105.603973,-71.016479,39.798199,135310
121490,p,642,105.344528,-71.461571,39.848537,135330
121511,p,643,105.086388,-71.905411,39.908329,135350
121531,p,644,104.826744,-72.351334,39.970028,135370
121551,p,645,104.564209,-72.797630,40.026604,135390
121570,p,646,104.313156,-73.240570,40.070927,135410
121590,p,647,104.070839,-73.705421,40.095669,135430
121610,p,648,103.852745,-74.158508,40.097805,135450
121631,p,649,103.639732,-74.621887,40.102097,135470
121651,p,650,103.426796,-75.091629,40.114693,135490
121671,p,651,103.196358,-75.583260,40.125870,135510
121691,p,652,102.967499,-76.048035,40.139378,135530
121711,p,653,102.742065,-76.499748,40.153538,135550
121731,p,654,102.521599,-76.939957,40.155388,135570
121751,p,655,102.295853,-77.375504,40.155064,135590
121771,p,656,102.060669,-77.806915,40.196453,135610
121791,p,657,101.825600,-78.227257,40.281570,135630
121811,p,658,101.594681,-78.644836,40.355160,135650
121831,p,659,101.368431,-79.068764,40.429276,135670
121851,p,660,101.147064,-79.500832,40.513920,135690
121871,p,661,100.926216,-79.938896,40.592503,135710
121892,p,662,100.703018,-80.385666,40.659645,135730
121912,p,663,100.487633,-80.838387,40.721947,135750
121934,p,664,100.289413,-81.291397,40.773281,135770
121954,p,665,100.099953,-81.749451,40.816319,135790
121974,p,666,99.910110,-82.214622,40.865952,135810
121994,p,667,99.714615,-82.698799,40.915161,135830
122024,p,668,99.529526,-83.157478,40.942413,135850
122038,p,669,99.344398,-83.620247,40.951092,135870
122065,p,670,99.166946,-84.088837,40.957657,135890
122077,p,671,98.990646,-84.583130,40.992210,135910
122106,p,672,98.815819,-85.062218,41.046364,135930
122126,p,673,98.624489,-85.571442,41.099232,135950
122146,p,674,98.450104,-86.057724,41.107212,135970
122165,p,675,98.285454,-86.546394,41.078770,135990
122178,p,676,98.120369,-87.043617,41.120335,136010
122204,p,677,97.951843,-87.544342,41.172405,136030
122227,p,678,97.774834,-88.040039,41.216206,136050
122245,p,679,97.583389,-88.531281,41.184837,136070
122267,p,680,97.386551,-89.018417,41.193409,136090
122287,p,681,97.194824,-89.497650,41.229610,136111
122307,p,682,96.999168,-89.973801,41.255428,136131
122324,p,683,96.780151,-90.469612,41.288364,136151
122343,p,684,96.561470,-90.932159,41.335464,136171
122366,p,685,96.336472,-91.379555,41.377583,136191
122386,p,686,96.103600,-91.814796,41.404720,136211
122405,p,687,95.869431,-92.238907,41.429813,136231
122434,p,688,95.642296,-92.652840,41.452847,136251
122446,p,689,95.418205,-93.076736,41.464554,136271
122467,p,690,95.210999,-93.475777,41.470592,136291
122485,p,691,94.999550,-93.874054,41.495258,136311
122506,p,692,94.778671,-94.286713,41.543262,136331
122526,p,693,94.568192,-94.673141,41.583775,136351
122547,p,694,94.352486,-95.059845,41.611191,136371
122567,p,695,94.123634,-95.470451,41.642521,136391
122586,p,696,93.903328,-95.865952,41.658627,136411
122605,p,697,93.670547,-96.267670,41.621037,136431
122626,p,698,93.429039,-96.675049,41.642441,136451
122645,p,699,93.183640,-97.096756,41.678509,136471
122666,p,700,92.960464,-97.494286,41.692924,136491
122687,p,701,92.742607,-97.898033,41.705364,136511
122705,p,702,92.531563,-98.308556,41.738697,136531
122724,p,703,92.330360,-98.723770,41.778374,136551
122744,p,704,92.121056,-99.165962,41.809105,136571
122764,p,705,91.923210,-99.594284,41.833271,136591
122786,p,706,91.731140,-100.044533,41.850998,136611
122807,p,707,91.563850,-100.479393,41.790688,136631
122825,p,708,91.403641,-100.943909,41.754375,136651
122846,p,709,91.258766,-101.411270,41.769985,136671
122866,p,710,91.127655,-101.857025,41.780243,136691
122886,p,711,90.984947,-102.329399,41.788342,136711
122906,p,712,90.851768,-102.779099,41.798004,136731
122926,p,713,90.732094,-103.220451,41.733105,136751
122947,p,714,90.622658,-103.660583,41.650761,136771
122975,p,715,90.511703,-104.130806,41.568436,136791
122985,p,716,90.409531,-104.584221,41.509197,136811
123017,p,717,90.308563,-105.039154,41.459805,136831
123037,p,718,90.200401,-105.509743,41.411842,136851
123065,p,719,90.200401,-105.509743,41.411842,136871
123078,p,720,90.078613,-106.014603,41.370205,136891
123097,p,721,89.962440,-106.445488,41.344635,136911
123116,p,722,89.840096,-106.860741,41.309254,136931
123135,p,723,89.710854,-107.266991,41.253300,136951
123147,p,724,89.574005,-107.673248,41.198215,136971
123167,p,725,89.431931,-108.095222,41.182133,136991
123187,p,726,89.297150,-108.491501,41.219471,137011
123205,p,727,89.150345,-108.886421,41.203594,137031
123225,p,728,88.983727,-109.277878,41.195839,137051
123246,p,729,88.795036,-109.675476,41.202457,137071
123274,p,730,88.606056,-110.043007,41.266296,137091
123285,p,731,88.407913,-110.405617,41.302902,137111
123307,p,732,88.201340,-110.777817,41.305355,137131
123326,p,733,88.009445,-111.139801,41.380684,137151
123346,p,734,87.830475,-111.484123,41.450371,137171
123374,p,735,87.645210,-111.831642,41.530968,137191
123386,p,736,87.450417,-112.191383,41.626656,137211
123406,p,737,87.268906,-112.528160,41.743519,137231
123427,p,738,87.095009,-112.864761,41.872818,137251
123446,p,739,86.927330,-113.216934,41.928905,137271
123467,p,740,86.777138,-113.556862,42.015152,137291
123492,p,741,86.627350,-113.902725,42.116730,137311
123506,p,742,86.478432,-114.245285,42.084732,137331
123525,p,743,86.319717,-114.597237,42.114655,137351
123555,p,744,86.168121,-114.932518,42.187145,137371
123567,p,745,86.019325,-115.267609,42.259846,137391
123587,p,746,85.864319,-115.605156,42.281448,137411
123606,p,747,85.694099,-115.956566,42.278316,137431
123627,p,748,85.526810,-116.302795,42.261692,137451
123648,p,749,85.370895,-116.635712,42.233669,137471
123676,p,750,85.210770,-116.985703,42.197132,137491
123688,p,751,85.060379,-117.320831,42.125641,137511
123717,p,752,84.905937,-117.655304,42.104088,137531
123737,p,753,84.750847,-117.988960,42.068913,137551
123756,p,754,84.600777,-118.335793,41.970711,137571
123767,p,755,84.468361,-118.666504,41.863686,137591
123796,p,756,84.336426,-118.994400,41.759655,137611
123807,p,757,84.200523,-119.342300,41.662407,137631
123835,p,758,84.069847,-119.684418,41.565712,137651
123854,p,759,83.931381,-120.039207,41.464142,137671
123867,p,760,83.794121,-120.400322,41.370621,137691
123887,p,761,83.665306,-120.763245,41.278408,137711
123908,p,762,83.530487,-121.148193,41.186356,137731
123928,p,763,83.390465,-121.535095,41.120296,137751
123947,p,764,83.251457,-121.896347,41.008385,137771
123976,p,765,83.101662,-122.249054,40.900486,137791
123995,p,766,82.926659,-122.613480,40.792122,137811
124017,p,767,82.754845,-122.953918,40.705692,137831
124034,p,768,82.595543,-123.282913,40.630825,137851
124054,p,769,82.440666,-123.628349,40.556442,137871
124067,p,770,82.294655,-123.969032,40.500195,137891
124088,p,771,82.150711,-124.318863,40.470730,137911
124116,p,772,82.011215,-124.672363,40.452423,137931
124135,p,773,81.862442,-125.050865,40.428654,137951
124154,p,774,81.862442,-125.050865,40.428654,137971
124168,p,775,81.698456,-125.475143,40.406841,137991
124195,p,776,81.569481,-125.845207,40.391613,138011
124215,p,777,81.447876,-126.234871,40.363911,138031
124236,p,778,81.333878,-126.610161,40.337868,138051
124255,p,779,81.217178,-126.983597,40.329319,138071
124275,p,780,81.094238,-127.347244,40.330696,138091
124288,p,781,80.950035,-127.717926,40.393345,138111
124315,p,782,80.799110,-128.061234,40.468647,138131
124328,p,783,80.649681,-128.387039,40.546921,138151
124355,p,784,80.508354,-128.695282,40.548763,138171
174579,m,785,80.367355,-128.996307,40.531769,174.890274
174750,c,786,0.663852,-3.241266,0,0
174770,p,787,79.109711,-139.596222,40.750690,188434
174799,p,788,79.109711,-139.596222,40.750690,188454
174820,p,789,79.142281,-139.629089,40.787136,188474
174838,p,790,79.174118,-139.652771,40.775543,188494
174859,p,791,79.201813,-139.689529,40.732395,188514
174880,p,792,79.216507,-139.763840,40.689915,188534
174898,p,793,79.228607,-139.880768,40.642197,188554
174910,p,794,79.241829,-140.037064,40.583542,188574
174928,p,795,79.256248,-140.219208,40.513474,188594
174940,p,796,79.272202,-140.407791,40.425529,188614
174951,p,797,79.282318,-140.603867,40.328999,188634
174980,p,798,79.278427,-140.805313,40.219498,188654
174992,p,799,79.262077,-141.012634,40.148895,188674
175010,p,800,79.237419,-141.228958,40.072193,188694
175030,p,801,79.211388,-141.447723,39.874924,188714
175051,p,802,79.185989,-141.663544,39.686600,188734
175071,p,803,79.153694,-141.865494,39.501797,188754
175091,p,804,79.116417,-142.065979,39.326916,188774
175117,p,805,79.087250,-142.257172,39.184612,188794
175131,p,806,79.063560,-142.458221,39.067028,188814
175158,p,807,79.040436,-142.663635,39.019772,188834
175179,p,808,79.024254,-142.880493,38.884163,188854
175198,p,809,79.013763,-143.091248,38.751774,188874
175210,p,810,79.002312,-143.301636,38.683475,188894
175231,p,811,78.992676,-143.506073,38.566422,188914
175250,p,812,78.985893,-143.712433,38.425262,188934
175270,p,813,78.986153,-143.923309,38.239384,188954
175291,p,814,78.985252,-144.133163,38.049206,188974
175310,p,815,78.973228,-144.336472,37.868778,188994
175339,p,816,78.959015,-144.537170,37.701393,189014
175351,p,817,78.945618,-144.747437,37.546944,189034
175371,p,818,78.924667,-144.962112,37.419254,189054
175399,p,819,78.897987,-145.168335,37.312420,189074
175412,p,820,78.873886,-145.376221,37.218353,189094
175440,p,821,78.854141,-145.598816,37.148407,189114
175451,p,822,78.832367,-145.821289,37.096901,189134
175470,p,823,78.807030,-146.038879,37.045361,189154
175499,p,824,78.787270,-146.263107,37.005848,189174
175520,p,825,78.775986,-146.496689,36.978920,189194
175549,p,826,78.764267,-146.729568,36.946602,189214
175569,p,827,78.752419,-146.958206,36.916237,189234
175581,p,828,78.746506,-147.197418,36.894211,189255
175600,p,829,78.734955,-147.433426,36.824841,189275
175619,p,830,78.706757,-147.670059,36.780460,189295
175648,p,831,78.678024,-147.907425,36.787212,189315
175670,p,832,78.656502,-148.165848,36.732307,189335
175698,p,833,78.635078,-148.418625,36.684807,189355
175716,p,834,78.611916,-148.666611,36.646965,189375
175739,p,835,78.592911,-148.914032,36.659401,189395
175759,p,836,78.582733,-149.183167,36.683132,189415
175778,p,837,78.576736,-149.439606,36.700432,189435
175799,p,838,78.565231,-149.685974,36.696712,189455
175810,p,839,78.554192,-149.928391,36.689545,189475
175829,p,840,78.551628,-150.190201,36.690899,189495
175841,p,841,78.546967,-150.447876,36.694332,189515
175859,p,842,78.537209,-150.705978,36.675606,189535
175888,p,843,78.535553,-150.958344,36.629650,189555
175900,p,844,78.542824,-151.215195,36.589684,189575
175919,p,845,78.549568,-151.483490,36.589424,189595
175938,p,846,78.558388,-151.747849,36.625748,189615
175959,p,847,78.567009,-152.003326,36.580524,189635
175980,p,848,78.567352,-152.270477,36.529545,189655
176000,p,849,78.568428,-152.526840,36.485313,189675
176020,p,850,78.575073,-152.791290,36.497902,189695
176039,p,851,78.575386,-153.063797,36.474133,189715
176060,p,852,78.570801,-153.348480,36.419701,189735
176080,p,853,78.571701,-153.622391,36.364929,189755
176109,p,854,78.572929,-153.917053,36.344391,189775
176128,p,855,78.569382,-154.199783,36.360722,189795
176148,p,856,78.563766,-154.476181,36.323048,189815
176168,p,857,78.561966,-154.753479,36.325684,189835
176188,p,858,78.573860,-155.037476,36.353443,189855
176200,p,859,78.593803,-155.321625,36.319939,189875
176220,p,860,78.604614,-155.600021,36.281250,189895
176240,p,861,78.614799,-155.872833,36.244858,189915
176259,p,862,78.637939,-156.148026,36.204872,189935
176279,p,863,78.657631,-156.431137,36.163193,189955
176299,p,864,78.664474,-156.722275,36.140095,189975
176319,p,865,78.668030,-156.991821,36.174389,189995
176340,p,866,78.673668,-157.280518,36.161976,190015
176360,p,867,78.677261,-157.566711,36.160641,190035
176371,p,868,78.679893,-157.850967,36.215767,190055
176400,p,869,78.678757,-158.132782,36.307789,190075
176419,p,870,78.674469,-158.412811,36.412254,190095
176446,p,871,78.676430,-158.706116,36.461899,190115
176448,p,872,78.685234,-158.989395,36.540546,190135
176479,p,873,78.692955,-159.270508,36.625851,190155
176499,p,874,78.700493,-159.546570,36.718822,190175
176520,p,875,78.707359,-159.826050,36.802689,190196
176541,p,876,78.711250,-160.112747,36.877335,190216
176560,p,877,78.714806,-160.399933,36.944859,190236
176580,p,878,78.707291,-160.694504,37.004456,190256
176599,p,879,78.689606,-160.984360,37.069256,190276
176621,p,880,78.684052,-161.259338,37.130932,190296
176648,p,881,78.690651,-161.544708,37.184277,190316
176669,p,882,78.699104,-161.841400,37.239246,190336
176689,p,883,78.711021,-162.135666,37.283417,190356
176701,p,884,78.718536,-162.435577,37.305416,190376
176719,p,885,78.713051,-162.718842,37.355648,190396
176740,p,886,78.704033,-162.997131,37.446899,190416
176760,p,887,78.702156,-163.297760,37.531593,190436
176779,p,888,78.710281,-163.602188,37.618923,190456
176799,p,889,78.721420,-163.930618,37.710716,190476
176819,p,890,78.721420,-163.930618,37.710716,190496
176840,p,891,78.721825,-164.282837,37.704609,190516
176860,p,892,78.716568,-164.581680,37.692219,190536
176880,p,893,78.710114,-164.877808,37.690075,190556
176910,p,894,78.696609,-165.177124,37.740879,190576
176928,p,895,78.677399,-165.497299,37.793159,190596
176939,p,896,78.661552,-165.800934,37.839119,190616
176969,p,897,78.644356,-166.101730,37.875690,190636
176981,p,898,78.621643,-166.398270,37.915482,190656
177009,p,899,78.606117,-166.687378,37.954723,190676
177021,p,900,78.605881,-166.980820,37.976685,190696
177041,p,901,78.611977,-167.292099,37.991295,190716
177057,p,902,78.616737,-167.624954,37.989769,190736
177088,p,903,78.615257,-167.941116,37.924934,190756
177108,p,904,78.608871,-168.255569,37.864113,190776
177119,p,905,78.606117,-168.567642,37.833717,190796
177149,p,906,78.608780,-168.896591,37.857185,190816
177161,p,907,78.615158,-169.219650,37.877979,190836
177180,p,908,78.629440,-169.544479,37.899139,190856
177208,p,909,78.644814,-169.868500,37.914005,190876
177220,p,910,78.649178,-170.210739,37.874599,190896
177241,p,911,78.652817,-170.539352,37.836540,190916
177260,p,912,78.669731,-170.872131,37.796078,190936
177271,p,913,78.691948,-171.216919,37.814632,190956
177301,p,914,78.709167,-171.582321,37.858284,190976
177319,p,915,78.720100,-171.921875,37.899094,190996
177340,p,916,78.731834,-172.256516,37.931774,191017
177359,p,917,78.752029,-172.600204,37.938324,191037
177380,p,918,78.781860,-172.951965,37.909176,191057
177399,p,919,78.806572,-173.302704,37.873695,191077
177433,p,920,78.816696,-173.647263,37.860981,191097
177434,p,921,78.826164,-173.988205,37.890568,191117
177448,p,922,78.839752,-174.334213,37.915401,191137
177468,p,923,78.846809,-174.692200,37.943211,191157
177488,p,924,78.846306,-175.049484,37.971115,191177
177508,p,925,78.842735,-175.402252,37.990868,191197
177528,p,926,78.838974,-175.758392,38.020378,191217
177548,p,927,78.839249,-176.123611,38.059883,191237
177568,p,928,78.839211,-176.513611,38.097122,191257
177588,p,929,78.835724,-176.885132,38.138210,191277
177608,p,930,78.824226,-177.254974,38.187851,191297
177628,p,931,78.805664,-177.631836,38.244736,191317
177648,p,932,78.790215,-178.033997,38.346050,191337
177669,p,933,78.772675,-178.424194,38.472668,191357
177689,p,934,78.742966,-178.810242,38.599785,191377
177709,p,935,78.714264,-179.191238,38.722279,191397
177729,p,936,78.691452,-179.573593,38.833382,191417
177749,p,937,78.669800,-179.957947,38.869465,191437
177769,p,938,78.641899,-180.336670,38.929260,191457
177789,p,939,78.607658,-180.710464,39.007019,191477
177809,p,940,78.573341,-181.098373,39.076550,191497
177829,p,941,78.542297,-181.472458,39.126019,191517
177849,p,942,78.518219,-181.871460,39.165039,191537
177869,p,943,78.503838,-182.265427,39.188236,191557
177889,p,944,78.484268,-182.672699,39.201546,191577
177909,p,945,78.462402,-183.082870,39.213863,191597
177930,p,946,78.439560,-183.511292,39.219631,191617
177950,p,947,78.411507,-183.919479,39.229599,191637
177970,p,948,78.386505,-184.322067,39.238155,191657
177990,p,949,78.370415,-184.729111,39.229576,191677
178010,p,950,78.360039,-185.167313,39.221687,191697
178030,p,951,78.352837,-185.615326,39.214748,191717
178050,p,952,78.344566,-186.047394,39.191940,191737
178070,p,953,78.334869,-186.501495,39.115345,191757
178090,p,954,78.321930,-186.952942,39.034145,191777
178110,p,955,78.298988,-187.379074,38.961109,191797
178130,p,956,78.274071,-187.796906,38.897495,191817
178150,p,957,78.259666,-188.207199,38.862270,191837
178170,p,958,78.245735,-188.637817,38.871300,191857
178190,p,959,78.221886,-189.063263,38.884563,191877
178211,p,960,78.198494,-189.495605,38.869827,191898
178231,p,961,78.183853,-189.923798,38.806206,191918
178251,p,962,78.168488,-190.350571,38.733231,191938
178271,p,963,78.139107,-190.781097,38.674557,191958
178291,p,964,78.099541,-191.205093,38.635532,191978
178311,p,965,78.059914,-191.617096,38.591747,191998
178331,p,966,78.017609,-192.024155,38.539856,192018
178351,p,967,77.966690,-192.434067,38.501720,192038
178372,p,968,77.912254,-192.841354,38.480873,192058
178392,p,969,77.861870,-193.261871,38.455910,192078
178412,p,970,77.819489,-193.689087,38.429726,192098
