8965,0,0,2.345178,90215,0,0
9073,1,1,2.349869,90315,0,0
9173,2,2,2.396772,90415,0,0
9273,3,3,2.368630,90515,0,0
9354,4,4,2.378011,90615,0,0
9454,5,5,2.363940,90715,0,0
9554,6,6,2.378011,90815,0,0
9654,7,7,2.345178,90915,0,0
9753,8,8,2.382701,91015,0,0
9854,9,9,2.359250,91115,0,0
9962,10,10,2.368630,91215,0,0
10051,11,11,2.396772,91315,0,0
10151,12,12,2.382701,91415,0,0
10251,13,13,2.378011,91515,0,0
10351,14,14,2.354559,91615,0,0
10450,15,15,2.354559,91715,0,0
10552,16,16,2.378011,91815,0,0
10652,17,17,2.406153,91915,0,0
10756,18,18,2.424915,92015,0,0
10855,19,19,2.424915,92115,0,0
10957,20,20,2.443676,92215,0,0
11055,21,21,2.453057,92315,0,0
11155,22,22,2.429605,92415,0,0
11254,23,23,2.424915,92515,0,0
11353,24,24,2.443676,92615,0,0
11453,25,25,2.467128,92715,0,0
11553,26,26,2.448366,92815,0,0
11653,27,27,2.453057,92915,0,0
11756,28,28,2.453057,93015,0,0
11852,29,29,2.420224,93115,0,0
11954,30,30,2.410843,93215,0,0
12055,31,31,2.438986,93315,0,0
12155,32,32,2.429605,93415,0,0
12252,33,33,2.420224,93515,0,0
12356,34,34,2.429605,93615,0,0
12455,35,35,2.429605,93715,0,0
12554,36,36,2.424915,93815,0,0
12653,37,37,2.438986,93915,0,0
12754,38,38,2.382701,94015,0,0
12857,39,39,2.415534,94115,0,0
12954,40,40,2.401463,94215,0,0
13054,41,41,2.434295,94315,0,0
13154,42,42,2.410843,94415,0,0
13256,43,43,2.410843,94515,0,0
13354,44,44,2.401463,94615,0,0
13455,45,45,2.420224,94715,0,0
13554,46,46,2.401463,94815,0,0
13654,47,47,2.382701,94915,0,0
13754,48,48,2.382701,95015,0,0
13855,49,49,2.373321,95115,0,0
13954,50,50,2.415534,95215,0,0
14054,51,51,2.410843,95315,0,0
14155,52,52,2.406153,95415,0,0
14254,53,53,2.396772,95515,0,0
14354,54,54,2.382701,95615,0,0
14455,55,55,2.392082,95715,0,0
14555,56,56,2.392082,95815,0,0
14655,57,57,2.396772,95915,0,0
14754,58,58,2.387392,96015,0,0
14853,59,59,2.392082,96115,0,0
14955,60,60,2.387392,96215,0,0
15051,61,61,2.373321,96315,0,0
15150,62,62,2.406153,96415,0,0
15250,63,63,2.378011,96515,0,0
15350,64,64,2.392082,96615,0,0
15451,65,65,2.392082,96715,0,0
15550,66,66,2.424915,96815,0,0
15650,67,67,2.401463,96915,0,0
15750,68,68,2.396772,97015,0,0
15850,69,69,2.410843,97115,0,0
15950,70,70,2.396772,97215,0,0
16050,71,71,2.406153,97315,0,0
16150,72,72,2.406153,97415,0,0
16250,73,73,2.406153,97515,0,0
16350,74,74,2.410843,97615,0,0
16450,75,75,2.434295,97715,0,0
16550,76,76,2.424915,97815,0,0
16650,77,77,2.424915,97915,0,0
16750,78,78,2.429605,98015,0,0
16850,79,79,2.429605,98115,0,0
16955,80,80,2.406153,98215,0,0
17074,81,81,2.434295,98315,0,0
17163,82,82,2.434295,98415,0,0
17263,83,83,2.429605,98515,0,0
17363,84,84,2.420224,98615,0,0
17463,85,85,2.424915,98715,0,0
17555,86,86,2.443676,98815,0,0
17665,87,87,2.434295,98915,0,0
17764,88,88,2.438986,99015,0,0
17864,89,89,2.438986,99115,0,0
17956,90,90,2.471818,99215,0,0
18055,91,91,2.420224,99315,0,0
18165,92,92,2.434295,99415,0,0
18274,93,93,2.443676,99515,0,0
18364,94,94,2.462437,99615,0,0
18454,95,95,2.443676,99715,0,0
18554,96,96,2.406153,99815,0,0
18654,97,97,2.434295,99915,0,0
18764,98,98,2.434295,100015,0,0
18855,99,99,2.462437,100115,0,0
18954,100,100,2.429605,100215,0,0
19063,101,101,2.434295,100315,0,0
19156,102,102,2.434295,100415,0,0
19254,103,103,2.476508,100515,0,0
19365,104,104,2.462437,100615,0,0
19454,105,105,2.457747,100715,0,0
19565,106,106,2.453057,100815,0,0
19654,107,107,2.420224,100915,0,0
19764,108,108,2.443676,101015,0,0
19854,109,109,2.448366,101115,0,0
19965,110,110,2.406153,101215,0,0
20052,111,111,2.457747,101315,0,0
20150,112,112,2.438986,101415,0,0
20250,113,113,2.448366,101515,0,0
20350,114,114,2.471818,101615,0,0
20450,115,115,2.443676,101715,0,0
20550,116,116,2.420224,101815,0,0
20651,117,117,2.462437,101915,0,0
20751,118,118,2.401463,102015,0,0
20850,119,119,2.406153,102115,0,0
20951,120,120,2.434295,102215,0,0
21051,121,121,2.434295,102315,0,0
21150,122,122,2.424915,102415,0,0
21250,123,123,2.462437,102515,0,0
21350,124,124,2.448366,102615,0,0
21450,125,125,2.410843,102715,0,0
21550,126,126,2.443676,102815,0,0
21650,127,127,2.462437,102915,0,0
21757,128,128,2.396772,103015,0,0
21857,129,129,2.448366,103115,0,0
21956,130,130,2.401463,103215,0,0
22057,131,131,2.462437,103315,0,0
22157,132,132,2.429605,103415,0,0
22254,133,133,2.443676,103516,0,0
22355,134,134,2.424915,103616,0,0
22457,135,135,2.429605,103716,0,0
22557,136,136,2.429605,103816,0,0
22656,137,137,2.453057,103916,0,0
22756,138,138,2.415534,104016,0,0
22856,139,139,2.434295,104116,0,0
22956,140,140,2.453057,104216,0,0
23056,141,141,2.453057,104316,0,0
23157,142,142,2.438986,104416,0,0
23257,143,143,2.443676,104516,0,0
23356,144,144,2.429605,104616,0,0
23463,145,145,2.429605,104716,0,0
23555,146,146,2.434295,104816,0,0
23654,147,147,2.448366,104916,0,0
23758,148,148,2.438986,105016,0,0
23865,149,149,2.429605,105116,0,0
23955,150,150,2.434295,105216,0,0
24056,151,151,2.448366,105316,0,0
24164,152,152,2.438986,105416,0,0
24265,153,153,2.434295,105516,0,0
24357,154,154,2.424915,105616,0,0
24463,155,155,2.443676,105716,0,0
24564,156,156,2.434295,105816,0,0
24654,157,157,2.406153,105916,0,0
24765,158,158,2.429605,106016,0,0
24855,159,159,2.448366,106116,0,0
24964,160,160,2.443676,106216,0,0
25054,161,161,2.438986,106316,0,0
25150,162,162,2.434295,106416,0,0
25250,163,163,2.429605,106516,0,0
25350,164,164,2.434295,106616,0,0
25450,165,165,2.406153,106716,0,0
25550,166,166,2.424915,106816,0,0
25650,167,167,2.424915,106916,0,0
25750,168,168,2.453057,107016,0,0
25850,169,169,2.429605,107116,0,0
25950,170,170,2.429605,107216,0,0
26051,171,171,2.443676,107316,0,0
26150,172,172,2.448366,107416,0,0
26250,173,173,2.471818,107516,0,0
26350,174,174,2.462437,107616,0,0
26451,175,175,2.448366,107716,0,0
26550,176,176,2.457747,107816,0,0
26650,177,177,2.462437,107916,0,0
26752,178,178,2.424915,108016,0,0
26850,179,179,2.476508,108116,0,0
26950,180,180,2.448366,108216,0,0
27050,181,181,2.448366,108316,0,0
27150,182,182,2.476508,108416,0,0
27250,183,183,2.443676,108516,0,0
27350,184,184,2.471818,108616,0,0
27451,185,185,2.448366,108716,0,0
27550,186,186,2.485889,108816,0,0
27650,187,187,2.471818,108916,0,0
27750,188,188,2.453057,109016,0,0
27850,189,189,2.481199,109116,0,0
27950,190,190,2.443676,109216,0,0
28053,191,191,2.438986,109316,0,0
28150,192,192,2.462437,109416,0,0
28250,193,193,2.453057,109516,0,0
28350,194,194,2.481199,109616,0,0
28453,195,195,2.429605,109716,0,0
28555,196,196,2.457747,109816,0,0
28664,197,197,2.485889,109916,0,0
28764,198,198,2.471818,110016,0,0
28864,199,199,2.453057,110116,0,0
28957,200,200,2.424915,110216,0,0
29054,201,201,2.434295,110316,0,0
29157,202,202,2.476508,110416,0,0
29255,203,203,2.448366,110516,0,0
29364,204,204,2.476508,110616,0,0
29454,205,205,2.434295,110716,0,0
29555,206,206,2.467128,110816,0,0
29655,207,207,2.481199,110916,0,0
29755,208,208,2.443676,111016,0,0
29854,209,209,2.457747,111116,0,0
29964,210,210,2.495270,111216,0,0
30051,211,211,2.476508,111316,0,0
30150,212,212,2.467128,111416,0,0
30250,213,213,2.481199,111516,0,0
30350,214,214,2.476508,111616,0,0
30453,215,215,2.429605,111716,0,0
30564,216,216,2.490579,111816,0,0
30657,217,217,2.462437,111916,0,0
30765,218,218,2.495270,112016,0,0
30856,219,219,2.490579,112116,0,0
30956,220,220,2.495270,112216,0,0
31056,221,221,2.467128,112316,0,0
31165,222,222,2.485889,112416,0,0
31263,223,223,2.471818,112516,0,0
31356,224,224,2.504651,112616,0,0
31456,225,225,2.490579,112716,0,0
31557,226,226,2.490579,112816,0,0
31664,227,227,2.481199,112916,0,0
31764,228,228,2.453057,113016,0,0
31857,229,229,2.476508,113116,0,0
31962,230,230,2.471818,113216,0,0
32056,231,231,2.476508,113316,0,0
32158,232,232,2.476508,113416,0,0
32264,233,233,2.457747,113516,0,0
32358,234,234,2.467128,113616,0,0
32454,235,235,2.471818,113716,0,0
32564,236,236,2.481199,113816,0,0
32664,237,237,2.490579,113916,0,0
32765,238,238,2.476508,114016,0,0
32855,239,239,2.453057,114116,0,0
32955,240,240,2.476508,114216,0,0
33058,241,241,2.462437,114316,0,0
33163,242,242,2.429605,114416,0,0
33264,243,243,2.467128,114516,0,0
33363,244,244,2.424915,114616,0,0
33457,245,245,2.457747,114716,0,0
33564,246,246,2.434295,114816,0,0
33664,247,247,2.476508,114916,0,0
33756,248,248,2.457747,115016,0,0
33856,249,249,2.514031,115116,0,0
33956,250,250,2.429605,115216,0,0
34064,251,251,2.467128,115316,0,0
34157,252,252,2.457747,115416,0,0
34255,253,253,2.457747,115516,0,0
34356,254,254,2.471818,115616,0,0
34463,255,255,2.476508,115716,0,0
34558,256,256,2.481199,115816,0,0
34656,257,257,2.453057,115916,0,0
34764,258,258,2.462437,116016,0,0
34865,259,259,2.448366,116116,0,0
34954,260,260,2.453057,116216,0,0
35052,261,261,2.429605,116316,0,0
35150,262,262,2.457747,116416,0,0
35250,263,263,2.457747,116516,0,0
35350,264,264,2.471818,116616,0,0
35450,265,265,2.438986,116716,0,0
35550,266,266,2.476508,116816,0,0
35650,267,267,2.424915,116916,0,0
35751,268,268,2.424915,117016,0,0
35851,269,269,2.429605,117116,0,0
35950,270,270,2.471818,117216,0,0
36050,271,271,2.476508,117316,0,0
36150,272,272,2.448366,117416,0,0
36250,273,273,2.476508,117516,0,0
36350,274,274,2.490579,117616,0,0
36450,275,275,2.457747,117716,0,0
36553,276,276,2.448366,117816,0,0
36663,277,277,2.453057,117916,0,0
36764,278,278,2.438986,118016,0,0
36856,279,279,2.443676,118116,0,0
36956,280,280,2.490579,118216,0,0
37065,281,281,2.453057,118316,0,0
37156,282,282,2.443676,118416,0,0
37265,283,283,2.471818,118516,0,0
37356,284,284,2.485889,118616,0,0
37464,285,285,2.495270,118716,0,0
37564,286,286,2.490579,118816,0,0
37655,287,287,2.457747,118916,0,0
37756,288,288,2.457747,119016,0,0
37864,289,289,2.448366,119116,0,0
37964,290,290,2.453057,119216,0,0
38056,291,291,2.443676,119316,0,0
38154,292,292,2.471818,119416,0,0
38265,293,293,2.443676,119516,0,0
38375,294,294,2.462437,119616,0,0
38466,295,295,2.471818,119716,0,0
38574,296,296,2.457747,119816,0,0
38664,297,297,2.490579,119916,0,0
38765,298,298,2.471818,120016,0,0
38854,299,299,2.490579,120116,0,0
38956,300,300,2.453057,120216,0,0
39063,301,301,2.462437,120316,0,0
39155,302,302,2.467128,120416,0,0
39254,303,303,2.499960,120516,0,0
39365,304,304,2.471818,120616,0,0
39454,305,305,2.457747,120716,0,0
39564,306,306,2.495270,120816,0,0
39665,307,307,2.471818,120916,0,0
39774,308,308,2.471818,121016,0,0
39865,309,309,2.499960,121116,0,0
39965,310,310,2.490579,121216,0,0
40051,311,311,2.462437,121316,0,0
40153,312,312,2.485889,121416,0,0
40264,313,313,2.485889,121516,0,0
40365,314,314,2.499960,121616,0,0
40464,315,315,2.457747,121716,0,0
40564,316,316,2.490579,121816,0,0
40654,317,317,2.457747,121916,0,0
40766,318,318,2.471818,122016,0,0
40854,319,319,2.499960,122116,0,0
40953,320,320,2.457747,122216,0,0
41062,321,321,2.495270,122316,0,0
41156,322,322,2.448366,122416,0,0
41265,323,323,2.481199,122516,0,0
41371,324,324,2.485889,122616,0,0
41466,325,325,2.490579,122716,0,0
41566,326,326,2.481199,122816,0,0
41665,327,327,2.485889,122916,0,0
41753,328,328,2.495270,123016,0,0
41865,329,329,2.438986,123116,0,0
41964,330,330,2.490579,123216,0,0
42054,331,331,2.495270,123316,0,0
42165,332,332,2.481199,123416,0,0
42273,333,333,2.467128,123516,0,0
42374,334,334,2.490579,123616,0,0
42473,335,335,2.485889,123716,0,0
42553,336,336,2.481199,123816,0,0
42655,337,337,2.476508,123916,0,0
42765,338,338,2.495270,124016,0,0
42854,339,339,2.462437,124116,0,0
42965,340,340,2.467128,124216,0,0
43056,341,341,2.481199,124316,0,0
43156,342,342,2.462437,124416,0,0
43254,343,343,2.490579,124516,0,0
43354,344,344,2.481199,124616,0,0
43454,345,345,2.485889,124716,0,0
43566,346,346,2.476508,124816,0,0
43665,347,347,2.490579,124916,0,0
43755,348,348,2.499960,125016,0,0
43866,349,349,2.476508,125116,0,0
43964,350,350,2.495270,125216,0,0
44064,351,351,2.514031,125316,0,0
44154,352,352,2.518722,125416,0,0
44266,353,353,2.504651,125516,0,0
44365,354,354,2.509341,125616,0,0
44464,355,355,2.514031,125716,0,0
44555,356,356,2.518722,125816,0,0
44655,357,357,2.509341,125916,0,0
44755,358,358,2.509341,126016,0,0
44854,359,359,2.542173,126116,0,0
44955,360,360,2.495270,126216,0,0
45051,361,361,2.499960,126316,0,0
45150,362,362,2.509341,126416,0,0
45250,363,363,2.509341,126516,0,0
45350,364,364,2.504651,126616,0,0
45450,365,365,2.504651,126716,0,0
45550,366,366,2.509341,126816,0,0
45650,367,367,2.499960,126916,0,0
45750,368,368,2.509341,127016,0,0
45850,369,369,2.504651,127116,0,0
45953,370,370,2.495270,127216,0,0
46050,371,371,2.495270,127316,0,0
46150,372,372,2.462437,127416,0,0
46250,373,373,2.490579,127516,0,0
46350,374,374,2.481199,127616,0,0
46450,375,375,2.490579,127716,0,0
46550,376,376,2.504651,127816,0,0
46650,377,377,2.518722,127916,0,0
46750,378,378,2.481199,128016,0,0
46850,379,379,2.504651,128116,0,0
46950,380,380,2.504651,128216,0,0
47050,381,381,2.509341,128316,0,0
47150,382,382,2.509341,128416,0,0
47250,383,383,2.504651,128516,0,0
47350,384,384,2.485889,128616,0,0
47450,385,385,2.481199,128716,0,0
47550,386,386,2.457747,128816,0,0
47650,387,387,2.481199,128916,0,0
47750,388,388,2.495270,129016,0,0
47850,389,389,2.467128,129116,0,0
47950,390,390,2.471818,129216,0,0
48050,391,391,2.481199,129316,0,0
48150,392,392,2.471818,129416,0,0
48250,393,393,2.476508,129516,0,0
48350,394,394,2.438986,129616,0,0
48450,395,395,2.457747,129716,0,0
48550,396,396,2.481199,129816,0,0
48650,397,397,2.462437,129916,0,0
48750,398,398,2.462437,130016,0,0
48850,399,399,2.415534,130116,0,0
48950,400,400,2.434295,130216,0,0
49050,401,401,2.457747,130316,0,0
49150,402,402,2.410843,130416,0,0
49250,403,403,2.429605,130516,0,0
49350,404,404,2.471818,130616,0,0
49450,405,405,2.438986,130717,0,0
49550,406,406,2.434295,130817,0,0
49650,407,407,2.434295,130917,0,0
49750,408,408,2.434295,131017,0,0
49850,409,409,2.434295,131117,0,0
49950,410,410,2.434295,131217,0,0
50050,411,411,2.438986,131317,0,0
50150,412,412,2.448366,131417,0,0
50250,413,413,2.462437,131517,0,0
50350,414,414,2.443676,131617,0,0
50450,415,415,2.448366,131717,0,0
50550,416,416,2.457747,131817,0,0
50650,417,417,2.471818,131917,0,0
50750,418,418,2.476508,132017,0,0
50850,419,419,2.467128,132117,0,0
50950,420,420,2.462437,132217,0,0
51050,421,421,2.509341,132317,0,0
51150,422,422,2.485889,132417,0,0
51250,423,423,2.448366,132517,0,0
51350,424,424,2.481199,132617,0,0
51450,425,425,2.462437,132717,0,0
51550,426,426,2.495270,132817,0,0
51650,427,427,2.462437,132917,0,0
51750,428,428,2.485889,133017,0,0
51850,429,429,2.509341,133117,0,0
51950,430,430,2.490579,133217,0,0
52050,431,431,2.490579,133317,0,0
52150,432,432,2.542173,133417,0,0
52250,433,433,2.514031,133517,0,0
52350,434,434,2.523412,133617,0,0
52450,435,435,2.504651,133717,0,0
52550,436,436,2.528102,133817,0,0
52650,437,437,2.509341,133917,0,0
52750,438,438,2.518722,134017,0,0
52850,439,439,2.528102,134117,0,0
52950,440,440,2.481199,134217,0,0
53050,441,441,2.537483,134317,0,0
53150,442,442,2.481199,134417,0,0
53250,443,443,2.499960,134517,0,0
53350,444,444,2.518722,134617,0,0
53450,445,445,2.532793,134717,0,0
53550,446,446,2.471818,134817,0,0
53650,447,447,2.481199,134917,0,0
53750,448,448,2.542173,135017,0,0
53850,449,449,2.490579,135117,0,0
53950,450,450,2.537483,135217,0,0
54050,451,451,2.462437,135317,0,0
54150,452,452,2.485889,135417,0,0
54250,453,453,2.485889,135517,0,0
54350,454,454,2.434295,135617,0,0
54450,455,455,2.448366,135717,0,0
54550,456,456,2.415534,135817,0,0
54652,457,457,2.453057,135917,0,0
54750,458,458,2.443676,136017,0,0
54852,459,459,2.438986,136117,0,0
54950,460,460,2.434295,136217,0,0
55050,461,461,2.434295,136317,0,0
55150,462,462,2.429605,136417,0,0
55250,463,463,2.396772,136517,0,0
55350,464,464,2.424915,136617,0,0
55455,465,465,2.457747,136717,0,0
55553,466,466,2.462437,136817,0,0
55650,467,467,2.457747,136917,0,0
55750,468,468,2.424915,137017,0,0
55850,469,469,2.457747,137117,0,0
55950,470,470,2.453057,137217,0,0
56050,471,471,2.438986,137317,0,0
56150,472,472,2.448366,137417,0,0
56250,473,473,2.429605,137517,0,0
56350,474,474,2.415534,137617,0,0
56450,475,475,2.453057,137717,0,0
56550,476,476,2.420224,137817,0,0
56650,477,477,2.434295,137917,0,0
56750,478,478,2.429605,138017,0,0
56850,479,479,2.438986,138117,0,0
56950,480,480,2.476508,138217,0,0
57050,481,481,2.438986,138317,0,0
57150,482,482,2.471818,138417,0,0
57253,483,483,2.471818,138517,0,0
57350,484,484,2.467128,138617,0,0
57450,485,485,2.429605,138717,0,0
57550,486,486,2.448366,138817,0,0
57650,487,487,2.467128,138917,0,0
57750,488,488,2.462437,139017,0,0
57850,489,489,2.523412,139117,0,0
57950,490,490,2.490579,139217,0,0
58050,491,491,2.457747,139317,0,0
58150,492,492,2.528102,139417,0,0
58250,493,493,2.542173,139517,0,0
58350,494,494,2.532793,139617,0,0
58450,495,495,2.532793,139717,0,0
58550,496,496,2.542173,139817,0,0
58650,497,497,2.481199,139917,0,0
58750,498,498,2.532793,140017,0,0
58850,499,499,2.518722,140117,0,0
67509,500,0,3.986803,148777,0,0
67609,501,1,3.944590,148877,0,0
67709,502,2,3.907067,148977,0,0
67809,503,3,3.958661,149077,0,0
67909,504,4,3.972732,149177,0,0
68009,505,5,4.019636,149277,0,0
68109,506,6,3.968042,149377,0,0
68209,507,7,4.000874,149477,0,0
68309,508,8,4.024326,149577,0,0
68409,509,9,4.014945,149677,0,0
68509,510,10,4.010255,149777,0,0
68609,511,11,4.005565,149877,0,0
68709,512,12,3.996184,149977,0,0
68809,513,13,3.977423,150077,0,0
68909,514,14,4.000874,150177,0,0
69009,515,15,4.000874,150277,0,0
69109,516,16,3.977423,150377,0,0
69209,517,17,3.972732,150477,0,0
69309,518,18,4.019636,150577,0,0
69409,519,19,3.930519,150677,0,0
69509,520,20,3.953971,150777,0,0
69609,521,21,4.029017,150877,0,0
69709,522,22,4.047778,150977,0,0
69809,523,23,4.057159,151077,0,0
69909,524,24,4.066539,151177,0,0
70009,525,25,4.019636,151277,0,0
70109,526,26,4.052468,151377,0,0
70209,527,27,4.000874,151477,0,0
70309,528,28,4.043088,151577,0,0
70409,529,29,4.066539,151677,0,0
70509,530,30,4.061849,151777,0,0
70609,531,31,4.057159,151877,0,0
70709,532,32,4.038397,151977,0,0
70809,533,33,4.038397,152077,0,0
70909,534,34,4.024326,152177,0,0
71009,535,35,4.005565,152277,0,0
71109,536,36,4.043088,152377,0,0
71209,537,37,4.066539,152477,0,0
71310,538,38,4.024326,152577,0,0
71412,539,39,4.071230,152677,0,0
71510,540,40,4.075920,152777,0,0
71609,541,41,4.061849,152877,0,0
71709,542,42,4.057159,152977,0,0
71809,543,43,4.085301,153077,0,0
71909,544,44,4.057159,153177,0,0
72009,545,45,4.024326,153277,0,0
72109,546,46,4.038397,153377,0,0
72209,547,47,4.057159,153477,0,0
72309,548,48,4.047778,153577,0,0
72409,549,49,4.038397,153677,0,0
72509,550,50,4.029017,153777,0,0
72609,551,51,4.033707,153877,0,0
72709,552,52,4.043088,153977,0,0
72809,553,53,4.033707,154077,0,0
72909,554,54,4.033707,154177,0,0
73009,555,55,4.038397,154277,0,0
73109,556,56,4.057159,154377,0,0
73209,557,57,4.052468,154477,0,0
73309,558,58,4.052468,154577,0,0
73409,559,59,4.047778,154677,0,0
73509,560,60,4.061849,154777,0,0
73609,561,61,4.043088,154877,0,0
73709,562,62,4.024326,154977,0,0
73809,563,63,4.038397,155077,0,0
73909,564,64,4.024326,155177,0,0
74009,565,65,4.010255,155277,0,0
74109,566,66,4.033707,155377,0,0
74209,567,67,4.038397,155477,0,0
74409,568,68,4.057159,155677,0,0
74509,569,69,4.043088,155777,0,0
74609,570,70,4.080610,155877,0,0
74709,571,71,4.038397,155977,0,0
74809,572,72,4.085301,156077,0,0
74909,573,73,4.043088,156177,0,0
75009,574,74,4.047778,156277,0,0
75109,575,75,4.061849,156377,0,0
75209,576,76,4.047778,156477,0,0
75309,577,77,4.057159,156577,0,0
75409,578,78,4.033707,156677,0,0
75509,579,79,4.038397,156777,0,0
75609,580,80,4.057159,156877,0,0
75709,581,81,4.043088,156977,0,0
75809,582,82,4.043088,157077,0,0
75909,583,83,4.043088,157177,0,0
76009,584,84,4.043088,157277,0,0
76109,585,85,4.038397,157377,0,0
76209,586,86,4.043088,157477,0,0
76309,587,87,4.052468,157577,0,0
76409,588,88,4.057159,157677,0,0
76510,589,89,4.057159,157777,0,0
76609,590,90,4.066539,157877,0,0
76709,591,91,4.038397,157977,0,0
76809,592,92,4.047778,158077,0,0
76909,593,93,4.057159,158177,0,0
77009,594,94,4.047778,158277,0,0
77109,595,95,4.061849,158377,0,0
77209,596,96,4.033707,158477,0,0
77309,597,97,4.033707,158577,0,0
77409,598,98,4.024326,158677,0,0
77509,599,99,4.043088,158777,0,0
77609,600,100,4.043088,158877,0,0
77709,601,101,4.038397,158977,0,0
77809,602,102,4.019636,159077,0,0
77909,603,103,4.019636,159177,0,0
78009,604,104,4.019636,159277,0,0
78109,605,105,4.010255,159377,0,0
78209,606,106,4.010255,159477,0,0
78309,607,107,4.014945,159577,0,0
78409,608,108,4.024326,159677,0,0
78509,609,109,4.038397,159777,0,0
78609,610,110,4.005565,159877,0,0
78709,611,111,4.057159,159977,0,0
78809,612,112,4.014945,160077,0,0
78909,613,113,4.029017,160177,0,0
79009,614,114,4.043088,160277,0,0
79109,615,115,4.038397,160377,0,0
79209,616,116,4.014945,160477,0,0
79309,617,117,4.019636,160577,0,0
79409,618,118,4.024326,160677,0,0
79509,619,119,4.019636,160777,0,0
79609,620,120,4.010255,160877,0,0
79709,621,121,4.038397,160977,0,0
79809,622,122,4.038397,161077,0,0
79909,623,123,4.033707,161177,0,0
80009,624,124,4.047778,161277,0,0
80109,625,125,4.047778,161377,0,0
80210,626,126,4.071230,161477,0,0
80309,627,127,4.033707,161577,0,0
80415,628,128,4.029017,161677,0,0
80515,629,129,4.029017,161777,0,0
80613,630,130,4.047778,161877,0,0
80714,631,131,4.029017,161977,0,0
80824,632,132,4.010255,162077,0,0
80912,633,133,4.057159,162177,0,0
81013,634,134,4.033707,162277,0,0
81113,635,135,4.024326,162377,0,0
81216,636,136,4.038397,162477,0,0
81314,637,137,4.047778,162577,0,0
81415,638,138,4.052468,162677,0,0
81515,639,139,4.052468,162777,0,0
81615,640,140,4.043088,162877,0,0
81716,641,141,4.029017,162977,0,0
81816,642,142,4.038397,163077,0,0
81918,643,143,4.033707,163177,0,0
82013,644,144,4.024326,163277,0,0
82114,645,145,4.019636,163377,0,0
82216,646,146,4.019636,163477,0,0
82315,647,147,4.029017,163577,0,0
82415,648,148,4.038397,163677,0,0
82516,649,149,4.071230,163777,0,0
82613,650,150,4.047778,163877,0,0
82712,651,151,4.057159,163977,0,0
82814,652,152,4.033707,164077,0,0
82915,653,153,4.094682,164177,0,0
83015,654,154,4.047778,164277,0,0
83116,655,155,4.094682,164377,0,0
83218,656,156,4.052468,164477,0,0
83316,657,157,4.075920,164577,0,0
83415,658,158,4.061849,164677,0,0
83515,659,159,4.047778,164777,0,0
83615,660,160,4.066539,164877,0,0
83715,661,161,4.066539,164977,0,0
83815,662,162,4.113443,165077,0,0
83915,663,163,4.071230,165177,0,0
84016,664,164,4.061849,165277,0,0
84113,665,165,4.104062,165377,0,0
84210,666,166,4.057159,165477,0,0
84316,667,167,4.038397,165577,0,0
84409,668,168,4.047778,165677,0,0
84515,669,169,4.033707,165777,0,0
84615,670,170,4.043088,165877,0,0
84715,671,171,4.057159,165977,0,0
84815,672,172,4.071230,166077,0,0
84914,673,173,4.038397,166177,0,0
85016,674,174,4.061849,166277,0,0
85109,675,175,4.066539,166377,0,0
85209,676,176,4.047778,166477,0,0
85309,677,177,4.052468,166577,0,0
85409,678,178,4.033707,166677,0,0
85509,679,179,4.047778,166777,0,0
85609,680,180,4.019636,166877,0,0
85709,681,181,4.029017,166977,0,0
85809,682,182,4.047778,167077,0,0
85909,683,183,4.043088,167177,0,0
86009,684,184,4.061849,167277,0,0
86109,685,185,4.057159,167377,0,0
86209,686,186,4.019636,167477,0,0
86309,687,187,4.043088,167577,0,0
86409,688,188,4.057159,167677,0,0
86509,689,189,4.057159,167777,0,0
86609,690,190,4.052468,167877,0,0
86709,691,191,4.033707,167977,0,0
86809,692,192,4.038397,168077,0,0
86909,693,193,4.052468,168177,0,0
87010,694,194,4.043088,168277,0,0
87112,695,195,4.057159,168377,0,0
87223,696,196,4.038397,168478,0,0
87316,697,197,4.061849,168578,0,0
87416,698,198,4.043088,168678,0,0
87517,699,199,4.052468,168778,0,0
87616,700,200,4.047778,168878,0,0
87713,701,201,4.024326,168978,0,0
87813,702,202,4.038397,169078,0,0
87924,703,203,4.057159,169178,0,0
88023,704,204,4.019636,169278,0,0
88124,705,205,4.075920,169378,0,0
88224,706,206,4.052468,169478,0,0
88317,707,207,4.052468,169578,0,0
88415,708,208,4.047778,169678,0,0
88514,709,209,4.043088,169778,0,0
88624,710,210,4.066539,169878,0,0
88723,711,211,4.057159,169978,0,0
88816,712,212,4.080610,170078,0,0
88916,713,213,4.057159,170178,0,0
89014,714,214,4.066539,170278,0,0
89117,715,215,4.075920,170378,0,0
89215,716,216,4.080610,170478,0,0
89317,717,217,4.080610,170578,0,0
89415,718,218,4.071230,170678,0,0
89524,719,219,4.038397,170778,0,0
89624,720,220,4.029017,170878,0,0
89717,721,221,4.033707,170978,0,0
89825,722,222,4.057159,171078,0,0
89914,723,223,4.033707,171178,0,0
90024,724,224,4.019636,171278,0,0
90109,725,225,4.019636,171378,0,0
90209,726,226,4.029017,171478,0,0
90309,727,227,4.033707,171578,0,0
90409,728,228,4.019636,171678,0,0
90509,729,229,4.043088,171778,0,0
90609,730,230,4.052468,171878,0,0
90709,731,231,4.066539,171978,0,0
90809,732,232,4.052468,172078,0,0
90909,733,233,4.057159,172178,0,0
91009,734,234,4.019636,172278,0,0
91109,735,235,4.024326,172378,0,0
91209,736,236,4.043088,172478,0,0
91309,737,237,4.029017,172578,0,0
91409,738,238,4.057159,172678,0,0
91509,739,239,4.029017,172778,0,0
91609,740,240,4.024326,172878,0,0
91709,741,241,4.047778,172978,0,0
91809,742,242,4.005565,173078,0,0
91909,743,243,4.029017,173178,0,0
92010,744,244,4.019636,173278,0,0
92109,745,245,4.029017,173378,0,0
92209,746,246,4.061849,173478,0,0
92309,747,247,4.085301,173578,0,0
92409,748,248,4.033707,173678,0,0
92509,749,249,4.024326,173778,0,0
92609,750,250,4.071230,173878,0,0
92709,751,251,4.043088,173978,0,0
92809,752,252,4.043088,174078,0,0
92909,753,253,4.014945,174178,0,0
93009,754,254,4.033707,174278,0,0
93109,755,255,4.038397,174378,0,0
93209,756,256,4.029017,174478,0,0
93309,757,257,4.052468,174578,0,0
93409,758,258,4.057159,174678,0,0
93509,759,259,4.071230,174778,0,0
93609,760,260,4.071230,174878,0,0
93709,761,261,4.043088,174978,0,0
93809,762,262,4.071230,175078,0,0
93909,763,263,4.038397,175178,0,0
94009,764,264,4.014945,175278,0,0
94109,765,265,4.024326,175378,0,0
94209,766,266,4.029017,175478,0,0
94310,767,267,4.019636,175578,0,0
94409,768,268,3.996184,175678,0,0
94509,769,269,4.014945,175778,0,0
94609,770,270,3.982113,175878,0,0
94709,771,271,4.000874,175978,0,0
94809,772,272,3.982113,176078,0,0
94909,773,273,4.024326,176178,0,0
95009,774,274,4.019636,176278,0,0
95109,775,275,4.014945,176378,0,0
95209,776,276,3.996184,176478,0,0
95309,777,277,4.010255,176578,0,0
95409,778,278,3.986803,176678,0,0
95509,779,279,4.000874,176778,0,0
95609,780,280,3.986803,176878,0,0
95709,781,281,4.000874,176978,0,0
95809,782,282,3.996184,177078,0,0
95909,783,283,3.996184,177178,0,0
96009,784,284,3.996184,177278,0,0
96109,785,285,4.000874,177378,0,0
96216,786,286,4.024326,177478,0,0
96324,787,287,4.043088,177578,0,0
96416,788,288,4.029017,177678,0,0
96514,789,289,4.029017,177778,0,0
96616,790,290,4.029017,177878,0,0
96724,791,291,4.061849,177978,0,0
96817,792,292,4.000874,178078,0,0
96917,793,293,4.094682,178178,0,0
97013,794,294,4.080610,178278,0,0
97111,795,295,4.089991,178378,0,0
97209,796,296,4.066539,178478,0,0
97309,797,297,4.038397,178578,0,0
97409,798,298,4.029017,178678,0,0
97509,799,299,4.080610,178778,0,0
97610,800,300,4.071230,178878,0,0
97709,801,301,4.094682,178978,0,0
97809,802,302,4.104062,179078,0,0
97909,803,303,4.094682,179178,0,0
98009,804,304,4.066539,179278,0,0
98109,805,305,4.104062,179378,0,0
98209,806,306,4.089991,179478,0,0
98309,807,307,4.104062,179578,0,0
98409,808,308,4.094682,179678,0,0
98509,809,309,4.080610,179778,0,0
98609,810,310,4.104062,179878,0,0
98709,811,311,4.113443,179978,0,0
98809,812,312,4.113443,180078,0,0
98909,813,313,4.089991,180178,0,0
99009,814,314,4.108753,180278,0,0
99109,815,315,4.099372,180378,0,0
99209,816,316,4.066539,180478,0,0
99309,817,317,4.089991,180578,0,0
99409,818,318,4.061849,180678,0,0
99509,819,319,4.071230,180778,0,0
99609,819,319,4.061849,180878,0,0
99709,820,320,4.066539,180978,0,0
99809,821,321,4.057159,181078,0,0
99909,822,322,4.071230,181178,0,0
100009,823,323,4.075920,181278,0,0
100109,824,324,4.071230,181378,0,0
100209,825,325,4.108753,181478,0,0
100309,826,326,4.057159,181578,0,0
100409,827,327,4.080610,181678,0,0
100509,828,328,4.080610,181778,0,0
100609,829,329,4.080610,181878,0,0
100709,830,330,4.080610,181978,0,0
100809,831,331,4.085301,182078,0,0
100909,832,332,4.094682,182178,0,0
101009,833,333,4.122824,182278,0,0
101109,834,334,4.099372,182378,0,0
101209,835,335,4.108753,182478,0,0
101309,836,336,4.099372,182578,0,0
101409,837,337,4.132204,182678,0,0
101509,838,338,4.146275,182778,0,0
101609,839,339,4.160347,182878,0,0
101709,840,340,4.174418,182978,0,0
101809,841,341,4.165037,183078,0,0
101909,842,342,4.118133,183178,0,0
102009,843,343,4.132204,183278,0,0
102109,844,344,4.136895,183378,0,0
102209,845,345,4.146275,183478,0,0
102309,846,346,4.136895,183578,0,0
102409,847,347,4.108753,183678,0,0
102509,848,348,4.104062,183778,0,0
102609,849,349,4.080610,183878,0,0
102709,850,350,4.057159,183978,0,0
102809,851,351,4.094682,184078,0,0
102909,852,352,4.057159,184178,0,0
103009,853,353,4.150966,184278,0,0
103109,854,354,4.108753,184378,0,0
103209,855,355,4.127514,184478,0,0
103309,856,356,4.108753,184578,0,0
103409,857,357,4.122824,184678,0,0
103509,858,358,4.146275,184778,0,0
103609,859,359,4.141585,184878,0,0
103709,860,360,4.118133,184978,0,0
103809,861,361,4.141585,185078,0,0
103909,862,362,4.104062,185178,0,0
104009,863,363,4.099372,185278,0,0
104109,863,363,4.099372,185378,0,0
104209,864,364,4.071230,185478,0,0
104309,865,365,4.089991,185578,0,0
104409,866,366,4.061849,185678,0,0
104509,867,367,4.085301,185778,0,0
104609,868,368,4.075920,185878,0,0
104709,869,369,4.085301,185978,0,0
104809,870,370,4.075920,186078,0,0
104909,871,371,4.033707,186178,0,0
105009,872,372,3.996184,186278,0,0
105109,873,373,4.033707,186378,0,0
105209,874,374,4.043088,186478,0,0
105309,875,375,4.024326,186578,0,0
105409,876,376,4.019636,186678,0,0
105509,877,377,4.047778,186778,0,0
105609,878,378,4.019636,186878,0,0
105709,879,379,4.005565,186978,0,0
105809,880,380,4.000874,187078,0,0
105909,881,381,4.005565,187178,0,0
106009,882,382,3.996184,187278,0,0
106109,883,383,4.024326,187378,0,0
106209,884,384,4.038397,187478,0,0
106309,885,385,4.019636,187578,0,0
106409,886,386,4.047778,187678,0,0
106509,887,387,4.038397,187778,0,0
106609,888,388,4.061849,187878,0,0
106709,889,389,4.047778,187978,0,0
106809,890,390,4.052468,188078,0,0
106909,891,391,4.043088,188178,0,0
107009,892,392,4.047778,188278,0,0
107109,893,393,4.061849,188378,0,0
107209,894,394,4.043088,188478,0,0
107309,895,395,4.043088,188578,0,0
107409,896,396,4.038397,188678,0,0
107509,897,397,4.014945,188778,0,0
107609,898,398,4.071230,188878,0,0
107709,899,399,4.085301,188978,0,0
107809,900,400,4.080610,189078,0,0
107909,901,401,4.085301,189178,0,0
108009,902,402,4.066539,189278,0,0
108109,903,403,4.061849,189378,0,0
108209,904,404,4.057159,189478,0,0
108309,905,405,4.057159,189578,0,0
108409,906,406,4.080610,189678,0,0
108509,907,407,4.080610,189778,0,0
108609,908,408,4.113443,189878,0,0
108709,909,409,4.127514,189978,0,0
108809,910,410,4.080610,190078,0,0
108909,911,411,4.132204,190178,0,0
109009,912,412,4.099372,190278,0,0
109109,913,413,4.108753,190378,0,0
109209,914,414,4.104062,190478,0,0
109309,915,415,4.122824,190578,0,0
109409,916,416,4.080610,190678,0,0
109509,917,417,4.122824,190778,0,0
109609,918,418,4.174418,190878,0,0
109709,919,419,4.141585,190978,0,0
109809,920,420,4.136895,191078,0,0
109909,921,421,4.127514,191178,0,0
110009,922,422,4.122824,191278,0,0
110109,923,423,4.122824,191378,0,0
110209,924,424,4.089991,191478,0,0
110309,925,425,4.146275,191578,0,0
110409,926,426,4.169727,191678,0,0
110509,927,427,4.179108,191778,0,0
110609,928,428,4.146275,191878,0,0
110709,929,429,4.183798,191978,0,0
110809,930,430,4.071230,192078,0,0
110909,931,431,4.094682,192178,0,0
111009,932,432,4.136895,192278,0,0
111109,933,433,4.113443,192378,0,0
111209,934,434,4.155656,192478,0,0
111309,935,435,4.169727,192578,0,0
111409,936,436,4.183798,192678,0,0
111509,937,437,4.155656,192778,0,0
111609,938,438,4.099372,192878,0,0
111709,939,439,4.099372,192978,0,0
111809,940,440,4.099372,193078,0,0
111909,941,441,4.089991,193178,0,0
112009,942,442,4.132204,193278,0,0
112109,943,443,4.099372,193378,0,0
112209,944,444,4.122824,193478,0,0
112309,945,445,4.122824,193578,0,0
112409,946,446,4.155656,193678,0,0
112509,947,447,4.132204,193778,0,0
112609,948,448,4.127514,193878,0,0
112709,949,449,4.099372,193978,0,0
112809,950,450,4.094682,194078,0,0
112909,951,451,4.113443,194178,0,0
113009,952,452,4.136895,194278,0,0
113109,953,453,4.150966,194378,0,0
113209,954,454,4.132204,194478,0,0
113309,955,455,4.089991,194578,0,0
113409,956,456,4.075920,194678,0,0
113509,957,457,4.075920,194778,0,0
113609,958,458,4.080610,194878,0,0
113709,959,459,4.094682,194978,0,0
113809,960,460,4.057159,195078,0,0
113909,961,461,4.122824,195178,0,0
114009,962,462,4.141585,195278,0,0
114109,963,463,4.071230,195378,0,0
114209,964,464,4.047778,195479,0,0
114309,965,465,4.066539,195579,0,0
114409,966,466,4.085301,195679,0,0
114509,967,467,4.122824,195779,0,0
114609,968,468,4.089991,195879,0,0
114709,969,469,4.061849,195979,0,0
114809,970,470,4.075920,196079,0,0
114909,971,471,4.085301,196179,0,0
115009,972,472,4.057159,196279,0,0
115109,973,473,4.071230,196379,0,0
115209,974,474,4.075920,196479,0,0
115309,975,475,4.085301,196579,0,0
115409,976,476,4.071230,196679,0,0
115509,977,477,4.066539,196779,0,0
115609,978,478,4.085301,196879,0,0
115709,979,479,4.066539,196979,0,0
115809,980,480,4.183798,197079,0,0
115909,981,481,4.104062,197179,0,0
116009,982,482,4.118133,197279,0,0
116109,983,483,4.183798,197379,0,0
116209,984,484,4.085301,197479,0,0
116309,985,485,4.113443,197579,0,0
116409,986,486,4.174418,197679,0,0
116509,987,487,4.150966,197779,0,0
116609,988,488,4.160347,197879,0,0
116709,989,489,4.202560,197979,0,0
116809,990,490,4.183798,198079,0,0
116909,991,491,4.141585,198179,0,0
117009,992,492,4.094682,198279,0,0
117109,993,493,4.169727,198379,0,0
117209,994,494,4.127514,198479,0,0
117309,995,495,4.075920,198579,0,0
117409,996,496,4.071230,198679,0,0
117509,997,497,4.071230,198779,0,0
117609,998,498,4.071230,198879,0,0
117709,999,499,4.071230,198979,0,0
125646,1000,0,2.387392,206913,0,0
125747,1001,1,2.335798,207013,0,0
125848,1002,2,2.345178,207113,0,0
125948,1003,3,2.288894,207213,0,0
126048,1004,4,2.321727,207313,0,0
126144,1005,5,2.345178,207413,0,0
126247,1006,6,2.331107,207513,0,0
126348,1007,7,2.359250,207613,0,0
126445,1008,8,2.335798,207713,0,0
126545,1009,9,2.331107,207813,0,0
126648,1010,10,2.326417,207913,0,0
126746,1011,11,2.359250,208013,0,0
126847,1012,12,2.335798,208113,0,0
126946,1013,13,2.363940,208213,0,0
127044,1014,14,2.340488,208313,0,0
127143,1015,15,2.321727,208413,0,0
127246,1016,16,2.335798,208513,0,0
127354,1017,17,2.331107,208613,0,0
127448,1018,18,2.326417,208713,0,0
127544,1019,19,2.326417,208813,0,0
127645,1020,20,2.345178,208913,0,0
127744,1021,21,2.349869,209013,0,0
127844,1022,22,2.345178,209113,0,0
127944,1023,23,2.293585,209213,0,0
128044,1024,24,2.359250,209313,0,0
128144,1025,25,2.359250,209413,0,0
128243,1026,26,2.378011,209513,0,0
128343,1027,27,2.434295,209613,0,0
128445,1028,28,2.401463,209713,0,0
128544,1029,29,2.373321,209813,0,0
128643,1030,30,2.415534,209913,0,0
128743,1031,31,2.471818,210013,0,0
128843,1032,32,2.556244,210113,0,0
128943,1033,33,2.368630,210213,0,0
129043,1034,34,2.378011,210313,0,0
129143,1035,35,2.438986,210413,0,0
129243,1036,36,2.434295,210513,0,0
129343,1037,37,2.453057,210613,0,0
129443,1038,38,2.462437,210713,0,0
129543,1039,39,2.406153,210813,0,0
129643,1040,40,2.453057,210913,0,0
129743,1041,41,2.410843,211013,0,0
129843,1042,42,2.406153,211113,0,0
129943,1043,43,2.410843,211213,0,0
130043,1044,44,2.406153,211313,0,0
130143,1045,45,2.424915,211413,0,0
130243,1046,46,2.453057,211513,0,0
130343,1047,47,2.410843,211613,0,0
130443,1048,48,2.434295,211713,0,0
130543,1049,49,2.424915,211813,0,0
130643,1050,50,2.410843,211913,0,0
130743,1051,51,2.467128,212013,0,0
130843,1052,52,2.509341,212113,0,0
130943,1053,53,2.406153,212213,0,0
131043,1054,54,2.368630,212313,0,0
131143,1055,55,2.359250,212413,0,0
131243,1056,56,2.401463,212513,0,0
131343,1057,57,2.359250,212613,0,0
131443,1058,58,2.387392,212713,0,0
131543,1059,59,2.410843,212813,0,0
131643,1060,60,2.368630,212913,0,0
131743,1061,61,2.363940,213013,0,0
131843,1062,62,2.368630,213113,0,0
131943,1063,63,2.368630,213213,0,0
132043,1064,64,2.349869,213313,0,0
132143,1065,65,2.359250,213413,0,0
132244,1066,66,2.373321,213513,0,0
132343,1067,67,2.354559,213613,0,0
132443,1068,68,2.363940,213713,0,0
132543,1069,69,2.359250,213813,0,0
132643,1070,70,2.359250,213913,0,0
132743,1071,71,2.387392,214013,0,0
132843,1072,72,2.378011,214113,0,0
132943,1073,73,2.373321,214213,0,0
133043,1074,74,2.378011,214313,0,0
133143,1075,75,2.368630,214413,0,0
133243,1076,76,2.368630,214513,0,0
133342,1077,77,2.345178,214613,0,0
133443,1078,78,2.359250,214713,0,0
133543,1079,79,2.359250,214813,0,0
133643,1080,80,2.354559,214913,0,0
133743,1081,81,2.354559,215013,0,0
133843,1082,82,2.368630,215113,0,0
133943,1083,83,2.382701,215213,0,0
134043,1084,84,2.387392,215313,0,0
134143,1085,85,2.396772,215413,0,0
134242,1086,86,2.406153,215513,0,0
134342,1087,87,2.410843,215613,0,0
134442,1088,88,2.387392,215713,0,0
134543,1089,89,2.387392,215813,0,0
134643,1090,90,2.457747,215913,0,0
134743,1091,91,2.448366,216013,0,0
134843,1092,92,2.438986,216113,0,0
134943,1093,93,2.438986,216213,0,0
135043,1094,94,2.406153,216313,0,0
135143,1095,95,2.387392,216413,0,0
135243,1096,96,2.415534,216513,0,0
135343,1097,97,2.429605,216613,0,0
135443,1098,98,2.396772,216713,0,0
135543,1099,99,2.406153,216813,0,0
135643,1100,100,2.443676,216913,0,0
135743,1101,101,2.396772,217013,0,0
135843,1102,102,2.382701,217113,0,0
135943,1103,103,2.396772,217213,0,0
136043,1104,104,2.396772,217313,0,0
136143,1105,105,2.410843,217413,0,0
136243,1106,106,2.378011,217513,0,0
136343,1107,107,2.387392,217613,0,0
136443,1108,108,2.373321,217713,0,0
136543,1109,109,2.392082,217813,0,0
136643,1110,110,2.396772,217913,0,0
136743,1111,111,2.382701,218013,0,0
136843,1112,112,2.392082,218113,0,0
136943,1113,113,2.378011,218213,0,0
137043,1114,114,2.396772,218313,0,0
137143,1115,115,2.373321,218413,0,0
137243,1116,116,2.410843,218513,0,0
137343,1117,117,2.415534,218613,0,0
137443,1118,118,2.378011,218714,0,0
137542,1119,119,2.392082,218814,0,0
137642,1120,120,2.382701,218914,0,0
137743,1121,121,2.396772,219014,0,0
137843,1122,122,2.363940,219114,0,0
137943,1123,123,2.340488,219214,0,0
138043,1124,124,2.345178,219314,0,0
138143,1125,125,2.363940,219414,0,0
138243,1126,126,2.363940,219514,0,0
138343,1127,127,2.349869,219614,0,0
138443,1128,128,2.363940,219714,0,0
138543,1129,129,2.363940,219814,0,0
138642,1130,130,2.354559,219914,0,0
138743,1131,131,2.354559,220014,0,0
138843,1132,132,2.359250,220114,0,0
138943,1133,133,2.354559,220214,0,0
139043,1134,134,2.354559,220314,0,0
139143,1135,135,2.382701,220414,0,0
139243,1136,136,2.363940,220514,0,0
139346,1137,137,2.359250,220614,0,0
139446,1138,138,2.368630,220714,0,0
139546,1139,139,2.363940,220814,0,0
139647,1140,140,2.382701,220914,0,0
139748,1141,141,2.410843,221014,0,0
139846,1142,142,2.401463,221114,0,0
139946,1143,143,2.378011,221214,0,0
140044,1144,144,2.378011,221314,0,0
140146,1145,145,2.378011,221414,0,0
140246,1146,146,2.382701,221514,0,0
140347,1147,147,2.392082,221614,0,0
140452,1148,148,2.415534,221714,0,0
140546,1149,149,2.373321,221814,0,0
140646,1150,150,2.406153,221914,0,0
140747,1151,151,2.382701,222014,0,0
140846,1152,152,2.396772,222114,0,0
140952,1153,153,2.410843,222214,0,0
141045,1154,154,2.382701,222314,0,0
141146,1155,155,2.401463,222414,0,0
141253,1156,156,2.401463,222514,0,0
141346,1157,157,2.378011,222614,0,0
141447,1158,158,2.378011,222714,0,0
141548,1159,159,2.392082,222814,0,0
141647,1160,160,2.373321,222914,0,0
141745,1161,161,2.382701,223014,0,0
141847,1162,162,2.401463,223114,0,0
141947,1163,163,2.387392,223214,0,0
142047,1164,164,2.392082,223314,0,0
142147,1165,165,2.406153,223414,0,0
142247,1166,166,2.420224,223514,0,0
142346,1167,167,2.429605,223614,0,0
142447,1168,168,2.415534,223714,0,0
142547,1169,169,2.420224,223814,0,0
142656,1170,170,2.420224,223914,0,0
142754,1171,171,2.410843,224014,0,0
142847,1172,172,2.406153,224114,0,0
142955,1173,173,2.382701,224214,0,0
143053,1174,174,2.378011,224314,0,0
143147,1175,175,2.396772,224414,0,0
143253,1176,176,2.387392,224514,0,0
143347,1177,177,2.368630,224614,0,0
143446,1178,178,2.406153,224714,0,0
143547,1179,179,2.396772,224814,0,0
143646,1180,180,2.387392,224914,0,0
143747,1181,181,2.382701,225014,0,0
143846,1182,182,2.382701,225114,0,0
143946,1183,183,2.392082,225214,0,0
144052,1184,184,2.387392,225314,0,0
144146,1185,185,2.359250,225414,0,0
144247,1186,186,2.382701,225514,0,0
144344,1187,187,2.378011,225614,0,0
144455,1188,188,2.387392,225714,0,0
144545,1189,189,2.415534,225814,0,0
144644,1190,190,2.345178,225914,0,0
144753,1191,191,2.392082,226014,0,0
144844,1192,192,2.387392,226114,0,0
144944,1193,193,2.415534,226214,0,0
145055,1194,194,2.392082,226314,0,0
145155,1195,195,2.396772,226414,0,0
145244,1196,196,2.345178,226514,0,0
145354,1197,197,2.382701,226614,0,0
145447,1198,198,2.401463,226714,0,0
145546,1199,199,2.392082,226814,0,0
145654,1200,200,2.415534,226914,0,0
145747,1201,201,2.443676,227014,0,0
145846,1202,202,2.406153,227114,0,0
145946,1203,203,2.471818,227214,0,0
146046,1204,204,2.424915,227314,0,0
146147,1205,205,2.420224,227414,0,0
146255,1206,206,2.420224,227514,0,0
146346,1207,207,2.401463,227614,0,0
146446,1208,208,2.354559,227714,0,0
146546,1209,209,2.368630,227814,0,0
146646,1210,210,2.363940,227914,0,0
146746,1211,211,2.392082,228014,0,0
146847,1212,212,2.359250,228114,0,0
146953,1213,213,2.349869,228214,0,0
147047,1214,214,2.406153,228314,0,0
147146,1215,215,2.326417,228414,0,0
147247,1216,216,2.410843,228514,0,0
147346,1217,217,2.420224,228614,0,0
147446,1218,218,2.434295,228714,0,0
147544,1219,219,2.354559,228814,0,0
147645,1220,220,2.363940,228914,0,0
147744,1221,221,2.382701,229014,0,0
147846,1222,222,2.406153,229114,0,0
147955,1223,223,2.406153,229214,0,0
148046,1224,224,2.392082,229314,0,0
148147,1225,225,2.406153,229414,0,0
148245,1226,226,2.406153,229514,0,0
148347,1227,227,2.387392,229614,0,0
148446,1228,228,2.368630,229714,0,0
148546,1229,229,2.363940,229814,0,0
148647,1230,230,2.378011,229914,0,0
148747,1231,231,2.354559,230014,0,0
148847,1232,232,2.345178,230114,0,0
148946,1233,233,2.349869,230214,0,0
149052,1234,234,2.345178,230314,0,0
149146,1235,235,2.335798,230414,0,0
149246,1236,236,2.349869,230514,0,0
149342,1237,237,2.331107,230614,0,0
149442,1238,238,2.349869,230714,0,0
149542,1239,239,2.363940,230814,0,0
149642,1240,240,2.349869,230914,0,0
149747,1241,241,2.340488,231014,0,0
149855,1242,242,2.345178,231114,0,0
149946,1243,243,2.354559,231214,0,0
150046,1244,244,2.392082,231314,0,0
150146,1245,245,2.359250,231414,0,0
150246,1246,246,2.368630,231514,0,0
150354,1247,247,2.392082,231614,0,0
150446,1248,248,2.406153,231714,0,0
150554,1249,249,2.387392,231814,0,0
150653,1250,250,2.438986,231914,0,0
150755,1251,251,2.434295,232014,0,0
150855,1252,252,2.438986,232114,0,0
150954,1253,253,2.453057,232214,0,0
151053,1254,254,2.434295,232314,0,0
151154,1255,255,2.396772,232414,0,0
151253,1256,256,2.387392,232514,0,0
151347,1257,257,2.378011,232614,0,0
151453,1258,258,2.387392,232714,0,0
151553,1259,259,2.392082,232814,0,0
151651,1260,260,2.359250,232914,0,0
151755,1261,261,2.392082,233014,0,0
151846,1262,262,2.349869,233114,0,0
151946,1263,263,2.396772,233214,0,0
152044,1264,264,2.387392,233314,0,0
152146,1265,265,2.387392,233414,0,0
152254,1266,266,2.378011,233514,0,0
152354,1267,267,2.415534,233614,0,0
152445,1268,268,2.415534,233714,0,0
152554,1269,269,2.410843,233814,0,0
152646,1270,270,2.448366,233914,0,0
152755,1271,271,2.424915,234014,0,0
152846,1272,272,2.420224,234114,0,0
152954,1273,273,2.406153,234214,0,0
153053,1274,274,2.415534,234314,0,0
153146,1275,275,2.424915,234414,0,0
153253,1276,276,2.434295,234514,0,0
153345,1277,277,2.429605,234614,0,0
153454,1278,278,2.373321,234714,0,0
153546,1279,279,2.429605,234814,0,0
153647,1280,280,2.349869,234914,0,0
153743,1281,281,2.349869,235014,0,0
153843,1282,282,2.373321,235114,0,0
153943,1283,283,2.387392,235214,0,0
154042,1284,284,2.345178,235314,0,0
154143,1285,285,2.368630,235414,0,0
154242,1286,286,2.354559,235514,0,0
154342,1287,287,2.349869,235614,0,0
154442,1288,288,2.340488,235714,0,0
154542,1289,289,2.335798,235814,0,0
154642,1290,290,2.349869,235914,0,0
154742,1291,291,2.312346,236014,0,0
154842,1292,292,2.368630,236114,0,0
154942,1293,293,2.326417,236214,0,0
155042,1294,294,2.331107,236314,0,0
155142,1295,295,2.340488,236414,0,0
155242,1296,296,2.349869,236514,0,0
155342,1297,297,2.321727,236614,0,0
155442,1298,298,2.302965,236714,0,0
155542,1299,299,2.359250,236814,0,0
155642,1300,300,2.335798,236914,0,0
155742,1301,301,2.340488,237014,0,0
155842,1302,302,2.345178,237114,0,0
155942,1303,303,2.335798,237214,0,0
156042,1304,304,2.345178,237314,0,0
156142,1305,305,2.349869,237414,0,0
156242,1306,306,2.359250,237514,0,0
156343,1307,307,2.378011,237614,0,0
156442,1308,308,2.373321,237714,0,0
156542,1309,309,2.368630,237814,0,0
156642,1310,310,2.378011,237914,0,0
156742,1311,311,2.382701,238014,0,0
156842,1312,312,2.406153,238114,0,0
156942,1313,313,2.349869,238214,0,0
157042,1314,314,2.443676,238314,0,0
157142,1315,315,2.396772,238414,0,0
157246,1316,316,2.406153,238514,0,0
157355,1317,317,2.363940,238614,0,0
157445,1318,318,2.373321,238714,0,0
157553,1319,319,2.401463,238814,0,0
157646,1320,320,2.410843,238914,0,0
157754,1321,321,2.392082,239014,0,0
157845,1322,322,2.401463,239114,0,0
157954,1323,323,2.410843,239214,0,0
158046,1324,324,2.396772,239314,0,0
158145,1325,325,2.415534,239414,0,0
158246,1326,326,2.392082,239514,0,0
158354,1327,327,2.434295,239614,0,0
158444,1328,328,2.424915,239714,0,0
158546,1329,329,2.424915,239814,0,0
158644,1330,330,2.448366,239914,0,0
158753,1331,331,2.438986,240014,0,0
158844,1332,332,2.438986,240114,0,0
158946,1333,333,2.443676,240214,0,0
159046,1334,334,2.457747,240314,0,0
159154,1335,335,2.443676,240414,0,0
159247,1336,336,2.438986,240514,0,0
159343,1337,337,2.443676,240614,0,0
159443,1338,338,2.476508,240714,0,0
159543,1339,339,2.415534,240814,0,0
159643,1340,340,2.438986,240914,0,0
159743,1341,341,2.462437,241014,0,0
159846,1342,342,2.462437,241114,0,0
159943,1343,343,2.490579,241214,0,0
160042,1344,344,2.457747,241314,0,0
160149,1345,345,2.448366,241414,0,0
160244,1346,346,2.448366,241514,0,0
160343,1347,347,2.462437,241614,0,0
160445,1348,348,2.434295,241714,0,0
160544,1349,349,2.406153,241814,0,0
160644,1350,350,2.415534,241914,0,0
160744,1351,351,2.424915,242014,0,0
160843,1352,352,2.429605,242114,0,0
160943,1353,353,2.401463,242214,0,0
161043,1354,354,2.401463,242314,0,0
161143,1355,355,2.373321,242414,0,0
161243,1356,356,2.373321,242514,0,0
161343,1357,357,2.382701,242614,0,0
161444,1358,358,2.401463,242714,0,0
161542,1359,359,2.406153,242814,0,0
161642,1360,360,2.415534,242914,0,0
161742,1361,361,2.401463,243014,0,0
161843,1362,362,2.331107,243114,0,0
161942,1363,363,2.354559,243214,0,0
162044,1364,364,2.321727,243314,0,0
162142,1365,365,2.363940,243414,0,0
162242,1366,366,2.345178,243514,0,0
162343,1367,367,2.321727,243614,0,0
162446,1368,368,2.312346,243714,0,0
162545,1369,369,2.298275,243814,0,0
162647,1370,370,2.293585,243914,0,0
162746,1371,371,2.307656,244014,0,0
162844,1372,372,2.302965,244114,0,0
162945,1373,373,2.284204,244214,0,0
163046,1374,374,2.302965,244314,0,0
163147,1375,375,2.274823,244414,0,0
163243,1376,376,2.293585,244514,0,0
163346,1377,377,2.345178,244614,0,0
163444,1378,378,2.293585,244714,0,0
163543,1379,379,2.270133,244814,0,0
163643,1380,380,2.307656,244915,0,0
163743,1381,381,2.331107,245015,0,0
163847,1382,382,2.307656,245115,0,0
163945,1383,383,2.354559,245215,0,0
164045,1384,384,2.307656,245315,0,0
164144,1385,385,2.317036,245415,0,0
164243,1386,386,2.321727,245515,0,0
164342,1387,387,2.359250,245615,0,0
164442,1388,388,2.340488,245715,0,0
164542,1389,389,2.340488,245815,0,0
164642,1390,390,2.335798,245915,0,0
164742,1391,391,2.312346,246015,0,0
164842,1392,392,2.340488,246115,0,0
164942,1393,393,2.335798,246215,0,0
165042,1394,394,2.340488,246315,0,0
165142,1395,395,2.359250,246415,0,0
165242,1396,396,2.387392,246515,0,0
165342,1397,397,2.359250,246615,0,0
165443,1398,398,2.354559,246715,0,0
165542,1399,399,2.331107,246815,0,0
165642,1400,400,2.359250,246915,0,0
165742,1401,401,2.354559,247015,0,0
165842,1402,402,2.345178,247115,0,0
165942,1403,403,2.349869,247215,0,0
166042,1404,404,2.340488,247315,0,0
166142,1405,405,2.349869,247415,0,0
166242,1406,406,2.335798,247515,0,0
166342,1407,407,2.335798,247615,0,0
166442,1408,408,2.345178,247715,0,0
166542,1409,409,2.359250,247815,0,0
166642,1410,410,2.335798,247915,0,0
166742,1411,411,2.349869,248015,0,0
166842,1412,412,2.359250,248115,0,0
166942,1413,413,2.321727,248215,0,0
167046,1414,414,2.368630,248315,0,0
167146,1415,415,2.363940,248415,0,0
167246,1416,416,2.378011,248515,0,0
167348,1417,417,2.420224,248615,0,0
167447,1418,418,2.410843,248715,0,0
167546,1419,419,2.415534,248815,0,0
167647,1420,420,2.457747,248915,0,0
167746,1421,421,2.448366,249015,0,0
167846,1422,422,2.462437,249115,0,0
167945,1423,423,2.438986,249215,0,0
168045,1424,424,2.471818,249315,0,0
168147,1425,425,2.429605,249415,0,0
168246,1426,426,2.453057,249515,0,0
168347,1427,427,2.434295,249615,0,0
168445,1428,428,2.382701,249715,0,0
168554,1429,429,2.406153,249815,0,0
168648,1430,430,2.429605,249915,0,0
168746,1431,431,2.410843,250015,0,0
168853,1432,432,2.401463,250115,0,0
168946,1433,433,2.434295,250215,0,0
169054,1434,434,2.462437,250315,0,0
169153,1435,435,2.453057,250415,0,0
169248,1436,436,2.509341,250515,0,0
169342,1437,437,2.448366,250615,0,0
169442,1438,438,2.415534,250715,0,0
169542,1439,439,2.420224,250815,0,0
169642,1440,440,2.396772,250915,0,0
169742,1441,441,2.420224,251015,0,0
169842,1442,442,2.373321,251115,0,0
169942,1443,443,2.378011,251215,0,0
170042,1444,444,2.354559,251315,0,0
170142,1445,445,2.378011,251415,0,0
170242,1446,446,2.401463,251515,0,0
170342,1447,447,2.406153,251615,0,0
170442,1448,448,2.387392,251715,0,0
170542,1449,449,2.354559,251815,0,0
170642,1450,450,2.354559,251915,0,0
170742,1451,451,2.349869,252015,0,0
170842,1452,452,2.359250,252115,0,0
170942,1453,453,2.321727,252215,0,0
171042,1454,454,2.378011,252315,0,0
171142,1455,455,2.340488,252415,0,0
171242,1456,456,2.302965,252515,0,0
171342,1457,457,2.331107,252615,0,0
171442,1458,458,2.363940,252715,0,0
171542,1459,459,2.354559,252815,0,0
171642,1460,460,2.331107,252915,0,0
171742,1461,461,2.349869,253015,0,0
171842,1462,462,2.406153,253115,0,0
171942,1463,463,2.359250,253215,0,0
172042,1464,464,2.373321,253315,0,0
172142,1465,465,2.368630,253415,0,0
172242,1466,466,2.349869,253515,0,0
172342,1467,467,2.406153,253615,0,0
172442,1468,468,2.382701,253715,0,0
172542,1469,469,2.396772,253815,0,0
172642,1470,470,2.424915,253915,0,0
172742,1471,471,2.340488,254015,0,0
172842,1472,472,2.401463,254115,0,0
172942,1473,473,2.457747,254215,0,0
173042,1474,474,2.443676,254315,0,0
173142,1475,475,2.438986,254415,0,0
173242,1476,476,2.481199,254515,0,0
173342,1477,477,2.448366,254615,0,0
173442,1478,478,2.453057,254715,0,0
173542,1479,479,2.481199,254815,0,0
173642,1480,480,2.457747,254915,0,0
173742,1481,481,2.434295,255015,0,0
173842,1482,482,2.420224,255115,0,0
173942,1483,483,2.443676,255215,0,0
174042,1484,484,2.443676,255315,0,0
174142,1485,485,2.443676,255415,0,0
174242,1486,486,2.424915,255515,0,0
174342,1487,487,2.410843,255615,0,0
174442,1488,488,2.443676,255715,0,0
174542,1489,489,2.392082,255815,0,0
174642,1490,490,2.453057,255915,0,0
174742,1491,491,2.424915,256015,0,0
174842,1492,492,2.443676,256115,0,0
174942,1493,493,2.438986,256215,0,0
175042,1494,494,2.420224,256315,0,0
175142,1495,495,2.434295,256415,0,0
175242,1496,496,2.443676,256515,0,0
175342,1497,497,2.443676,256615,0,0
175442,1498,498,2.453057,256715,0,0
175542,1499,499,2.570316,256815,0,0
