58953,m,0,-15.815837,2.087197,28.285801,245.495148
58973,p,1,-10.233468,3.173879,33.186287,71113
58993,p,2,-10.238575,3.241317,33.222389,71133
59013,p,3,-10.246864,3.314350,33.195396,71153
59034,p,4,-10.250854,3.386203,33.165592,71173
59054,p,5,-10.248959,3.459073,33.186584,71193
59073,p,6,-10.248552,3.528643,33.200859,71213
59093,p,7,-10.243603,3.595001,33.212963,71233
59114,p,8,-10.225358,3.664725,33.221855,71253
59134,p,9,-10.200337,3.731950,33.168690,71273
59154,p,10,-10.171590,3.800577,33.133385,71293
59174,p,11,-10.129257,3.880916,33.141388,71313
59194,p,12,-10.129257,3.880916,33.141388,71333
59214,p,13,-10.069541,3.966809,33.085953,71353
59234,p,14,-10.008353,4.037939,33.041737,71373
59254,p,15,-9.940948,4.115188,32.998348,71393
59274,p,16,-9.866004,4.196718,32.954956,71413
59294,p,17,-9.773108,4.275424,32.911743,71433
59314,p,18,-9.669638,4.346958,32.868073,71453
59334,p,19,-9.568776,4.419887,32.829082,71473
59354,p,20,-9.462171,4.502474,32.781883,71493
59374,p,21,-9.359407,4.577782,32.734257,71513
59394,p,22,-9.259660,4.651962,32.697742,71533
59415,p,23,-9.157164,4.733462,32.658234,71553
59435,p,24,-9.055015,4.811356,32.613396,71573
59455,p,25,-8.939808,4.890893,32.576115,71593
59475,p,26,-8.807662,4.974555,32.544006,71613
59495,p,27,-8.674125,5.052388,32.512402,71633
59515,p,28,-8.538452,5.130632,32.486328,71653
59535,p,29,-8.385692,5.213113,32.461647,71673
59555,p,30,-8.219356,5.287810,32.458706,71693
59575,p,31,-8.055900,5.353757,32.516205,71713
59595,p,32,-7.879618,5.427136,32.513382,71733
59615,p,33,-7.694544,5.500146,32.484219,71753
59635,p,34,-7.490752,5.564243,32.459026,71773
59655,p,35,-7.285137,5.621026,32.440666,71793
59678,p,36,-7.064063,5.687304,32.410282,71813
59698,p,37,-6.837823,5.756239,32.369179,71833
59717,p,38,-6.593028,5.825134,32.333656,71853
59737,p,39,-6.342790,5.892449,32.310776,71873
59756,p,40,-6.078815,5.962166,32.292629,71893
59776,p,41,-5.823768,6.028951,32.281807,71913
59796,p,42,-5.549695,6.103696,32.278805,71933
59817,p,43,-5.259030,6.181517,32.282036,71953
59836,p,44,-4.951976,6.257458,32.295650,71973
59856,p,45,-4.654367,6.332151,32.318741,71993
59876,p,46,-4.328513,6.421114,32.342812,72013
59896,p,47,-4.009643,6.509372,32.359760,72033
59917,p,48,-3.690815,6.595204,32.421169,72053
59937,p,49,-3.368334,6.684514,32.503731,72073
59956,p,50,-3.022611,6.785352,32.511707,72093
59976,p,51,-2.688884,6.883097,32.555828,72113
59996,p,52,-2.335472,6.985497,32.646004,72133
60016,p,53,-1.991702,7.092379,32.782406,72153
60036,p,54,-1.620832,7.212981,32.849277,72173
60067,p,55,-1.243283,7.331128,32.889530,72193
60077,p,56,-0.876373,7.449629,32.936359,72213
60097,p,57,-0.480071,7.589995,32.983982,72233
60117,p,58,-0.090409,7.726043,33.018726,72253
60137,p,59,-0.090409,7.726043,33.018726,72273
60157,p,60,0.359849,7.872770,33.054951,72293
60177,p,61,0.751347,8.005034,33.093586,72313
60197,p,62,1.153760,8.147923,33.130001,72333
60218,p,63,1.588760,8.295926,33.154079,72353
60238,p,64,1.997030,8.430099,33.172703,72373
60257,p,65,2.398182,8.569562,33.193600,72393
60277,p,66,2.810787,8.715320,33.208500,72413
60298,p,67,3.253343,8.862579,33.213779,72433
60318,p,68,3.685791,9.004583,33.211391,72453
60337,p,69,4.114782,9.155096,33.218254,72473
60357,p,70,4.538605,9.303918,33.280251,72493
60378,p,71,4.978992,9.454724,33.345623,72513
60397,p,72,5.423676,9.610085,33.405788,72533
60417,p,73,5.885949,9.778688,33.456547,72553
60438,p,74,6.331596,9.940216,33.453087,72573
60458,p,75,6.788409,10.104238,33.436737,72593
60478,p,76,7.245247,10.272413,33.415001,72613
60498,p,77,7.694716,10.441762,33.383121,72633
60518,p,78,8.165453,10.617516,33.350292,72653
60538,p,79,8.645615,10.792233,33.326103,72673
60558,p,80,9.109140,10.961684,33.300426,72693
60578,p,81,9.589201,11.143129,33.294754,72713
60598,p,82,10.045843,11.316577,33.342148,72733
60618,p,83,10.534281,11.497973,33.342991,72753
60638,p,84,11.029524,11.682634,33.334644,72773
60658,p,85,11.498072,11.860616,33.319145,72793
60678,p,86,11.985451,12.046326,33.311607,72813
60698,p,87,12.449993,12.224458,33.315262,72833
60719,p,88,12.919921,12.402281,33.316647,72853
60739,p,89,13.393515,12.574599,33.310024,72873
60759,p,90,13.861271,12.744800,33.306541,72893
60779,p,91,14.318376,12.919141,33.313210,72913
60799,p,92,14.800424,13.106107,33.316212,72933
60819,p,93,15.265162,13.279341,33.302765,72953
60839,p,94,15.719019,13.443188,33.280197,72973
60859,p,95,16.162020,13.609946,33.206779,72993
60879,p,96,16.627245,13.795197,33.176205,73013
60899,p,97,17.069580,13.965521,33.169140,73034
60919,p,98,17.503481,14.112034,33.167053,73054
60939,p,99,17.935581,14.242590,33.171356,73074
60960,p,100,18.381874,14.377679,33.180733,73094
60980,p,101,18.855377,14.521207,33.193043,73114
61001,p,102,19.370813,14.671491,33.158146,73134
61020,p,103,19.889290,14.820842,33.120373,73154
61040,p,104,20.398693,14.969125,33.141388,73174
61060,p,105,20.938717,15.119520,33.159168,73194
61080,p,106,21.507938,15.265032,33.170994,73214
61101,p,107,22.088041,15.409728,33.186028,73234
61120,p,108,22.704836,15.571591,33.208755,73254
61140,p,109,23.324484,15.737594,33.228905,73274
61160,p,110,23.903639,15.889338,33.246895,73294
61181,p,111,23.903639,15.889338,33.246895,73314
61200,p,112,24.556633,16.061695,33.270096,73334
61221,p,113,25.134386,16.212614,33.280117,73354
61241,p,114,25.717674,16.354515,33.286633,73374
61261,p,115,26.326803,16.499947,33.231255,73394
61281,p,116,26.914206,16.643621,33.178150,73414
61301,p,117,27.500416,16.783506,33.124092,73434
61321,p,118,28.079929,16.917494,33.141834,73454
61341,p,119,28.691236,17.061098,33.158337,73474
61361,p,120,29.285889,17.202152,33.161839,73494
61381,p,121,29.875858,17.345285,33.167648,73514
61401,p,122,30.458136,17.492140,33.101715,73534
61422,p,123,31.064188,17.655043,32.995358,73554
61442,p,124,31.641041,17.815174,32.952667,73574
61462,p,125,32.208714,17.975317,32.915104,73594
61482,p,126,32.796955,18.144743,32.894253,73614
61502,p,127,33.390820,18.312342,32.921169,73634
61522,p,128,33.959702,18.466461,32.942726,73654
61542,p,129,34.530632,18.619972,32.970295,73674
61562,p,130,35.110554,18.776197,32.996979,73694
61582,p,131,35.717930,18.940340,32.970810,73714
61606,p,132,36.291817,19.102104,32.938583,73734
61622,p,133,36.889114,19.273510,32.903027,73754
61642,p,134,37.453739,19.430506,32.865009,73774
61662,p,135,38.043129,19.591890,32.854004,73794
61682,p,136,38.611637,19.744726,32.879601,73814
61703,p,137,39.181999,19.890907,32.900513,73834
61723,p,138,39.751755,20.039213,32.898922,73854
61743,p,139,40.342068,20.202742,32.853138,73874
61763,p,140,40.895615,20.358557,32.806629,73894
61783,p,141,41.445217,20.513369,32.758625,73914
61803,p,142,41.991882,20.672081,32.717564,73935
61823,p,143,42.562557,20.835442,32.743038,73955
61843,p,144,43.099918,20.982962,32.733112,73975
61863,p,145,43.635414,21.129679,32.695171,73995
61883,p,146,44.178162,21.272915,32.730061,74015
61903,p,147,44.719521,21.410006,32.766098,74035
61924,p,148,45.261795,21.547560,32.812134,74055
61943,p,149,45.806568,21.687181,32.863579,74075
61964,p,150,46.337826,21.829023,32.879105,74095
61984,p,151,46.854740,21.975439,32.865402,74115
62004,p,152,47.364376,22.119387,32.853210,74135
62024,p,153,47.884853,22.266706,32.877640,74155
62044,p,154,48.380871,22.405392,32.925983,74175
62064,p,155,48.872147,22.536686,32.894932,74195
62084,p,156,49.359776,22.663418,32.859997,74215
62104,p,157,49.852631,22.786167,32.825172,74235
62124,p,158,50.365314,22.912462,32.790348,74255
62144,p,159,50.853809,23.036350,32.768147,74275
62164,p,160,51.338181,23.161840,32.756836,74295
62184,p,161,51.808659,23.290480,32.813156,74315
62205,p,162,52.293320,23.426708,32.832897,74335
62225,p,163,52.749653,23.552834,32.837749,74355
62245,p,164,53.200371,23.680231,32.904251,74375
62265,p,165,53.650402,23.810753,32.971989,74395
62285,p,166,54.093056,23.939548,33.021770,74415
62305,p,167,54.550446,24.071547,33.014286,74435
62325,p,168,54.986012,24.191288,33.051121,74455
62345,p,169,55.424271,24.305885,33.099316,74475
62366,p,170,55.870293,24.418743,33.140137,74495
62385,p,171,56.320419,24.531590,33.169418,74515
62406,p,172,56.774364,24.644293,33.202282,74535
62425,p,173,57.238674,24.755110,33.233875,74555
62446,p,174,57.735466,24.871696,33.272442,74575
62465,p,175,58.218967,24.983549,33.288975,74595
62486,p,176,58.702793,25.092270,33.250225,74615
62505,p,177,59.193111,25.194258,33.261604,74635
62526,p,178,59.712585,25.292833,33.281403,74655
62546,p,179,60.216099,25.380335,33.294220,74675
62569,p,180,60.722771,25.463507,33.298733,74695
62586,p,181,61.232563,25.545912,33.304321,74715
62606,p,182,61.765911,25.629116,33.308861,74735
62626,p,183,61.765911,25.629116,33.308861,74755
62646,p,184,62.350658,25.719778,33.322193,74775
62667,p,185,62.883476,25.801235,33.336060,74795
62704,p,186,63.389423,25.879818,33.347122,74815
62731,p,187,63.892723,25.953583,33.351612,74835
62755,p,188,64.419449,26.024429,33.350479,74855
62784,p,189,64.948685,26.089651,33.352398,74875
62794,p,190,65.455757,26.151438,33.404819,74895
62815,p,191,65.985252,26.217686,33.451023,74915
62844,p,192,66.485771,26.285536,33.480431,74935
62856,p,193,66.980156,26.354168,33.456604,74955
62874,p,194,67.467712,26.423485,33.433113,74975
62884,p,195,67.969917,26.495584,33.402481,74995
62895,p,196,68.439117,26.559914,33.369213,75015
62924,p,197,68.905495,26.617161,33.332520,75035
62944,p,198,69.376694,26.662512,33.300339,75055
62964,p,199,69.882828,26.701227,33.270893,75075
62985,p,200,70.404587,26.735811,33.239601,75095
62995,p,201,70.917435,26.765936,33.210442,75115
63035,p,202,71.437561,26.793245,33.180244,75135
63053,p,203,71.984406,26.821362,33.159416,75155
63066,p,204,72.525986,26.848276,33.151760,75175
63084,p,205,73.038712,26.878830,33.155945,75195
63103,p,206,73.568916,26.909458,33.231358,75215
63125,p,207,74.090240,26.938995,33.271091,75235
63145,p,208,74.578796,26.963440,33.272003,75255
63155,p,209,75.074814,26.980064,33.272247,75275
63185,p,210,75.543022,26.993298,33.276180,75295
63202,p,211,76.003250,27.000149,33.273949,75315
63214,p,212,76.477364,27.009459,33.212223,75335
63253,p,213,76.920853,27.015572,33.198101,75355
63264,p,214,77.349945,27.019300,33.204052,75375
63293,p,215,77.770203,27.015993,33.151546,75395
63304,p,216,78.184921,27.001822,33.106491,75415
63331,p,217,78.619926,26.980114,33.075741,75435
63344,p,218,79.030724,26.956581,33.103077,75455
63364,p,219,79.455513,26.934385,33.081421,75475
63395,p,220,79.849037,26.915472,33.036148,75495
63405,p,221,80.232895,26.895779,32.995518,75515
63433,p,222,80.629501,26.867723,32.951683,75535
63435,p,223,81.014603,26.835506,32.931583,75555
63474,p,224,81.402603,26.797720,32.956299,75575
63495,p,225,81.802597,26.760353,32.986038,75595
63515,p,226,82.183983,26.724548,32.992062,75615
63544,p,227,82.561302,26.682650,32.956715,75635
63554,p,228,82.561302,26.682650,32.956715,75655
63562,p,229,82.990631,26.631050,32.915459,75675
63574,p,230,83.363136,26.580965,32.912029,75695
63603,p,231,83.738731,26.528467,32.958328,75715
63613,p,232,84.114197,26.474943,33.011974,75735
63655,p,233,84.501381,26.421774,33.066765,75755
63674,p,234,84.868874,26.370934,33.110294,75775
63684,p,235,85.230995,26.312664,33.081833,75795
63703,p,236,85.588745,26.252914,33.090702,75815
63723,p,237,85.963882,26.193710,33.121361,75835
63744,p,238,86.314987,26.139336,33.088135,75855
63773,p,239,86.663528,26.082644,33.050976,75875
63782,p,240,87.014717,26.016640,33.009930,75895
63813,p,241,87.386459,25.943178,32.969166,75915
63834,p,242,87.738022,25.876419,32.924740,75935
63852,p,243,88.084793,25.808832,32.881165,75955
63853,p,244,88.429878,25.733986,32.839428,75975
63875,p,245,88.773697,25.656248,32.794937,75995
63904,p,246,89.115776,25.581327,32.753296,76016
63915,p,247,89.451538,25.504404,32.720543,76036
63943,p,248,89.796211,25.424210,32.646038,76056
63955,p,249,90.127686,25.346062,32.547928,76076
63974,p,250,90.454285,25.264545,32.452103,76096
64013,p,251,90.775154,25.187296,32.365086,76116
64024,p,252,91.094315,25.113203,32.292465,76136
64044,p,253,91.416977,25.036110,32.278992,76156
64064,p,254,91.739914,24.956081,32.266411,76176
64093,p,255,92.064720,24.874662,32.247730,76196
64115,p,256,92.411522,24.793978,32.234642,76216
64144,p,257,92.749077,24.720562,32.178913,76236
64153,p,258,93.074257,24.648819,32.127888,76256
64155,p,259,93.392487,24.577269,32.136795,76276
64204,p,260,93.730118,24.496315,32.095821,76296
64214,p,261,94.050308,24.416449,32.043839,76316
64222,p,262,94.368126,24.345606,31.996418,76336
64253,p,263,94.685661,24.277109,31.951324,76356
64265,p,264,94.996895,24.205801,31.937180,76376
64295,p,265,95.313240,24.135998,31.973814,76396
64303,p,266,95.636627,24.066046,31.949385,76416
64313,p,267,95.959007,23.997456,31.921564,76436
64345,p,268,96.295685,23.927984,31.901775,76456
64355,p,269,96.616196,23.861311,31.885448,76476
64374,p,270,96.938400,23.790344,31.875015,76496
64394,p,271,97.265373,23.711546,31.863073,76516
64444,p,272,97.611397,23.627487,31.853092,76536
64465,p,273,97.960846,23.546280,31.848021,76556
64474,p,274,98.284584,23.467634,31.839495,76576
64485,p,275,98.619621,23.384394,31.898453,76596
64495,p,276,98.943497,23.298788,31.918934,76616
64524,p,277,99.267418,23.207832,31.902197,76636
64544,p,278,99.605431,23.109715,31.884302,76656
64554,p,279,99.923309,23.011732,31.909805,76676
64585,p,280,100.232742,22.909491,31.972435,76696
64595,p,281,100.560097,22.803041,31.969608,76716
64625,p,282,100.878922,22.700449,31.957573,76736
64644,p,283,101.212349,22.594769,31.947184,76756
64654,p,284,101.523552,22.496727,31.935026,76776
64695,p,285,101.832054,22.400980,31.965954,76796
64705,p,286,102.159744,22.297634,32.000805,76816
64725,p,287,102.484581,22.194126,31.966919,76836
64746,p,288,102.815514,22.097349,31.935009,76856
64754,p,289,103.129234,22.007721,31.901396,76876
64804,p,290,103.439255,21.923149,31.865120,76896
64823,p,291,103.751846,21.837139,31.824873,76916
64844,p,292,104.079025,21.742348,31.789001,76936
64864,p,293,104.079025,21.742348,31.789001,76956
64875,p,294,104.438515,21.643528,31.752138,76976
64894,p,295,104.747650,21.559992,31.723818,76996
64904,p,296,105.050407,21.474407,31.703890,77016
64945,p,297,105.350914,21.383703,31.684509,77036
64955,p,298,105.677719,21.288969,31.736481,77056
64984,p,299,105.997337,21.199320,31.745169,77076
64994,p,300,106.312325,21.114582,31.727938,77096
65003,p,301,106.630333,21.033108,31.715071,77116
65033,p,302,106.968163,20.941208,31.700003,77136
65035,p,303,107.294273,20.849842,31.687168,77156
65068,p,304,107.628540,20.757816,31.671654,77176
65074,p,305,107.983376,20.661606,31.657995,77196
65094,p,306,108.324226,20.571732,31.643122,77216
65114,p,307,108.666557,20.479322,31.619576,77236
65134,p,308,109.008034,20.382526,31.555042,77256
65154,p,309,109.346886,20.284422,31.484808,77276
65174,p,310,109.697998,20.186447,31.478024,77296
65194,p,311,110.029846,20.093992,31.472845,77316
65215,p,312,110.359467,19.998175,31.469501,77336
65234,p,313,110.715797,19.899975,31.476385,77356
65255,p,314,111.078636,19.811043,31.487598,77376
65275,p,315,111.444450,19.722282,31.517147,77396
65295,p,316,111.817413,19.631376,31.606989,77416
65315,p,317,112.170990,19.543087,31.631493,77436
65335,p,318,112.540527,19.444180,31.638868,77456
65355,p,319,112.912292,19.345806,31.644264,77476
65375,p,320,113.267448,19.251501,31.706858,77496
65395,p,321,113.638947,19.149446,31.786036,77516
65415,p,322,113.991989,19.047644,31.855228,77536
65435,p,323,114.345802,18.941816,31.914156,77556
65455,p,324,114.703369,18.833712,31.969662,77576
65475,p,325,115.073738,18.717535,32.022491,77596
65495,p,326,115.432457,18.606373,32.065388,77616
65515,p,327,115.816963,18.484709,32.058990,77636
65536,p,328,116.182014,18.370321,32.030231,77656
65555,p,329,116.547943,18.260206,32.068539,77676
65576,p,330,116.915062,18.150116,32.104618,77696
65596,p,331,117.301491,18.030195,32.143486,77716
65616,p,332,117.669250,17.906658,32.177067,77736
65636,p,333,118.060936,17.774555,32.216141,77756
65656,p,334,118.451797,17.641336,32.255043,77776
65676,p,335,118.813911,17.516403,32.290009,77796
65696,p,336,119.197090,17.383045,32.369545,77816
65717,p,337,119.566818,17.249998,32.442116,77836
65737,p,338,119.955421,17.115154,32.456615,77856
65756,p,339,120.323715,16.987757,32.460060,77876
65777,p,340,120.713516,16.850433,32.462749,77896
65797,p,341,120.713516,16.850433,32.462749,77916
65817,p,342,121.142303,16.694883,32.452465,77936
65837,p,343,121.518639,16.560497,32.438374,77956
65857,p,344,121.891388,16.424610,32.422333,77976
65877,p,345,122.258980,16.289242,32.403400,77996
65897,p,346,122.647491,16.146147,32.374599,78016
65918,p,347,123.016167,16.005589,32.345039,78036
65937,p,348,123.380608,15.867407,32.328720,78056
65957,p,349,123.741089,15.733679,32.322140,78077
65977,p,350,124.098282,15.602344,32.321495,78097
65997,p,351,124.451752,15.468652,32.324783,78117
66018,p,352,124.803574,15.329564,32.325317,78137
66038,p,353,125.165161,15.188119,32.328114,78157
66058,p,354,125.531197,15.046668,32.332024,78177
66077,p,355,125.908325,14.901780,32.336365,78197
66098,p,356,126.268318,14.762239,32.338047,78217
66118,p,357,126.645988,14.610260,32.339024,78237
66137,p,358,127.011803,14.465025,32.337883,78257
66158,p,359,127.378487,14.319851,32.334591,78277
66178,p,360,127.739868,14.176363,32.337410,78297
66198,p,361,128.116241,14.026880,32.338875,78317
66218,p,362,128.476089,13.880835,32.340721,78337
66238,p,363,128.837128,13.732031,32.347973,78357
66258,p,364,129.200699,13.583381,32.356216,78377
66278,p,365,129.582886,13.434171,32.369167,78397
66298,p,366,129.946930,13.292042,32.380764,78417
66318,p,367,130.314926,13.146003,32.388954,78437
66338,p,368,130.704224,12.997169,32.396385,78457
66358,p,369,131.128220,12.839272,32.403210,78477
66378,p,370,131.538010,12.693849,32.411732,78497
66398,p,371,131.956406,12.548086,32.416969,78517
66419,p,372,132.372833,12.391496,32.400784,78537
66439,p,373,132.781509,12.229669,32.341232,78557
66459,p,374,133.191055,12.068356,32.279285,78577
66479,p,375,133.598587,11.910556,32.240269,78597
66500,p,376,133.998093,11.756652,32.257961,78617
66519,p,377,134.412949,11.595051,32.276348,78637
66539,p,378,134.818054,11.439418,32.294693,78657
66559,p,379,135.228989,11.280261,32.312050,78677
66579,p,380,135.639465,11.121509,32.332554,78697
66599,p,381,136.053726,10.967503,32.357136,78717
66619,p,382,136.466049,10.808992,32.378971,78737
66639,p,383,136.874466,10.646658,32.396759,78757
66659,p,384,137.285538,10.478593,32.406643,78777
66680,p,385,137.697220,10.307079,32.419067,78797
66700,p,386,138.110992,10.139652,32.431042,78817
66720,p,387,138.539932,9.965223,32.437801,78837
66740,p,388,138.944794,9.796785,32.444786,78857
66760,p,389,139.367874,9.614432,32.446640,78877
66780,p,390,139.774704,9.437155,32.450146,78897
66802,p,391,140.181274,9.262210,32.447514,78917
66820,p,392,140.580353,9.089734,32.439270,78937
66840,p,393,140.988037,8.910464,32.431274,78957
66860,p,394,141.370956,8.739227,32.429657,78977
66880,p,395,141.751053,8.567662,32.436954,78998
66901,p,396,142.132568,8.392893,32.448483,79018
66920,p,397,142.503723,8.221627,32.459923,79038
66940,p,398,142.885345,8.047501,32.544682,79058
66960,p,399,143.239166,7.875794,32.622440,79078
66981,p,400,143.608261,7.692858,32.701157,79098
67001,p,401,143.960876,7.513144,32.764938,79118
67021,p,402,144.305878,7.335316,32.787853,79138
67041,p,403,144.658096,7.152552,32.779655,79158
67061,p,404,144.987762,6.978996,32.773399,79178
67081,p,405,145.329651,6.797268,32.757061,79198
67102,p,406,145.669235,6.616506,32.732979,79218
67121,p,407,145.992432,6.447523,32.707722,79238
67141,p,408,146.312897,6.283395,32.681587,79258
67161,p,409,146.634811,6.120723,32.670837,79278
67181,p,410,146.952530,5.955091,32.700397,79298
67202,p,411,147.270599,5.789428,32.671356,79318
67222,p,412,147.585861,5.618432,32.625576,79338
67242,p,413,147.909439,5.445088,32.592342,79358
67262,p,414,148.211380,5.282525,32.574997,79378
67285,p,415,148.518021,5.114533,32.597443,79398
67302,p,416,148.518021,5.114533,32.597443,79418
67322,p,417,148.841492,4.934894,32.678192,79438
67342,p,418,149.117477,4.778951,32.674114,79458
67362,p,419,149.394943,4.624622,32.670132,79478
67382,p,420,149.669815,4.473840,32.660461,79498
67402,p,421,149.937424,4.331505,32.644524,79518
67422,p,422,150.197952,4.189208,32.622192,79538
67442,p,423,150.454132,4.045875,32.596981,79558
67462,p,424,150.728378,3.896922,32.563519,79578
67483,p,425,150.990295,3.758613,32.530159,79598
117808,m,426,151.247482,3.628078,32.494030,406.100464
117827,p,427,159.534378,3.878195,35.022129,129800
117848,p,428,159.503967,3.887331,35.030247,129820
117868,p,429,159.474915,3.893927,35.030270,129840
117887,p,430,159.443161,3.894651,35.016033,129860
117908,p,431,159.416061,3.888262,35.003811,129880
117928,p,432,159.396347,3.871018,34.992771,129900
117947,p,433,159.374878,3.846857,34.979553,129920
117967,p,434,159.360138,3.817436,34.971195,129940
117988,p,435,159.350983,3.777472,34.968819,129960
118008,p,436,159.335358,3.736018,34.978390,129980
118028,p,437,159.314697,3.703183,34.989315,130000
118049,p,438,159.279129,3.668405,34.999557,130020
118068,p,439,159.223099,3.631747,35.018291,130040
118088,p,440,159.158951,3.592983,35.031063,130060
118108,p,441,159.088791,3.545449,35.034512,130080
118128,p,442,159.012192,3.488793,35.034985,130100
118148,p,443,159.012192,3.488793,35.034985,130120
118168,p,444,158.934464,3.416703,34.991039,130140
118188,p,445,158.863892,3.348112,34.915081,130160
118208,p,446,158.791016,3.283657,34.913738,130180
118228,p,447,158.714310,3.217842,34.912128,130200
118248,p,448,158.627472,3.142930,34.919411,130220
118269,p,449,158.541580,3.067281,34.926239,130240
118289,p,450,158.454361,2.983955,34.924095,130260
118309,p,451,158.369583,2.890621,34.925293,130280
118329,p,452,158.284317,2.782580,34.926170,130300
118349,p,453,158.201553,2.674287,34.921871,130320
118369,p,454,158.123459,2.565102,34.923603,130340
118389,p,455,158.044006,2.448539,34.928810,130360
118409,p,456,157.947357,2.330965,34.934032,130380
118429,p,457,157.842743,2.219399,34.944397,130400
118449,p,458,157.735657,2.100628,34.954395,130420
118469,p,459,157.610413,1.963546,34.961971,130440
118489,p,460,157.471771,1.828055,34.971634,130460
118509,p,461,157.329437,1.690048,34.981674,130480
118529,p,462,157.189255,1.549038,34.993999,130500
118549,p,463,157.051315,1.406982,35.011391,130520
118569,p,464,156.919846,1.263642,35.025566,130540
118589,p,465,156.794754,1.116515,35.033279,130560
118610,p,466,156.670425,0.967462,35.044853,130580
118630,p,467,156.535278,0.809944,35.055038,130600
118650,p,468,156.401566,0.653868,35.059635,130620
118670,p,469,156.270584,0.489128,35.065426,130641
118690,p,470,156.143143,0.313276,35.063507,130661
118710,p,471,156.018066,0.128428,35.108269,130681
118730,p,472,155.897522,-0.070581,35.141991,130701
118750,p,473,155.786652,-0.265965,35.122719,130721
118770,p,474,155.662277,-0.472464,35.040466,130741
118790,p,475,155.545410,-0.666397,34.960690,130761
118810,p,476,155.424957,-0.868063,34.884415,130781
118831,p,477,155.287537,-1.082398,34.876755,130801
118851,p,478,155.145737,-1.304945,34.850132,130821
118871,p,479,155.008942,-1.539431,34.776405,130841
118891,p,480,154.859802,-1.802845,34.767643,130861
118911,p,481,154.715744,-2.061360,34.738190,130881
118931,p,482,154.578094,-2.323266,34.668812,130901
118951,p,483,154.438828,-2.591170,34.610184,130921
118971,p,484,154.293701,-2.864081,34.571598,130941
118991,p,485,154.147766,-3.134089,34.538635,130961
119011,p,486,154.003159,-3.404790,34.508926,130981
119031,p,487,153.853607,-3.689028,34.491726,131001
119051,p,488,153.709030,-3.963412,34.486618,131021
119071,p,489,153.554977,-4.243408,34.486313,131041
119092,p,490,153.400650,-4.525417,34.490517,131061
119112,p,491,153.238129,-4.833360,34.492966,131081
119132,p,492,153.073059,-5.140671,34.559563,131101
119152,p,493,152.911987,-5.453098,34.581059,131121
119172,p,494,152.757782,-5.773540,34.559685,131141
119192,p,495,152.601212,-6.098566,34.543983,131161
119212,p,496,152.433640,-6.438878,34.530849,131181
119232,p,497,152.269012,-6.761906,34.517021,131201
119252,p,498,152.098206,-7.084685,34.509697,131221
119272,p,499,151.915955,-7.411407,34.544830,131241
119292,p,500,151.727417,-7.739058,34.600906,131261
119312,p,501,151.537933,-8.071259,34.589828,131281
119333,p,502,151.340073,-8.411994,34.574059,131301
119353,p,503,151.142670,-8.755022,34.557739,131321
119373,p,504,150.950531,-9.101848,34.534569,131341
119393,p,505,150.752167,-9.452972,34.517143,131361
119413,p,506,150.549194,-9.807858,34.508286,131381
119433,p,507,150.351303,-10.165210,34.491364,131401
119453,p,508,150.152893,-10.528299,34.473976,131421
119473,p,509,149.940735,-10.910407,34.465214,131441
119493,p,510,149.732086,-11.275219,34.454372,131461
119513,p,511,149.522156,-11.635077,34.445671,131481
119533,p,512,149.308258,-11.996469,34.437927,131502
119553,p,513,149.086304,-12.359991,34.427059,131522
119574,p,514,148.866440,-12.725421,34.411930,131542
119594,p,515,148.644836,-13.098831,34.388111,131562
119614,p,516,148.422379,-13.475956,34.362743,131582
119634,p,517,148.209290,-13.850967,34.332653,131602
119654,p,518,147.991394,-14.229804,34.302891,131622
119674,p,519,147.761917,-14.620054,34.285072,131642
119694,p,520,147.543808,-14.989999,34.222588,131662
119714,p,521,147.298004,-15.376233,34.150772,131682
119734,p,522,147.049652,-15.739476,34.096516,131702
119754,p,523,146.791489,-16.101452,34.094078,131722
119774,p,524,146.519852,-16.467072,34.113419,131742
119794,p,525,146.224442,-16.852087,34.131248,131762
119817,p,526,145.933304,-17.223980,34.139816,131782
119835,p,527,145.638275,-17.596142,34.150505,131802
119855,p,528,145.325150,-17.988440,34.161709,131822
119875,p,529,145.023361,-18.367657,34.105331,131842
119895,p,530,145.023361,-18.367657,34.105331,131862
119915,p,531,144.683655,-18.806015,34.031979,131882
119935,p,532,144.390228,-19.190947,33.966190,131902
119956,p,533,144.098404,-19.574669,33.904060,131922
119975,p,534,143.811172,-19.956436,33.851704,131942
119996,p,535,143.521210,-20.332968,33.803707,131962
120015,p,536,143.219757,-20.705641,33.695198,131982
120036,p,537,142.912842,-21.076746,33.634834,132002
120055,p,538,142.591476,-21.450510,33.612972,132022
120076,p,539,142.239090,-21.844673,33.596008,132042
120096,p,540,141.900391,-22.226669,33.583244,132062
120117,p,541,141.561584,-22.616541,33.566475,132082
120136,p,542,141.227783,-23.012125,33.549454,132102
120156,p,543,140.893234,-23.431442,33.531387,132122
120176,p,544,140.579514,-23.833929,33.516640,132142
120197,p,545,140.271896,-24.232553,33.510300,132162
120217,p,546,139.949997,-24.650227,33.509979,132182
120237,p,547,139.633011,-25.046537,33.515984,132202
120257,p,548,139.308701,-25.438604,33.520836,132222
120277,p,549,138.979843,-25.833910,33.519070,132242
120297,p,550,138.645020,-26.233480,33.516434,132262
120317,p,551,138.317200,-26.629519,33.505333,132282
120337,p,552,137.997070,-27.027473,33.481647,132302
120357,p,553,137.682800,-27.431210,33.456547,132322
120377,p,554,137.379669,-27.831638,33.431358,132342
120397,p,555,137.070297,-28.246588,33.399158,132362
120418,p,556,136.773529,-28.641205,33.376862,132382
120437,p,557,136.477097,-29.032213,33.360775,132403
120458,p,558,136.181000,-29.425152,33.339226,132423
120477,p,559,135.872223,-29.842447,33.322189,132443
120497,p,560,135.567535,-30.265362,33.306816,132463
120517,p,561,135.271439,-30.685099,33.282970,132483
120537,p,562,135.002548,-31.079765,33.246010,132503
120557,p,563,134.745972,-31.466656,33.175636,132523
120577,p,564,134.489868,-31.844227,33.165989,132543
120598,p,565,134.223038,-32.230423,33.203636,132563
120618,p,566,133.969528,-32.603081,33.287971,132583
120638,p,567,133.698288,-33.000572,33.301865,132603
120658,p,568,133.441254,-33.385197,33.308392,132623
120678,p,569,133.195724,-33.775692,33.315517,132643
120698,p,570,132.946732,-34.173428,33.378891,132663
120718,p,571,132.680267,-34.578251,33.397575,132683
120738,p,572,132.402344,-35.000504,33.376354,132703
120758,p,573,132.138184,-35.400631,33.357212,132723
120778,p,574,131.854416,-35.801929,33.377411,132743
120798,p,575,131.547684,-36.214371,33.438263,132763
120818,p,576,131.241776,-36.624622,33.489052,132783
120839,p,577,130.942108,-37.020039,33.493374,132803
120859,p,578,130.640701,-37.413109,33.475475,132823
120879,p,579,130.348053,-37.800598,33.455357,132843
120899,p,580,130.039902,-38.204895,33.484089,132863
120919,p,581,129.744843,-38.585514,33.538116,132883
120939,p,582,129.455795,-38.963158,33.530975,132903
120959,p,583,129.159424,-39.361336,33.566559,132923
120979,p,584,128.867111,-39.767132,33.628914,132943
120999,p,585,128.591217,-40.158752,33.679665,132963
121019,p,586,128.312302,-40.550068,33.721722,132983
121039,p,587,128.018295,-40.956009,33.769238,133003
121059,p,588,127.726562,-41.342518,33.812603,133023
121079,p,589,127.407791,-41.738468,33.854477,133043
121100,p,590,127.109467,-42.115078,33.865639,133063
121120,p,591,127.109467,-42.115078,33.865639,133083
121140,p,592,126.781090,-42.551014,33.822117,133103
121160,p,593,126.495575,-42.931831,33.855724,133123
121180,p,594,126.218224,-43.312508,33.883442,133143
121200,p,595,125.954895,-43.698895,33.902153,133163
121220,p,596,125.698051,-44.091171,33.923218,133183
121240,p,597,125.447739,-44.478729,33.944843,133203
121260,p,598,125.202087,-44.862305,33.964466,133223
121280,p,599,124.947990,-45.262741,33.923256,133243
121300,p,600,124.692253,-45.663609,33.889790,133263
121320,p,601,124.437553,-46.047878,33.855244,133283
121340,p,602,124.174026,-46.450245,33.818432,133303
121360,p,603,123.928497,-46.838829,33.825691,133323
121381,p,604,123.677185,-47.230373,33.860878,133343
121401,p,605,123.425385,-47.615849,33.901226,133363
121421,p,606,123.155418,-48.018379,33.941486,133383
121441,p,607,122.879654,-48.406799,33.985542,133403
121461,p,608,122.596863,-48.795197,34.029518,133423
121481,p,609,122.315979,-49.185696,34.060932,133443
121501,p,610,122.032982,-49.580757,34.091400,133463
121521,p,611,121.733620,-49.992607,34.121868,133483
121541,p,612,121.441818,-50.379150,34.139797,133504
121561,p,613,121.148590,-50.762711,34.159035,133524
121581,p,614,120.858292,-51.149780,34.176163,133544
121601,p,615,120.567276,-51.536774,34.184254,133564
121621,p,616,120.266518,-51.936356,34.189686,133584
121641,p,617,119.979118,-52.314610,34.191288,133604
121661,p,618,119.676010,-52.690201,34.194580,133624
121682,p,619,119.365082,-53.061684,34.196175,133644
121701,p,620,119.055984,-53.439354,34.188301,133664
121722,p,621,118.747002,-53.825539,34.183430,133684
121742,p,622,118.426697,-54.231216,34.184441,133704
121762,p,623,118.123962,-54.617203,34.180592,133724
121782,p,624,117.814606,-55.004391,34.184330,133744
121802,p,625,117.499031,-55.390156,34.205376,133764
121822,p,626,117.170464,-55.791866,34.234596,133784
121842,p,627,116.864067,-56.178844,34.318386,133804
121862,p,628,116.552551,-56.588943,34.409332,133824
121882,p,629,116.247726,-56.998043,34.488335,133844
121902,p,630,115.951797,-57.382973,34.552052,133864
121922,p,631,115.654526,-57.767609,34.611389,133884
121942,p,632,115.353958,-58.156933,34.658211,133904
121962,p,633,115.040367,-58.561943,34.622810,133924
121982,p,634,114.747559,-58.947102,34.581310,133944
122002,p,635,114.437866,-59.351891,34.534439,133964
122022,p,636,114.144913,-59.734825,34.488277,133984
122043,p,637,113.850838,-60.142151,34.431808,134004
122063,p,638,113.577065,-60.534962,34.391060,134024
122086,p,639,113.296822,-60.943001,34.416622,134044
122103,p,640,113.025772,-61.346928,34.438038,134064
122123,p,641,112.770569,-61.733814,34.445507,134084
122143,p,642,112.522430,-62.122509,34.409153,134104
122163,p,643,112.269363,-62.531513,34.367245,134124
122183,p,644,112.036774,-62.914715,34.310349,134144
122203,p,645,111.806068,-63.307316,34.214340,134164
122223,p,646,111.586609,-63.675999,34.130131,134184
122243,p,647,111.586609,-63.675999,34.130131,134204
122263,p,648,111.336136,-64.087784,34.079102,134224
122283,p,649,111.129173,-64.448204,34.078506,134244
122303,p,650,110.926239,-64.815674,34.075619,134264
122323,p,651,110.726723,-65.186729,34.039829,134284
122343,p,652,110.531601,-65.577232,33.969795,134304
122364,p,653,110.345383,-65.953194,33.909668,134324
122384,p,654,110.151237,-66.327385,33.859600,134344
122404,p,655,109.956718,-66.700020,33.810993,134364
122424,p,656,109.751167,-67.098068,33.763176,134384
122444,p,657,109.554382,-67.482979,33.724129,134404
122464,p,658,109.358772,-67.871918,33.682159,134424
122484,p,659,109.154778,-68.280670,33.642830,134444
122504,p,660,108.960213,-68.665878,33.622314,134464
122524,p,661,108.756386,-69.049896,33.601894,134484
122544,p,662,108.540977,-69.435562,33.577126,134504
122567,p,663,108.315895,-69.841721,33.552052,134524
122584,p,664,108.100754,-70.232452,33.523121,134544
122604,p,665,107.872971,-70.640495,33.493263,134564
122624,p,666,107.654205,-71.038834,33.467785,134584
122644,p,667,107.441620,-71.417297,33.426758,134604
122664,p,668,107.219612,-71.794624,33.348629,134624
122685,p,669,107.003403,-72.168358,33.326454,134644
122705,p,670,106.778381,-72.565826,33.313206,134664
122725,p,671,106.557655,-72.949181,33.311169,134684
122745,p,672,106.326172,-73.345222,33.250439,134704
122765,p,673,106.101585,-73.720695,33.209816,134724
122785,p,674,105.868126,-74.100235,33.222404,134744
122805,p,675,105.622429,-74.501465,33.238861,134764
122825,p,676,105.390854,-74.883698,33.245934,134784
122845,p,677,105.149597,-75.281105,33.264000,134804
122865,p,678,104.907585,-75.672913,33.292358,134824
122885,p,679,104.669350,-76.040184,33.309895,134844
122905,p,680,104.414780,-76.426964,33.329021,134864
122925,p,681,104.172981,-76.806839,33.347710,134884
122946,p,682,103.924309,-77.193718,33.359890,134904
122965,p,683,103.673889,-77.578499,33.382381,134924
122986,p,684,103.426811,-77.963242,33.468761,134944
123006,p,685,103.170723,-78.354492,33.508125,134964
123026,p,686,102.910980,-78.748222,33.516068,134984
123046,p,687,102.660454,-79.149040,33.513187,135004
123066,p,688,102.414703,-79.556778,33.546764,135024
123086,p,689,102.156258,-79.983307,33.601925,135044
123106,p,690,101.904327,-80.382065,33.594486,135064
123126,p,691,101.645226,-80.776566,33.581089,135084
123146,p,692,101.386673,-81.168915,33.569199,135104
123166,p,693,101.113403,-81.586678,33.555740,135124
123186,p,694,100.846115,-81.986595,33.539734,135144
123207,p,695,100.580559,-82.384384,33.539810,135164
123226,p,696,100.312279,-82.783066,33.594322,135184
123247,p,697,100.026703,-83.179794,33.649422,135204
123267,p,698,99.733360,-83.572754,33.687313,135224
123287,p,699,99.438835,-83.972504,33.659355,135244
123307,p,700,99.142342,-84.372925,33.631836,135264
123327,p,701,98.844757,-84.766937,33.601593,135284
123348,p,702,98.531601,-85.177536,33.559055,135305
123367,p,703,98.229637,-85.574936,33.571354,135325
123387,p,704,97.932648,-85.975090,33.583965,135345
123407,p,705,97.629280,-86.393440,33.536606,135365
123427,p,706,97.350029,-86.785530,33.553108,135385
123448,p,707,97.078751,-87.174583,33.588043,135405
123472,p,708,96.806107,-87.563789,33.619564,135425
123487,p,709,96.524139,-87.972542,33.651241,135445
123523,p,710,96.524139,-87.972542,33.651241,135465
123536,p,711,96.217789,-88.421394,33.684490,135485
123553,p,712,95.955154,-88.816231,33.701916,135505
123576,p,713,95.679192,-89.233887,33.650448,135525
123603,p,714,95.416031,-89.628807,33.644169,135545
123616,p,715,95.147408,-90.022102,33.654228,135565
123636,p,716,94.861092,-90.436256,33.594479,135585
123656,p,717,94.592072,-90.838684,33.547688,135605
123678,p,718,94.325294,-91.248772,33.499310,135625
123695,p,719,94.059128,-91.659103,33.452656,135645
123714,p,720,93.791466,-92.080444,33.415859,135665
123737,p,721,93.539665,-92.481178,33.387787,135685
123758,p,722,93.276924,-92.886307,33.368034,135705
123778,p,723,93.013184,-93.290604,33.353378,135725
123796,p,724,92.750725,-93.708145,33.328964,135745
123818,p,725,92.512131,-94.104523,33.309296,135765
123843,p,726,92.280563,-94.498871,33.311493,135785
123857,p,727,92.052956,-94.889633,33.322487,135805
123876,p,728,91.815193,-95.301315,33.328564,135825
123898,p,729,91.600883,-95.696678,33.387875,135845
123918,p,730,91.400543,-96.094978,33.465672,135865
123944,p,731,91.197563,-96.494179,33.543579,135885
123963,p,732,90.971436,-96.904274,33.633282,135905
123978,p,733,90.747116,-97.299713,33.702679,135925
123997,p,734,90.540977,-97.674942,33.716854,135945
124023,p,735,90.330544,-98.062355,33.786034,135965
124037,p,736,90.116768,-98.468254,33.861099,135985
124065,p,737,89.923897,-98.856468,33.921097,136005
124083,p,738,89.725502,-99.250137,33.979015,136025
124104,p,739,89.521667,-99.641365,34.032154,136045
124118,p,740,89.322792,-100.032585,34.070095,136065
124137,p,741,89.119171,-100.450188,34.106853,136085
124157,p,742,88.920967,-100.862701,34.137337,136105
124177,p,743,88.732292,-101.249672,34.155361,136125
124197,p,744,88.546600,-101.631935,34.173992,136145
124224,p,745,88.349953,-102.035370,34.187130,136165
124243,p,746,88.157578,-102.421844,34.192661,136185
124262,p,747,87.973763,-102.803474,34.195053,136205
124284,p,748,87.790329,-103.181961,34.231586,136225
124297,p,749,87.593788,-103.559456,34.298416,136246
124317,p,750,87.400024,-103.933212,34.297764,136266
124337,p,751,87.211227,-104.314445,34.288033,136286
124364,p,752,87.020142,-104.697487,34.285240,136306
124378,p,753,86.822197,-105.090889,34.296612,136326
124397,p,754,86.636406,-105.458473,34.308422,136346
124417,p,755,86.439522,-105.825401,34.323303,136366
124445,p,756,86.233009,-106.189270,34.344528,136386
124464,p,757,86.021980,-106.551468,34.350830,136406
124476,p,758,85.807549,-106.914940,34.341763,136426
124498,p,759,85.593323,-107.277557,34.270046,136446
124524,p,760,85.378548,-107.634636,34.229130,136466
124544,p,761,85.165703,-107.988800,34.213390,136486
124565,p,762,84.959976,-108.347923,34.195091,136506
124583,p,763,84.755920,-108.712189,34.127121,136526
124604,p,764,84.561386,-109.075401,34.045254,136546
124624,p,765,84.373344,-109.444504,34.031464,136566
124637,p,766,84.175667,-109.822151,33.974777,136586
124664,p,767,83.981255,-110.204826,33.892101,136606
124678,p,768,83.802170,-110.595612,33.806908,136626
124697,p,769,83.626129,-110.993645,33.731930,136646
124718,p,770,83.451492,-111.388924,33.670055,136666
124744,p,771,83.280258,-111.783096,33.608082,136686
124764,p,772,83.105179,-112.199631,33.548115,136706
124785,p,773,82.946228,-112.600883,33.502068,136726
124805,p,774,82.792580,-113.004288,33.468033,136746
124824,p,775,82.641937,-113.408737,33.393948,136766
124837,p,776,82.496284,-113.811096,33.317738,136786
124857,p,777,82.353218,-114.216522,33.311337,136806
124874,p,778,82.202980,-114.629211,33.258751,136826
124894,p,779,82.057129,-115.043556,33.193092,136846
124915,p,780,81.927582,-115.461555,33.187702,136866
124935,p,781,81.800957,-115.885399,33.184792,136886
124954,p,782,81.672340,-116.305260,33.187782,136906
124974,p,783,81.550743,-116.723465,33.187321,136926
124994,p,784,81.426170,-117.168633,33.181095,136946
125015,p,785,81.305313,-117.592125,33.165634,136966
125044,p,786,81.190651,-118.005142,33.096119,136986
125059,p,787,81.079994,-118.413612,33.023403,137006
125082,p,788,80.966141,-118.820267,32.974491,137026
125098,p,789,80.847794,-119.245796,32.992710,137046
125124,p,790,80.741959,-119.651108,33.004051,137067
125144,p,791,80.638351,-120.053787,33.014439,137087
125165,p,792,80.532867,-120.452026,33.040405,137107
125185,p,793,80.424461,-120.849808,33.070530,137127
125198,p,794,80.312668,-121.251205,33.073116,137147
125226,p,795,80.211273,-121.653183,33.029819,137167
125244,p,796,80.127457,-122.070755,33.057777,137187
125258,p,797,80.054115,-122.470955,33.103760,137207
125277,p,798,79.964806,-122.872177,33.147038,137227
125298,p,799,79.867661,-123.267761,33.191933,137247
125326,p,800,79.775101,-123.680191,33.207466,137267
125345,p,801,79.775101,-123.680191,33.207466,137287
125357,p,802,79.672234,-124.139206,33.168331,137307
125385,p,803,79.581139,-124.533981,33.141788,137327
125404,p,804,79.496758,-124.916290,33.110680,137347
125418,p,805,79.403938,-125.317619,33.076569,137367
125445,p,806,79.310844,-125.700218,33.112217,137387
125465,p,807,79.224754,-126.073990,33.098820,137407
125485,p,808,79.137192,-126.460083,33.053123,137427
125507,p,809,79.051292,-126.822578,33.080105,137447
125524,p,810,78.961655,-127.194801,33.057701,137467
125543,p,811,78.878372,-127.544853,32.999424,137487
125566,p,812,78.804634,-127.884979,32.944996,137507
125586,p,813,78.736595,-128.215591,32.897270,137527
125597,p,814,78.660789,-128.542648,32.850910,137547
125626,p,815,78.583794,-128.865067,32.803982,137567
175653,m,816,78.521286,-129.181793,32.757748,238.635040
175827,c,817,-1.639200,-2.041467,0,0
175851,p,818,82.598953,-136.774841,35.345364,187659
175870,p,819,82.598953,-136.774841,35.345364,187679
175890,p,820,82.512993,-136.716446,35.299900,187699
175910,p,821,82.430878,-136.666565,35.280357,187719
175930,p,822,82.342331,-136.623215,35.333984,187739
175950,p,823,82.234550,-136.593628,35.391514,187759
175970,p,824,82.105644,-136.574921,35.457741,187779
175990,p,825,81.962906,-136.561859,35.528370,187799
176010,p,826,81.810287,-136.547684,35.598557,187819
176030,p,827,81.649200,-136.527786,35.666088,187839
176051,p,828,81.465187,-136.506332,35.727360,187859
176071,p,829,81.264099,-136.485306,35.832550,187879
176091,p,830,81.057076,-136.471115,35.940407,187899
176111,p,831,80.845238,-136.462616,36.037018,187919
176131,p,832,80.635796,-136.458954,36.121334,187939
176151,p,833,80.427116,-136.458817,36.176781,187959
176171,p,834,80.220917,-136.459457,36.176426,187979
176191,p,835,80.017624,-136.462540,36.169662,187999
176211,p,836,79.806686,-136.466644,36.178337,188019
176232,p,837,79.578636,-136.470642,36.238998,188039
176251,p,838,79.351715,-136.474213,36.239712,188060
176272,p,839,79.116783,-136.474609,36.229053,188080
176292,p,840,78.866478,-136.475311,36.206661,188100
176312,p,841,78.598404,-136.473419,36.179512,188120
176332,p,842,78.317451,-136.470062,36.156788,188140
176352,p,843,78.009392,-136.469055,36.134090,188160
176372,p,844,77.702637,-136.468353,36.115997,188180
176392,p,845,77.386993,-136.469635,36.096512,188200
176412,p,846,77.058479,-136.476868,36.075275,188220
176432,p,847,76.728828,-136.486267,36.055347,188240
176452,p,848,76.399506,-136.498352,36.027393,188260
176472,p,849,76.066139,-136.511780,35.997749,188280
176493,p,850,75.727379,-136.522934,36.029823,188300
176513,p,851,75.369476,-136.532135,36.069115,188320
176533,p,852,74.987732,-136.535141,36.112019,188340
176553,p,853,74.567612,-136.536331,36.098766,188360
176573,p,854,74.140465,-136.538269,36.050114,188380
176593,p,855,73.699226,-136.534866,35.968025,188400
176613,p,856,73.249390,-136.529007,35.951988,188420
176633,p,857,72.791603,-136.524139,35.943623,188440
176653,p,858,72.308311,-136.519104,35.936638,188460
176673,p,859,71.845634,-136.516418,35.916904,188480
176693,p,860,71.385971,-136.520294,35.894348,188500
176713,p,861,70.907669,-136.533630,35.885708,188520
176733,p,862,70.450470,-136.551575,35.873856,188540
176753,p,863,69.992081,-136.572571,35.821415,188560
176773,p,864,69.536163,-136.599304,35.737194,188580
176794,p,865,69.082062,-136.631332,35.651451,188600
176817,p,866,68.605675,-136.662857,35.565536,188620
176834,p,867,68.153206,-136.692703,35.491314,188640
176854,p,868,67.690849,-136.723312,35.422604,188660
176874,p,869,67.221947,-136.746475,35.361202,188680
176894,p,870,66.753502,-136.765701,35.301537,188700
176914,p,871,66.275131,-136.788177,35.188137,188720
176934,p,872,65.785454,-136.808395,35.127831,188740
176954,p,873,65.297714,-136.826508,35.099247,188760
176974,p,874,64.803093,-136.851929,35.074783,188780
176994,p,875,64.277237,-136.884354,35.063728,188800
177014,p,876,63.754475,-136.917465,35.051319,188820
177034,p,877,63.254795,-136.950577,35.041630,188840
177055,p,878,62.748039,-136.983765,35.050880,188860
177075,p,879,62.232288,-137.014297,35.065296,188880
177095,p,880,61.704559,-137.040588,35.079514,188901
177115,p,881,61.170879,-137.066711,35.058968,188921
177135,p,882,60.633423,-137.100876,35.031532,188941
177155,p,883,60.067394,-137.139130,35.061935,188961
177175,p,884,59.531830,-137.172073,35.085411,188981
177195,p,885,59.005444,-137.209152,35.101753,189001
177215,p,886,58.476673,-137.253159,35.117569,189021
177235,p,887,57.942322,-137.292221,35.135117,189041
177256,p,888,57.404068,-137.327606,35.128586,189061
177275,p,889,56.861771,-137.367126,35.069141,189081
177296,p,890,56.314411,-137.414276,35.064457,189101
177316,p,891,55.756020,-137.469009,35.071529,189121
177336,p,892,55.190910,-137.525299,35.078350,189141
177356,p,893,54.601185,-137.583908,35.036831,189161
177376,p,894,54.022820,-137.642731,34.997711,189181
177396,p,895,53.404999,-137.704193,35.020252,189201
177417,p,896,52.787193,-137.768219,35.037632,189221
177436,p,897,52.168766,-137.842880,35.048660,189241
177457,p,898,51.577690,-137.918915,35.064499,189261
177476,p,899,50.988670,-137.993805,35.076492,189281
177497,p,900,50.398441,-138.064468,35.082539,189301
177517,p,901,49.805737,-138.132828,35.093674,189321
177537,p,902,49.208176,-138.205154,35.104153,189341
177557,p,903,48.605877,-138.279129,35.106396,189361
177577,p,904,48.010906,-138.351959,35.103909,189381
