58715,m,0,-21.921705,2.113177,30.987926,373.503448
58735,p,1,-19.534655,-5.744349,38.323837,74395
58764,p,2,-19.552982,-5.756894,38.288853,74415
58784,p,3,-19.574299,-5.772826,38.262344,74435
58803,p,4,-19.592260,-5.786649,38.237240,74455
58821,p,5,-19.599852,-5.797047,38.197819,74475
58851,p,6,-19.601418,-5.806445,38.156326,74495
58863,p,7,-19.594034,-5.815205,38.132038,74515
58882,p,8,-19.582397,-5.832520,38.114838,74535
58901,p,9,-19.564335,-5.851990,38.101109,74555
58925,p,10,-19.530289,-5.862802,38.082478,74575
58943,p,11,-19.486874,-5.868944,38.061443,74595
58964,p,12,-19.435225,-5.875822,38.009617,74615
58983,p,13,-19.375494,-5.883556,37.963757,74635
59001,p,14,-19.313116,-5.896512,37.927288,74655
59024,p,15,-19.248613,-5.906635,37.953976,74675
59043,p,16,-19.182459,-5.901370,37.997414,74695
59062,p,17,-19.108730,-5.888185,38.031590,74715
59080,p,18,-19.027632,-5.877964,38.062138,74736
59100,p,19,-18.932337,-5.872340,38.087063,74756
59116,p,20,-18.826233,-5.872943,38.103954,74776
59142,p,21,-18.717697,-5.875186,38.131973,74796
59161,p,22,-18.613304,-5.869152,38.170002,74816
59181,p,23,-18.500851,-5.862534,38.195061,74836
59202,p,24,-18.370159,-5.866794,38.147816,74856
59224,p,25,-18.234011,-5.877846,38.096397,74876
59243,p,26,-18.097425,-5.892731,38.051281,74896
59263,p,27,-17.960058,-5.907872,38.076038,74916
59282,p,28,-17.808832,-5.921418,38.096130,74936
59303,p,29,-17.635992,-5.940490,38.100708,74956
59323,p,30,-17.465940,-5.962507,38.116734,74976
59343,p,31,-17.281515,-5.981579,38.113094,74996
59360,p,32,-17.101130,-5.999350,38.061638,75016
59376,p,33,-16.903219,-6.018185,38.072601,75036
59396,p,34,-16.697474,-6.030600,38.046364,75056
59416,p,35,-16.484165,-6.046429,37.992672,75076
59436,p,36,-16.260370,-6.071808,37.952297,75096
59457,p,37,-16.040993,-6.096717,37.921585,75116
59484,p,38,-15.811769,-6.119895,37.882664,75136
59504,p,39,-15.559772,-6.141004,37.842682,75156
59523,p,40,-15.305224,-6.158572,37.808117,75176
59543,p,41,-15.043379,-6.181704,37.786430,75196
59563,p,42,-14.779747,-6.204902,37.837296,75216
59585,p,43,-14.505838,-6.216827,37.890732,75236
59604,p,44,-14.219342,-6.226924,37.931015,75256
59624,p,45,-13.930992,-6.248250,37.968086,75276
59644,p,46,-13.623305,-6.274612,37.953583,75296
59665,p,47,-13.320958,-6.296528,37.910236,75316
59685,p,48,-13.016603,-6.313109,37.861061,75336
59703,p,49,-12.694450,-6.322109,37.814091,75356
59722,p,50,-12.384290,-6.332685,37.772217,75376
59742,p,51,-12.061771,-6.353313,37.730240,75396
59762,p,52,-11.747808,-6.370819,37.745644,75416
59782,p,53,-11.420841,-6.384562,37.765846,75436
59803,p,54,-11.089568,-6.400897,37.795826,75456
59822,p,55,-10.742220,-6.416049,37.786858,75476
59851,p,56,-10.405235,-6.428723,37.782188,75496
59862,p,57,-10.058475,-6.447608,37.809975,75516
59883,p,58,-9.700044,-6.469638,37.841084,75536
59902,p,59,-9.700044,-6.469638,37.841084,75556
59925,p,60,-9.283846,-6.491563,37.878502,75576
59945,p,61,-8.920269,-6.503212,37.914074,75596
59973,p,62,-8.550313,-6.513348,37.948257,75616
59987,p,63,-8.182482,-6.531844,38.016884,75636
60010,p,64,-7.807177,-6.553272,38.121368,75656
60025,p,65,-7.414231,-6.571329,38.143963,75676
60041,p,66,-7.014996,-6.587615,38.161800,75696
60061,p,67,-6.599639,-6.599566,38.192562,75716
60081,p,68,-6.200901,-6.610462,38.283234,75736
60112,p,69,-5.794444,-6.627266,38.328579,75756
60133,p,70,-5.373779,-6.648760,38.342415,75776
60151,p,71,-4.945649,-6.673302,38.349007,75796
60165,p,72,-4.512425,-6.696369,38.351357,75816
60192,p,73,-4.069640,-6.715049,38.358852,75836
60215,p,74,-3.628093,-6.734015,38.434242,75856
60225,p,75,-3.167315,-6.752568,38.511192,75876
60246,p,76,-2.718762,-6.770147,38.560772,75896
60267,p,77,-2.268051,-6.789926,38.544968,75917
60292,p,78,-1.817437,-6.803136,38.584904,75937
60311,p,79,-1.362973,-6.810869,38.648533,75957
60332,p,80,-0.904528,-6.822638,38.704830,75977
60351,p,81,-0.441302,-6.838434,38.759983,75997
60366,p,82,0.027199,-6.854009,38.806210,76017
60386,p,83,0.500374,-6.865358,38.845810,76037
60406,p,84,0.974007,-6.875810,38.878468,76057
60421,p,85,1.442988,-6.889776,38.902840,76077
60440,p,86,1.916386,-6.900639,38.922867,76097
60460,p,87,2.392454,-6.909883,38.936588,76117
60480,p,88,2.885362,-6.924413,38.950600,76137
60500,p,89,3.357565,-6.937026,38.961906,76157
60521,p,90,3.837424,-6.947870,38.962452,76177
60541,p,91,4.336756,-6.963625,38.957977,76197
60561,p,92,4.808216,-6.976797,38.962521,76217
60581,p,93,5.279024,-6.986427,38.967823,76237
60601,p,94,5.756021,-7.001282,38.964130,76257
60621,p,95,6.261490,-7.019385,38.964344,76277
60641,p,96,6.743048,-7.031196,38.968899,76297
60661,p,97,7.219049,-7.041469,38.969688,76317
60681,p,98,7.730212,-7.051739,38.969364,76337
60701,p,99,8.242836,-7.057281,38.964741,76357
60721,p,100,8.763787,-7.064170,38.957642,76377
60742,p,101,9.289638,-7.073240,38.957676,76397
60761,p,102,9.840878,-7.078763,38.956127,76417
60782,p,103,10.410778,-7.083281,38.925293,76437
60802,p,104,10.969757,-7.089313,38.859390,76457
60822,p,105,11.519376,-7.091568,38.813793,76477
60842,p,106,12.073009,-7.091477,38.761822,76497
60862,p,107,12.623773,-7.096416,38.701447,76517
60883,p,108,13.174059,-7.102515,38.659557,76537
60902,p,109,13.736404,-7.103264,38.629482,76557
60922,p,110,14.316651,-7.104372,38.582718,76577
60942,p,111,14.906866,-7.108265,38.532078,76597
60963,p,112,15.506824,-7.109654,38.512718,76617
60983,p,113,16.111124,-7.104912,38.550236,76637
61002,p,114,16.711367,-7.098675,38.524799,76657
61023,p,115,17.331211,-7.097370,38.473328,76677
61043,p,116,17.924549,-7.094787,38.432034,76697
61064,p,117,18.516788,-7.089768,38.398113,76717
61083,p,118,19.100458,-7.093554,38.362896,76737
61103,p,119,19.699654,-7.104010,38.333431,76757
61124,p,120,20.305483,-7.105031,38.316124,76777
61143,p,121,20.890369,-7.101321,38.299797,76797
61164,p,122,21.493969,-7.107433,38.284950,76817
61184,p,123,22.089106,-7.116105,38.286114,76838
61204,p,124,22.659615,-7.113430,38.290989,76858
61224,p,125,23.256454,-7.109194,38.284218,76878
61244,p,126,23.824350,-7.115396,38.281727,76898
61264,p,127,24.390322,-7.125184,38.330605,76918
61284,p,128,24.976261,-7.130482,38.393200,76938
61304,p,129,25.524317,-7.131922,38.387234,76958
61324,p,130,26.100817,-7.133435,38.381329,76978
61344,p,131,26.650244,-7.139900,38.375027,76998
61364,p,132,27.186321,-7.149811,38.375828,77018
61385,p,133,27.736242,-7.154716,38.385845,77038
61405,p,134,28.266893,-7.157119,38.409096,77058
61424,p,135,28.828138,-7.161362,38.476849,77078
61445,p,136,29.360514,-7.170281,38.482471,77098
61465,p,137,29.911478,-7.175223,38.513653,77118
61485,p,138,29.911478,-7.175223,38.513653,77138
61505,p,139,30.510481,-7.177572,38.594814,77158
61525,p,140,31.036926,-7.185753,38.581573,77178
61545,p,141,31.568747,-7.194065,38.567974,77198
61565,p,142,32.101528,-7.200325,38.554909,77218
61585,p,143,32.625309,-7.210932,38.542824,77238
61605,p,144,33.178303,-7.219142,38.492237,77258
61625,p,145,33.711845,-7.219964,38.407413,77278
61645,p,146,34.237946,-7.223223,38.388123,77298
61665,p,147,34.755665,-7.228511,38.377888,77318
61685,p,148,35.281521,-7.226749,38.364391,77338
61705,p,149,35.813660,-7.223665,38.337486,77358
61725,p,150,36.340359,-7.227967,38.315979,77378
61745,p,151,36.864517,-7.236231,38.308598,77398
61766,p,152,37.394943,-7.243955,38.294418,77418
61786,p,153,37.951385,-7.251573,38.270824,77438
61806,p,154,38.478481,-7.258959,38.265888,77458
61826,p,155,39.004173,-7.270470,38.330555,77478
61847,p,156,39.520832,-7.287017,38.391258,77498
61866,p,157,40.027935,-7.299968,38.451195,77518
61886,p,158,40.538132,-7.309031,38.509605,77538
61906,p,159,41.056190,-7.321472,38.556549,77558
61927,p,160,41.597916,-7.342693,38.610386,77578
61946,p,161,42.104500,-7.361301,38.728439,77598
61966,p,162,42.610626,-7.371542,38.843010,77618
61986,p,163,43.122280,-7.384633,38.928143,77638
62006,p,164,43.635075,-7.404146,38.950600,77658
62026,p,165,44.145027,-7.418089,39.029636,77678
62047,p,166,44.662567,-7.424369,39.114693,77698
62067,p,167,45.185547,-7.432545,39.122841,77718
62087,p,168,45.735607,-7.443054,39.133564,77738
62107,p,169,46.256992,-7.450752,39.164219,77759
62127,p,170,46.771351,-7.460443,39.242393,77779
62147,p,171,47.281170,-7.469355,39.265903,77799
62167,p,172,47.793686,-7.472452,39.267265,77819
62187,p,173,48.310608,-7.479200,39.260971,77839
62207,p,174,48.824471,-7.493956,39.300678,77859
62227,p,175,49.333290,-7.503587,39.349155,77879
62247,p,176,49.850330,-7.505779,39.334843,77899
62268,p,177,50.373081,-7.514635,39.358982,77919
62288,p,178,50.888367,-7.531805,39.396347,77939
62308,p,179,51.391891,-7.546629,39.401077,77959
62328,p,180,51.898739,-7.554521,39.458920,77979
62348,p,181,52.438766,-7.564605,39.520580,77999
62368,p,182,52.956776,-7.579752,39.573864,78019
62388,p,183,53.467907,-7.592181,39.634659,78039
62408,p,184,53.977303,-7.604470,39.685181,78059
62428,p,185,54.485294,-7.621908,39.719826,78079
62448,p,186,54.991013,-7.640009,39.703239,78099
62468,p,187,55.494583,-7.657081,39.669060,78119
62488,p,188,55.992245,-7.675642,39.625481,78139
62508,p,189,56.511890,-7.692897,39.630535,78159
62529,p,190,57.013187,-7.709235,39.645290,78179
62549,p,191,57.506847,-7.731596,39.658520,78199
62569,p,192,57.991409,-7.753203,39.678917,78219
62589,p,193,58.508324,-7.767965,39.670204,78239
62609,p,194,59.009686,-7.785317,39.606655,78259
62629,p,195,59.505848,-7.806290,39.552280,78279
62649,p,196,60.001225,-7.817653,39.530247,78299
62669,p,197,60.528763,-7.823465,39.542675,78319
62689,p,198,61.034439,-7.836902,39.491066,78339
62709,p,199,61.559700,-7.849959,39.451878,78359
62729,p,200,62.083572,-7.852743,39.433758,78379
62749,p,201,62.582439,-7.857971,39.410423,78399
62770,p,202,63.082188,-7.875847,39.378361,78419
62790,p,203,63.583363,-7.893778,39.352268,78439
62810,p,204,64.081139,-7.907998,39.326187,78459
62830,p,205,64.570564,-7.924516,39.261707,78479
62850,p,206,65.060051,-7.934227,39.164959,78499
62870,p,207,65.556419,-7.935399,39.062462,78519
62890,p,208,66.076279,-7.944758,38.990280,78539
62910,p,209,66.563805,-7.960093,38.967140,78559
62931,p,210,67.049591,-7.965919,38.891018,78579
62950,p,211,67.538116,-7.965398,38.809498,78599
62970,p,212,68.052162,-7.974850,38.722076,78619
62990,p,213,68.541313,-7.990871,38.659298,78640
63010,p,214,69.032425,-7.999126,38.618382,78660
63030,p,215,69.528374,-8.001507,38.576851,78680
63050,p,216,70.055008,-8.008872,38.523796,78700
63071,p,217,70.564117,-8.016591,38.436256,78720
63091,p,218,71.074402,-8.018428,38.338238,78740
63111,p,219,71.580048,-8.022154,38.244671,78760
63131,p,220,72.073265,-8.029709,38.200829,78780
63151,p,221,72.582840,-8.030534,38.187664,78800
63171,p,222,73.076157,-8.024191,38.178959,78820
63191,p,223,73.573219,-8.022021,38.118118,78840
63211,p,224,74.096947,-8.026382,38.043579,78860
63231,p,225,74.584686,-8.034683,38.035973,78880
63251,p,226,75.059418,-8.042242,38.002125,78900
63271,p,227,75.536781,-8.041447,37.967133,78920
63291,p,228,76.026512,-8.029985,37.923092,78940
63312,p,229,76.542984,-8.018092,37.865147,78960
63332,p,230,77.040520,-8.015797,37.817493,78980
63352,p,231,77.566917,-8.014988,37.782635,79000
63372,p,232,78.069633,-8.009731,37.757580,79020
63392,p,233,78.566856,-8.006025,37.739651,79040
63412,p,234,79.067482,-8.004003,37.728550,79060
63432,p,235,79.067482,-8.004003,37.728550,79080
63452,p,236,79.659416,-7.992089,37.787849,79100
63472,p,237,80.187721,-7.980216,37.810135,79120
63493,p,238,80.714554,-7.983109,37.798939,79140
63512,p,239,81.228355,-7.992946,37.797523,79160
63533,p,240,81.758797,-7.994589,37.801346,79180
63553,p,241,82.263023,-7.993156,37.790394,79200
63573,p,242,82.767372,-7.998197,37.763660,79220
63593,p,243,83.271172,-8.002012,37.741966,79240
63614,p,244,83.799316,-8.001557,37.728985,79260
63634,p,245,84.301575,-8.000240,37.716461,79280
63653,p,246,84.804054,-7.995742,37.705078,79300
63674,p,247,85.322495,-7.986408,37.697674,79320
63693,p,248,85.820602,-7.971320,37.688889,79340
63715,p,249,86.329483,-7.955859,37.709164,79360
63734,p,250,86.837219,-7.949869,37.737007,79380
63754,p,251,87.335167,-7.952977,37.721149,79400
63774,p,252,87.833160,-7.954865,37.717766,79420
63794,p,253,88.339973,-7.948816,37.706802,79440
63814,p,254,88.857544,-7.942525,37.677696,79460
63834,p,255,89.406013,-7.944458,37.641525,79480
63854,p,256,89.935860,-7.947381,37.621082,79500
63874,p,257,90.463776,-7.946550,37.608868,79520
63894,p,258,90.976768,-7.950302,37.641464,79540
63915,p,259,91.505798,-7.956871,37.680347,79561
63935,p,260,92.014648,-7.953660,37.666210,79581
63954,p,261,92.528641,-7.949093,37.642159,79601
63975,p,262,93.037178,-7.955591,37.617172,79621
63995,p,263,93.553535,-7.965219,37.609871,79641
64015,p,264,94.039734,-7.967109,37.610882,79661
64035,p,265,94.526703,-7.966463,37.596977,79681
64055,p,266,95.012962,-7.968031,37.569569,79701
64075,p,267,95.494072,-7.973668,37.531406,79721
64095,p,268,95.977623,-7.980791,37.518143,79741
64115,p,269,96.464516,-7.985651,37.563557,79761
64135,p,270,96.946434,-7.990293,37.554546,79781
64155,p,271,97.411758,-8.001109,37.533665,79801
64175,p,272,97.868622,-8.010984,37.521217,79821
64195,p,273,98.330315,-8.008066,37.566170,79841
64215,p,274,98.799545,-8.001011,37.613750,79861
64235,p,275,99.289536,-8.003266,37.654900,79881
64255,p,276,99.742798,-8.009554,37.701653,79901
64275,p,277,100.209427,-8.009381,37.732513,79921
64296,p,278,100.660843,-7.998789,37.711048,79941
64316,p,279,101.114830,-7.983825,37.730968,79961
64336,p,280,101.569511,-7.976584,37.719612,79981
64356,p,281,102.027397,-7.977490,37.678764,80001
64376,p,282,102.485245,-7.972922,37.716122,80021
64399,p,283,102.961975,-7.958129,37.759567,80041
64416,p,284,103.417290,-7.941351,37.779964,80061
64436,p,285,103.868622,-7.923109,37.790192,80081
64456,p,286,104.323700,-7.901573,37.812359,80101
64476,p,287,104.781517,-7.874945,37.846592,80121
64496,p,288,105.239525,-7.842193,37.885761,80141
64516,p,289,105.693161,-7.804333,37.957794,80161
64536,p,290,106.140022,-7.768614,38.059677,80181
64557,p,291,106.603271,-7.734239,38.151333,80201
64577,p,292,107.051880,-7.695015,38.201069,80221
64597,p,293,107.535011,-7.646155,38.217224,80241
64617,p,294,108.001556,-7.603420,38.286789,80261
64637,p,295,108.456970,-7.565229,38.357277,80281
64657,p,296,108.905235,-7.519053,38.435272,80301
64677,p,297,109.360901,-7.462823,38.503956,80321
64697,p,298,109.825958,-7.409198,38.511250,80341
64717,p,299,110.307213,-7.361240,38.479008,80361
64737,p,300,110.753525,-7.314342,38.461948,80381
64758,p,301,111.221359,-7.258528,38.489185,80402
64778,p,302,111.674973,-7.203244,38.516224,80422
64798,p,303,112.149033,-7.146105,38.535713,80442
64818,p,304,112.603874,-7.090833,38.568520,80462
64838,p,305,113.063255,-7.034383,38.592880,80482
64858,p,306,113.537659,-6.975816,38.556679,80502
64878,p,307,113.982094,-6.918652,38.579063,80522
64898,p,308,114.450867,-6.853797,38.607216,80542
64918,p,309,114.905922,-6.786778,38.592056,80562
64938,p,310,115.383408,-6.718525,38.636402,80582
64958,p,311,115.829552,-6.660845,38.687061,80602
64978,p,312,116.266975,-6.602818,38.737774,80622
64998,p,313,116.266975,-6.602818,38.737774,80642
65018,p,314,116.775215,-6.533694,38.785072,80662
65038,p,315,117.227119,-6.480876,38.809601,80682
65058,p,316,117.673485,-6.432648,38.836182,80702
65079,p,317,118.114922,-6.381844,38.868122,80722
65099,p,318,118.579681,-6.328812,38.884274,80742
65119,p,319,119.023178,-6.282332,38.884518,80762
65139,p,320,119.464973,-6.231744,38.891041,80782
65159,p,321,119.899170,-6.175436,38.937393,80802
65179,p,322,120.345184,-6.118712,39.000820,80822
65199,p,323,120.777237,-6.067150,38.993675,80842
65219,p,324,121.222565,-6.013982,38.981560,80862
65239,p,325,121.663879,-5.964202,38.965729,80882
65259,p,326,122.092094,-5.919453,38.958958,80902
65279,p,327,122.543785,-5.870949,38.957138,80922
65299,p,328,123.007721,-5.820008,38.957012,80942
65319,p,329,123.447754,-5.774054,39.012730,80962
65339,p,330,123.896629,-5.723540,39.039085,80982
65359,p,331,124.322906,-5.669109,39.068256,81002
65379,p,332,124.774544,-5.613812,39.134853,81022
65399,p,333,125.227707,-5.563703,39.137260,81042
65420,p,334,125.656036,-5.510837,39.168022,81062
65440,p,335,126.080818,-5.449701,39.246346,81082
65460,p,336,126.502525,-5.391130,39.310455,81102
65480,p,337,126.925781,-5.341207,39.347614,81122
65500,p,338,127.353386,-5.291234,39.345257,81142
65520,p,339,127.781403,-5.236204,39.395561,81162
65540,p,340,128.229614,-5.179140,39.420738,81182
65560,p,341,128.661880,-5.128475,39.402584,81202
65580,p,342,129.098511,-5.078094,39.445732,81222
65600,p,343,129.554031,-5.021943,39.491409,81242
65620,p,344,129.989944,-4.964197,39.530968,81262
65640,p,345,130.431595,-4.900723,39.571793,81282
65660,p,346,130.875290,-4.841201,39.609055,81302
65680,p,347,131.336380,-4.788096,39.646591,81322
65700,p,348,131.780807,-4.731092,39.681545,81342
65720,p,349,132.233673,-4.664971,39.708485,81362
65741,p,350,132.684830,-4.603627,39.735210,81382
65761,p,351,133.156479,-4.543727,39.773750,81402
65781,p,352,133.609955,-4.482512,39.804512,81422
65801,p,353,134.063217,-4.422653,39.824577,81442
65821,p,354,134.528793,-4.361673,39.856682,81462
65841,p,355,134.967850,-4.297564,39.890682,81482
65861,p,356,135.429581,-4.230492,39.896500,81502
65881,p,357,135.869629,-4.172085,39.840530,81522
65901,p,358,136.309860,-4.108216,39.841434,81542
65921,p,359,136.771332,-4.035502,39.852051,81562
65941,p,360,137.211395,-3.973249,39.846703,81582
65961,p,361,137.656815,-3.915243,39.801716,81602
65981,p,362,138.102402,-3.849272,39.743576,81622
66001,p,363,138.558853,-3.776042,39.678623,81642
66021,p,364,138.996429,-3.707775,39.621288,81662
66041,p,365,139.442795,-3.639741,39.568932,81682
66062,p,366,139.885864,-3.570830,39.517090,81702
66082,p,367,140.333893,-3.496382,39.475590,81722
66102,p,368,140.782974,-3.417021,39.447437,81742
66122,p,369,141.219269,-3.343513,39.417374,81762
66142,p,370,141.219269,-3.343513,39.417374,81782
66162,p,371,141.708450,-3.267033,39.380756,81802
66182,p,372,142.129028,-3.195832,39.360741,81822
66202,p,373,142.559464,-3.118066,39.342930,81842
66222,p,374,142.997726,-3.045647,39.316559,81862
66242,p,375,143.431259,-2.979250,39.295456,81882
66262,p,376,143.862793,-2.904986,39.286659,81902
66282,p,377,144.297012,-2.822283,39.269581,81922
66302,p,378,144.727432,-2.746353,39.239033,81942
66322,p,379,145.170578,-2.673351,39.211132,81962
66342,p,380,145.592636,-2.588318,39.194981,81982
66363,p,381,146.017441,-2.483251,39.187431,82002
66382,p,382,146.437103,-2.379608,39.180470,82022
66403,p,383,146.867691,-2.282986,39.114082,82042
66423,p,384,147.294495,-2.188449,39.110878,82062
66443,p,385,147.701843,-2.089825,39.132999,82082
66463,p,386,148.123703,-1.986518,39.145226,82102
66483,p,387,148.511246,-1.899497,39.159698,82122
66503,p,388,148.890549,-1.816585,39.181000,82142
66523,p,389,149.286118,-1.727796,39.192703,82162
66544,p,390,149.654922,-1.647935,39.193447,82182
66564,p,391,150.009750,-1.573127,39.199368,82202
66584,p,392,150.364136,-1.494411,39.203915,82222
116915,m,393,150.739212,-1.410000,39.196152,185.255966
116935,p,394,160.117508,-1.449855,38.869438,132431
116955,p,395,160.069016,-1.425373,38.911682,132451
116975,p,396,160.017654,-1.403715,38.962196,132471
116995,p,397,159.966675,-1.375489,39.012535,132491
117015,p,398,159.920425,-1.352419,39.110233,132511
117035,p,399,159.876038,-1.339537,39.183834,132531
117055,p,400,159.836166,-1.334426,39.205093,132551
117075,p,401,159.798157,-1.330609,39.216457,132571
117095,p,402,159.754013,-1.326931,39.223858,132591
117115,p,403,159.695908,-1.325776,39.238350,132611
117135,p,404,159.633728,-1.328847,39.245960,132631
117155,p,405,159.573944,-1.339978,39.246498,132651
117175,p,406,159.505081,-1.350618,39.244419,132671
117195,p,407,159.424744,-1.363309,39.235035,132691
117216,p,408,159.345520,-1.381889,39.225384,132711
117236,p,409,159.264114,-1.411859,39.203239,132731
117256,p,410,159.185791,-1.445304,39.107807,132751
117276,p,411,159.104721,-1.488360,39.039654,132771
117296,p,412,159.019455,-1.537013,39.007076,132791
117316,p,413,158.924637,-1.594064,38.975758,132811
117336,p,414,158.827911,-1.662616,38.940403,132831
117356,p,415,158.738449,-1.737106,38.909477,132851
117376,p,416,158.644592,-1.824530,38.877537,132871
117399,p,417,158.551987,-1.916541,38.848278,132891
117416,p,418,158.460480,-2.019764,38.816818,132911
117445,p,419,158.370804,-2.121840,38.807060,132931
117456,p,420,158.275970,-2.222944,38.807293,132951
117476,p,421,158.161285,-2.329445,38.793167,132971
117496,p,422,158.021042,-2.449586,38.727222,132991
117517,p,423,157.862885,-2.576981,38.723907,133011
117537,p,424,157.691910,-2.710702,38.737675,133031
117557,p,425,157.512238,-2.853571,38.749485,133051
117577,p,426,157.319550,-3.007136,38.770687,133071
117597,p,427,157.134979,-3.154382,38.788685,133091
117617,p,428,157.134979,-3.154382,38.788685,133111
117637,p,429,156.920639,-3.326478,38.816486,133131
117657,p,430,156.729004,-3.483366,38.854046,133151
117677,p,431,156.536499,-3.649198,38.865948,133171
117697,p,432,156.354401,-3.829386,38.837891,133191
117717,p,433,156.180054,-4.026350,38.801445,133211
117737,p,434,156.012405,-4.233098,38.759254,133231
117757,p,435,155.843826,-4.457807,38.713318,133251
117777,p,436,155.680801,-4.687459,38.675800,133272
117797,p,437,155.522141,-4.909266,38.653767,133292
117818,p,438,155.361221,-5.132168,38.642952,133312
117838,p,439,155.198532,-5.361759,38.696449,133332
117858,p,440,155.033890,-5.601754,38.712341,133352
117878,p,441,154.873138,-5.853282,38.710072,133372
117898,p,442,154.721313,-6.116977,38.766846,133392
117918,p,443,154.565475,-6.401099,38.783314,133412
117938,p,444,154.417999,-6.671229,38.785954,133432
117958,p,445,154.269287,-6.942949,38.832184,133452
117978,p,446,154.117050,-7.217753,38.869316,133472
117998,p,447,153.957916,-7.497739,38.899399,133492
118018,p,448,153.790756,-7.797440,38.865356,133512
118038,p,449,153.637848,-8.093044,38.866840,133532
118058,p,450,153.480515,-8.412858,38.861504,133552
118078,p,451,153.330109,-8.725108,38.801086,133572
118099,p,452,153.181702,-9.042843,38.744804,133592
118119,p,453,153.022781,-9.383114,38.692646,133612
118139,p,454,152.863663,-9.715829,38.644222,133632
118159,p,455,152.697525,-10.071383,38.580032,133652
118179,p,456,152.542694,-10.423525,38.517056,133672
118199,p,457,152.390289,-10.783200,38.458961,133692
118219,p,458,152.230682,-11.157902,38.409313,133712
118239,p,459,152.082336,-11.507709,38.363823,133732
118259,p,460,151.927872,-11.856174,38.327755,133752
118282,p,461,151.763229,-12.204930,38.309353,133772
118299,p,462,151.592026,-12.560781,38.270790,133792
118319,p,463,151.425079,-12.923980,38.195061,133812
118339,p,464,151.258896,-13.297686,38.176746,133832
118359,p,465,151.093018,-13.676654,38.160542,133852
118380,p,466,150.933289,-14.059899,38.131504,133872
118400,p,467,150.774109,-14.449906,38.107773,133892
118420,p,468,150.611435,-14.839264,38.068474,133912
118440,p,469,150.433990,-15.245487,37.991814,133932
118460,p,470,150.265289,-15.632626,37.921909,133952
118480,p,471,150.093048,-16.029898,37.884140,133972
118500,p,472,149.913742,-16.437286,37.897026,133992
118520,p,473,149.730423,-16.870405,37.906433,134012
118540,p,474,149.568069,-17.290039,37.866940,134032
118560,p,475,149.419037,-17.712276,37.792961,134052
118580,p,476,149.274261,-18.138792,37.720074,134072
118600,p,477,149.119232,-18.565691,37.664501,134092
118621,p,478,148.948990,-19.005426,37.626266,134112
118640,p,479,148.781799,-19.421625,37.598480,134132
118660,p,480,148.611893,-19.837530,37.662666,134152
118680,p,481,148.423492,-20.275581,37.791199,134172
118700,p,482,148.217484,-20.717472,37.856155,134192
118721,p,483,148.019226,-21.137545,37.955418,134212
118741,p,484,147.815781,-21.582079,38.067970,134232
118761,p,485,147.622269,-22.007511,38.174236,134252
118781,p,486,147.405807,-22.452473,38.279610,134272
118801,p,487,147.183380,-22.874157,38.381004,134292
118821,p,488,146.957535,-23.298841,38.479603,134312
118841,p,489,146.715042,-23.757765,38.577511,134332
118861,p,490,146.477158,-24.202084,38.648586,134352
118881,p,491,146.235214,-24.645592,38.660694,134372
118901,p,492,145.989182,-25.086718,38.673691,134392
118921,p,493,145.737106,-25.528315,38.706066,134412
118941,p,494,145.458359,-25.998709,38.783642,134432
118961,p,495,145.191406,-26.448265,38.841457,134452
118981,p,496,144.929306,-26.902376,38.858116,134472
119002,p,497,144.668335,-27.355503,38.829418,134492
119022,p,498,144.668335,-27.355503,38.829418,134512
119042,p,499,144.356918,-27.873020,38.864590,134532
119062,p,500,144.068253,-28.345701,38.902420,134552
119082,p,501,143.795807,-28.803888,38.922760,134572
119102,p,502,143.515442,-29.271589,38.935497,134592
119122,p,503,143.223404,-29.735926,38.946262,134612
119142,p,504,142.918045,-30.198177,38.949726,134632
119162,p,505,142.606140,-30.657509,38.889149,134652
119182,p,506,142.296158,-31.115454,38.824333,134672
119202,p,507,141.983353,-31.578522,38.762356,134692
119222,p,508,141.651489,-32.063667,38.774326,134712
119242,p,509,141.332962,-32.520119,38.783089,134732
119263,p,510,141.013840,-32.970406,38.789364,134752
119283,p,511,140.681030,-33.439899,38.793606,134772
119303,p,512,140.361404,-33.893837,38.805481,134792
119323,p,513,140.046906,-34.345673,38.822117,134812
119343,p,514,139.739380,-34.791016,38.830170,134832
119364,p,515,139.421539,-35.250347,38.834763,134853
119384,p,516,139.113052,-35.696400,38.826660,134872
119403,p,517,138.780090,-36.179153,38.769161,134893
119424,p,518,138.457855,-36.643303,38.765907,134913
119443,p,519,138.129135,-37.105671,38.753250,134933
119463,p,520,137.798782,-37.566040,38.687782,134953
119484,p,521,137.472778,-38.029533,38.620911,134973
119504,p,522,137.146362,-38.499866,38.561138,134993
119524,p,523,136.817276,-38.968151,38.511990,135013
119544,p,524,136.482651,-39.431065,38.467968,135033
119565,p,525,136.148544,-39.889828,38.428993,135053
119584,p,526,135.822067,-40.351570,38.386200,135073
119604,p,527,135.501251,-40.823635,38.338879,135093
119624,p,528,135.176285,-41.308979,38.306316,135113
119644,p,529,134.849289,-41.792629,38.298748,135133
119664,p,530,134.516739,-42.266899,38.298809,135153
119684,p,531,134.174927,-42.735466,38.299187,135173
119705,p,532,133.836288,-43.202984,38.298340,135193
119725,p,533,133.506821,-43.678101,38.290974,135213
119745,p,534,133.176132,-44.160275,38.271896,135233
119765,p,535,132.839462,-44.635025,38.211697,135253
119785,p,536,132.490753,-45.103645,38.202980,135273
119805,p,537,132.139038,-45.569550,38.207413,135293
119825,p,538,131.790695,-46.032242,38.206142,135313
119845,p,539,131.432068,-46.494274,38.207951,135333
119866,p,540,131.040054,-46.972023,38.249695,135353
119885,p,541,130.669495,-47.416996,38.337975,135373
119905,p,542,130.307861,-47.861389,38.405251,135393
119926,p,543,129.951111,-48.305786,38.473503,135413
119946,p,544,129.594131,-48.743858,38.554741,135433
119965,p,545,129.230316,-49.177662,38.632717,135453
119985,p,546,128.864502,-49.612225,38.700516,135473
120005,p,547,128.510132,-50.050224,38.748947,135493
120026,p,548,128.167679,-50.492405,38.772583,135513
120046,p,549,127.807808,-50.961765,38.785599,135533
120066,p,550,127.455673,-51.409660,38.793293,135553
120086,p,551,127.093597,-51.857212,38.797905,135573
120106,p,552,126.733498,-52.300465,38.801399,135593
120126,p,553,126.382561,-52.733768,38.793781,135613
120147,p,554,126.028778,-53.165318,38.782970,135633
120166,p,555,125.664230,-53.599918,38.768250,135653
120186,p,556,125.282227,-54.053436,38.719376,135673
120206,p,557,124.923645,-54.486828,38.662666,135693
120226,p,558,124.574539,-54.916500,38.627968,135713
120247,p,559,124.233620,-55.339432,38.637581,135733
120266,p,560,123.889603,-55.764149,38.656712,135753
120287,p,561,123.540871,-56.190037,38.688736,135774
120307,p,562,123.195549,-56.612499,38.712612,135794
120327,p,563,122.852287,-57.032833,38.780197,135814
120347,p,564,122.512062,-57.450871,38.798897,135834
120367,p,565,122.158470,-57.887951,38.740391,135854
120387,p,566,121.810349,-58.309597,38.758293,135874
120407,p,567,121.455292,-58.728035,38.787148,135894
120427,p,568,121.102707,-59.138645,38.811562,135914
120447,p,569,120.749939,-59.546036,38.840210,135934
120467,p,570,120.396271,-59.953762,38.883713,135954
120487,p,571,120.045082,-60.358208,38.941143,135974
120507,p,572,119.674332,-60.778328,38.999851,135994
120528,p,573,119.299225,-61.201691,39.091702,136014
120548,p,574,118.953117,-61.607773,39.201176,136034
120568,p,575,118.616768,-62.017273,39.295944,136054
120588,p,576,118.275490,-62.425930,39.429710,136074
120608,p,577,117.932732,-62.831261,39.583359,136094
120628,p,578,117.594910,-63.242062,39.717403,136114
120648,p,579,117.268341,-63.656254,39.839718,136134
120668,p,580,116.937920,-64.071602,39.954529,136154
120688,p,581,116.592537,-64.482491,40.074638,136174
120708,p,582,116.243950,-64.886360,40.188305,136194
120728,p,583,115.893181,-65.294800,40.281979,136214
120748,p,584,115.536957,-65.708664,40.369907,136234
120769,p,585,115.186569,-66.115692,40.408005,136254
120789,p,586,114.840004,-66.519699,40.408524,136274
120809,p,587,114.498871,-66.922676,40.473000,136294
120830,p,588,114.160225,-67.327560,40.524036,136314
120850,p,589,113.825493,-67.729195,40.571804,136334
120869,p,590,113.506020,-68.120071,40.677788,136354
120889,p,591,113.200470,-68.501923,40.767521,136374
120909,p,592,112.891243,-68.888138,40.854382,136394
120929,p,593,112.588829,-69.272156,40.937241,136414
120949,p,594,112.297760,-69.654915,40.964767,136434
120969,p,595,112.006981,-70.035110,40.967045,136454
120989,p,596,111.711693,-70.409744,41.040905,136474
121009,p,597,111.417236,-70.787498,41.098892,136494
121030,p,598,111.129234,-71.170471,41.147362,136514
121050,p,599,110.841881,-71.552834,41.191021,136534
121070,p,600,110.547760,-71.933502,41.230656,136554
121090,p,601,110.257347,-72.312424,41.255451,136575
121110,p,602,109.960907,-72.712830,41.127522,136595
121130,p,603,109.672516,-73.095680,41.054893,136615
121150,p,604,109.382690,-73.470505,41.020187,136635
121170,p,605,109.093842,-73.846062,40.972912,136655
121190,p,606,108.798386,-74.233841,40.923103,136675
121210,p,607,108.498878,-74.622314,40.885445,136695
121230,p,608,108.192795,-75.006096,40.843357,136715
121250,p,609,107.878693,-75.391266,40.802387,136735
121270,p,610,107.558670,-75.797791,40.772095,136755
121291,p,611,107.262344,-76.190872,40.746239,136775
121311,p,612,106.965256,-76.585907,40.721745,136795
121331,p,613,106.667992,-76.983643,40.689049,136815
121351,p,614,106.380905,-77.375946,40.602905,136835
121371,p,615,106.085007,-77.790512,40.519939,136855
121391,p,616,105.800873,-78.189812,40.468121,136875
121411,p,617,105.520287,-78.580086,40.479614,136895
121431,p,618,105.231522,-78.977463,40.485382,136915
121451,p,619,104.956528,-79.357140,40.478722,136935
121471,p,620,104.683243,-79.737328,40.434971,136955
121491,p,621,104.413078,-80.116554,40.392860,136975
121511,p,622,104.143578,-80.495514,40.345058,136995
121532,p,623,103.875420,-80.868523,40.304844,137015
121552,p,624,103.608925,-81.237190,40.273979,137035
121572,p,625,103.345474,-81.611725,40.245338,137055
121592,p,626,103.087196,-81.991493,40.220062,137075
121612,p,627,102.844086,-82.363029,40.195465,137095
121632,p,628,102.601036,-82.752296,40.167072,137115
121652,p,629,102.368851,-83.136543,40.151363,137135
121672,p,630,102.141411,-83.520874,40.149990,137155
121692,p,631,101.925034,-83.897331,40.144455,137175
121712,p,632,101.715416,-84.273804,40.132530,137195
121732,p,633,101.506538,-84.652069,40.132847,137215
121752,p,634,101.289864,-85.043823,40.148857,137235
121772,p,635,101.087456,-85.418091,40.157207,137255
121793,p,636,100.889862,-85.797165,40.149525,137275
121813,p,637,100.701721,-86.174721,40.162567,137295
121833,p,638,100.523209,-86.546928,40.215923,137315
121853,p,639,100.342018,-86.927284,40.269344,137335
121873,p,640,100.157349,-87.309448,40.307262,137355
121893,p,641,99.981438,-87.682503,40.297150,137375
121913,p,642,99.812698,-88.051208,40.337112,137395
121933,p,643,99.636742,-88.423050,40.372627,137415
121953,p,644,99.454674,-88.792130,40.378605,137435
121974,p,645,99.275795,-89.161041,40.375675,137455
121993,p,646,99.100060,-89.538116,40.360542,137475
122015,p,647,98.924553,-89.919807,40.355568,137495
122034,p,648,98.745033,-90.299057,40.355797,137516
122055,p,649,98.558182,-90.680534,40.345016,137536
122074,p,650,98.378098,-91.061623,40.328087,137556
122094,p,651,98.378098,-91.061623,40.328087,137576
122114,p,652,98.185265,-91.492165,40.300282,137596
122134,p,653,98.009293,-91.869110,40.274296,137616
122154,p,654,97.827103,-92.248154,40.254547,137636
122174,p,655,97.658119,-92.625008,40.224007,137656
122194,p,656,97.492355,-93.034416,40.167137,137676
122215,p,657,97.332016,-93.435753,40.112087,137696
122234,p,658,97.168877,-93.835945,40.005833,137716
122255,p,659,97.007362,-94.229996,39.906773,137736
122275,p,660,96.838341,-94.649155,39.801723,137756
122295,p,661,96.677544,-95.060234,39.767918,137776
122315,p,662,96.516357,-95.478134,39.747669,137796
122335,p,663,96.347267,-95.895477,39.737091,137816
122355,p,664,96.165375,-96.311737,39.734722,137836
122375,p,665,95.982391,-96.723892,39.695156,137856
122395,p,666,95.808388,-97.136749,39.623299,137876
122415,p,667,95.626526,-97.578079,39.550812,137896
122449,p,668,95.443939,-97.998711,39.503914,137916
122455,p,669,95.255508,-98.408821,39.471027,137936
122475,p,670,95.064987,-98.815575,39.433193,137956
122495,p,671,94.874901,-99.230438,39.395760,137976
122515,p,672,94.688545,-99.650993,39.366314,137996
122535,p,673,94.500671,-100.068275,39.336166,138016
122555,p,674,94.301132,-100.480110,39.306141,138036
122576,p,675,94.099716,-100.886879,39.283524,138056
122596,p,676,93.902252,-101.314568,39.255192,138076
122616,p,677,93.720680,-101.734810,39.221462,138096
122636,p,678,93.534752,-102.166443,39.205814,138116
122656,p,679,93.349495,-102.592995,39.217281,138136
122676,p,680,93.168983,-103.015312,39.245914,138156
122696,p,681,92.989456,-103.435921,39.276211,138176
122716,p,682,92.809685,-103.856224,39.306122,138196
122745,p,683,92.628578,-104.297546,39.341877,138216
122764,p,684,92.461151,-104.724487,39.353535,138236
122784,p,685,92.287331,-105.168968,39.303585,138256
122804,p,686,92.130287,-105.579376,39.249538,138276
122823,p,687,91.983955,-105.987343,39.183533,138296
122843,p,688,91.844002,-106.400597,39.117897,138316
122865,p,689,91.707466,-106.813255,39.055359,138336
122883,p,690,91.566673,-107.227760,38.990517,138356
122905,p,691,91.417557,-107.663910,38.925922,138376
122924,p,692,91.281517,-108.083160,38.923046,138396
122944,p,693,91.146423,-108.515961,38.928303,138417
122966,p,694,91.005920,-108.963234,38.944180,138437
122986,p,695,90.862144,-109.420692,38.963127,138457
123003,p,696,90.728004,-109.847130,38.963894,138477
123031,p,697,90.593330,-110.276878,38.961563,138497
123044,p,698,90.457687,-110.733398,38.971870,138517
123064,p,699,90.330147,-111.170570,38.984737,138537
123087,p,700,90.195030,-111.603745,39.000328,138557
123107,p,701,90.059395,-112.027290,39.023613,138577
123125,p,702,89.928520,-112.449425,39.045559,138597
123151,p,703,89.797844,-112.877403,39.060364,138617
123166,p,704,89.664024,-113.311523,39.146019,138637
123186,p,705,89.523880,-113.766823,39.239037,138657
123206,p,706,89.389221,-114.201675,39.316288,138677
123227,p,707,89.249352,-114.655060,39.392982,138697
123246,p,708,89.116768,-115.088051,39.422802,138717
123267,p,709,88.979118,-115.526581,39.416313,138737
123287,p,710,88.843590,-115.963615,39.408104,138757
123307,p,711,88.719246,-116.391968,39.382961,138777
123326,p,712,88.594612,-116.819099,39.359726,138797
123346,p,713,88.458885,-117.264351,39.422352,138817
123372,p,714,88.319489,-117.706367,39.429333,138837
123387,p,715,88.186966,-118.126801,39.393581,138857
123407,p,716,88.065285,-118.542549,39.351303,138877
123426,p,717,87.945320,-118.956970,39.310661,138897
123445,p,718,87.816689,-119.360207,39.284542,138917
123472,p,719,87.685692,-119.752464,39.259739,138937
123491,p,720,87.556259,-120.149490,39.268269,138957
123507,p,721,87.426079,-120.556412,39.288471,138977
123526,p,722,87.288651,-120.985992,39.250282,138997
123551,p,723,87.157433,-121.398521,39.206161,139017
123572,p,724,87.025749,-121.808510,39.174366,139037
123585,p,725,86.902428,-122.205826,39.207233,139057
123611,p,726,86.783363,-122.595169,39.242393,139077
123627,p,727,86.648247,-123.001717,39.291592,139097
123645,p,728,86.513779,-123.383636,39.347252,139117
123666,p,729,86.385071,-123.762169,39.338791,139137
123691,p,730,86.260429,-124.159454,39.304008,139157
123712,p,731,86.152596,-124.535843,39.274891,139177
123726,p,732,86.041702,-124.923302,39.305874,139197
123747,p,733,85.931053,-125.283501,39.357185,139217
123772,p,734,85.826538,-125.633575,39.411480,139237
123787,p,735,85.728203,-125.982887,39.400452,139257
123805,p,736,85.629135,-126.334801,39.412128,139277
123828,p,737,85.531441,-126.686485,39.470558,139298
123845,p,738,85.438530,-127.038841,39.520935,139318
123873,p,739,85.357300,-127.385864,39.562927,139338
123891,p,740,85.281288,-127.729630,39.595558,139358
123912,p,741,85.196762,-128.068253,39.639996,139378
123926,p,742,85.110062,-128.396255,39.695278,139398
123952,p,743,85.028000,-128.719269,39.742958,139418
123966,p,744,84.952515,-129.040558,39.790287,139438
123985,p,745,84.881538,-129.358658,39.812435,139458
124011,p,746,84.809975,-129.677170,39.785938,139478
124027,p,747,84.737335,-129.992233,39.880886,139498
174052,m,748,84.670753,-130.300812,39.986721,391.505951
174224,c,749,3.059141,1.501811,0,0
174243,p,750,78.323616,-138.333679,39.029858,189560
174262,p,751,78.323616,-138.333679,39.029858,189580
174283,p,752,78.351791,-138.381378,39.133373,189600
174305,p,753,78.376854,-138.423569,39.138454,189620
174324,p,754,78.391632,-138.465714,39.123779,189640
174343,p,755,78.408775,-138.489258,39.173897,189660
174354,p,756,78.440475,-138.490829,39.212486,189680
174382,p,757,78.491440,-138.483109,39.234352,189700
174404,p,758,78.560287,-138.468491,39.252022,189720
174434,p,759,78.644012,-138.444244,39.325676,189740
174444,p,760,78.729698,-138.416336,39.417694,189760
174454,p,761,78.818527,-138.382843,39.508686,189780
174483,p,762,78.923470,-138.338593,39.584881,189800
174502,p,763,79.034286,-138.294495,39.640800,189820
174513,p,764,79.147209,-138.254700,39.700848,189840
174541,p,765,79.259140,-138.216034,39.702103,189860
174554,p,766,79.360977,-138.177414,39.673885,189880
174574,p,767,79.461739,-138.136200,39.639435,189900
174594,p,768,79.573936,-138.088181,39.662212,189920
174612,p,769,79.691360,-138.032791,39.685204,189940
174644,p,770,79.792419,-137.973984,39.697262,189960
174674,p,771,79.897293,-137.900391,39.641346,189980
174693,p,772,80.009682,-137.819748,39.606628,190000
174713,p,773,80.131950,-137.738419,39.599751,190020
174733,p,774,80.247963,-137.656174,39.597534,190040
174752,p,775,80.358040,-137.563339,39.608238,190060
174771,p,776,80.478142,-137.460541,39.616360,190080
174785,p,777,80.609711,-137.357361,39.613373,190100
174804,p,778,80.737541,-137.252792,39.617462,190120
174814,p,779,80.864769,-137.132812,39.642323,190140
174852,p,780,81.001183,-137.000626,39.662220,190160
174864,p,781,81.140869,-136.871811,39.657803,190180
174884,p,782,81.280029,-136.742188,39.654602,190200
174903,p,783,81.419762,-136.605759,39.605850,190220
174923,p,784,81.569466,-136.459412,39.554688,190240
174934,p,785,81.729286,-136.309418,39.493538,190260
174963,p,786,81.892296,-136.158813,39.502728,190280
174980,p,787,82.065674,-135.994995,39.530975,190300
175003,p,788,82.234467,-135.829239,39.557186,190320
175032,p,789,82.405197,-135.655518,39.512241,190340
175042,p,790,82.573975,-135.473129,39.510357,190361
175053,p,791,82.747467,-135.282959,39.549480,190381
175072,p,792,82.930389,-135.090408,39.588551,190401
175093,p,793,83.116127,-134.901138,39.567287,190421
175133,p,794,83.295509,-134.712234,39.516449,190441
175153,p,795,83.472649,-134.513687,39.534595,190461
175172,p,796,83.658607,-134.303848,39.552933,190481
175192,p,797,83.853485,-134.092651,39.563984,190501
175202,p,798,84.046211,-133.885071,39.573067,190521
175212,p,799,84.234070,-133.670898,39.589352,190541
175233,p,800,84.427231,-133.444992,39.615250,190561
175252,p,801,84.632088,-133.218842,39.643658,190581
175272,p,802,84.841171,-132.996490,39.668991,190601
175293,p,803,85.043556,-132.770416,39.700779,190621
175312,p,804,85.246155,-132.532394,39.745201,190641
175345,p,805,85.462662,-132.285950,39.787361,190661
175374,p,806,85.686028,-132.042740,39.824493,190681
175392,p,807,85.900909,-131.801422,39.925800,190701
175414,p,808,86.112259,-131.548645,39.991192,190721
175433,p,809,86.342110,-131.274231,40.034153,190741
175444,p,810,86.565208,-131.015030,40.120216,190761
175465,p,811,86.780869,-130.755875,40.156124,190781
175493,p,812,87.003189,-130.474289,40.199490,190801
175506,p,813,87.224174,-130.198532,40.346970,190821
175539,p,814,87.450134,-129.927460,40.477810,190841
175541,p,815,87.680138,-129.652817,40.583157,190861
175550,p,816,87.911613,-129.373062,40.626141,190881
175570,p,817,88.151733,-129.083969,40.664719,190901
175591,p,818,88.395508,-128.795242,40.687046,190921
175611,p,819,88.644356,-128.500198,40.698364,190941
175631,p,820,88.884491,-128.214401,40.711113,190961
175651,p,821,89.135223,-127.917763,40.720161,190981
175671,p,822,89.382263,-127.622482,40.723473,191001
175691,p,823,89.632896,-127.316429,40.730843,191021
175711,p,824,89.878548,-127.012634,40.736801,191041
175731,p,825,90.127434,-126.703148,40.732521,191061
175751,p,826,90.367653,-126.400887,40.727104,191081
175771,p,827,90.616066,-126.084846,40.727909,191101
175791,p,828,90.862129,-125.771706,40.725174,191121
175811,p,829,91.109108,-125.456871,40.716602,191141
175831,p,830,91.357651,-125.135223,40.716511,191161
175852,p,831,91.594597,-124.827576,40.723782,191181
175872,p,832,91.842224,-124.511353,40.661316,191201
175892,p,833,92.085747,-124.195663,40.618397,191221
175912,p,834,92.316299,-123.881226,40.625683,191241
175932,p,835,92.556488,-123.548744,40.637894,191261
175952,p,836,92.799873,-123.216850,40.607357,191281
175972,p,837,93.028694,-122.901802,40.539452,191302
175992,p,838,93.242683,-122.584251,40.487076,191322
176012,p,839,93.242683,-122.584251,40.487076,191342
176032,p,840,93.481407,-122.217110,40.441792,191362
176052,p,841,93.693550,-121.898438,40.413395,191382
176072,p,842,93.902412,-121.584648,40.433647,191402
176093,p,843,94.105392,-121.273407,40.411232,191422
176113,p,844,94.318230,-120.944916,40.369495,191442
176133,p,845,94.518311,-120.635033,40.325230,191462
176153,p,846,94.713516,-120.334618,40.274204,191482
176173,p,847,94.909920,-120.038872,40.229824,191502
176193,p,848,95.109642,-119.737450,40.194210,191522
176213,p,849,95.303947,-119.435921,40.153694,191542
176233,p,850,95.494156,-119.140968,40.107666,191562
176253,p,851,95.689857,-118.847687,40.071075,191582
176273,p,852,95.901291,-118.531128,39.993107,191602
176293,p,853,96.098969,-118.222504,39.918858,191622
176313,p,854,96.295074,-117.912781,39.902000,191642
176341,p,855,96.498596,-117.603394,39.898685,191662
176362,p,856,96.712936,-117.286034,39.902676,191682
176383,p,857,96.925156,-116.967659,39.901463,191702
176404,p,858,97.129066,-116.652298,39.840721,191722
176424,p,859,97.330605,-116.339706,39.788033,191742
176444,p,860,97.536331,-116.028595,39.797684,191762
176465,p,861,97.742561,-115.722389,39.857838,191782
176483,p,862,97.947990,-115.416428,39.918221,191802
176504,p,863,98.155029,-115.105827,39.939831,191822
176524,p,864,98.363815,-114.789154,39.971024,191842
176544,p,865,98.569130,-114.473557,39.993851,191862
176564,p,866,98.773918,-114.164391,40.009270,191882
176584,p,867,98.991020,-113.855721,40.034317,191902
176604,p,868,99.231857,-113.523537,40.067055,191922
176625,p,869,99.467949,-113.206306,40.081131,191942
176645,p,870,99.713524,-112.895409,40.140659,191962
176666,p,871,99.972176,-112.583054,40.201027,191982
176685,p,872,100.235657,-112.260246,40.209675,192002
176704,p,873,100.494415,-111.936981,40.206787,192022
176723,p,874,100.750908,-111.621513,40.231705,192042
176755,p,875,101.014359,-111.307053,40.312225,192062
176772,p,876,101.287216,-110.989601,40.378399,192082
176784,p,877,101.576683,-110.656082,40.415295,192102
176813,p,878,101.852005,-110.335518,40.413177,192123
176832,p,879,102.130577,-110.014229,40.346230,192143
176852,p,880,102.410316,-109.702812,40.269505,192163
176866,p,881,102.694077,-109.397675,40.226852,192183
176895,p,882,102.984848,-109.085793,40.191074,192203
176914,p,883,103.276924,-108.763428,40.131298,192223
176935,p,884,103.569389,-108.440659,40.029751,192243
176956,p,885,103.882607,-108.104683,40.002174,192263
176966,p,886,104.192513,-107.776817,39.987354,192283
176982,p,887,104.500595,-107.448479,39.961117,192303
177016,p,888,104.816963,-107.105484,39.878880,192323
177025,p,889,105.114624,-106.774300,39.851784,192343
177043,p,890,105.410957,-106.440102,39.861233,192363
177062,p,891,105.708244,-106.113251,39.789871,192383
177082,p,892,106.025093,-105.777077,39.753597,192403
177102,p,893,106.333252,-105.451469,39.763565,192423
177134,p,894,106.643837,-105.123642,39.771862,192443
177155,p,895,106.951950,-104.798378,39.790554,192463
177166,p,896,107.261452,-104.470497,39.817955,192483
177183,p,897,107.591507,-104.128609,39.835705,192503
177202,p,898,107.908798,-103.809921,39.853123,192523
177222,p,899,108.229942,-103.484909,39.888577,192543
177262,p,900,108.556465,-103.148346,39.987648,192563
177275,p,901,108.882294,-102.810326,40.041595,192583
177294,p,902,109.197380,-102.473915,40.074146,192603
177314,p,903,109.508026,-102.136276,40.166176,192623
177335,p,904,109.816711,-101.805969,40.242393,192643
177355,p,905,110.122513,-101.478889,40.320107,192663
177375,p,906,110.447350,-101.128433,40.394707,192683
177394,p,907,110.758194,-100.791023,40.456287,192703
177415,p,908,111.082634,-100.434250,40.520370,192723
177436,p,909,111.400673,-100.093185,40.568001,192743
177454,p,910,111.724792,-99.757889,40.611641,192763
177472,p,911,112.050377,-99.417961,40.659351,192783
177493,p,912,112.373848,-99.071884,40.696117,192803
177513,p,913,112.686646,-98.726662,40.777760,192823
177534,p,914,112.997963,-98.379662,40.865433,192843
177554,p,915,113.310913,-98.039474,40.879910,192863
177576,p,916,113.628311,-97.698990,40.896065,192883
177603,p,917,113.951233,-97.350159,40.913712,192903
177624,p,918,114.274605,-97.000252,40.982746,192923
177645,p,919,114.599068,-96.651543,41.003910,192944
177664,p,920,114.931480,-96.304993,40.997337,192964
177676,p,921,115.269615,-95.970314,41.046669,192984
177694,p,922,115.615723,-95.637978,41.102188,193004
177713,p,923,115.963043,-95.301018,41.137154,193024
177733,p,924,116.322533,-94.944397,41.109062,193044
177755,p,925,116.661858,-94.603317,41.083542,193064
177774,p,926,116.998512,-94.267952,41.054565,193084
177793,p,927,117.343414,-93.935989,41.027603,193104
177805,p,928,117.696037,-93.601837,41.046684,193124
177834,p,929,118.042419,-93.267212,41.070442,193144
177854,p,930,118.405800,-92.915100,41.041115,193164
177874,p,931,118.752274,-92.584785,41.012077,193184
177895,p,932,119.116501,-92.244934,41.005207,193204
