60294,m,0,0.461941,-1.463156,34.210800,256.743561
60311,p,1,0.337901,1.988013,38.979149,73551
60331,p,2,0.322090,1.950913,38.970543,73571
60354,p,3,0.297368,1.912669,38.944790,73591
60373,p,4,0.263426,1.872839,38.926559,73611
60391,p,5,0.237147,1.834905,38.912357,73631
60412,p,6,0.226408,1.797491,38.888344,73651
60443,p,7,0.220865,1.763514,38.866638,73671
60462,p,8,0.214580,1.732993,38.898697,73691
60473,p,9,0.214445,1.703842,38.925686,73711
60495,p,10,0.232520,1.675708,38.899426,73731
60515,p,11,0.266842,1.649350,38.869667,73751
60541,p,12,0.310032,1.620641,38.825542,73771
60561,p,13,0.360605,1.590055,38.778561,73791
60582,p,14,0.425208,1.561339,38.738583,73811
60594,p,15,0.514475,1.537248,38.698536,73831
60620,p,16,0.614573,1.517098,38.655144,73851
60632,p,17,0.697086,1.499426,38.626434,73871
60654,p,18,0.768093,1.485199,38.610729,73891
60672,p,19,0.827690,1.475365,38.603241,73911
60700,p,20,0.891416,1.463422,38.601826,73931
60712,p,21,0.962820,1.443384,38.601658,73951
60742,p,22,1.040060,1.422474,38.595745,73971
60762,p,23,1.123423,1.405891,38.585693,73991
60782,p,24,1.226779,1.394487,38.577660,74011
60802,p,25,1.334476,1.385775,38.574352,74031
60821,p,26,1.440872,1.378446,38.574146,74051
60834,p,27,1.542619,1.370063,38.616348,74071
60855,p,28,1.663334,1.361838,38.701656,74091
60870,p,29,1.799436,1.353107,38.773746,74111
60893,p,30,1.953006,1.341949,38.838406,74131
60913,p,31,2.122766,1.324874,38.899097,74151
60943,p,32,2.295234,1.313694,38.953037,74171
60963,p,33,2.486086,1.306162,38.955894,74191
60974,p,34,2.685470,1.296036,38.939480,74211
60994,p,35,2.905931,1.274368,38.979820,74231
61021,p,36,3.119225,1.253654,38.961136,74251
61034,p,37,3.331717,1.237312,38.932747,74271
61063,p,38,3.555491,1.228912,38.964966,74291
61074,p,39,3.793571,1.219840,39.046703,74311
61094,p,40,4.017706,1.208099,39.128052,74331
61114,p,41,4.254156,1.190282,39.154655,74351
61145,p,42,4.493814,1.174245,39.179417,74371
61162,p,43,4.759134,1.159147,39.225952,74391
61174,p,44,5.019515,1.146564,39.309765,74411
61201,p,45,5.284222,1.136036,39.387268,74431
61214,p,46,5.554552,1.124893,39.444389,74451
61252,p,47,5.810606,1.117624,39.452450,74471
61263,p,48,6.086319,1.110240,39.523819,74491
61275,p,49,6.366492,1.103051,39.599312,74511
61294,p,50,6.644915,1.096522,39.667244,74531
61314,p,51,6.915843,1.098289,39.732319,74551
61344,p,52,7.183299,1.105075,39.791191,74571
61371,p,53,7.466105,1.113054,39.846592,74591
61383,p,54,7.768238,1.119226,39.817841,74611
61402,p,55,8.053868,1.128024,39.785313,74631
61421,p,56,8.342659,1.139090,39.753155,74651
61432,p,57,8.647630,1.154495,39.793037,74671
61463,p,58,8.966459,1.164999,39.830513,74691
61480,p,59,9.298233,1.168521,39.874527,74711
61494,p,60,9.298233,1.168521,39.874527,74731
61523,p,61,9.681170,1.176129,39.920403,74751
61543,p,62,10.015357,1.191406,39.961624,74771
61563,p,63,10.360378,1.204948,40.001869,74791
61583,p,64,10.719454,1.210990,40.039684,74811
61602,p,65,11.080196,1.211749,40.026020,74832
61622,p,66,11.442619,1.217209,40.003426,74852
61631,p,67,11.832891,1.231051,40.042450,74872
61652,p,68,12.225300,1.246066,40.086521,74892
61683,p,69,12.633615,1.257263,40.128788,74912
61702,p,70,13.044862,1.263448,40.158901,74932
61722,p,71,13.467982,1.275000,40.127983,74952
61744,p,72,13.870509,1.292647,40.073624,74972
61760,p,73,14.278854,1.312138,40.012321,74992
61772,p,74,14.692286,1.329243,39.995987,75012
61794,p,75,15.119247,1.348432,39.996426,75032
61814,p,76,15.524755,1.374014,39.993507,75052
61845,p,77,15.961371,1.405152,39.988934,75072
61863,p,78,16.393692,1.428889,39.985424,75092
61874,p,79,16.833651,1.449975,39.982246,75112
61903,p,80,17.267813,1.475555,39.980541,75132
61922,p,81,17.696329,1.508209,39.986237,75152
61941,p,82,18.129726,1.544859,39.988247,75172
61954,p,83,18.570103,1.579905,39.985283,75192
61973,p,84,19.012829,1.612497,39.980461,75212
62001,p,85,19.441885,1.645719,39.974297,75232
62014,p,86,19.853767,1.684569,39.979588,75252
62041,p,87,20.259392,1.729529,39.971664,75272
62063,p,88,20.692888,1.779058,39.923004,75292
62075,p,89,21.123007,1.826717,39.876072,75312
62102,p,90,21.554935,1.872815,39.828472,75332
62114,p,91,21.977253,1.922578,39.786983,75352
62135,p,92,22.392134,1.976373,39.744930,75372
62163,p,93,22.816797,2.029373,39.705383,75392
62183,p,94,23.278515,2.082917,39.656830,75412
62201,p,95,23.716284,2.133965,39.608280,75432
62214,p,96,24.150675,2.189517,39.599144,75452
62244,p,97,24.586174,2.249004,39.629734,75472
62263,p,98,25.037331,2.309156,39.598408,75492
62280,p,99,25.498676,2.362512,39.564621,75512
62295,p,100,25.959085,2.413334,39.536133,75532
62322,p,101,26.418890,2.474432,39.514042,75552
62354,p,102,26.879604,2.541646,39.497574,75572
62371,p,103,27.342318,2.608305,39.492489,75592
62382,p,104,27.799620,2.671692,39.485680,75612
62394,p,105,28.254930,2.731835,39.448174,75632
62424,p,106,28.728434,2.793426,39.372715,75652
62454,p,108,29.713675,2.926303,39.355133,75692
62483,p,109,30.197607,2.990299,39.353428,75712
62500,p,110,30.727716,3.054649,39.279579,75733
62521,p,111,31.254082,3.114375,39.201904,75753
62543,p,112,31.778402,3.168275,39.120537,75773
62565,p,113,32.293262,3.219119,39.043915,75793
62583,p,114,32.800392,3.273176,38.977745,75813
62604,p,115,33.311024,3.339537,38.917740,75833
62621,p,116,33.847698,3.415391,38.864613,75853
62644,p,117,34.354794,3.489786,38.836720,75873
62664,p,118,34.875420,3.570466,38.810211,75893
62681,p,119,35.374466,3.652526,38.735416,75913
62701,p,120,35.878979,3.730691,38.705696,75933
62723,p,121,36.386406,3.801171,38.708027,75953
62751,p,122,36.905010,3.870335,38.704376,75973
62763,p,123,37.448570,3.941249,38.696022,75993
62783,p,124,37.994038,4.013021,38.669395,76013
62802,p,125,38.526634,4.087985,38.597980,76033
62821,p,126,39.041447,4.166538,38.645840,76053
62854,p,127,39.560226,4.244627,38.726494,76073
62871,p,128,40.081005,4.320072,38.808002,76093
62882,p,129,40.607361,4.391719,38.891525,76113
62902,p,130,41.149773,4.459694,38.957249,76133
62923,p,131,41.696960,4.520001,38.995205,76153
62944,p,132,42.268688,4.581077,39.026505,76173
62964,p,133,42.815224,4.638798,39.052677,76193
62981,p,134,43.372055,4.700275,39.073765,76213
63003,p,135,43.943836,4.766482,39.088764,76233
63022,p,136,44.479622,4.835460,39.106667,76253
63053,p,137,45.038761,4.910365,39.138271,76273
63063,p,138,45.576012,4.982863,39.242409,76293
63083,p,139,46.102741,5.054201,39.318565,76313
63102,p,140,46.635330,5.126490,39.355236,76333
63122,p,141,47.204826,5.195637,39.398190,76353
63143,p,142,47.756996,5.259042,39.433743,76373
63163,p,143,47.756996,5.259042,39.433743,76393
63183,p,144,48.398476,5.334342,39.458954,76413
63203,p,145,48.989468,5.406488,39.471275,76433
63224,p,146,49.550888,5.478550,39.483498,76453
63253,p,147,50.110638,5.554144,39.502174,76473
63263,p,148,50.696697,5.630836,39.573757,76493
63283,p,149,51.255013,5.698297,39.634937,76513
63312,p,150,51.821514,5.758721,39.675659,76533
63323,p,151,52.391144,5.812507,39.652210,76553
63344,p,152,52.953888,5.867187,39.673546,76573
63372,p,153,53.505955,5.923700,39.708637,76594
63384,p,154,54.051826,5.976870,39.748657,76614
63412,p,155,54.584770,6.027347,39.796825,76634
63424,p,156,55.133354,6.080813,39.846092,76654
63453,p,157,55.655800,6.130283,39.882919,76674
63464,p,158,56.181644,6.172064,39.862537,76694
63483,p,159,56.733196,6.208642,39.874138,76714
63504,p,160,57.265717,6.244637,39.971851,76734
63531,p,161,57.802387,6.283422,39.941059,76754
63545,p,162,58.334007,6.323578,39.942028,76774
63570,p,163,58.864719,6.363417,40.032005,76794
63592,p,164,59.439423,6.403438,40.121891,76814
63604,p,165,59.997738,6.437467,40.163429,76834
63624,p,166,60.552097,6.469140,40.157223,76854
63653,p,167,61.103298,6.502432,40.148998,76874
63672,p,168,61.658817,6.538724,40.140858,76894
63692,p,169,62.205746,6.571395,40.128124,76914
63704,p,170,62.746964,6.598872,40.055466,76934
63723,p,171,63.292290,6.620786,39.981197,76954
63754,p,172,63.853348,6.639663,39.905445,76974
63774,p,173,64.430557,6.657717,39.833549,76994
63793,p,174,65.037056,6.676426,39.772598,77014
63812,p,175,65.633415,6.696946,39.721272,77034
63832,p,176,66.200500,6.720067,39.752342,77054
63845,p,177,66.772232,6.742974,39.782341,77074
63865,p,178,67.341881,6.759969,39.812183,77094
63884,p,179,67.900192,6.770233,39.771389,77114
63913,p,180,68.453560,6.781496,39.738457,77134
63931,p,181,69.012299,6.801736,39.704536,77154
63952,p,182,69.595055,6.826824,39.667870,77174
63963,p,183,70.167633,6.848828,39.638783,77194
63984,p,184,70.705841,6.863975,39.614326,77214
64005,p,185,71.251122,6.880002,39.590961,77234
64042,p,186,71.800156,6.896708,39.562206,77254
64054,p,187,72.343712,6.913691,39.544262,77274
64064,p,188,72.869850,6.930288,39.531269,77294
64084,p,189,73.403069,6.951126,39.527618,77314
64103,p,190,73.908554,6.971087,39.524391,77334
64130,p,191,74.454590,6.992261,39.522156,77354
64154,p,192,74.989136,7.015129,39.510937,77374
64173,p,193,75.513115,7.037891,39.500595,77394
64184,p,194,76.033760,7.064002,39.496662,77414
64213,p,195,76.549271,7.091361,39.489338,77434
64232,p,196,77.068527,7.116332,39.471237,77454
64261,p,197,77.626549,7.138109,39.396988,77474
64271,p,198,78.159676,7.154953,39.325375,77494
64291,p,199,78.708595,7.177045,39.253139,77515
64311,p,200,79.219116,7.200634,39.191353,77535
64324,p,201,79.735901,7.227722,39.195499,77555
64354,p,202,80.267998,7.253283,39.204437,77575
64371,p,203,80.807884,7.273386,39.215210,77595
64390,p,204,81.372650,7.294832,39.226547,77615
64410,p,205,81.892509,7.319267,39.235012,77635
64430,p,206,82.410477,7.347935,39.255310,77655
64453,p,207,82.934433,7.374509,39.212337,77675
64464,p,208,83.469345,7.398933,39.159447,77695
64491,p,209,84.004654,7.421031,39.106674,77715
64504,p,210,84.531364,7.443063,39.058609,77735
64532,p,211,85.049622,7.469546,39.037956,77755
64553,p,212,85.570770,7.494123,39.056644,77775
64564,p,213,86.135124,7.518157,39.076283,77795
64584,p,214,86.678818,7.540543,39.091568,77815
64604,p,215,87.228981,7.558796,39.121162,77835
64624,p,216,87.743172,7.574630,39.102722,77855
64653,p,217,88.252327,7.589698,39.090576,77875
64670,p,218,88.756775,7.602840,39.086815,77895
64693,p,219,89.260254,7.623283,39.144337,77915
64712,p,220,89.793175,7.656465,39.161343,77935
64724,p,221,90.314140,7.690407,39.136837,77955
64754,p,222,90.837265,7.718595,39.099712,77975
64764,p,223,91.355507,7.749131,39.061203,77995
64791,p,224,91.871758,7.785954,39.016529,78015
64811,p,225,92.396111,7.822519,38.969963,78035
64824,p,226,92.943069,7.855530,38.922630,78055
64855,p,227,93.494614,7.883471,38.869896,78075
64871,p,228,94.043472,7.911496,38.825901,78095
64891,p,229,94.585541,7.938353,38.788441,78115
64911,p,230,95.125839,7.966175,38.756954,78135
64924,p,231,95.673904,8.001593,38.730946,78155
64962,p,232,95.673904,8.001593,38.730946,78175
64972,p,233,96.310165,8.047458,38.699036,78195
64992,p,234,96.873672,8.086515,38.678741,78215
65012,p,235,97.436440,8.117164,38.660931,78235
65033,p,236,97.985100,8.141193,38.642529,78255
65045,p,237,98.518623,8.170847,38.630550,78275
65074,p,238,99.039101,8.206218,38.619377,78295
65091,p,239,99.558662,8.243909,38.566742,78315
65104,p,240,100.117210,8.284467,38.493893,78335
65138,p,241,100.650681,8.324090,38.431683,78355
65143,p,242,101.188560,8.365878,38.422409,78375
65166,p,243,101.730591,8.406799,38.418037,78395
65183,p,244,102.290924,8.441175,38.351505,78415
65202,p,245,102.819855,8.475276,38.346573,78435
65222,p,246,103.349197,8.516878,38.355057,78455
65242,p,247,103.902206,8.561179,38.363007,78475
65262,p,248,104.434929,8.597964,38.370956,78495
65282,p,249,104.964378,8.627898,38.373440,78515
65302,p,250,105.505951,8.656625,38.383591,78535
65322,p,251,106.006035,8.685575,38.338184,78555
65342,p,252,106.494797,8.712718,38.314198,78575
65362,p,253,106.990501,8.742084,38.341225,78595
65383,p,254,107.491249,8.772617,38.302567,78615
65403,p,255,107.989357,8.800539,38.234467,78635
65423,p,256,108.507584,8.827208,38.124180,78655
65444,p,257,108.989906,8.850568,38.021072,78675
65463,p,258,109.466408,8.880985,37.953651,78695
65483,p,259,109.944687,8.920462,37.931049,78715
65503,p,260,110.431175,8.959688,37.847088,78735
65523,p,261,110.929642,8.997261,37.759811,78756
65544,p,262,111.426834,9.031517,37.668331,78776
65564,p,263,111.910095,9.062404,37.641193,78796
65584,p,264,112.415726,9.095628,37.594345,78816
65604,p,265,112.900497,9.127563,37.504452,78836
65624,p,266,113.384064,9.159348,37.422230,78856
65643,p,267,113.889786,9.193049,37.384991,78876
65663,p,268,114.357300,9.221966,37.381432,78896
65684,p,269,114.810341,9.249942,37.386581,78916
65704,p,270,115.282501,9.289273,37.398556,78936
65724,p,271,115.727234,9.332465,37.400944,78956
65744,p,272,116.166832,9.370754,37.402813,78976
65764,p,273,116.618683,9.405629,37.411182,78996
65784,p,274,117.083519,9.438176,37.417336,79016
65804,p,275,117.560478,9.465759,37.423004,79036
65824,p,276,118.001228,9.491925,37.442280,79056
65845,p,277,118.441460,9.520985,37.471405,79076
65865,p,278,118.910843,9.551555,37.563007,79096
65885,p,279,119.372818,9.585507,37.605591,79116
65905,p,280,119.840080,9.619392,37.628147,79136
65925,p,281,120.302155,9.645260,37.705547,79156
65945,p,282,120.783798,9.665737,37.835220,79176
65965,p,283,121.232948,9.683462,37.969727,79196
65985,p,284,121.672638,9.706100,38.103088,79216
66005,p,285,122.118042,9.735063,38.183792,79236
66025,p,286,122.588364,9.761361,38.232498,79256
66045,p,287,123.038399,9.780400,38.279716,79276
66065,p,288,123.480141,9.801027,38.368099,79296
66085,p,289,123.908867,9.822759,38.464439,79316
66105,p,290,124.344894,9.844126,38.556961,79336
66125,p,291,124.789711,9.861229,38.579128,79356
66146,p,292,125.237465,9.873298,38.601994,79376
66165,p,293,125.682686,9.881442,38.672470,79396
66186,p,294,126.134766,9.884940,38.681107,79416
66205,p,295,126.570732,9.891798,38.697277,79436
66225,p,296,127.015472,9.905742,38.747047,79456
66245,p,297,127.480949,9.919889,38.793945,79476
66265,p,298,127.946976,9.929154,38.838146,79496
66286,p,299,128.383057,9.930423,38.876137,79516
66306,p,300,128.816437,9.931941,38.917145,79536
66326,p,301,129.250229,9.940563,38.947254,79556
66346,p,302,129.682907,9.950233,38.971970,79576
66366,p,303,130.152802,9.958072,38.993076,79596
66386,p,304,130.615524,9.959929,39.000259,79616
66406,p,305,131.074936,9.954173,39.006927,79636
66426,p,306,131.546387,9.948678,39.023869,79656
66446,p,307,131.983017,9.945305,39.039955,79676
66466,p,308,132.418976,9.939811,39.062725,79696
66486,p,309,132.418976,9.939811,39.062725,79716
66506,p,310,132.933502,9.931871,39.162987,79736
66526,p,311,133.385040,9.921180,39.197536,79756
66546,p,312,133.834885,9.905421,39.211124,79776
66566,p,313,134.274750,9.880469,39.219578,79796
66586,p,314,134.727463,9.847622,39.228161,79816
66606,p,315,135.161835,9.822663,39.231979,79836
66627,p,316,135.598053,9.801362,39.231030,79856
66647,p,317,136.039902,9.777137,39.233925,79876
66667,p,318,136.508530,9.745728,39.235397,79896
66687,p,319,136.967484,9.708443,39.240692,79916
66707,p,320,137.391434,9.674994,39.250755,79936
66728,p,321,137.801392,9.640385,39.260780,79956
66747,p,322,138.208817,9.604218,39.274853,79976
66767,p,323,138.625427,9.572941,39.286919,79996
66787,p,324,139.045151,9.542373,39.310974,80016
66807,p,325,139.463959,9.506230,39.384289,80036
66829,p,326,139.882706,9.463806,39.457424,80056
66847,p,327,140.293152,9.420431,39.523762,80076
66867,p,328,140.695953,9.384568,39.590820,80096
66887,p,329,141.117020,9.350840,39.598217,80116
66907,p,330,141.520325,9.317099,39.585560,80136
66929,p,331,141.931290,9.284145,39.571381,80156
66950,p,332,142.341141,9.246463,39.548172,80176
66968,p,333,142.765076,9.194407,39.554825,80196
66988,p,334,143.167175,9.137571,39.612480,80216
67008,p,335,143.552734,9.081131,39.666328,80236
67029,p,336,143.909393,9.027363,39.702278,80256
67048,p,337,144.264755,8.977702,39.707825,80276
67068,p,338,144.596100,8.935811,39.710056,80296
67088,p,339,144.926498,8.899619,39.709694,80316
67108,p,340,145.267044,8.868221,39.706230,80336
67129,p,341,145.629608,8.827692,39.686447,80356
67149,p,342,145.969467,8.780366,39.663311,80376
67168,p,343,146.303543,8.734259,39.639156,80396
67189,p,344,146.629593,8.688650,39.544296,80416
67209,p,345,146.963272,8.643612,39.495926,80436
67229,p,346,147.312668,8.604661,39.480904,80456
67249,p,347,147.689468,8.564425,39.463383,80476
67269,p,348,148.080643,8.517627,39.452499,80496
67289,p,349,148.458664,8.463017,39.439899,80516
67309,p,350,148.820114,8.399853,39.423706,80537
67330,p,351,149.165771,8.336576,39.421688,80557
67349,p,352,149.502960,8.274872,39.410999,80577
67369,p,353,149.847229,8.211111,39.331032,80597
67389,p,354,150.169617,8.157039,39.274269,80617
67409,p,355,150.492905,8.110542,39.237984,80637
67430,p,356,150.832214,8.058808,39.197975,80657
67450,p,357,151.159943,8.001900,39.154510,80677
67470,p,358,151.493240,7.944989,39.125648,80697
67490,p,359,151.816345,7.885405,39.140976,80717
67510,p,360,152.120956,7.820473,39.106422,80737
67530,p,361,152.421051,7.761804,39.064709,80757
67550,p,362,152.712952,7.711190,39.067791,80777
67570,p,363,153.001953,7.661439,39.070396,80797
67590,p,364,153.315918,7.607816,39.059559,80817
67610,p,365,153.618134,7.551852,38.986301,80837
119834,m,366,153.917328,7.488360,38.965515,256.743561
119854,p,367,158.258408,2.515464,40.000515,132932
119874,p,368,158.256805,2.537344,40.032719,132952
119894,p,369,158.244995,2.559832,40.064072,132972
119914,p,370,158.229828,2.583269,40.093559,132992
119935,p,371,158.212738,2.603939,40.058628,133012
119954,p,372,158.190643,2.611957,40.016010,133032
119974,p,373,158.163818,2.611407,39.969135,133052
119994,p,374,158.163818,2.611407,39.969135,133072
120014,p,375,158.134796,2.604284,39.914513,133092
120034,p,376,158.121552,2.598051,39.858250,133112
120054,p,377,158.109650,2.587063,39.802326,133132
120074,p,378,158.087189,2.572105,39.880421,133153
120095,p,379,158.048325,2.554785,39.917137,133173
120115,p,380,158.010086,2.534662,39.925644,133193
120135,p,381,157.978973,2.508325,39.928917,133213
120155,p,382,157.953812,2.477678,39.972511,133233
120175,p,383,157.919830,2.440988,40.043266,133253
120195,p,384,157.870560,2.403218,40.123596,133273
120215,p,385,157.817169,2.369316,40.161308,133293
120235,p,386,157.763443,2.332497,40.178730,133313
120255,p,387,157.706329,2.287514,40.196354,133333
120275,p,388,157.637451,2.227297,40.215385,133353
120295,p,389,157.560410,2.153356,40.231266,133373
120315,p,390,157.487427,2.070666,40.239117,133393
120335,p,391,157.425201,1.978236,40.241009,133413
120355,p,392,157.361740,1.872886,40.238419,133433
120375,p,393,157.283768,1.763603,40.233021,133453
120395,p,394,157.193436,1.652268,40.233536,133473
120415,p,395,157.103241,1.539489,40.260433,133493
120436,p,396,157.018631,1.422370,40.334534,133513
120456,p,397,156.929504,1.285273,40.411423,133533
120475,p,398,156.846436,1.145378,40.455704,133553
120496,p,399,156.780487,0.991914,40.455883,133573
120516,p,400,156.739105,0.840321,40.442139,133593
120536,p,401,156.710449,0.686029,40.421974,133613
120556,p,402,156.679779,0.522841,40.396122,133633
120576,p,403,156.632233,0.349122,40.372688,133653
120596,p,404,156.569290,0.187473,40.348339,133673
120616,p,405,156.499771,0.028511,40.332779,133693
120636,p,406,156.422134,-0.139730,40.321930,133713
120656,p,407,156.330154,-0.310010,40.325504,133733
120676,p,408,156.220901,-0.497233,40.350777,133753
120696,p,409,156.111771,-0.686569,40.436253,133773
120736,p,411,155.893646,-1.118761,40.509499,133813
120756,p,412,155.777527,-1.340090,40.650185,133833
120776,p,413,155.654083,-1.572492,40.735016,133853
120796,p,414,155.523483,-1.808339,40.788242,133873
120817,p,415,155.388580,-2.041992,40.832531,133893
120838,p,416,155.249283,-2.281910,40.872143,133913
120857,p,417,155.119400,-2.527019,40.902309,133933
120877,p,418,154.991348,-2.779324,40.927277,133953
120897,p,419,154.848495,-3.044818,40.891850,133973
120917,p,420,154.696320,-3.309541,40.842346,133993
120937,p,421,154.553711,-3.563376,40.797020,134013
120957,p,422,154.553711,-3.563376,40.797020,134033
120977,p,423,154.386353,-3.866206,40.816418,134053
120997,p,424,154.237305,-4.138579,40.843224,134073
121017,p,425,154.091614,-4.415463,40.860825,134093
121038,p,426,153.956482,-4.693732,40.804035,134113
121058,p,427,153.816727,-4.973577,40.723118,134133
121078,p,428,153.664307,-5.257963,40.625923,134153
121098,p,429,153.505219,-5.543094,40.604530,134173
121118,p,430,153.344330,-5.827970,40.552120,134193
121138,p,431,153.195389,-6.118782,40.480286,134213
121158,p,432,153.060059,-6.419547,40.484783,134233
121178,p,433,152.923370,-6.732614,40.458733,134253
121198,p,434,152.783417,-7.051073,40.408367,134273
121218,p,435,152.636475,-7.370687,40.362465,134293
121239,p,436,152.488892,-7.687822,40.328121,134313
121258,p,437,152.344772,-8.002633,40.298492,134333
121278,p,438,152.188721,-8.335159,40.273472,134353
121299,p,439,152.030258,-8.657368,40.301567,134373
121319,p,440,151.858978,-8.985877,40.364262,134393
121339,p,441,151.688416,-9.318334,40.368443,134413
121359,p,442,151.524307,-9.670918,40.372162,134433
121379,p,443,151.376953,-10.012845,40.378788,134453
121399,p,444,151.227188,-10.356450,40.445660,134473
121419,p,445,151.068405,-10.697058,40.471058,134493
121440,p,446,150.909515,-11.031795,40.471004,134513
121459,p,447,150.757080,-11.370197,40.473660,134533
121479,p,448,150.612839,-11.718702,40.479996,134553
121499,p,449,150.470230,-12.078130,40.491886,134573
121519,p,450,150.326157,-12.444691,40.567917,134594
121539,p,451,150.187759,-12.811887,40.635551,134614
121559,p,452,150.061157,-13.177930,40.695503,134634
121580,p,453,149.938278,-13.561722,40.757587,134654
121600,p,454,149.813858,-13.930995,40.766190,134674
121620,p,455,149.676392,-14.305227,40.765541,134694
121640,p,456,149.535080,-14.680875,40.822159,134714
121660,p,457,149.401459,-15.059462,40.871635,134734
121680,p,458,149.269470,-15.462882,40.914337,134754
121700,p,459,149.133926,-15.851200,40.950741,134774
121740,p,461,148.820587,-16.641460,41.131760,134814
121760,p,462,148.659775,-17.052464,41.164745,134834
121780,p,463,148.507507,-17.455669,41.190578,134854
121801,p,464,148.345825,-17.883839,41.229572,134874
121821,p,465,148.196075,-18.294197,41.305515,134894
121842,p,466,148.054611,-18.700867,41.368885,134914
121861,p,467,147.898468,-19.129791,41.429623,134934
121881,p,468,147.740448,-19.540361,41.485725,134954
121901,p,469,147.583069,-19.953058,41.535912,134974
121921,p,470,147.441772,-20.370029,41.582211,134994
121981,p,473,146.949814,-21.666304,41.691227,135054
122001,p,474,146.776794,-22.086063,41.773727,135074
122022,p,475,146.607147,-22.509686,41.850674,135094
122042,p,476,146.428070,-22.961670,41.895691,135114
122062,p,477,146.254013,-23.394594,41.890846,135134
122082,p,478,146.078476,-23.847303,41.884235,135154
122102,p,479,145.920029,-24.277136,41.869171,135174
122122,p,480,145.742416,-24.726629,41.852398,135194
122142,p,481,145.559799,-25.151060,41.838669,135214
122162,p,482,145.372650,-25.569515,41.830761,135234
122182,p,483,145.183182,-26.008688,41.824856,135254
122202,p,484,144.999802,-26.436684,41.822105,135274
122222,p,485,144.816223,-26.865904,41.813992,135294
122242,p,486,144.638443,-27.293772,41.803265,135314
122262,p,487,144.467575,-27.743437,41.791660,135334
122282,p,488,144.289780,-28.196466,41.776558,135354
122302,p,489,144.105637,-28.628401,41.766792,135374
122323,p,490,143.914246,-29.058737,41.763798,135394
122343,p,491,143.716660,-29.510918,41.707752,135414
122363,p,492,143.518524,-29.945599,41.643059,135434
122383,p,493,143.310104,-30.383848,41.584557,135454
122403,p,494,143.081650,-30.843571,41.588032,135474
122423,p,495,142.867020,-31.280176,41.583168,135494
122443,p,496,142.867020,-31.280176,41.583168,135515
122463,p,497,142.618729,-31.784878,41.524197,135535
122483,p,498,142.402985,-32.226414,41.481937,135555
122504,p,499,142.192322,-32.666885,41.436535,135575
122524,p,500,141.992020,-33.105392,41.390160,135595
122544,p,501,141.792084,-33.544865,41.344173,135615
122564,p,502,141.591690,-33.980404,41.338001,135635
122584,p,503,141.388657,-34.412357,41.363499,135655
122604,p,504,141.182571,-34.842403,41.320656,135675
122624,p,505,140.961990,-35.276852,41.322056,135695
122645,p,506,140.732849,-35.706966,41.367546,135715
122664,p,507,140.488220,-36.155712,41.346611,135735
122685,p,508,140.250916,-36.579773,41.334320,135755
122704,p,509,140.000351,-37.000839,41.335541,135775
122724,p,510,139.746887,-37.413124,41.410316,135795
122745,p,511,139.479446,-37.838928,41.443947,135815
122764,p,512,139.213593,-38.240555,41.451817,135835
122784,p,513,138.934860,-38.638809,41.529812,135855
122804,p,514,138.640976,-39.050621,41.564651,135875
122825,p,515,138.339294,-39.457569,41.571999,135895
122845,p,516,138.028214,-39.859436,41.579140,135915
122865,p,517,137.717865,-40.260693,41.595165,135935
122885,p,518,137.410324,-40.648766,41.625408,135955
122905,p,519,137.097061,-41.043892,41.702717,135975
122925,p,520,136.783417,-41.455578,41.772087,135995
122946,p,521,136.450699,-41.899368,41.836700,136015
122965,p,522,136.125229,-42.326832,41.878475,136035
122985,p,523,135.790863,-42.775028,41.848549,136055
123005,p,524,135.463470,-43.226109,41.839622,136075
123025,p,525,135.161163,-43.654755,41.859421,136095
123045,p,526,134.868973,-44.083946,41.810368,136115
123065,p,527,134.580231,-44.513199,41.785046,136135
123086,p,528,134.299896,-44.938793,41.798279,136155
123105,p,529,134.006790,-45.382957,41.800117,136175
123125,p,530,133.724121,-45.802299,41.770309,136195
123146,p,531,133.436935,-46.215797,41.706005,136215
123165,p,532,133.140839,-46.648247,41.714863,136235
123185,p,533,132.850342,-47.065128,41.692352,136255
123206,p,534,132.556839,-47.481186,41.650368,136275
123226,p,535,132.263336,-47.898899,41.617840,136295
123246,p,536,131.949341,-48.338631,41.584000,136315
123266,p,537,131.633759,-48.775787,41.561134,136335
123286,p,538,131.337784,-49.189156,41.533234,136355
123306,p,539,131.028976,-49.617054,41.505665,136375
123326,p,540,130.735229,-50.023060,41.484550,136395
123346,p,541,130.452423,-50.428295,41.517288,136415
123366,p,542,130.164658,-50.836369,41.487213,136435
123386,p,543,129.867371,-51.265381,41.432068,136455
123406,p,544,129.586533,-51.682007,41.377373,136475
123427,p,545,129.305191,-52.099083,41.319599,136495
123446,p,546,129.023270,-52.516563,41.263771,136515
123467,p,547,128.741699,-52.953129,41.206745,136535
123486,p,548,128.474258,-53.371281,41.154243,136555
123506,p,549,128.196564,-53.804707,41.091980,136575
123527,p,550,128.196564,-53.804707,41.091980,136595
123547,p,551,127.903183,-54.278740,41.030106,136615
123567,p,552,127.653732,-54.694691,40.982174,136635
123587,p,553,127.400330,-55.108990,40.946266,136655
123607,p,554,127.147491,-55.521549,40.925644,136675
123627,p,555,126.886772,-55.957779,40.920116,136695
123647,p,556,126.638863,-56.375816,40.924393,136715
123667,p,557,126.379097,-56.788486,40.947762,136735
123687,p,558,126.110092,-57.193016,40.984104,136755
123707,p,559,125.819946,-57.611542,41.028442,136775
123728,p,560,125.536201,-58.004162,41.081841,136795
123747,p,561,125.249527,-58.389488,41.133648,136815
123767,p,562,124.943398,-58.787304,41.183826,136835
123787,p,563,124.625771,-59.179501,41.229698,136855
123807,p,564,124.320450,-59.546036,41.271633,136875
123827,p,565,124.008156,-59.907799,41.305439,136895
123847,p,566,123.689575,-60.265087,41.339428,136915
123868,p,567,123.354401,-60.637917,41.368492,136935
123887,p,568,123.032837,-60.991974,41.389942,136955
123908,p,569,122.691437,-61.363068,41.404968,136975
123928,p,570,122.372139,-61.718571,41.413921,136995
123948,p,571,122.039597,-62.094986,41.469948,137015
123968,p,572,121.724373,-62.454342,41.481766,137035
123988,p,573,121.399536,-62.832603,41.389069,137055
124008,p,574,121.092796,-63.195950,41.421249,137075
124029,p,575,120.766876,-63.581470,41.430565,137095
124048,p,576,120.449387,-63.965210,41.390175,137115
124068,p,577,120.150993,-64.334862,41.345238,137135
124088,p,578,119.837944,-64.722198,41.256115,137155
124108,p,579,119.538589,-65.086037,41.135418,137175
124129,p,580,119.246933,-65.444908,41.015087,137195
124149,p,581,118.936325,-65.820137,40.891048,137215
124168,p,582,118.618889,-66.187302,40.784626,137235
124188,p,583,118.300606,-66.547249,40.744446,137255
124208,p,584,118.006935,-66.886139,40.664906,137275
124230,p,585,117.706665,-67.223717,40.569214,137295
124249,p,586,117.399719,-67.560204,40.494289,137315
124269,p,587,117.082779,-67.909363,40.426891,137335
124289,p,588,116.790260,-68.240746,40.373966,137355
124309,p,589,116.500450,-68.573051,40.327515,137375
124329,p,590,116.207375,-68.904976,40.301605,137395
124350,p,591,115.906982,-69.249535,40.292778,137415
124369,p,592,115.635651,-69.581139,40.278484,137435
124389,p,593,115.384972,-69.920715,40.264839,137455
124409,p,594,115.131645,-70.285637,40.245037,137475
124430,p,595,114.892380,-70.635124,40.224617,137495
124449,p,596,114.658554,-70.985313,40.139412,137515
124470,p,597,114.658554,-70.985313,40.139412,137535
124490,p,598,114.400200,-71.388718,40.035202,137555
124510,p,599,114.162277,-71.759491,39.942463,137575
124530,p,600,113.922859,-72.115028,39.927582,137595
124550,p,601,113.677055,-72.469582,39.916286,137615
124570,p,602,113.436470,-72.822350,39.908596,137635
124590,p,603,113.198219,-73.195763,39.905441,137655
124610,p,604,112.972763,-73.559181,39.906200,137675
124632,p,605,112.743187,-73.923111,39.919804,137696
124661,p,606,112.508118,-74.286957,40.001320,137716
124680,p,607,112.284882,-74.649132,40.091339,137736
124702,p,608,112.079971,-75.014366,40.185616,137756
124722,p,609,111.880432,-75.389671,40.341457,137776
124753,p,610,111.671555,-75.793007,40.511330,137796
124771,p,611,111.455482,-76.202538,40.673912,137816
124791,p,612,111.251221,-76.590286,40.820438,137836
124801,p,613,111.050644,-76.971405,40.960251,137856
124821,p,614,110.849144,-77.350395,41.099445,137876
124843,p,615,110.638977,-77.725792,41.232834,137896
124871,p,616,110.410202,-78.100739,41.413914,137916
124883,p,617,110.166725,-78.475792,41.607075,137936
124901,p,618,109.906029,-78.868927,41.793808,137956
124921,p,619,109.652664,-79.249573,41.958225,137976
124952,p,620,109.388733,-79.632591,42.106628,137996
124982,p,622,108.862534,-80.385475,42.406639,138036
125001,p,623,108.598709,-80.770004,42.582321,138056
125020,p,624,108.346718,-81.126244,42.732807,138076
125052,p,625,108.088303,-81.491516,42.934345,138096
125063,p,626,107.840851,-81.834244,43.102421,138116
125082,p,627,107.580910,-82.170868,43.209930,138136
125108,p,628,107.318840,-82.504257,43.311771,138156
125122,p,629,107.051888,-82.838791,43.421864,138176
125162,p,630,106.777771,-83.176399,43.567917,138196
125173,p,631,106.489861,-83.533310,43.707214,138216
125191,p,632,106.207123,-83.878090,43.818447,138236
125211,p,633,105.895752,-84.241959,43.905582,138256
125231,p,634,105.594025,-84.586655,43.973988,138276
125260,p,635,105.275948,-84.949249,44.027027,138296
125273,p,636,104.975052,-85.295578,44.060455,138316
125291,p,637,104.677406,-85.638588,44.086445,138336
125311,p,638,104.385712,-85.972946,44.131313,138356
125331,p,639,104.099213,-86.300522,44.211559,138376
125352,p,640,103.809105,-86.623718,44.221645,138396
125363,p,641,103.516312,-86.940636,44.236504,138416
125389,p,642,103.225632,-87.254196,44.249153,138436
125411,p,643,102.935860,-87.567802,44.275417,138456
125422,p,644,102.640388,-87.880486,44.300442,138476
125443,p,645,102.338326,-88.207870,44.331852,138496
125474,p,646,102.052856,-88.528427,44.355488,138516
125476,p,647,101.767944,-88.848640,44.370720,138536
125494,p,648,101.482468,-89.172340,44.371292,138557
125514,p,649,101.200981,-89.497749,44.363636,138577
125534,p,650,100.915581,-89.818512,44.347420,138597
125554,p,651,100.626793,-90.134239,44.323517,138617
125574,p,652,100.324722,-90.450089,44.305431,138637
125595,p,653,100.000542,-90.773895,44.288013,138657
125615,p,654,99.688576,-91.081711,44.260612,138677
125635,p,655,99.377159,-91.388885,44.173817,138697
125655,p,656,99.039459,-91.711113,44.096226,138717
125675,p,657,98.713547,-92.012199,44.041763,138737
125694,p,658,98.384613,-92.310493,44.055523,138757
125715,p,659,98.034508,-92.624084,44.035633,138777
125735,p,660,97.689980,-92.921234,44.008736,138797
125755,p,661,97.344971,-93.213509,43.989635,138817
125775,p,662,96.993423,-93.509979,43.983063,138837
125795,p,663,96.620125,-93.822289,43.985817,138857
125815,p,664,96.265015,-94.121460,43.992748,138877
125835,p,665,95.908012,-94.425323,43.996258,138897
125856,p,666,95.547508,-94.731659,43.992409,138917
125875,p,667,95.184898,-95.038437,43.927616,138937
125895,p,668,94.825699,-95.347183,43.914005,138957
125915,p,669,94.464317,-95.660477,43.909443,138977
125935,p,670,94.112000,-95.976906,43.893547,138997
125956,p,671,93.770721,-96.298622,43.869995,139017
125976,p,672,93.437057,-96.624268,43.857327,139037
125996,p,673,93.102814,-96.966232,43.895927,139057
126016,p,674,92.795464,-97.293678,43.863274,139077
126036,p,675,92.492012,-97.620918,43.797367,139097
126056,p,676,92.195732,-97.949776,43.686718,139117
126076,p,677,91.915924,-98.281830,43.639091,139137
126096,p,678,91.654854,-98.619606,43.579842,139157
126116,p,679,91.398788,-98.964783,43.477924,139177
126136,p,680,91.153999,-99.312630,43.381763,139197
126156,p,681,90.919907,-99.680061,43.285023,139217
126176,p,682,90.714172,-100.035652,43.195469,139237
126196,p,683,90.513779,-100.396935,43.179245,139257
126216,p,684,90.327538,-100.758759,43.157902,139277
126237,p,685,90.327538,-100.758759,43.157902,139297
126256,p,686,90.135872,-101.176643,43.088074,139317
126277,p,687,89.975716,-101.547279,43.033894,139337
126297,p,688,89.812996,-101.923027,42.992889,139357
126317,p,689,89.658997,-102.298264,42.964943,139377
126337,p,690,89.513153,-102.673531,42.936829,139397
126357,p,691,89.367821,-103.051529,42.911819,139417
126377,p,692,89.218513,-103.433418,42.894608,139437
126397,p,693,89.075897,-103.813911,42.817593,139457
126417,p,694,88.934181,-104.213364,42.776134,139477
126437,p,695,88.799675,-104.597511,42.770336,139497
126457,p,696,88.664268,-104.982430,42.705433,139517
126477,p,697,88.529190,-105.385071,42.686951,139537
126497,p,698,88.403160,-105.772995,42.697971,139557
126517,p,699,88.264038,-106.186752,42.714417,139577
126537,p,700,88.129883,-106.582321,42.735638,139597
126557,p,701,88.001236,-106.977257,42.754856,139617
126577,p,702,87.865578,-107.374184,42.771313,139637
126598,p,703,87.713554,-107.772682,42.790562,139657
126618,p,704,87.551682,-108.168594,42.822075,139677
126638,p,705,87.378609,-108.581062,42.915016,139697
126658,p,706,87.198174,-108.997169,43.011440,139717
126678,p,707,87.026909,-109.394981,43.105202,139737
126698,p,708,86.851273,-109.807808,43.195572,139757
126718,p,709,86.696480,-110.199661,43.217411,139777
126739,p,710,86.546471,-110.615944,43.242805,139797
126758,p,711,86.410637,-111.011086,43.314610,139817
126778,p,712,86.278496,-111.402206,43.377098,139837
126798,p,713,86.153862,-111.793259,43.434494,139857
126818,p,714,86.036201,-112.209290,43.489502,139877
126838,p,715,85.925217,-112.609856,43.536415,139897
126858,p,716,85.814339,-113.007904,43.599842,139917
126878,p,717,85.710480,-113.404976,43.699223,139937
126898,p,718,85.616806,-113.822845,43.728256,139957
126918,p,719,85.525536,-114.223618,43.770714,139977
126939,p,720,85.429390,-114.640564,43.849915,139997
126959,p,721,85.344093,-115.033127,43.918991,140017
126979,p,722,85.270439,-115.419006,43.978210,140037
126999,p,723,85.187111,-115.822113,44.034645,140057
127019,p,724,85.098862,-116.202362,44.153965,140077
127040,p,725,85.000015,-116.586281,44.263771,140097
127059,p,726,84.902306,-116.958755,44.368496,140117
127079,p,727,84.794563,-117.329582,44.467911,140137
127099,p,728,84.679070,-117.674179,44.561890,140157
127119,p,729,84.551826,-118.008568,44.648163,140177
127140,p,730,84.418221,-118.351761,44.744274,140197
127159,p,731,84.278854,-118.677521,44.829243,140217
127179,p,732,84.114281,-119.011597,44.915966,140237
127199,p,733,83.945122,-119.325302,44.992245,140257
127219,p,734,83.767838,-119.651421,45.070862,140277
127240,p,735,83.585312,-119.962448,45.137562,140297
127259,p,736,83.585312,-119.962448,45.137562,140317
127280,p,737,83.369133,-120.315948,45.211899,140337
127300,p,738,83.176735,-120.641060,45.343029,140357
127320,p,739,82.995918,-120.954002,45.453281,140377
127340,p,740,82.817062,-121.269836,45.551010,140397
127360,p,741,82.651596,-121.584206,45.637440,140417
127380,p,742,82.491379,-121.895119,45.711075,140437
127400,p,743,82.333794,-122.199951,45.776466,140457
127420,p,744,82.183456,-122.499420,45.836723,140477
127440,p,745,82.033401,-122.790482,45.849171,140497
127460,p,746,81.858063,-123.083282,45.837173,140517
127480,p,747,81.676285,-123.356598,45.888760,140537
127500,p,748,81.492699,-123.629707,45.930099,140557
127520,p,749,81.291008,-123.914749,45.964230,140577
127540,p,750,81.083374,-124.187241,46.000595,140597
127560,p,751,80.877106,-124.461220,46.038017,140617
127580,p,752,80.675552,-124.737190,46.075016,140637
127601,p,753,80.465935,-125.029510,46.108501,140657
127621,p,754,80.282272,-125.310654,46.139896,140677
127641,p,755,80.112274,-125.595016,46.156487,140697
127661,p,756,79.951462,-125.876495,46.161697,140717
127681,p,757,79.795189,-126.165260,46.156887,140737
127701,p,758,79.660500,-126.432098,46.148388,140758
127721,p,759,79.525291,-126.690910,46.134438,140778
127741,p,760,79.393394,-126.940102,46.120899,140798
127761,p,761,79.260994,-127.197754,46.113087,140818
127781,p,762,79.131119,-127.439819,46.107124,140838
127801,p,763,78.995644,-127.679245,46.108845,140858
127821,p,764,78.867340,-127.917946,46.098206,140878
127842,p,765,78.739395,-128.159042,46.047569,140898
127861,p,766,78.602074,-128.399078,45.998177,140918
127881,p,767,78.465958,-128.636963,45.937103,140938
127902,p,768,78.337677,-128.879089,45.833012,140958
181427,m,769,78.213707,-129.123413,45.791077,256.743561
181601,c,770,2.842147,-1.651250,0,0
181605,p,771,79.091583,-140.100998,40.401520,194509
181624,p,772,79.091583,-140.100998,40.401520,194529
181645,p,773,79.063515,-140.048035,40.450638,194549
181665,p,774,79.042160,-140.003281,40.490150,194569
181685,p,775,79.037285,-139.961823,40.520256,194589
181705,p,776,79.049782,-139.906845,40.543598,194609
181725,p,777,79.074341,-139.819183,40.558311,194629
181746,p,778,79.105896,-139.707809,40.570847,194649
181765,p,779,79.135925,-139.577637,40.540779,194669
181785,p,780,79.160583,-139.433487,40.556431,194689
181805,p,781,79.171173,-139.277420,40.582981,194709
181825,p,782,79.172401,-139.104263,40.561157,194729
181846,p,783,79.161835,-138.917404,40.542809,194749
181866,p,784,79.147583,-138.751389,40.546692,194769
181885,p,785,79.138908,-138.607407,40.627251,194789
181905,p,786,79.134926,-138.487411,40.704407,194809
181926,p,787,79.138039,-138.389679,40.782070,194829
181946,p,788,79.160744,-138.303467,40.866280,194849
181966,p,789,79.201355,-138.236465,40.886299,194869
181986,p,790,79.266716,-138.189819,40.880424,194889
182006,p,791,79.360443,-138.161331,40.866070,194909
182026,p,792,79.464149,-138.147659,40.889118,194929
182046,p,793,79.571571,-138.148987,40.935028,194949
182066,p,794,79.687660,-138.172501,40.978943,194969
182086,p,795,79.812340,-138.218079,41.021980,194989
182106,p,796,79.958633,-138.279999,41.068451,195009
182126,p,797,80.115097,-138.349731,41.102707,195029
182147,p,798,80.295578,-138.436218,41.126976,195049
182166,p,799,80.513481,-138.538788,41.140549,195069
182187,p,800,80.763657,-138.656631,41.139309,195089
182207,p,801,81.026901,-138.793365,41.175888,195109
182227,p,802,81.294449,-138.944778,41.217434,195129
182247,p,803,81.566277,-139.109818,41.216423,195149
182267,p,804,81.839012,-139.292984,41.218555,195169
182287,p,805,82.119911,-139.485062,41.230183,195189
182307,p,806,82.413635,-139.679657,41.244125,195209
182328,p,807,82.716766,-139.886414,41.304615,195229
182349,p,808,83.056313,-140.121872,41.387619,195249
182367,p,809,83.406601,-140.360703,41.460114,195269
182387,p,810,83.759338,-140.611328,41.463715,195289
182407,p,811,84.112381,-140.869705,41.477322,195309
182428,p,812,84.485809,-141.134445,41.542908,195329
182449,p,813,84.884804,-141.414566,41.539711,195349
182468,p,814,85.304115,-141.714630,41.540688,195370
182488,p,815,85.739006,-142.033478,41.591190,195390
182508,p,816,86.197502,-142.389175,41.641594,195410
182528,p,817,86.645996,-142.744095,41.694416,195430
182548,p,818,87.111717,-143.103256,41.738892,195450
182568,p,819,87.585953,-143.465759,41.713123,195470
182588,p,820,88.068489,-143.835587,41.680809,195490
182608,p,821,88.569977,-144.214493,41.655930,195510
182630,p,822,89.077515,-144.603226,41.678741,195530
182650,p,823,89.585732,-144.999710,41.678387,195550
182669,p,824,90.110039,-145.393478,41.636597,195570
182689,p,825,90.654030,-145.791733,41.647316,195590
182709,p,826,91.211494,-146.204758,41.637314,195610
182730,p,827,91.779984,-146.624786,41.581497,195630
182749,p,828,92.378540,-147.069916,41.516079,195650
182769,p,829,92.953018,-147.501404,41.481667,195670
182789,p,830,93.544205,-147.941223,41.494118,195690
182809,p,831,94.150932,-148.399216,41.432407,195710
182830,p,832,94.753525,-148.873230,41.359760,195730
182849,p,833,95.365486,-149.349762,41.299152,195750
182869,p,834,96.023216,-149.844040,41.242401,195770
182889,p,835,96.665619,-150.325378,41.193699,195790
182909,p,836,97.325035,-150.819870,41.159660,195810
182930,p,837,98.000366,-151.324142,41.069637,195830
182950,p,838,98.681160,-151.833725,40.981045,195850
182970,p,839,99.369041,-152.338867,40.905334,195870
