8185,0,0,2.523412,71259,0,0
8284,1,1,2.635981,71359,0,0
8386,2,2,2.481199,71459,0,0
8486,3,3,2.570316,71559,0,0
8585,4,4,2.453057,71659,0,0
8683,5,5,2.514031,71759,0,0
8783,6,6,2.528102,71859,0,0
8883,7,7,2.650052,71959,0,0
8985,8,8,2.603148,72059,0,0
9083,9,9,2.514031,72159,0,0
9184,10,10,2.635981,72259,0,0
9284,11,11,2.593767,72359,0,0
9384,12,12,2.734478,72459,0,0
9484,13,13,2.631290,72559,0,0
9584,14,14,2.631290,72659,0,0
9684,15,15,2.640671,72759,0,0
9785,16,16,2.476508,72859,0,0
9885,17,17,2.673503,72959,0,0
9983,18,18,2.687574,73059,0,0
10083,19,19,2.701646,73159,0,0
10185,20,20,2.579696,73259,0,0
10285,21,21,2.673503,73359,0,0
10385,22,22,2.631290,73459,0,0
10485,23,23,2.556244,73559,0,0
10585,24,24,2.565625,73659,0,0
10684,25,25,2.673503,73759,0,0
10783,26,26,2.659432,73859,0,0
10883,27,27,2.532793,73959,0,0
10984,28,28,2.589077,74059,0,0
11084,29,29,2.668813,74159,0,0
11184,30,30,2.565625,74259,0,0
11284,31,31,2.607838,74359,0,0
11383,32,32,2.621909,74459,0,0
11483,33,33,2.537483,74559,0,0
11583,34,34,2.485889,74659,0,0
11685,35,35,2.640671,74759,0,0
11783,36,36,2.579696,74859,0,0
11884,37,37,2.546864,74959,0,0
11984,38,38,2.560935,75059,0,0
12084,39,39,2.668813,75159,0,0
12184,40,40,2.514031,75259,0,0
12284,41,41,2.560935,75359,0,0
12384,42,42,2.650052,75459,0,0
12485,43,43,2.621909,75559,0,0
12585,44,44,2.560935,75659,0,0
12685,45,45,2.701646,75759,0,0
12786,46,46,2.650052,75859,0,0
12885,47,47,2.481199,75959,0,0
12983,48,48,2.546864,76059,0,0
13083,49,49,2.607838,76159,0,0
13184,50,50,2.612529,76259,0,0
13283,51,51,2.485889,76359,0,0
13384,52,52,2.589077,76459,0,0
13484,53,53,2.673503,76559,0,0
13583,54,54,2.565625,76659,0,0
13683,55,55,2.575006,76759,0,0
13784,56,56,2.584387,76859,0,0
13883,57,57,2.645361,76959,0,0
13983,58,58,2.448366,77059,0,0
14084,59,59,2.476508,77159,0,0
14183,60,60,2.687574,77259,0,0
14383,61,61,2.617219,77459,0,0
14484,62,62,2.462437,77559,0,0
14584,63,63,2.678194,77659,0,0
14784,64,64,2.598458,77859,0,0
14884,65,65,2.668813,77959,0,0
14984,66,66,2.645361,78059,0,0
15183,67,67,2.579696,78259,0,0
15283,68,68,2.631290,78359,0,0
15384,69,69,2.645361,78459,0,0
15583,70,70,2.692265,78659,0,0
15684,71,71,2.612529,78759,0,0
15784,72,72,2.584387,78859,0,0
15883,73,73,2.589077,78959,0,0
15983,73,73,2.696955,79059,0,0
16084,74,74,2.664123,79159,0,0
16184,75,75,2.462437,79259,0,0
16284,76,76,2.575006,79359,0,0
16384,77,77,2.664123,79459,0,0
16483,78,78,2.509341,79559,0,0
16684,79,79,2.495270,79759,0,0
16783,80,80,2.645361,79859,0,0
16883,81,81,2.593767,79959,0,0
16984,82,82,2.532793,80059,0,0
17084,83,83,2.635981,80159,0,0
17183,84,84,2.603148,80259,0,0
17284,85,85,2.560935,80359,0,0
17383,86,86,2.617219,80459,0,0
17484,87,87,2.687574,80559,0,0
17584,88,88,2.570316,80659,0,0
17684,89,89,2.481199,80759,0,0
17784,90,90,2.570316,80859,0,0
17883,91,91,2.650052,80959,0,0
17983,92,92,2.612529,81059,0,0
18083,93,93,2.518722,81159,0,0
18183,94,94,2.635981,81259,0,0
18284,95,95,2.711026,81359,0,0
18384,96,96,2.537483,81459,0,0
18486,97,97,2.542173,81559,0,0
18584,98,98,2.626600,81659,0,0
18685,99,99,2.654742,81759,0,0
18786,100,100,2.565625,81859,0,0
18886,101,101,2.678194,81959,0,0
18986,102,102,2.635981,82059,0,0
19085,103,103,2.565625,82159,0,0
19185,104,104,2.462437,82259,0,0
19285,105,105,2.551554,82359,0,0
19383,106,106,2.607838,82459,0,0
19483,107,107,2.626600,82559,0,0
19584,108,108,2.612529,82659,0,0
19683,109,109,2.551554,82759,0,0
19783,110,110,2.617219,82859,0,0
19884,111,111,2.640671,82959,0,0
19985,112,112,2.645361,83059,0,0
20085,113,113,2.532793,83159,0,0
20185,114,114,2.621909,83259,0,0
20285,115,115,2.579696,83359,0,0
20383,116,116,2.626600,83459,0,0
20486,117,117,2.640671,83559,0,0
20584,118,118,2.635981,83659,0,0
20683,119,119,2.537483,83759,0,0
20784,120,120,2.635981,83859,0,0
20883,121,121,2.659432,83959,0,0
20983,122,122,2.607838,84059,0,0
21083,123,123,2.589077,84159,0,0
21183,124,124,2.612529,84259,0,0
21283,125,125,2.682884,84359,0,0
21383,126,126,2.598458,84459,0,0
21483,127,127,2.532793,84559,0,0
21585,128,128,2.603148,84659,0,0
21683,129,129,2.598458,84759,0,0
21783,130,130,2.575006,84859,0,0
21883,131,131,2.495270,84959,0,0
21983,132,132,2.621909,85059,0,0
22084,133,133,2.621909,85159,0,0
22185,134,134,2.570316,85259,0,0
22287,135,135,2.607838,85359,0,0
22385,136,136,2.542173,85459,0,0
22486,137,137,2.617219,85559,0,0
22585,138,138,2.640671,85659,0,0
22685,139,139,2.537483,85759,0,0
22785,140,140,2.546864,85859,0,0
22885,141,141,2.542173,85959,0,0
22986,142,142,2.607838,86059,0,0
23086,143,143,2.626600,86159,0,0
23185,144,144,2.635981,86259,0,0
23286,145,145,2.635981,86359,0,0
23385,146,146,2.598458,86459,0,0
23485,147,147,2.565625,86559,0,0
23585,148,148,2.499960,86659,0,0
23686,149,149,2.546864,86759,0,0
23784,150,150,2.603148,86859,0,0
23883,151,151,2.640671,86959,0,0
23983,152,152,2.635981,87059,0,0
24083,153,153,2.565625,87159,0,0
24183,154,154,2.481199,87259,0,0
24283,155,155,2.509341,87359,0,0
24383,156,156,2.631290,87459,0,0
24483,157,157,2.645361,87559,0,0
24583,158,158,2.406153,87659,0,0
24683,159,159,2.528102,87759,0,0
24783,160,160,2.514031,87859,0,0
24883,161,161,2.598458,87959,0,0
24983,162,162,2.621909,88059,0,0
25083,163,163,2.575006,88159,0,0
25183,164,164,2.410843,88259,0,0
25283,165,165,2.424915,88359,0,0
25383,166,166,2.631290,88459,0,0
25483,167,167,2.664123,88559,0,0
25583,168,168,2.617219,88659,0,0
25683,169,169,2.542173,88759,0,0
25783,170,170,2.532793,88859,0,0
25885,171,171,2.415534,88959,0,0
25985,172,172,2.471818,89059,0,0
26086,173,173,2.565625,89159,0,0
26184,174,174,2.560935,89259,0,0
26285,175,175,2.584387,89359,0,0
26383,176,176,2.593767,89459,0,0
26484,177,177,2.495270,89559,0,0
26583,178,178,2.584387,89659,0,0
26683,179,179,2.579696,89759,0,0
26783,180,180,2.485889,89859,0,0
26883,181,181,2.504651,89959,0,0
26984,182,182,2.589077,90059,0,0
27086,183,183,2.551554,90159,0,0
27186,184,184,2.523412,90259,0,0
27386,185,185,2.363940,90459,0,0
27484,186,186,2.453057,90559,0,0
27585,187,187,2.518722,90659,0,0
27683,188,188,2.584387,90759,0,0
27783,189,189,2.509341,90859,0,0
27883,190,190,2.509341,90959,0,0
27983,191,191,2.368630,91059,0,0
28083,191,191,2.485889,91159,0,0
28283,192,192,2.485889,91359,0,0
28383,193,193,2.373321,91459,0,0
28483,194,194,2.476508,91559,0,0
28683,195,195,2.467128,91759,0,0
28783,196,196,2.523412,91859,0,0
28883,197,197,2.570316,91959,0,0
28983,198,198,2.485889,92059,0,0
29083,199,199,2.659432,92159,0,0
29183,200,200,2.429605,92259,0,0
29283,201,201,2.499960,92359,0,0
29384,202,202,2.635981,92459,0,0
29483,203,203,2.598458,92559,0,0
29583,204,204,2.650052,92659,0,0
29683,205,205,2.485889,92759,0,0
29783,206,206,2.509341,92860,0,0
29886,207,207,2.631290,92960,0,0
29986,208,208,2.462437,93060,0,0
30085,209,209,2.640671,93160,0,0
30186,210,210,2.734478,93260,0,0
30284,211,211,2.607838,93360,0,0
30384,212,212,2.471818,93460,0,0
30485,213,213,2.542173,93560,0,0
30583,214,214,2.514031,93660,0,0
30683,215,215,2.645361,93760,0,0
30783,216,216,2.626600,93860,0,0
30883,217,217,2.514031,93960,0,0
30983,218,218,2.631290,94060,0,0
31083,219,219,2.664123,94160,0,0
31186,220,220,2.443676,94260,0,0
31283,221,221,2.579696,94360,0,0
31383,222,222,2.607838,94460,0,0
31483,223,223,2.589077,94560,0,0
31583,224,224,2.499960,94660,0,0
31683,225,225,2.631290,94760,0,0
31783,226,226,2.410843,94860,0,0
31883,227,227,2.589077,94960,0,0
31983,228,228,2.575006,95060,0,0
32083,229,229,2.532793,95160,0,0
32183,230,230,2.584387,95260,0,0
32283,231,231,2.509341,95360,0,0
32383,232,232,2.490579,95460,0,0
32483,233,233,2.579696,95560,0,0
32583,234,234,2.537483,95660,0,0
32683,235,235,2.565625,95760,0,0
32783,236,236,2.509341,95860,0,0
32883,237,237,2.570316,95960,0,0
32983,238,238,2.434295,96060,0,0
33083,239,239,2.542173,96160,0,0
33183,240,240,2.551554,96260,0,0
33283,241,241,2.518722,96360,0,0
33383,242,242,2.546864,96460,0,0
33483,243,243,2.528102,96560,0,0
33583,244,244,2.593767,96660,0,0
33683,245,245,2.528102,96760,0,0
33783,246,246,2.621909,96860,0,0
33883,247,247,2.504651,96960,0,0
33983,248,248,2.631290,97060,0,0
34083,249,249,2.645361,97160,0,0
34183,250,250,2.537483,97260,0,0
34283,251,251,2.556244,97360,0,0
34383,252,252,2.626600,97460,0,0
34483,253,253,2.518722,97560,0,0
34583,254,254,2.617219,97660,0,0
34683,255,255,2.659432,97760,0,0
34783,256,256,2.467128,97860,0,0
34883,257,257,2.682884,97960,0,0
34983,258,258,2.509341,98060,0,0
35083,259,259,2.518722,98160,0,0
35183,260,260,2.635981,98260,0,0
35283,261,261,2.532793,98360,0,0
35383,262,262,2.626600,98460,0,0
35483,263,263,2.457747,98560,0,0
35583,264,264,2.645361,98660,0,0
35683,265,265,2.499960,98760,0,0
35783,266,266,2.631290,98860,0,0
35883,267,267,2.626600,98960,0,0
35983,268,268,2.495270,99060,0,0
36083,268,268,2.650052,99160,0,0
36183,269,269,2.565625,99260,0,0
36283,270,270,2.631290,99360,0,0
36383,271,271,2.476508,99460,0,0
36483,272,272,2.640671,99560,0,0
36583,273,273,2.462437,99660,0,0
36683,274,274,2.575006,99760,0,0
36783,275,275,2.621909,99860,0,0
36883,276,276,2.537483,99960,0,0
36983,277,277,2.579696,100060,0,0
37083,278,278,2.551554,100160,0,0
37183,279,279,2.424915,100260,0,0
37283,280,280,2.499960,100360,0,0
37385,281,281,2.570316,100460,0,0
37485,282,282,2.453057,100560,0,0
37584,283,283,2.471818,100660,0,0
37685,284,284,2.546864,100760,0,0
37784,285,285,2.542173,100860,0,0
37883,286,286,2.424915,100960,0,0
37983,287,287,2.532793,101060,0,0
38083,288,288,2.565625,101160,0,0
38183,289,289,2.509341,101260,0,0
38283,290,290,2.560935,101360,0,0
38383,291,291,2.598458,101460,0,0
38483,292,292,2.556244,101560,0,0
38583,293,293,2.542173,101660,0,0
38683,294,294,2.626600,101760,0,0
38783,295,295,2.514031,101860,0,0
38883,296,296,2.532793,101960,0,0
38983,297,297,2.654742,102060,0,0
39083,298,298,2.603148,102160,0,0
39183,299,299,2.537483,102260,0,0
39283,300,300,2.659432,102360,0,0
39383,301,301,2.589077,102460,0,0
39483,302,302,2.668813,102560,0,0
39584,303,303,2.518722,102660,0,0
39683,304,304,2.645361,102760,0,0
39783,305,305,2.603148,102860,0,0
39883,306,306,2.560935,102960,0,0
39983,307,307,2.659432,103060,0,0
40083,308,308,2.659432,103160,0,0
40183,309,309,2.617219,103260,0,0
40283,310,310,2.635981,103360,0,0
40383,311,311,2.607838,103460,0,0
40483,312,312,2.645361,103560,0,0
40583,313,313,2.668813,103660,0,0
40683,314,314,2.645361,103760,0,0
40783,315,315,2.645361,103860,0,0
40883,316,316,2.551554,103960,0,0
40983,317,317,2.635981,104060,0,0
41083,318,318,2.715717,104160,0,0
41183,319,319,2.631290,104260,0,0
41383,320,320,2.678194,104460,0,0
41483,321,321,2.678194,104560,0,0
41583,322,322,2.603148,104660,0,0
41683,323,323,2.593767,104760,0,0
41783,324,324,2.626600,104860,0,0
41883,325,325,2.645361,104960,0,0
41983,326,326,2.467128,105060,0,0
42083,327,327,2.598458,105160,0,0
42183,328,328,2.579696,105260,0,0
42283,329,329,2.593767,105360,0,0
42383,330,330,2.499960,105460,0,0
42483,331,331,2.579696,105560,0,0
42583,332,332,2.556244,105660,0,0
42683,333,333,2.499960,105760,0,0
42783,334,334,2.617219,105860,0,0
42983,335,335,2.509341,106060,0,0
43083,336,336,2.603148,106160,0,0
43183,337,337,2.438986,106260,0,0
43283,338,338,2.645361,106360,0,0
43383,339,339,2.565625,106460,0,0
43483,340,340,2.654742,106560,0,0
43583,341,341,2.537483,106660,0,0
43683,342,342,2.654742,106760,0,0
43783,343,343,2.504651,106860,0,0
43883,344,344,2.607838,106960,0,0
43984,345,345,2.495270,107060,0,0
44083,346,346,2.603148,107160,0,0
44183,347,347,2.593767,107260,0,0
44283,348,348,2.570316,107360,0,0
44383,349,349,2.579696,107460,0,0
44483,350,350,2.532793,107560,0,0
44583,351,351,2.584387,107660,0,0
44683,352,352,2.509341,107760,0,0
44783,353,353,2.457747,107860,0,0
44883,354,354,2.607838,107960,0,0
44984,355,355,2.584387,108060,0,0
45083,356,356,2.457747,108160,0,0
45183,357,357,2.476508,108260,0,0
45284,358,358,2.631290,108360,0,0
45383,359,359,2.509341,108460,0,0
45484,360,360,2.565625,108560,0,0
45583,361,361,2.575006,108660,0,0
45683,362,362,2.584387,108760,0,0
45783,363,363,2.406153,108860,0,0
45883,364,364,2.490579,108960,0,0
45983,365,365,2.593767,109060,0,0
46084,366,366,2.589077,109160,0,0
46299,367,367,2.560935,109360,0,0
46392,368,368,2.443676,109460,0,0
46500,369,369,2.514031,109560,0,0
46601,370,370,2.570316,109660,0,0
46692,371,371,2.354559,109760,0,0
46793,372,372,2.603148,109860,0,0
46992,373,373,2.612529,110060,0,0
47099,374,374,2.593767,110160,0,0
47202,375,375,2.607838,110260,0,0
47311,376,376,2.551554,110360,0,0
47401,377,377,2.509341,110460,0,0
47501,378,378,2.420224,110560,0,0
47601,379,379,2.621909,110660,0,0
47811,380,380,2.575006,110860,0,0
47911,381,381,2.565625,110960,0,0
47993,382,382,2.579696,111060,0,0
48101,383,383,2.509341,111160,0,0
48201,384,384,2.645361,111260,0,0
48293,385,385,2.378011,111360,0,0
48402,386,386,2.551554,111460,0,0
48511,387,387,2.626600,111560,0,0
48603,388,388,2.471818,111660,0,0
48702,389,389,2.490579,111760,0,0
48803,390,390,2.584387,111860,0,0
48912,391,391,2.589077,111960,0,0
49012,392,392,2.607838,112060,0,0
49103,393,393,2.382701,112160,0,0
49302,394,394,2.584387,112360,0,0
49411,395,395,2.363940,112460,0,0
49493,396,396,2.471818,112560,0,0
49611,397,397,2.537483,112660,0,0
49703,398,398,2.603148,112760,0,0
49802,399,399,2.485889,112860,0,0
49912,400,400,2.471818,112960,0,0
50020,401,401,2.528102,113060,0,0
50091,402,402,2.481199,113160,0,0
50194,403,403,2.542173,113260,0,0
50292,404,404,2.598458,113360,0,0
50392,405,405,2.570316,113460,0,0
50493,406,406,2.471818,113560,0,0
50592,407,407,2.556244,113660,0,0
50692,407,407,2.453057,113760,0,0
50891,408,408,2.546864,113960,0,0
50993,409,409,2.542173,114060,0,0
51184,410,410,2.523412,114260,0,0
51283,411,411,2.532793,114360,0,0
51383,412,412,2.589077,114460,0,0
51483,413,413,2.589077,114560,0,0
51583,414,414,2.542173,114660,0,0
51683,415,415,2.532793,114760,0,0
51783,416,416,2.542173,114860,0,0
51883,417,417,2.579696,114960,0,0
51983,418,418,2.589077,115060,0,0
52083,419,419,2.551554,115160,0,0
52183,420,420,2.603148,115260,0,0
52283,421,421,2.579696,115360,0,0
52383,422,422,2.560935,115460,0,0
52483,423,423,2.575006,115560,0,0
52583,424,424,2.565625,115660,0,0
52683,425,425,2.570316,115760,0,0
52783,426,426,2.523412,115860,0,0
52883,427,427,2.565625,115960,0,0
52983,428,428,2.551554,116060,0,0
53083,429,429,2.453057,116160,0,0
53183,430,430,2.603148,116260,0,0
53283,431,431,2.593767,116360,0,0
53383,432,432,2.528102,116460,0,0
53483,433,433,2.551554,116560,0,0
53583,434,434,2.570316,116660,0,0
53683,435,435,2.664123,116760,0,0
53783,436,436,2.598458,116860,0,0
53883,437,437,2.537483,116960,0,0
53983,438,438,2.603148,117060,0,0
54083,439,439,2.645361,117160,0,0
54183,440,440,2.598458,117260,0,0
54283,441,441,2.607838,117360,0,0
54383,442,442,2.570316,117460,0,0
54483,443,443,2.654742,117560,0,0
54583,444,444,2.542173,117660,0,0
54683,445,445,2.673503,117760,0,0
54783,446,446,2.607838,117860,0,0
54883,447,447,2.626600,117960,0,0
54983,448,448,2.603148,118060,0,0
55083,449,449,2.584387,118160,0,0
55183,450,450,2.654742,118260,0,0
55283,451,451,2.626600,118360,0,0
55383,452,452,2.612529,118460,0,0
55483,453,453,2.617219,118560,0,0
55583,454,454,2.607838,118660,0,0
55683,455,455,2.654742,118760,0,0
55783,456,456,2.626600,118860,0,0
55883,457,457,2.626600,118960,0,0
55983,458,458,2.612529,119060,0,0
56083,459,459,2.560935,119160,0,0
56183,460,460,2.504651,119260,0,0
56283,461,461,2.565625,119360,0,0
56383,462,462,2.579696,119460,0,0
56483,463,463,2.603148,119560,0,0
56583,464,464,2.537483,119660,0,0
56683,465,465,2.575006,119761,0,0
56783,466,466,2.551554,119861,0,0
56883,467,467,2.579696,119961,0,0
56983,468,468,2.603148,120061,0,0
57083,469,469,2.589077,120161,0,0
57183,470,470,2.593767,120261,0,0
57283,471,471,2.579696,120361,0,0
57483,472,472,2.528102,120561,0,0
57583,473,473,2.542173,120661,0,0
57683,474,474,2.532793,120761,0,0
57783,475,475,2.509341,120861,0,0
57884,476,476,2.565625,120961,0,0
57983,477,477,2.514031,121061,0,0
58092,478,478,2.438986,121161,0,0
58193,479,479,2.518722,121261,0,0
58293,480,480,2.523412,121361,0,0
58399,481,481,2.471818,121461,0,0
58493,482,482,2.420224,121561,0,0
58592,483,483,2.481199,121661,0,0
58693,484,484,2.499960,121761,0,0
58784,485,485,2.410843,121861,0,0
58892,486,486,2.363940,121961,0,0
58992,487,487,2.504651,122061,0,0
59092,488,488,2.504651,122161,0,0
59192,489,489,2.514031,122261,0,0
59299,490,490,2.467128,122361,0,0
59391,491,491,2.467128,122461,0,0
59491,492,492,2.448366,122561,0,0
59593,493,493,2.528102,122661,0,0
59693,494,494,2.528102,122761,0,0
59793,495,495,2.593767,122861,0,0
59892,496,496,2.429605,122961,0,0
59991,497,497,2.523412,123061,0,0
60095,498,498,2.575006,123161,0,0
60184,499,499,2.448366,123261,0,0
67637,500,0,2.401463,130715,0,0
67737,501,1,2.349869,130815,0,0
67837,502,2,2.467128,130915,0,0
67937,503,3,2.406153,131015,0,0
68038,504,4,2.326417,131115,0,0
68141,505,5,2.565625,131215,0,0
68243,506,6,2.363940,131315,0,0
68344,507,7,2.401463,131415,0,0
68453,508,8,2.401463,131515,0,0
68543,509,9,2.317036,131615,0,0
68643,510,10,2.349869,131715,0,0
68744,511,11,2.396772,131815,0,0
68843,512,12,2.429605,131915,0,0
68944,513,13,2.382701,132015,0,0
69043,514,14,2.453057,132115,0,0
69143,515,15,2.443676,132215,0,0
69361,516,16,2.401463,132415,0,0
69462,517,17,2.495270,132516,0,0
69543,518,18,2.481199,132616,0,0
69653,519,19,2.415534,132716,0,0
69853,520,20,2.363940,132916,0,0
69943,521,21,2.387392,133016,0,0
70053,522,22,2.420224,133116,0,0
70159,523,23,2.373321,133216,0,0
70254,524,24,2.471818,133316,0,0
70352,525,25,2.471818,133416,0,0
70453,526,26,2.434295,133516,0,0
70561,527,27,2.359250,133616,0,0
70643,528,28,2.378011,133716,0,0
70746,529,29,2.471818,133816,0,0
70861,530,30,2.509341,133916,0,0
70949,531,31,2.509341,134016,0,0
71053,532,32,2.373321,134116,0,0
71160,533,33,2.335798,134216,0,0
71244,534,34,2.387392,134316,0,0
71352,535,35,2.443676,134416,0,0
71452,536,36,2.335798,134516,0,0
71553,537,37,2.345178,134616,0,0
71652,538,38,2.326417,134716,0,0
71753,539,39,2.392082,134816,0,0
71854,540,40,2.438986,134916,0,0
71953,541,41,2.378011,135016,0,0
72043,542,42,2.326417,135116,0,0
72153,543,43,2.443676,135216,0,0
72249,544,44,2.396772,135316,0,0
72461,545,45,2.434295,135516,0,0
72543,546,46,2.317036,135616,0,0
72653,547,47,2.438986,135716,0,0
72742,548,48,2.406153,135816,0,0
72860,549,49,2.345178,135916,0,0
72953,550,50,2.429605,136016,0,0
73052,551,51,2.434295,136116,0,0
73153,552,52,2.485889,136216,0,0
73260,553,53,2.406153,136316,0,0
73354,554,54,2.476508,136416,0,0
73452,555,55,2.396772,136516,0,0
73552,556,56,2.476508,136616,0,0
73644,557,57,2.321727,136716,0,0
73754,558,58,2.406153,136816,0,0
73853,559,59,2.523412,136916,0,0
73953,560,60,2.429605,137016,0,0
74061,561,61,2.528102,137116,0,0
74161,562,62,2.415534,137216,0,0
74252,563,63,2.584387,137316,0,0
74359,564,64,2.453057,137416,0,0
74453,565,65,2.499960,137516,0,0
74560,566,66,2.499960,137616,0,0
74659,567,67,2.490579,137716,0,0
74754,568,68,2.476508,137816,0,0
74852,569,69,2.476508,137916,0,0
74940,570,70,2.462437,138016,0,0
75038,571,71,2.518722,138116,0,0
75137,572,72,2.598458,138216,0,0
75237,573,73,2.415534,138316,0,0
75337,574,74,2.565625,138416,0,0
75437,575,75,2.490579,138516,0,0
75537,576,76,2.499960,138616,0,0
75637,577,77,2.579696,138716,0,0
75737,578,78,2.462437,138816,0,0
75837,579,79,2.443676,138916,0,0
75937,580,80,2.429605,139016,0,0
76037,581,81,2.410843,139116,0,0
76138,582,82,2.532793,139216,0,0
76237,583,83,2.542173,139316,0,0
76338,584,84,2.537483,139416,0,0
76437,585,85,2.438986,139516,0,0
76537,586,86,2.378011,139616,0,0
76637,587,87,2.363940,139716,0,0
76737,588,88,2.424915,139816,0,0
76837,589,89,2.443676,139916,0,0
76938,590,90,2.424915,140016,0,0
77037,591,91,2.415534,140116,0,0
77137,592,92,2.406153,140216,0,0
77238,593,93,2.537483,140316,0,0
77338,594,94,2.584387,140416,0,0
77437,595,95,2.424915,140516,0,0
77537,596,96,2.438986,140616,0,0
77637,597,97,2.340488,140716,0,0
77737,598,98,2.373321,140816,0,0
77837,599,99,2.429605,140916,0,0
77937,600,100,2.443676,141016,0,0
78037,600,100,2.481199,141116,0,0
78137,601,101,2.589077,141216,0,0
78237,602,102,2.551554,141316,0,0
78337,603,103,2.551554,141416,0,0
78437,604,104,2.471818,141516,0,0
78737,605,105,2.481199,141816,0,0
78937,606,106,2.509341,142016,0,0
79037,607,107,2.204468,142116,0,0
79137,608,108,2.645361,142216,0,0
79237,609,109,2.392082,142316,0,0
79337,610,110,2.274823,142416,0,0
79437,611,111,2.551554,142516,0,0
79538,612,112,2.509341,142616,0,0
79637,613,113,2.237300,142716,0,0
79737,614,114,2.420224,142816,0,0
79837,615,115,2.485889,142916,0,0
79937,616,116,2.528102,143016,0,0
80037,617,117,2.302965,143116,0,0
80137,618,118,2.528102,143216,0,0
80237,619,119,2.495270,143316,0,0
80337,620,120,2.443676,143416,0,0
80437,621,121,2.495270,143516,0,0
80537,622,122,2.424915,143616,0,0
80637,623,123,2.523412,143716,0,0
80737,624,124,2.378011,143816,0,0
80837,625,125,2.509341,143916,0,0
80937,626,126,2.537483,144016,0,0
81037,627,127,2.288894,144116,0,0
81137,628,128,2.481199,144216,0,0
81237,629,129,2.528102,144316,0,0
81337,630,130,2.321727,144416,0,0
81437,631,131,2.528102,144516,0,0
81637,632,132,2.373321,144716,0,0
81737,632,132,2.575006,144816,0,0
81837,633,133,2.387392,144916,0,0
81937,634,134,2.424915,145016,0,0
82037,635,135,2.542173,145116,0,0
82137,636,136,2.406153,145216,0,0
82237,637,137,2.514031,145316,0,0
82337,638,138,2.556244,145416,0,0
82437,639,139,2.378011,145516,0,0
82537,640,140,2.560935,145616,0,0
82637,641,141,2.518722,145716,0,0
82737,642,142,2.401463,145816,0,0
82837,643,143,2.556244,145916,0,0
82937,644,144,2.349869,146016,0,0
83037,645,145,2.453057,146116,0,0
83137,646,146,2.542173,146216,0,0
83237,647,147,2.382701,146316,0,0
83338,648,148,2.438986,146416,0,0
83437,649,149,2.575006,146516,0,0
83537,650,150,2.514031,146616,0,0
83637,651,151,2.462437,146716,0,0
83737,652,152,2.467128,146816,0,0
83838,653,153,2.368630,146916,0,0
83937,654,154,2.410843,147016,0,0
84037,655,155,2.415534,147116,0,0
84137,656,156,2.284204,147216,0,0
84237,657,157,2.349869,147316,0,0
84337,658,158,2.392082,147416,0,0
84437,659,159,2.312346,147516,0,0
84637,660,160,2.443676,147716,0,0
84737,661,161,2.448366,147816,0,0
84837,662,162,2.448366,147916,0,0
84937,663,163,2.354559,148016,0,0
85037,664,164,2.378011,148116,0,0
85137,665,165,2.462437,148216,0,0
85237,666,166,2.467128,148316,0,0
85337,667,167,2.485889,148416,0,0
85438,668,168,2.415534,148516,0,0
85537,669,169,2.476508,148616,0,0
85637,670,170,2.537483,148716,0,0
85737,671,171,2.457747,148816,0,0
85837,672,172,2.424915,148916,0,0
85938,673,173,2.354559,149016,0,0
86037,674,174,2.326417,149116,0,0
86137,675,175,2.401463,149216,0,0
86238,676,176,2.495270,149316,0,0
86337,677,177,2.462437,149416,0,0
86437,678,178,2.443676,149516,0,0
86537,679,179,2.560935,149616,0,0
86637,680,180,2.490579,149716,0,0
86737,681,181,2.373321,149816,0,0
86837,682,182,2.504651,149916,0,0
86937,683,183,2.406153,150016,0,0
87037,684,184,2.490579,150116,0,0
87137,685,185,2.490579,150216,0,0
87237,686,186,2.401463,150316,0,0
87337,687,187,2.514031,150416,0,0
87437,688,188,2.457747,150516,0,0
87537,689,189,2.518722,150616,0,0
87637,690,190,2.471818,150716,0,0
87737,691,191,2.495270,150816,0,0
87837,692,192,2.481199,150916,0,0
87937,693,193,2.420224,151016,0,0
88037,694,194,2.528102,151116,0,0
88137,695,195,2.443676,151216,0,0
88237,696,196,2.509341,151316,0,0
88351,697,197,2.434295,151416,0,0
88437,698,198,2.340488,151516,0,0
88537,699,199,2.532793,151616,0,0
88637,700,200,2.410843,151716,0,0
88737,701,201,2.504651,151816,0,0
88837,702,202,2.415534,151916,0,0
88937,703,203,2.410843,152016,0,0
89037,704,204,2.462437,152116,0,0
89137,705,205,2.476508,152216,0,0
89237,706,206,2.481199,152316,0,0
89337,707,207,2.396772,152416,0,0
89437,708,208,2.359250,152516,0,0
89537,709,209,2.382701,152616,0,0
89637,710,210,2.415534,152716,0,0
89737,711,211,2.462437,152816,0,0
89837,712,212,2.462437,152916,0,0
89937,713,213,2.410843,153016,0,0
90037,714,214,2.424915,153116,0,0
90137,715,215,2.382701,153216,0,0
90237,716,216,2.406153,153316,0,0
90337,717,217,2.368630,153416,0,0
90437,718,218,2.331107,153516,0,0
90537,719,219,2.349869,153616,0,0
90643,720,220,2.392082,153716,0,0
90753,721,221,2.485889,153816,0,0
90843,722,222,2.354559,153916,0,0
90952,723,223,2.424915,154016,0,0
91053,724,224,2.424915,154116,0,0
91153,725,225,2.518722,154216,0,0
91243,726,226,2.542173,154316,0,0
91352,727,227,2.406153,154416,0,0
91453,728,228,2.410843,154516,0,0
91553,729,229,2.565625,154616,0,0
91643,730,230,2.565625,154716,0,0
91752,731,231,2.499960,154816,0,0
91843,732,232,2.382701,154916,0,0
91944,733,233,2.490579,155016,0,0
92053,734,234,2.523412,155116,0,0
92143,735,235,2.579696,155216,0,0
92244,736,236,2.514031,155316,0,0
92352,737,237,2.471818,155416,0,0
92537,738,238,2.373321,155616,0,0
92637,739,239,2.556244,155716,0,0
92737,740,240,2.467128,155816,0,0
92838,741,241,2.438986,155916,0,0
92937,742,242,2.448366,156016,0,0
93037,743,243,2.551554,156116,0,0
93137,744,244,2.387392,156216,0,0
93237,745,245,2.565625,156316,0,0
93337,746,246,2.509341,156416,0,0
93437,747,247,2.448366,156516,0,0
93537,748,248,2.537483,156616,0,0
93638,749,249,2.448366,156716,0,0
93737,750,250,2.490579,156816,0,0
93837,751,251,2.504651,156916,0,0
93937,752,252,2.476508,157016,0,0
94038,753,253,2.551554,157116,0,0
94137,754,254,2.396772,157216,0,0
94337,755,255,2.542173,157416,0,0
94437,756,256,2.509341,157516,0,0
94537,757,257,2.528102,157616,0,0
94637,758,258,2.476508,157716,0,0
94737,759,259,2.457747,157816,0,0
94837,760,260,2.495270,157916,0,0
94937,761,261,2.373321,158016,0,0
95037,762,262,2.565625,158116,0,0
95137,763,263,2.603148,158216,0,0
95237,764,264,2.542173,158316,0,0
95337,765,265,2.448366,158416,0,0
95438,766,266,2.532793,158516,0,0
95538,767,267,2.485889,158616,0,0
95637,768,268,2.537483,158717,0,0
95737,769,269,2.504651,158817,0,0
95837,770,270,2.542173,158917,0,0
95937,771,271,2.434295,159017,0,0
96037,772,272,2.523412,159117,0,0
96137,773,273,2.490579,159217,0,0
96237,774,274,2.453057,159317,0,0
96337,775,275,2.406153,159417,0,0
96437,776,276,2.476508,159517,0,0
96537,777,277,2.434295,159617,0,0
96637,778,278,2.396772,159717,0,0
96737,779,279,2.523412,159817,0,0
96837,780,280,2.448366,159917,0,0
96937,781,281,2.481199,160017,0,0
97037,781,281,2.514031,160117,0,0
97138,782,282,2.467128,160217,0,0
97237,783,283,2.331107,160317,0,0
97337,784,284,2.424915,160417,0,0
97437,785,285,2.471818,160517,0,0
97537,786,286,2.317036,160617,0,0
97637,787,287,2.373321,160717,0,0
97737,788,288,2.448366,160817,0,0
97837,789,289,2.368630,160917,0,0
97937,790,290,2.485889,161017,0,0
98037,791,291,2.382701,161117,0,0
98137,792,292,2.368630,161217,0,0
98237,793,293,2.415534,161317,0,0
98337,794,294,2.387392,161417,0,0
98437,795,295,2.406153,161517,0,0
98537,796,296,2.354559,161617,0,0
98637,797,297,2.457747,161717,0,0
98737,798,298,2.429605,161817,0,0
98936,799,299,2.438986,162017,0,0
99037,800,300,2.556244,162117,0,0
99137,801,301,2.546864,162217,0,0
99237,802,302,2.471818,162317,0,0
99337,803,303,2.523412,162417,0,0
99437,804,304,2.481199,162517,0,0
99637,805,305,2.509341,162717,0,0
99737,806,306,2.509341,162817,0,0
99837,807,307,2.481199,162917,0,0
99937,808,308,2.514031,163017,0,0
100037,809,309,2.471818,163117,0,0
100137,810,310,2.514031,163217,0,0
100237,811,311,2.504651,163317,0,0
100337,812,312,2.415534,163417,0,0
100437,813,313,2.476508,163517,0,0
100537,814,314,2.542173,163617,0,0
100637,815,315,2.453057,163717,0,0
100737,816,316,2.443676,163817,0,0
100837,817,317,2.528102,163917,0,0
100937,818,318,2.471818,164017,0,0
101037,819,319,2.537483,164117,0,0
101137,820,320,2.471818,164217,0,0
101237,821,321,2.589077,164317,0,0
101337,822,322,2.401463,164417,0,0
101437,823,323,2.415534,164517,0,0
101537,824,324,2.471818,164617,0,0
101637,825,325,2.499960,164717,0,0
101737,826,326,2.495270,164817,0,0
101836,827,327,2.476508,164917,0,0
101937,828,328,2.485889,165017,0,0
102037,829,329,2.401463,165117,0,0
102137,830,330,2.401463,165217,0,0
102237,831,331,2.420224,165317,0,0
102337,832,332,2.363940,165417,0,0
102437,833,333,2.387392,165517,0,0
102537,834,334,2.387392,165617,0,0
102637,835,335,2.481199,165717,0,0
102737,836,336,2.406153,165817,0,0
102837,837,337,2.396772,165917,0,0
102937,838,338,2.485889,166017,0,0
103137,839,339,2.401463,166217,0,0
103237,840,340,2.415534,166317,0,0
103337,841,341,2.504651,166417,0,0
103437,842,342,2.378011,166517,0,0
103536,843,343,2.387392,166617,0,0
103637,844,344,2.406153,166717,0,0
103737,845,345,2.354559,166817,0,0
103837,846,346,2.420224,166917,0,0
103937,847,347,2.373321,167017,0,0
104037,848,348,2.345178,167117,0,0
104136,849,349,2.345178,167217,0,0
104237,850,350,2.363940,167317,0,0
104337,851,351,2.312346,167417,0,0
104438,852,352,2.373321,167517,0,0
104537,853,353,2.471818,167617,0,0
104637,854,354,2.453057,167717,0,0
104737,855,355,2.453057,167817,0,0
104837,856,356,2.378011,167917,0,0
104937,857,357,2.284204,168017,0,0
105036,858,358,2.410843,168117,0,0
105137,859,359,2.438986,168217,0,0
105237,860,360,2.354559,168317,0,0
105337,861,361,2.382701,168417,0,0
105437,862,362,2.378011,168517,0,0
105537,863,363,2.345178,168617,0,0
105637,864,364,2.415534,168717,0,0
105737,865,365,2.378011,168817,0,0
105836,866,366,2.453057,168917,0,0
105936,867,367,2.443676,169017,0,0
106037,868,368,2.476508,169117,0,0
106137,869,369,2.453057,169217,0,0
106237,870,370,2.438986,169317,0,0
106336,871,371,2.523412,169417,0,0
106436,872,372,2.443676,169517,0,0
106536,873,373,2.288894,169617,0,0
106636,874,374,2.378011,169717,0,0
106737,875,375,2.476508,169817,0,0
106837,876,376,2.467128,169917,0,0
106936,877,377,2.424915,170017,0,0
107036,878,378,2.476508,170117,0,0
107137,879,379,2.453057,170217,0,0
107237,879,379,2.363940,170317,0,0
107337,880,380,2.504651,170417,0,0
107438,881,381,2.443676,170517,0,0
107538,882,382,2.410843,170617,0,0
107639,883,383,2.392082,170717,0,0
107737,884,384,2.504651,170817,0,0
107836,885,385,2.443676,170917,0,0
107937,886,386,2.462437,171017,0,0
108037,887,387,2.438986,171117,0,0
108136,888,388,2.457747,171217,0,0
108236,889,389,2.434295,171317,0,0
108437,890,390,2.471818,171517,0,0
108537,891,391,2.382701,171617,0,0
108636,892,392,2.485889,171717,0,0
108737,893,393,2.345178,171817,0,0
108837,894,394,2.401463,171917,0,0
108937,895,395,2.490579,172017,0,0
109036,896,396,2.462437,172117,0,0
109136,897,397,2.382701,172217,0,0
109237,898,398,2.429605,172317,0,0
109338,899,399,2.476508,172417,0,0
109436,900,400,2.532793,172517,0,0
109537,901,401,2.392082,172617,0,0
109637,902,402,2.349869,172717,0,0
109736,903,403,2.382701,172817,0,0
109837,904,404,2.481199,172917,0,0
109937,905,405,2.476508,173017,0,0
110037,906,406,2.392082,173117,0,0
110136,907,407,2.396772,173217,0,0
110237,908,408,2.504651,173317,0,0
110336,909,409,2.443676,173417,0,0
110436,910,410,2.349869,173517,0,0
110536,911,411,2.443676,173617,0,0
110637,912,412,2.462437,173717,0,0
110736,913,413,2.495270,173817,0,0
110837,914,414,2.382701,173917,0,0
110937,915,415,2.499960,174017,0,0
111036,916,416,2.462437,174117,0,0
111237,917,417,2.551554,174317,0,0
111337,918,418,2.546864,174417,0,0
111437,919,419,2.504651,174517,0,0
111536,920,420,2.467128,174617,0,0
111636,921,421,2.420224,174717,0,0
111736,922,422,2.345178,174817,0,0
111837,923,423,2.438986,174917,0,0
111936,924,424,2.434295,175017,0,0
112037,925,425,2.410843,175117,0,0
112137,926,426,2.485889,175217,0,0
112237,927,427,2.495270,175317,0,0
112336,928,428,2.401463,175417,0,0
112438,928,428,2.485889,175517,0,0
112538,929,429,2.453057,175617,0,0
112636,930,430,2.410843,175717,0,0
112737,931,431,2.462437,175817,0,0
112838,932,432,2.340488,175917,0,0
112936,933,433,2.542173,176017,0,0
113038,934,434,2.443676,176117,0,0
113138,935,435,2.518722,176217,0,0
113238,936,436,2.504651,176317,0,0
113337,937,437,2.457747,176417,0,0
113438,938,438,2.401463,176517,0,0
113538,939,439,2.532793,176617,0,0
113638,940,440,2.485889,176717,0,0
113738,941,441,2.467128,176817,0,0
113838,942,442,2.509341,176917,0,0
113938,943,443,2.471818,177017,0,0
114037,944,444,2.406153,177117,0,0
114136,945,445,2.410843,177217,0,0
114238,945,445,2.546864,177317,0,0
114341,946,446,2.532793,177417,0,0
114438,947,447,2.476508,177517,0,0
114540,948,448,2.453057,177617,0,0
114640,949,449,2.410843,177717,0,0
114740,950,450,2.401463,177817,0,0
114842,951,451,2.509341,177917,0,0
114942,952,452,2.509341,178017,0,0
115041,953,453,2.410843,178117,0,0
115142,954,454,2.457747,178217,0,0
115242,955,455,2.467128,178317,0,0
115343,956,456,2.420224,178417,0,0
115441,957,457,2.363940,178517,0,0
115542,958,458,2.387392,178617,0,0
115644,959,459,2.368630,178717,0,0
115743,960,460,2.387392,178817,0,0
115841,961,461,2.453057,178917,0,0
115941,962,462,2.481199,179017,0,0
116040,963,463,2.495270,179117,0,0
116143,964,464,2.485889,179217,0,0
116244,965,465,2.481199,179317,0,0
116343,966,466,2.410843,179417,0,0
116444,967,467,2.438986,179517,0,0
116543,968,468,2.424915,179617,0,0
116642,969,469,2.476508,179717,0,0
116743,970,470,2.438986,179817,0,0
116842,971,471,2.462437,179917,0,0
116944,972,472,2.453057,180017,0,0
117043,973,473,2.401463,180117,0,0
117144,974,474,2.410843,180217,0,0
117243,975,475,2.448366,180317,0,0
117345,976,476,2.312346,180417,0,0
117441,977,477,2.349869,180517,0,0
117536,978,478,2.485889,180617,0,0
117636,979,479,2.429605,180717,0,0
117736,980,480,2.406153,180817,0,0
117836,981,481,2.424915,180917,0,0
117937,982,482,2.378011,181017,0,0
118036,983,483,2.382701,181117,0,0
118136,984,484,2.373321,181217,0,0
118236,985,485,2.424915,181317,0,0
118337,986,486,2.354559,181417,0,0
118436,987,487,2.392082,181517,0,0
118536,988,488,2.354559,181617,0,0
118636,989,489,2.396772,181717,0,0
118737,990,490,2.396772,181817,0,0
118837,991,491,2.363940,181917,0,0
118936,992,492,2.424915,182017,0,0
119137,993,493,2.438986,182217,0,0
119237,994,494,2.453057,182317,0,0
119336,995,495,2.495270,182417,0,0
119436,996,496,2.438986,182517,0,0
119536,997,497,2.467128,182617,0,0
119637,998,498,2.471818,182717,0,0
119736,999,499,2.359250,182817,0,0
127929,1000,0,4.014945,191010,0,0
128029,1001,1,4.010255,191110,0,0
128129,1002,2,4.057159,191210,0,0
128228,1003,3,4.061849,191310,0,0
128329,1004,4,4.136895,191410,0,0
128429,1005,5,4.014945,191510,0,0
128628,1006,6,4.061849,191710,0,0
128729,1007,7,4.113443,191810,0,0
128828,1008,8,4.061849,191910,0,0
128928,1009,9,4.104062,192010,0,0
129029,1010,10,4.066539,192110,0,0
129129,1011,11,4.043088,192210,0,0
129229,1012,12,4.136895,192310,0,0
129328,1013,13,4.080610,192410,0,0
129429,1014,14,4.089991,192510,0,0
129529,1015,15,4.089991,192610,0,0
129629,1016,16,4.094682,192710,0,0
129728,1017,17,4.104062,192810,0,0
129829,1018,18,4.075920,192910,0,0
129929,1019,19,4.104062,193010,0,0
130029,1020,20,4.146275,193110,0,0
130129,1021,21,4.155656,193210,0,0
130228,1022,22,4.108753,193310,0,0
130329,1023,23,4.136895,193410,0,0
130428,1024,24,4.080610,193510,0,0
130528,1025,25,4.099372,193610,0,0
130629,1026,26,4.043088,193710,0,0
130729,1027,27,3.986803,193810,0,0
130829,1028,28,4.033707,193910,0,0
130928,1029,29,3.996184,194010,0,0
131029,1030,30,4.010255,194110,0,0
131129,1031,31,4.029017,194210,0,0
131229,1032,32,4.038397,194310,0,0
131329,1033,33,3.939900,194410,0,0
131429,1034,34,3.991494,194510,0,0
131529,1035,35,4.038397,194610,0,0
131628,1035,35,3.996184,194710,0,0
131729,1036,36,4.033707,194810,0,0
131829,1037,37,4.000874,194910,0,0
131929,1038,38,4.000874,195010,0,0
132029,1039,39,3.944590,195110,0,0
132128,1040,40,3.972732,195210,0,0
132229,1041,41,3.930519,195310,0,0
132329,1042,42,3.968042,195410,0,0
132429,1043,43,4.000874,195510,0,0
132528,1044,44,3.921138,195610,0,0
132628,1045,45,3.986803,195710,0,0
132728,1046,46,3.986803,195810,0,0
132828,1047,47,3.991494,195910,0,0
132928,1048,48,4.014945,196010,0,0
133029,1049,49,3.972732,196110,0,0
133131,1050,50,3.991494,196210,0,0
133229,1051,51,4.005565,196310,0,0
133329,1052,52,3.930519,196410,0,0
133429,1053,53,3.991494,196510,0,0
133529,1054,54,4.010255,196610,0,0
133629,1055,55,4.005565,196710,0,0
133728,1056,56,4.000874,196810,0,0
133829,1057,57,4.066539,196910,0,0
133930,1058,58,4.000874,197010,0,0
134029,1059,59,4.024326,197110,0,0
134128,1060,60,3.991494,197210,0,0
134228,1061,61,4.033707,197310,0,0
134329,1062,62,3.996184,197410,0,0
134429,1063,63,4.113443,197510,0,0
134529,1064,64,3.996184,197610,0,0
134630,1065,65,4.019636,197710,0,0
134728,1066,66,3.982113,197810,0,0
134828,1067,67,4.033707,197910,0,0
134929,1068,68,3.977423,198010,0,0
135028,1069,69,4.024326,198110,0,0
135130,1070,70,3.982113,198210,0,0
135229,1071,71,3.996184,198310,0,0
135329,1072,72,4.000874,198410,0,0
135429,1073,73,3.963352,198510,0,0
135528,1074,74,4.024326,198610,0,0
135629,1075,75,3.953971,198710,0,0
135729,1076,76,4.005565,198810,0,0
135829,1077,77,4.005565,198910,0,0
135928,1078,78,4.033707,199010,0,0
136028,1079,79,4.029017,199110,0,0
136128,1080,80,4.024326,199210,0,0
136228,1081,81,4.061849,199310,0,0
136328,1082,82,3.958661,199410,0,0
136428,1083,83,3.982113,199510,0,0
136529,1084,84,4.061849,199610,0,0
136629,1085,85,4.043088,199710,0,0
136729,1086,86,3.986803,199810,0,0
136831,1087,87,4.005565,199910,0,0
136930,1088,88,4.024326,200010,0,0
137130,1089,89,4.033707,200210,0,0
137230,1090,90,4.033707,200310,0,0
137330,1091,91,4.010255,200410,0,0
137431,1092,92,4.057159,200510,0,0
137529,1093,93,4.000874,200610,0,0
137630,1094,94,4.057159,200710,0,0
137730,1095,95,4.019636,200810,0,0
137831,1096,96,3.977423,200910,0,0
137930,1097,97,3.953971,201010,0,0
138029,1098,98,4.019636,201110,0,0
138134,1099,99,4.033707,201210,0,0
138231,1100,100,4.052468,201310,0,0
138335,1101,101,4.029017,201410,0,0
138441,1102,102,4.038397,201510,0,0
138533,1103,103,4.066539,201610,0,0
138631,1104,104,3.972732,201710,0,0
138730,1105,105,3.986803,201810,0,0
138830,1105,105,3.996184,201910,0,0
138929,1106,106,3.977423,202010,0,0
139031,1107,107,3.935209,202110,0,0
139130,1108,108,3.921138,202210,0,0
139330,1109,109,4.000874,202410,0,0
139430,1110,110,3.968042,202510,0,0
139529,1111,111,4.038397,202610,0,0
139630,1112,112,4.057159,202710,0,0
139730,1113,113,4.075920,202810,0,0
139830,1114,114,4.099372,202910,0,0
139930,1115,115,4.005565,203010,0,0
140030,1116,116,4.061849,203110,0,0
140129,1117,117,4.010255,203210,0,0
140230,1118,118,4.094682,203310,0,0
140330,1119,119,4.019636,203410,0,0
140430,1120,120,4.010255,203510,0,0
140531,1121,121,3.907067,203610,0,0
140630,1122,122,3.977423,203710,0,0
140730,1123,123,3.883615,203810,0,0
140830,1124,124,3.982113,203910,0,0
140930,1125,125,3.982113,204010,0,0
141030,1126,126,3.916448,204110,0,0
141129,1127,127,3.949280,204210,0,0
141231,1128,128,3.991494,204310,0,0
141429,1129,129,3.916448,204510,0,0
141529,1130,130,3.911758,204610,0,0
141628,1131,131,3.925829,204710,0,0
141728,1132,132,3.953971,204810,0,0
141828,1133,133,4.029017,204910,0,0
141929,1134,134,3.986803,205010,0,0
142028,1134,134,4.005565,205110,0,0
142128,1135,135,3.972732,205210,0,0
142229,1136,136,3.977423,205310,0,0
142329,1137,137,3.925829,205410,0,0
142429,1138,138,3.916448,205510,0,0
142528,1139,139,3.897687,205610,0,0
142628,1140,140,4.000874,205710,0,0
142728,1141,141,4.024326,205810,0,0
142829,1142,142,3.986803,205910,0,0
142928,1143,143,3.972732,206011,0,0
143028,1144,144,3.935209,206111,0,0
143129,1145,145,3.977423,206211,0,0
143229,1146,146,4.029017,206311,0,0
143328,1147,147,3.897687,206411,0,0
143429,1148,148,3.925829,206511,0,0
143528,1149,149,3.953971,206611,0,0
143628,1150,150,3.977423,206711,0,0
143729,1151,151,3.817950,206811,0,0
143830,1152,152,3.874235,206911,0,0
143928,1153,153,3.939900,207011,0,0
144028,1154,154,3.916448,207111,0,0
144128,1155,155,3.897687,207211,0,0
144228,1156,156,3.841402,207311,0,0
144328,1157,157,4.000874,207411,0,0
144428,1158,158,3.935209,207511,0,0
144528,1159,159,3.958661,207611,0,0
144629,1160,160,3.963352,207711,0,0
144728,1161,161,3.982113,207811,0,0
144828,1162,162,4.029017,207911,0,0
144930,1163,163,3.944590,208011,0,0
145028,1164,164,3.982113,208111,0,0
145129,1165,165,3.958661,208211,0,0
145229,1166,166,3.860164,208311,0,0
145329,1167,167,3.972732,208411,0,0
145428,1168,168,3.958661,208511,0,0
145529,1169,169,3.902377,208611,0,0
145629,1170,170,3.944590,208711,0,0
145728,1171,171,3.972732,208811,0,0
145830,1172,172,3.986803,208911,0,0
145928,1173,173,3.902377,209011,0,0
146028,1174,174,3.878925,209111,0,0
146128,1175,175,3.935209,209211,0,0
146228,1176,176,3.963352,209311,0,0
146328,1177,177,4.000874,209411,0,0
146428,1178,178,3.991494,209511,0,0
146529,1179,179,3.996184,209611,0,0
146628,1180,180,4.019636,209711,0,0
146729,1181,181,4.071230,209811,0,0
146828,1182,182,4.014945,209911,0,0
146928,1183,183,4.010255,210011,0,0
147029,1184,184,4.033707,210111,0,0
147128,1185,185,3.986803,210211,0,0
147229,1186,186,4.024326,210311,0,0
147329,1187,187,4.033707,210411,0,0
147429,1188,188,3.963352,210511,0,0
147528,1189,189,3.977423,210611,0,0
147628,1190,190,3.953971,210711,0,0
147728,1191,191,3.907067,210811,0,0
147828,1192,192,3.911758,210911,0,0
148029,1193,193,3.958661,211111,0,0
148129,1194,194,4.000874,211211,0,0
148228,1195,195,3.986803,211311,0,0
148329,1196,196,4.033707,211411,0,0
148428,1197,197,3.930519,211511,0,0
148528,1198,198,3.939900,211611,0,0
148628,1199,199,4.038397,211711,0,0
148728,1200,200,3.958661,211811,0,0
148928,1201,201,3.911758,212011,0,0
149028,1202,202,3.907067,212111,0,0
149128,1203,203,3.949280,212211,0,0
149229,1204,204,3.972732,212311,0,0
149328,1205,205,3.977423,212411,0,0
149429,1206,206,3.963352,212511,0,0
149528,1207,207,3.949280,212611,0,0
149629,1208,208,3.878925,212711,0,0
149728,1209,209,3.939900,212811,0,0
149830,1210,210,3.907067,212911,0,0
149928,1211,211,3.930519,213011,0,0
150028,1212,212,3.939900,213111,0,0
150129,1213,213,3.949280,213211,0,0
150229,1214,214,3.977423,213311,0,0
150428,1214,214,3.892996,213511,0,0
150529,1215,215,3.958661,213611,0,0
150628,1216,216,4.014945,213711,0,0
150728,1217,217,3.963352,213811,0,0
150828,1218,218,3.977423,213911,0,0
150928,1219,219,3.939900,214011,0,0
151029,1220,220,3.963352,214111,0,0
151229,1221,221,4.000874,214311,0,0
151329,1222,222,4.014945,214411,0,0
151428,1223,223,3.996184,214511,0,0
151528,1224,224,3.977423,214611,0,0
151631,1225,225,3.986803,214711,0,0
151729,1226,226,3.972732,214811,0,0
151929,1226,226,3.958661,215011,0,0
152028,1227,227,4.010255,215111,0,0
152128,1228,228,4.033707,215211,0,0
152328,1229,229,4.047778,215411,0,0
152428,1230,230,4.014945,215511,0,0
152528,1231,231,3.996184,215611,0,0
152628,1232,232,4.029017,215711,0,0
152728,1233,233,3.982113,215811,0,0
152829,1234,234,3.963352,215911,0,0
152928,1235,235,3.911758,216011,0,0
153028,1236,236,3.977423,216111,0,0
153128,1237,237,3.953971,216211,0,0
153229,1238,238,3.996184,216311,0,0
153328,1239,239,4.005565,216411,0,0
153428,1240,240,3.982113,216511,0,0
153528,1241,241,4.005565,216611,0,0
153628,1242,242,4.057159,216711,0,0
153728,1243,243,4.094682,216811,0,0
153828,1244,244,4.061849,216911,0,0
153928,1245,245,4.047778,217011,0,0
154028,1246,246,4.005565,217111,0,0
154128,1247,247,3.996184,217211,0,0
154229,1248,248,4.066539,217311,0,0
154328,1249,249,4.099372,217411,0,0
154428,1250,250,4.033707,217511,0,0
154529,1251,251,3.921138,217611,0,0
154652,1252,252,4.014945,217711,0,0
154859,1253,253,4.033707,217911,0,0
154961,1254,254,4.057159,218011,0,0
155051,1255,255,4.075920,218111,0,0
155161,1256,256,4.118133,218211,0,0
155251,1257,257,4.099372,218311,0,0
155349,1258,258,4.136895,218411,0,0
155441,1259,259,4.108753,218511,0,0
155531,1260,260,4.052468,218611,0,0
155669,1261,261,4.066539,218711,0,0
155732,1262,262,4.085301,218811,0,0
155860,1263,263,4.029017,218911,0,0
155958,1264,264,4.080610,219011,0,0
156041,1265,265,4.014945,219111,0,0
156161,1266,266,4.061849,219211,0,0
156261,1267,267,4.075920,219311,0,0
156362,1268,268,4.038397,219411,0,0
156433,1269,269,4.043088,219511,0,0
156531,1270,270,4.075920,219611,0,0
156628,1271,271,4.010255,219711,0,0
156729,1272,272,3.996184,219811,0,0
156829,1273,273,3.925829,219911,0,0
156929,1274,274,4.010255,220011,0,0
157029,1275,275,4.024326,220111,0,0
157128,1276,276,4.029017,220211,0,0
157228,1277,277,4.000874,220311,0,0
157328,1278,278,3.986803,220411,0,0
157429,1279,279,3.949280,220511,0,0
157528,1280,280,4.043088,220611,0,0
157629,1281,281,3.953971,220711,0,0
157728,1282,282,3.968042,220811,0,0
157830,1283,283,3.953971,220911,0,0
157928,1284,284,3.939900,221011,0,0
158028,1285,285,3.878925,221111,0,0
158128,1286,286,4.014945,221211,0,0
158228,1286,286,3.949280,221311,0,0
158328,1287,287,3.916448,221411,0,0
158428,1288,288,3.968042,221511,0,0
158530,1289,289,4.010255,221611,0,0
158734,1290,290,3.968042,221811,0,0
158843,1291,291,3.883615,221911,0,0
159042,1292,292,3.883615,222111,0,0
159141,1293,293,3.864854,222211,0,0
159248,1294,294,3.860164,222311,0,0
159352,1295,295,3.925829,222411,0,0
159440,1296,296,3.892996,222511,0,0
159540,1297,297,3.921138,222611,0,0
159641,1298,298,3.949280,222711,0,0
159752,1299,299,3.902377,222811,0,0
159840,1300,300,3.963352,222911,0,0
159941,1301,301,3.925829,223011,0,0
160042,1302,302,3.921138,223111,0,0
160132,1303,303,3.953971,223211,0,0
160242,1304,304,3.916448,223311,0,0
160342,1305,305,3.935209,223411,0,0
160441,1306,306,3.977423,223511,0,0
160533,1307,307,3.888306,223611,0,0
160642,1308,308,3.921138,223711,0,0
160733,1309,309,3.921138,223811,0,0
160843,1310,310,3.935209,223911,0,0
160944,1311,311,4.000874,224011,0,0
161033,1312,312,4.010255,224111,0,0
161132,1313,313,4.014945,224211,0,0
161241,1314,314,4.071230,224311,0,0
161341,1315,315,3.935209,224411,0,0
161452,1316,316,3.982113,224511,0,0
161532,1317,317,4.047778,224611,0,0
161632,1318,318,4.033707,224711,0,0
161741,1319,319,3.939900,224811,0,0
161842,1320,320,3.949280,224911,0,0
161933,1321,321,4.033707,225011,0,0
162031,1322,322,4.033707,225111,0,0
162149,1323,323,4.014945,225211,0,0
162242,1324,324,4.033707,225311,0,0
162341,1325,325,4.033707,225411,0,0
162432,1326,326,3.949280,225511,0,0
162542,1327,327,3.977423,225611,0,0
162632,1328,328,4.005565,225711,0,0
162743,1329,329,3.982113,225811,0,0
162841,1330,330,4.033707,225911,0,0
162933,1331,331,4.033707,226011,0,0
163042,1332,332,4.052468,226111,0,0
163141,1333,333,3.949280,226211,0,0
163252,1334,334,3.939900,226311,0,0
163344,1335,335,3.925829,226411,0,0
163443,1336,336,3.953971,226511,0,0
163533,1337,337,4.010255,226611,0,0
163641,1338,338,3.982113,226711,0,0
163742,1339,339,3.986803,226811,0,0
163842,1340,340,3.785118,226911,0,0
163932,1341,341,3.869544,227011,0,0
164040,1342,342,4.010255,227111,0,0
164140,1343,343,3.939900,227211,0,0
164240,1344,344,3.832022,227311,0,0
164342,1345,345,4.000874,227411,0,0
164453,1346,346,4.047778,227511,0,0
164542,1347,347,3.939900,227611,0,0
164633,1348,348,3.930519,227711,0,0
164742,1349,349,3.892996,227811,0,0
164840,1350,350,3.935209,227911,0,0
164942,1351,351,3.897687,228011,0,0
165143,1351,351,3.968042,228211,0,0
165243,1352,352,3.949280,228311,0,0
165332,1353,353,3.916448,228411,0,0
165451,1354,354,3.888306,228511,0,0
165532,1355,355,3.916448,228611,0,0
165651,1356,356,3.939900,228711,0,0
165742,1357,357,3.958661,228811,0,0
165832,1358,358,3.892996,228911,0,0
165941,1359,359,3.897687,229011,0,0
166042,1360,360,3.916448,229111,0,0
166136,1361,361,3.907067,229211,0,0
166342,1362,362,3.935209,229411,0,0
166533,1363,363,3.953971,229611,0,0
166640,1364,364,3.963352,229711,0,0
166735,1365,365,4.005565,229811,0,0
166833,1366,366,3.944590,229911,0,0
166951,1367,367,3.916448,230011,0,0
167043,1368,368,3.953971,230111,0,0
167140,1369,369,3.953971,230211,0,0
167241,1370,370,3.897687,230311,0,0
167343,1371,371,3.949280,230411,0,0
167444,1372,372,3.944590,230511,0,0
167553,1373,373,3.953971,230611,0,0
167651,1374,374,3.892996,230711,0,0
167731,1375,375,3.789808,230811,0,0
167843,1376,376,3.921138,230911,0,0
168053,1377,377,3.822641,231111,0,0
168161,1377,377,3.855473,231211,0,0
168231,1378,378,3.996184,231311,0,0
168333,1379,379,4.047778,231411,0,0
168543,1380,380,3.841402,231611,0,0
168733,1381,381,3.977423,231811,0,0
168852,1382,382,3.864854,231911,0,0
168942,1383,383,3.808570,232012,0,0
169041,1384,384,3.817950,232112,0,0
169142,1385,385,3.902377,232212,0,0
169240,1386,386,3.883615,232312,0,0
169332,1387,387,3.907067,232412,0,0
169453,1388,388,3.911758,232512,0,0
169562,1389,389,3.869544,232612,0,0
169732,1390,390,3.888306,232812,0,0
169852,1391,391,3.892996,232912,0,0
169952,1392,392,3.986803,233012,0,0
170041,1393,393,3.949280,233112,0,0
170152,1394,394,4.005565,233212,0,0
170242,1395,395,3.968042,233312,0,0
170341,1396,396,3.841402,233412,0,0
170433,1397,397,3.827331,233512,0,0
170543,1398,398,3.836712,233612,0,0
170740,1399,399,3.930519,233812,0,0
170832,1400,400,3.883615,233912,0,0
170940,1401,401,3.907067,234012,0,0
171032,1402,402,3.827331,234112,0,0
171142,1403,403,3.836712,234212,0,0
171242,1404,404,3.953971,234312,0,0
171351,1405,405,4.029017,234412,0,0
171443,1406,406,4.052468,234512,0,0
171534,1407,407,3.977423,234612,0,0
171632,1408,408,3.977423,234712,0,0
171833,1409,409,3.817950,234912,0,0
171931,1410,410,4.005565,235012,0,0
172040,1411,411,3.953971,235112,0,0
172141,1412,412,3.869544,235212,0,0
172242,1413,413,3.832022,235312,0,0
172334,1414,414,4.029017,235412,0,0
172443,1415,415,3.939900,235512,0,0
172542,1416,416,3.939900,235612,0,0
172634,1416,416,3.925829,235712,0,0
172753,1417,417,3.935209,235812,0,0
172842,1418,418,3.939900,235912,0,0
172943,1419,419,3.935209,236012,0,0
173032,1420,420,3.944590,236112,0,0
173142,1421,421,3.850783,236212,0,0
173234,1422,422,3.916448,236312,0,0
173332,1423,423,3.822641,236412,0,0
173543,1424,424,3.888306,236612,0,0
173653,1425,425,3.982113,236712,0,0
173735,1426,426,3.982113,236812,0,0
173852,1427,427,3.902377,236912,0,0
173943,1428,428,3.780428,237012,0,0
174041,1429,429,3.925829,237112,0,0
174132,1430,430,3.892996,237212,0,0
174241,1431,431,3.902377,237312,0,0
174342,1432,432,3.935209,237412,0,0
174541,1433,433,3.874235,237612,0,0
174632,1434,434,3.902377,237712,0,0
174735,1435,435,3.921138,237812,0,0
174834,1436,436,3.897687,237912,0,0
174941,1437,437,3.892996,238012,0,0
175041,1438,438,3.864854,238112,0,0
175142,1439,439,3.897687,238212,0,0
175242,1440,440,3.944590,238312,0,0
175332,1441,441,3.911758,238412,0,0
175441,1442,442,3.911758,238512,0,0
175532,1443,443,3.850783,238612,0,0
175633,1444,444,4.000874,238712,0,0
175741,1445,445,3.949280,238812,0,0
175853,1446,446,3.963352,238912,0,0
175932,1447,447,3.841402,239012,0,0
176030,1448,448,3.921138,239112,0,0
176127,1449,449,3.921138,239212,0,0
176227,1450,450,3.888306,239312,0,0
176327,1451,451,3.888306,239412,0,0
176430,1452,452,3.846093,239512,0,0
176528,1453,453,3.897687,239612,0,0
176642,1454,454,3.855473,239712,0,0
176743,1455,455,3.780428,239812,0,0
176853,1456,456,3.958661,239912,0,0
176932,1457,457,3.803879,240012,0,0
177042,1458,458,3.972732,240112,0,0
177132,1459,459,3.897687,240212,0,0
177242,1460,460,3.892996,240312,0,0
177349,1461,461,3.911758,240412,0,0
177432,1462,462,3.944590,240512,0,0
177541,1463,463,3.939900,240612,0,0
177652,1464,464,3.752285,240712,0,0
177753,1465,465,3.813260,240812,0,0
177943,1466,466,3.977423,241012,0,0
178043,1467,467,4.038397,241112,0,0
178133,1468,468,3.944590,241212,0,0
178232,1469,469,3.916448,241312,0,0
178352,1470,470,3.874235,241412,0,0
178442,1471,471,4.080610,241512,0,0
178541,1472,472,3.907067,241612,0,0
178640,1473,473,3.874235,241712,0,0
178740,1474,474,3.888306,241812,0,0
178842,1475,475,3.953971,241912,0,0
178943,1476,476,3.897687,242012,0,0
179043,1477,477,3.869544,242112,0,0
179152,1478,478,3.756976,242212,0,0
179251,1479,479,3.963352,242312,0,0
179341,1480,480,3.925829,242412,0,0
179432,1481,481,3.982113,242512,0,0
179541,1482,482,4.061849,242612,0,0
179642,1483,483,3.907067,242712,0,0
179731,1484,484,3.832022,242812,0,0
179841,1485,485,3.935209,242912,0,0
179943,1486,486,3.991494,243012,0,0
180031,1487,487,3.897687,243112,0,0
180142,1487,487,3.836712,243212,0,0
180242,1488,488,4.075920,243312,0,0
180333,1489,489,3.841402,243412,0,0
180432,1490,490,3.916448,243512,0,0
180541,1491,491,3.986803,243612,0,0
180643,1492,492,3.958661,243712,0,0
180732,1493,493,4.043088,243812,0,0
180833,1494,494,3.930519,243912,0,0
180944,1495,495,3.874235,244012,0,0
181028,1496,496,3.874235,244112,0,0
181127,1497,497,4.071230,244212,0,0
181228,1498,498,3.939900,244312,0,0
181328,1499,499,3.850783,244412,0,0
