7695,0,0,2.434295,60671,0,0
7787,1,1,2.223229,60771,0,0
7886,2,2,2.471818,60871,0,0
7986,3,3,2.373321,60971,0,0
8087,4,4,2.476508,61071,0,0
8186,5,5,2.345178,61171,0,0
8287,6,6,2.467128,61271,0,0
8387,7,7,2.410843,61371,0,0
8487,8,8,2.476508,61471,0,0
8587,9,9,2.279513,61571,0,0
8686,10,10,2.546864,61671,0,0
8788,11,11,2.331107,61771,0,0
8894,12,12,2.476508,61871,0,0
8988,13,13,2.345178,61971,0,0
9087,14,14,2.546864,62071,0,0
9187,15,15,2.429605,62171,0,0
9287,16,16,2.448366,62271,0,0
9386,17,17,2.570316,62371,0,0
9486,18,18,2.392082,62471,0,0
9589,19,19,2.429605,62571,0,0
9689,20,20,2.509341,62671,0,0
9787,21,21,2.495270,62771,0,0
9887,22,22,2.401463,62871,0,0
9989,23,23,2.420224,62971,0,0
10087,24,24,2.406153,63071,0,0
10188,25,25,2.635981,63171,0,0
10388,26,26,2.589077,63371,0,0
10488,27,27,2.532793,63471,0,0
10586,28,28,2.349869,63571,0,0
10687,29,29,2.471818,63671,0,0
10787,30,30,2.575006,63771,0,0
10888,31,31,2.462437,63871,0,0
11086,32,32,2.584387,64071,0,0
11187,33,33,2.340488,64171,0,0
11287,34,34,2.584387,64271,0,0
11387,35,35,2.321727,64371,0,0
11488,36,36,2.462437,64471,0,0
11588,37,37,2.476508,64571,0,0
11687,38,38,2.363940,64671,0,0
11788,39,39,2.481199,64771,0,0
11888,40,40,2.354559,64871,0,0
11987,41,41,2.401463,64971,0,0
12087,42,42,2.392082,65071,0,0
12188,43,43,2.340488,65171,0,0
12287,44,44,2.490579,65271,0,0
12387,45,45,2.307656,65371,0,0
12487,46,46,2.476508,65471,0,0
12587,47,47,2.237300,65571,0,0
12689,48,48,2.514031,65671,0,0
12787,49,49,2.415534,65771,0,0
12887,50,50,2.438986,65871,0,0
12987,51,51,2.410843,65971,0,0
13087,52,52,2.279513,66071,0,0
13187,53,53,2.514031,66171,0,0
13287,54,54,2.528102,66271,0,0
13387,55,55,2.321727,66371,0,0
13487,56,56,2.523412,66471,0,0
13587,57,57,2.495270,66571,0,0
13689,58,58,2.438986,66671,0,0
13787,59,59,2.546864,66771,0,0
13887,60,60,2.373321,66871,0,0
13982,61,61,2.556244,66971,0,0
14081,62,62,2.340488,67071,0,0
14181,63,63,2.495270,67171,0,0
14282,64,64,2.438986,67271,0,0
14382,65,65,2.476508,67371,0,0
14488,66,66,2.462437,67471,0,0
14588,67,67,2.453057,67571,0,0
14688,68,68,2.523412,67671,0,0
14787,69,69,2.467128,67771,0,0
14887,70,70,2.607838,67871,0,0
14987,71,71,2.434295,67971,0,0
15087,72,72,2.504651,68071,0,0
15188,73,73,2.617219,68171,0,0
15286,74,74,2.438986,68271,0,0
15387,75,75,2.401463,68371,0,0
15487,76,76,2.457747,68471,0,0
15588,77,77,2.575006,68571,0,0
15694,78,78,2.453057,68671,0,0
15787,79,79,2.453057,68771,0,0
15888,80,80,2.556244,68871,0,0
15988,81,81,2.429605,68971,0,0
16087,82,82,2.368630,69071,0,0
16194,83,83,2.495270,69171,0,0
16286,84,84,2.617219,69271,0,0
16387,85,85,2.453057,69371,0,0
16487,86,86,2.368630,69471,0,0
16687,87,87,2.485889,69671,0,0
16788,88,88,2.434295,69771,0,0
16887,89,89,2.331107,69871,0,0
16986,90,90,2.514031,69971,0,0
17089,91,91,2.396772,70071,0,0
17187,92,92,2.363940,70171,0,0
17287,93,93,2.424915,70271,0,0
17388,94,94,2.401463,70371,0,0
17487,95,95,2.279513,70471,0,0
17589,96,96,2.349869,70571,0,0
17686,97,97,2.424915,70671,0,0
17787,98,98,2.293585,70771,0,0
17887,99,99,2.410843,70871,0,0
17988,100,100,2.349869,70971,0,0
18088,101,101,2.298275,71071,0,0
18188,102,102,2.335798,71171,0,0
18288,103,103,2.288894,71271,0,0
18388,104,104,2.443676,71371,0,0
18487,105,105,2.434295,71471,0,0
18594,106,106,2.354559,71571,0,0
18695,107,107,2.331107,71671,0,0
18787,108,108,2.378011,71771,0,0
18888,109,109,2.448366,71871,0,0
18987,110,110,2.481199,71971,0,0
19085,111,111,2.312346,72071,0,0
19194,112,112,2.359250,72171,0,0
19288,113,113,2.368630,72271,0,0
19395,114,114,2.317036,72371,0,0
19488,115,115,2.302965,72471,0,0
19586,116,116,2.260752,72571,0,0
19688,117,117,2.312346,72671,0,0
19787,118,118,2.392082,72771,0,0
19893,119,119,2.518722,72871,0,0
19995,120,120,2.406153,72971,0,0
20087,121,121,2.260752,73071,0,0
20187,122,122,2.467128,73171,0,0
20286,123,123,2.457747,73271,0,0
20388,124,124,2.321727,73372,0,0
20595,125,125,2.415534,73572,0,0
20694,126,126,2.476508,73672,0,0
20787,127,127,2.523412,73772,0,0
20888,128,128,2.415534,73872,0,0
20987,129,129,2.251371,73972,0,0
21087,130,130,2.382701,74072,0,0
21188,131,131,2.509341,74172,0,0
21388,132,132,2.467128,74372,0,0
21494,133,133,2.307656,74472,0,0
21588,134,134,2.429605,74572,0,0
21688,135,135,2.495270,74672,0,0
21795,136,136,2.312346,74772,0,0
21887,137,137,2.373321,74872,0,0
21995,138,138,2.293585,74972,0,0
22088,139,139,2.453057,75072,0,0
22196,140,140,2.401463,75172,0,0
22295,141,141,2.396772,75272,0,0
22395,142,142,2.368630,75372,0,0
22495,143,143,2.382701,75472,0,0
22595,144,144,2.438986,75572,0,0
22695,145,145,2.410843,75672,0,0
22787,146,146,2.363940,75772,0,0
22888,147,147,2.321727,75872,0,0
22995,148,148,2.354559,75972,0,0
23095,149,149,2.307656,76072,0,0
23195,150,150,2.420224,76172,0,0
23288,151,151,2.434295,76272,0,0
23486,152,152,2.378011,76472,0,0
23588,153,153,2.443676,76572,0,0
23787,154,154,2.490579,76772,0,0
23895,155,155,2.345178,76872,0,0
23987,156,156,2.406153,76972,0,0
24087,157,157,2.363940,77072,0,0
24188,158,158,2.321727,77172,0,0
24395,159,159,2.382701,77372,0,0
24487,160,160,2.406153,77472,0,0
24588,161,161,2.523412,77572,0,0
24695,162,162,2.317036,77672,0,0
24788,163,163,2.326417,77772,0,0
24895,164,164,2.434295,77872,0,0
24988,165,165,2.279513,77972,0,0
25096,166,166,2.410843,78072,0,0
25188,167,167,2.396772,78172,0,0
25287,168,168,2.570316,78272,0,0
25395,169,169,2.378011,78372,0,0
25496,170,170,2.476508,78472,0,0
25596,171,171,2.462437,78572,0,0
25687,172,172,2.420224,78672,0,0
25795,173,173,2.382701,78772,0,0
25887,174,174,2.312346,78872,0,0
25988,175,175,2.307656,78972,0,0
26096,176,176,2.429605,79072,0,0
26187,177,177,2.476508,79172,0,0
26296,178,178,2.345178,79272,0,0
26387,179,179,2.298275,79372,0,0
26488,180,180,2.307656,79472,0,0
26588,181,181,2.396772,79572,0,0
26788,182,182,2.448366,79772,0,0
26887,183,183,2.528102,79872,0,0
26995,184,184,2.471818,79972,0,0
27095,185,185,2.471818,80072,0,0
27188,186,186,2.317036,80172,0,0
27300,187,187,2.368630,80272,0,0
27383,188,188,2.335798,80372,0,0
27597,189,189,2.302965,80572,0,0
27716,190,190,2.378011,80672,0,0
27804,191,191,2.359250,80772,0,0
27904,192,192,2.420224,80872,0,0
27997,193,193,2.438986,80972,0,0
28106,194,194,2.401463,81072,0,0
28206,195,195,2.382701,81172,0,0
28305,196,196,2.382701,81272,0,0
28395,197,197,2.288894,81372,0,0
28496,198,198,2.345178,81472,0,0
28602,199,199,2.293585,81572,0,0
28695,200,200,2.368630,81672,0,0
28805,201,201,2.312346,81772,0,0
28905,202,202,2.279513,81872,0,0
28995,203,203,2.340488,81972,0,0
29094,204,204,2.406153,82072,0,0
29196,205,205,2.349869,82172,0,0
29295,206,206,2.387392,82272,0,0
29395,207,207,2.373321,82372,0,0
29496,208,208,2.331107,82472,0,0
29605,209,209,2.368630,82572,0,0
29696,210,210,2.396772,82672,0,0
29804,211,211,2.476508,82772,0,0
29894,212,212,2.429605,82872,0,0
29996,213,213,2.420224,82972,0,0
30096,214,214,2.265442,83072,0,0
30192,215,215,2.382701,83172,0,0
30297,216,216,2.317036,83272,0,0
30396,217,217,2.331107,83372,0,0
30495,218,218,2.331107,83472,0,0
30595,219,219,2.532793,83572,0,0
30702,220,220,2.457747,83672,0,0
30887,221,221,2.443676,83872,0,0
30985,222,222,2.532793,83972,0,0
31103,223,223,2.504651,84072,0,0
31183,224,224,2.204468,84172,0,0
31288,225,225,2.382701,84272,0,0
31389,226,226,2.490579,84372,0,0
31487,227,227,2.514031,84472,0,0
31586,228,228,2.462437,84572,0,0
31688,229,229,2.340488,84672,0,0
31788,230,230,2.537483,84772,0,0
31887,231,231,2.424915,84872,0,0
31987,232,232,2.429605,84972,0,0
32087,233,233,2.523412,85072,0,0
32187,234,234,2.335798,85172,0,0
32284,235,235,2.434295,85272,0,0
32385,236,236,2.485889,85372,0,0
32482,236,236,2.331107,85472,0,0
32581,237,237,2.368630,85572,0,0
32681,238,238,2.518722,85672,0,0
32782,239,239,2.415534,85772,0,0
32881,240,240,2.509341,85872,0,0
32981,241,241,2.396772,85972,0,0
33083,242,242,2.288894,86072,0,0
33193,243,243,2.406153,86172,0,0
33286,244,244,2.406153,86272,0,0
33395,245,245,2.415534,86372,0,0
33487,246,246,2.317036,86472,0,0
33594,247,247,2.467128,86572,0,0
33687,248,248,2.345178,86672,0,0
33795,249,249,2.335798,86772,0,0
33888,250,250,2.378011,86872,0,0
33988,251,251,2.471818,86972,0,0
34095,252,252,2.401463,87072,0,0
34197,253,253,2.270133,87172,0,0
34295,254,254,2.420224,87272,0,0
34395,255,255,2.434295,87372,0,0
34486,256,256,2.349869,87472,0,0
34594,257,257,2.499960,87572,0,0
34695,258,258,2.471818,87672,0,0
34787,259,259,2.504651,87772,0,0
34895,260,260,2.462437,87872,0,0
34986,261,261,2.448366,87972,0,0
35094,262,262,2.453057,88072,0,0
35187,263,263,2.401463,88172,0,0
35294,264,264,2.420224,88272,0,0
35386,265,265,2.345178,88372,0,0
35487,266,266,2.457747,88472,0,0
35587,267,267,2.396772,88572,0,0
35688,268,268,2.401463,88672,0,0
35786,269,269,2.373321,88772,0,0
35895,270,270,2.424915,88872,0,0
35987,271,271,2.420224,88972,0,0
36095,272,272,2.382701,89072,0,0
36187,273,273,2.438986,89172,0,0
36287,274,274,2.457747,89272,0,0
36387,275,275,2.476508,89372,0,0
36494,276,276,2.424915,89472,0,0
36594,277,277,2.354559,89572,0,0
36687,277,277,2.410843,89672,0,0
36794,278,278,2.499960,89772,0,0
36895,279,279,2.551554,89872,0,0
36994,280,280,2.518722,89972,0,0
37087,281,281,2.363940,90072,0,0
37187,282,282,2.382701,90172,0,0
37285,283,283,2.532793,90272,0,0
37387,284,284,2.575006,90372,0,0
37488,285,285,2.345178,90472,0,0
37586,286,286,2.509341,90572,0,0
37684,287,287,2.528102,90672,0,0
37785,288,288,2.495270,90772,0,0
37885,289,289,2.499960,90872,0,0
37995,290,290,2.453057,90972,0,0
38083,291,291,2.462437,91072,0,0
38183,292,292,2.575006,91172,0,0
38283,293,293,2.429605,91272,0,0
38383,294,294,2.438986,91372,0,0
38685,295,295,2.448366,91672,0,0
38786,296,296,2.232610,91772,0,0
38886,297,297,2.490579,91872,0,0
38984,298,298,2.415534,91972,0,0
39082,299,299,2.514031,92072,0,0
39182,300,300,2.401463,92172,0,0
39282,301,301,2.410843,92272,0,0
39387,302,302,2.471818,92372,0,0
39487,303,303,2.382701,92472,0,0
39588,304,304,2.453057,92572,0,0
39686,305,305,2.551554,92672,0,0
39786,306,306,2.504651,92772,0,0
39886,307,307,2.424915,92872,0,0
39986,308,308,2.499960,92972,0,0
40086,309,309,2.326417,93072,0,0
40186,310,310,2.589077,93172,0,0
40287,311,311,2.471818,93272,0,0
40385,312,312,2.537483,93372,0,0
40486,313,313,2.424915,93472,0,0
40587,314,314,2.551554,93572,0,0
40786,315,315,2.532793,93772,0,0
40886,316,316,2.401463,93872,0,0
40987,317,317,2.546864,93972,0,0
41087,318,318,2.321727,94072,0,0
41181,319,319,2.485889,94172,0,0
41281,320,320,2.518722,94272,0,0
41481,321,321,2.542173,94472,0,0
41581,322,322,2.359250,94572,0,0
41681,323,323,2.378011,94672,0,0
41781,324,324,2.471818,94772,0,0
41881,325,325,2.345178,94872,0,0
41981,326,326,2.406153,94972,0,0
42081,327,327,2.256062,95072,0,0
42181,328,328,2.392082,95172,0,0
42281,329,329,2.457747,95272,0,0
42381,330,330,2.213848,95372,0,0
42481,331,331,2.523412,95472,0,0
42581,332,332,2.373321,95572,0,0
42681,333,333,2.387392,95672,0,0
42781,334,334,2.434295,95772,0,0
42881,335,335,2.354559,95872,0,0
42981,336,336,2.293585,95972,0,0
43081,337,337,2.331107,96072,0,0
43182,338,338,2.331107,96172,0,0
43281,339,339,2.467128,96272,0,0
43381,340,340,2.387392,96372,0,0
43481,341,341,2.293585,96472,0,0
43581,342,342,2.368630,96572,0,0
43681,343,343,2.443676,96672,0,0
43781,344,344,2.354559,96772,0,0
43881,345,345,2.237300,96872,0,0
43981,346,346,2.382701,96972,0,0
44081,347,347,2.256062,97072,0,0
44181,348,348,2.378011,97172,0,0
44281,349,349,2.312346,97272,0,0
44381,350,350,2.448366,97372,0,0
44482,351,351,2.368630,97472,0,0
44581,352,352,2.312346,97572,0,0
44681,353,353,2.420224,97672,0,0
44781,354,354,2.218539,97772,0,0
44881,355,355,2.373321,97872,0,0
44981,356,356,2.420224,97972,0,0
45081,357,357,2.392082,98072,0,0
45181,358,358,2.363940,98172,0,0
45381,359,359,2.363940,98372,0,0
45481,360,360,2.363940,98472,0,0
45581,361,361,2.453057,98572,0,0
45681,362,362,2.438986,98672,0,0
45781,363,363,2.354559,98772,0,0
45881,364,364,2.476508,98872,0,0
46081,365,365,2.340488,99072,0,0
46182,366,366,2.396772,99172,0,0
46281,367,367,2.382701,99272,0,0
46381,368,368,2.438986,99372,0,0
46481,369,369,2.387392,99472,0,0
46581,370,370,2.312346,99572,0,0
46681,371,371,2.410843,99672,0,0
46781,372,372,2.438986,99772,0,0
46881,373,373,2.401463,99872,0,0
46982,374,374,2.312346,99972,0,0
47081,375,375,2.232610,100072,0,0
47182,376,376,2.331107,100172,0,0
47281,377,377,2.401463,100272,0,0
47381,378,378,2.382701,100372,0,0
47481,379,379,2.345178,100472,0,0
47581,380,380,2.195087,100573,0,0
47681,381,381,2.227920,100673,0,0
47781,382,382,2.270133,100773,0,0
47881,383,383,2.359250,100873,0,0
47981,384,384,2.471818,100973,0,0
48181,385,385,2.345178,101173,0,0
48281,386,386,2.345178,101273,0,0
48381,387,387,2.467128,101373,0,0
48481,388,388,2.556244,101473,0,0
48581,389,389,2.307656,101573,0,0
48681,390,390,2.476508,101673,0,0
48781,391,391,2.326417,101773,0,0
48881,392,392,2.293585,101873,0,0
48981,393,393,2.298275,101973,0,0
49081,394,394,2.359250,102073,0,0
49181,395,395,2.326417,102173,0,0
49381,396,396,2.368630,102373,0,0
49481,397,397,2.349869,102473,0,0
49581,398,398,2.340488,102573,0,0
49681,399,399,2.462437,102673,0,0
49781,400,400,2.392082,102773,0,0
49881,401,401,2.387392,102873,0,0
49981,402,402,2.274823,102973,0,0
50081,403,403,2.396772,103073,0,0
50181,404,404,2.288894,103173,0,0
50281,405,405,2.401463,103273,0,0
50381,406,406,2.223229,103373,0,0
50481,407,407,2.143493,103473,0,0
50581,408,408,2.260752,103573,0,0
50681,409,409,2.363940,103673,0,0
50781,410,410,2.345178,103773,0,0
50881,411,411,2.270133,103873,0,0
50981,412,412,2.321727,103973,0,0
51081,413,413,2.293585,104073,0,0
51181,414,414,2.284204,104173,0,0
51281,415,415,2.331107,104273,0,0
51381,416,416,2.298275,104373,0,0
51481,417,417,2.213848,104473,0,0
51581,418,418,2.317036,104573,0,0
51681,419,419,2.199777,104673,0,0
51781,420,420,2.387392,104773,0,0
51881,421,421,2.298275,104873,0,0
51981,422,422,2.293585,104973,0,0
52081,423,423,2.204468,105073,0,0
52181,424,424,2.288894,105173,0,0
52281,425,425,2.317036,105273,0,0
52381,426,426,2.260752,105373,0,0
52481,427,427,2.368630,105473,0,0
52581,428,428,2.223229,105573,0,0
52681,429,429,2.485889,105673,0,0
52781,430,430,2.406153,105773,0,0
52881,431,431,2.354559,105873,0,0
52981,432,432,2.223229,105973,0,0
53081,433,433,2.284204,106073,0,0
53281,434,434,2.448366,106273,0,0
53481,435,435,2.363940,106473,0,0
53581,436,436,2.345178,106573,0,0
53681,437,437,2.288894,106673,0,0
53781,438,438,2.293585,106773,0,0
53981,439,439,2.326417,106973,0,0
54081,440,440,2.368630,107073,0,0
54181,441,441,2.410843,107173,0,0
54281,442,442,2.213848,107273,0,0
54381,443,443,2.317036,107373,0,0
54481,444,444,2.223229,107473,0,0
54581,445,445,2.335798,107573,0,0
54681,446,446,2.382701,107673,0,0
54781,447,447,2.448366,107773,0,0
54881,448,448,2.331107,107873,0,0
54981,449,449,2.349869,107973,0,0
55081,450,450,2.438986,108073,0,0
55181,451,451,2.471818,108173,0,0
55281,452,452,2.349869,108273,0,0
55381,453,453,2.396772,108373,0,0
55481,454,454,2.354559,108473,0,0
55581,455,455,2.326417,108573,0,0
55681,456,456,2.420224,108673,0,0
55781,457,457,2.368630,108773,0,0
55881,458,458,2.406153,108873,0,0
55981,459,459,2.406153,108973,0,0
56081,460,460,2.326417,109073,0,0
56181,461,461,2.373321,109173,0,0
56281,462,462,2.317036,109273,0,0
56381,463,463,2.410843,109373,0,0
56481,464,464,2.415534,109473,0,0
56581,465,465,2.284204,109573,0,0
56681,466,466,2.331107,109673,0,0
56781,467,467,2.321727,109773,0,0
56881,468,468,2.326417,109873,0,0
56981,469,469,2.317036,109973,0,0
57081,470,470,2.387392,110073,0,0
57281,471,471,2.368630,110273,0,0
57381,472,472,2.302965,110373,0,0
57481,473,473,2.321727,110473,0,0
57581,474,474,2.302965,110573,0,0
57781,475,475,2.406153,110773,0,0
57881,476,476,2.321727,110873,0,0
57981,477,477,2.335798,110973,0,0
58081,478,478,2.410843,111073,0,0
58181,479,479,2.354559,111173,0,0
58281,480,480,2.307656,111273,0,0
58381,481,481,2.401463,111373,0,0
58481,482,482,2.326417,111473,0,0
58581,483,483,2.345178,111573,0,0
58681,484,484,2.359250,111673,0,0
58781,485,485,2.373321,111773,0,0
58881,486,486,2.307656,111873,0,0
58981,487,487,2.340488,111973,0,0
59081,488,488,2.340488,112073,0,0
59181,489,489,2.382701,112173,0,0
59281,490,490,2.368630,112273,0,0
59381,491,491,2.354559,112373,0,0
59481,492,492,2.335798,112473,0,0
59581,493,493,2.401463,112573,0,0
59681,494,494,2.481199,112673,0,0
59781,495,495,2.260752,112773,0,0
59881,496,496,2.401463,112873,0,0
59981,497,497,2.467128,112973,0,0
60081,498,498,2.378011,113073,0,0
60281,499,499,2.382701,113273,0,0
67868,500,0,2.293585,120850,0,0
67976,501,1,2.171635,120950,0,0
68067,502,2,2.176326,121051,0,0
68166,503,3,2.317036,121151,0,0
68266,504,4,2.199777,121251,0,0
68368,505,5,2.223229,121351,0,0
68468,506,6,2.321727,121451,0,0
68567,507,7,2.284204,121551,0,0
68674,508,8,2.241991,121651,0,0
68768,509,9,2.241991,121751,0,0
68876,510,10,2.260752,121851,0,0
68976,511,11,2.312346,121951,0,0
69063,512,12,2.246681,122051,0,0
69161,513,13,2.279513,122151,0,0
69258,514,14,2.321727,122251,0,0
69358,515,15,2.331107,122351,0,0
69458,516,16,2.359250,122451,0,0
69559,517,17,2.387392,122551,0,0
69658,518,18,2.223229,122651,0,0
69758,519,19,2.256062,122751,0,0
69867,520,20,2.284204,122851,0,0
69966,521,21,2.237300,122951,0,0
70067,522,22,2.284204,123051,0,0
70167,523,23,2.321727,123151,0,0
70268,524,24,2.368630,123251,0,0
70366,525,25,2.326417,123351,0,0
70468,526,26,2.368630,123451,0,0
70568,527,27,2.382701,123551,0,0
70667,528,28,2.359250,123651,0,0
70760,529,29,2.246681,123751,0,0
70867,530,30,2.302965,123851,0,0
70968,531,31,2.335798,123951,0,0
71058,532,32,2.368630,124051,0,0
71168,533,33,2.331107,124151,0,0
71268,534,34,2.251371,124251,0,0
71368,535,35,2.321727,124351,0,0
71467,536,36,2.340488,124451,0,0
71567,537,37,2.279513,124551,0,0
71675,538,38,2.368630,124651,0,0
71766,539,39,2.270133,124751,0,0
71867,540,40,2.213848,124851,0,0
71967,541,41,2.326417,124951,0,0
72067,542,42,2.321727,125051,0,0
72176,543,43,2.185706,125151,0,0
72267,544,44,2.209158,125251,0,0
72367,545,45,2.256062,125351,0,0
72566,546,46,2.331107,125551,0,0
72667,547,47,2.298275,125651,0,0
72767,548,48,2.321727,125751,0,0
72867,549,49,2.302965,125851,0,0
72966,550,50,2.288894,125951,0,0
73068,551,51,2.265442,126051,0,0
73166,552,52,2.256062,126151,0,0
73259,553,53,2.246681,126251,0,0
73367,554,54,2.251371,126351,0,0
73458,555,55,2.279513,126451,0,0
73568,556,56,2.241991,126551,0,0
73665,557,57,2.270133,126651,0,0
73768,558,58,2.246681,126751,0,0
74167,559,59,2.199777,127151,0,0
74267,559,59,2.232610,127251,0,0
74366,560,60,2.293585,127351,0,0
74465,561,61,2.181016,127451,0,0
74568,562,62,2.274823,127551,0,0
74776,563,63,2.307656,127751,0,0
74865,564,64,2.260752,127851,0,0
74977,565,65,2.162255,127951,0,0
75168,566,66,2.335798,128151,0,0
75265,567,67,2.241991,128251,0,0
75468,568,68,2.246681,128451,0,0
75566,569,69,2.209158,128551,0,0
75666,570,70,2.256062,128651,0,0
75766,571,71,2.302965,128751,0,0
75867,572,72,2.232610,128851,0,0
75968,573,73,2.241991,128951,0,0
76065,574,74,2.302965,129051,0,0
76166,575,75,2.340488,129151,0,0
76267,576,76,2.274823,129251,0,0
76365,577,77,2.246681,129351,0,0
76466,578,78,2.251371,129451,0,0
76567,579,79,2.251371,129551,0,0
76666,580,80,2.270133,129651,0,0
76765,581,81,2.321727,129751,0,0
76867,582,82,2.335798,129851,0,0
76967,583,83,2.293585,129951,0,0
77067,584,84,2.288894,130051,0,0
77165,584,84,2.302965,130151,0,0
77261,585,85,2.302965,130251,0,0
77365,586,86,2.213848,130351,0,0
77466,587,87,2.288894,130451,0,0
77568,588,88,2.335798,130551,0,0
77669,589,89,2.307656,130651,0,0
77866,590,90,2.331107,130851,0,0
78068,591,91,2.345178,131051,0,0
78168,592,92,2.279513,131151,0,0
78268,593,93,2.340488,131251,0,0
78367,594,94,2.270133,131351,0,0
78462,595,95,2.241991,131451,0,0
78567,596,96,2.363940,131551,0,0
78659,597,97,2.260752,131651,0,0
78767,598,98,2.335798,131751,0,0
78869,599,99,2.382701,131851,0,0
78966,600,100,2.345178,131951,0,0
79067,601,101,2.298275,132051,0,0
79167,602,102,2.378011,132151,0,0
79267,603,103,2.392082,132251,0,0
79368,604,104,2.420224,132351,0,0
79467,605,105,2.326417,132451,0,0
79666,606,106,2.373321,132651,0,0
79775,607,107,2.354559,132751,0,0
79867,608,108,2.251371,132851,0,0
79960,609,109,2.270133,132951,0,0
80067,610,110,2.260752,133051,0,0
80158,611,111,2.321727,133151,0,0
80268,612,112,2.270133,133251,0,0
80366,613,113,2.288894,133351,0,0
80466,614,114,2.401463,133451,0,0
80565,615,115,2.270133,133551,0,0
80667,616,116,2.274823,133651,0,0
80767,617,117,2.335798,133751,0,0
80867,618,118,2.223229,133851,0,0
80968,619,119,2.246681,133951,0,0
81058,620,120,2.218539,134051,0,0
81159,621,121,2.326417,134151,0,0
81263,622,122,2.401463,134251,0,0
81384,623,123,2.246681,134351,0,0
81475,624,124,2.284204,134451,0,0
81577,625,125,2.199777,134551,0,0
81667,626,126,2.227920,134651,0,0
81765,627,127,2.260752,134751,0,0
81876,628,128,2.227920,134851,0,0
81985,629,129,2.373321,134951,0,0
82066,630,130,2.213848,135051,0,0
82168,631,131,2.392082,135151,0,0
82276,632,132,2.387392,135251,0,0
82376,633,133,2.317036,135351,0,0
82475,634,134,2.326417,135451,0,0
82577,635,135,2.396772,135551,0,0
82666,636,136,2.302965,135651,0,0
82776,637,137,2.387392,135751,0,0
82875,638,138,2.368630,135851,0,0
82976,639,139,2.345178,135951,0,0
83066,640,140,2.392082,136051,0,0
83167,641,141,2.274823,136151,0,0
83276,642,142,2.307656,136251,0,0
83367,643,143,2.279513,136351,0,0
83576,643,143,2.345178,136551,0,0
83666,644,144,2.382701,136651,0,0
83766,645,145,2.307656,136751,0,0
83877,646,146,2.387392,136851,0,0
83966,647,147,2.293585,136951,0,0
84067,648,148,2.406153,137051,0,0
84168,649,149,2.312346,137151,0,0
84375,650,150,2.331107,137351,0,0
84477,651,151,2.345178,137451,0,0
84576,652,152,2.373321,137551,0,0
84675,653,153,2.354559,137651,0,0
84776,654,154,2.284204,137751,0,0
84959,655,155,2.317036,137951,0,0
85058,656,156,2.312346,138051,0,0
85175,657,157,2.246681,138151,0,0
85275,658,158,2.218539,138251,0,0
85375,659,159,2.288894,138351,0,0
85475,660,160,2.410843,138451,0,0
85576,661,161,2.368630,138551,0,0
85675,662,162,2.279513,138651,0,0
85776,663,163,2.213848,138751,0,0
85885,664,164,2.293585,138851,0,0
85976,665,165,2.331107,138951,0,0
86065,666,166,2.354559,139051,0,0
86163,667,167,2.251371,139151,0,0
86263,668,168,2.312346,139251,0,0
86375,669,169,2.237300,139351,0,0
86468,670,170,2.298275,139451,0,0
86566,671,171,2.138803,139551,0,0
86665,672,172,2.241991,139651,0,0
86775,673,173,2.312346,139751,0,0
86866,674,174,2.298275,139851,0,0
86986,675,175,2.288894,139951,0,0
87076,676,176,2.232610,140051,0,0
87176,677,177,2.265442,140151,0,0
87276,678,178,2.246681,140251,0,0
87367,679,179,2.331107,140351,0,0
87466,680,180,2.279513,140451,0,0
87567,681,181,2.274823,140551,0,0
87675,682,182,2.274823,140651,0,0
87776,683,183,2.321727,140751,0,0
87877,684,184,2.293585,140851,0,0
87975,685,185,2.298275,140951,0,0
88075,686,186,2.340488,141051,0,0
88176,687,187,2.260752,141151,0,0
88377,688,188,2.317036,141351,0,0
88467,689,189,2.246681,141451,0,0
88567,690,190,2.359250,141551,0,0
88667,691,191,2.246681,141651,0,0
88775,692,192,2.345178,141751,0,0
88875,693,193,2.345178,141851,0,0
88975,694,194,2.359250,141951,0,0
89076,695,195,2.260752,142051,0,0
89176,696,196,2.307656,142151,0,0
89265,697,197,2.335798,142251,0,0
89375,698,198,2.382701,142351,0,0
89461,699,199,2.331107,142451,0,0
89577,700,200,2.363940,142551,0,0
89676,701,201,2.345178,142651,0,0
89766,702,202,2.317036,142751,0,0
89875,703,203,2.326417,142851,0,0
89976,704,204,2.392082,142951,0,0
90276,705,205,2.373321,143251,0,0
90376,706,206,2.373321,143351,0,0
90467,707,207,2.270133,143451,0,0
90577,708,208,2.321727,143551,0,0
90667,709,209,2.232610,143651,0,0
90775,710,210,2.349869,143751,0,0
90867,711,211,2.213848,143851,0,0
90976,712,212,2.312346,143951,0,0
91067,713,213,2.227920,144051,0,0
91175,714,214,2.326417,144151,0,0
91259,715,215,2.274823,144251,0,0
91467,716,216,2.241991,144451,0,0
91567,717,217,2.288894,144551,0,0
91665,718,218,2.363940,144651,0,0
91766,719,219,2.251371,144751,0,0
91868,720,220,2.246681,144851,0,0
91967,721,221,2.204468,144951,0,0
92168,722,222,2.204468,145151,0,0
92276,723,223,2.213848,145251,0,0
92374,724,224,2.232610,145351,0,0
92466,725,225,2.176326,145451,0,0
92566,726,226,2.218539,145551,0,0
92675,727,227,2.185706,145651,0,0
92766,728,228,2.223229,145751,0,0
92867,729,229,2.227920,145851,0,0
92975,730,230,2.227920,145951,0,0
93077,731,231,2.185706,146051,0,0
93167,732,232,2.265442,146151,0,0
93267,733,233,2.209158,146251,0,0
93375,734,234,2.265442,146351,0,0
93467,735,235,2.232610,146451,0,0
93567,736,236,2.241991,146551,0,0
93675,737,237,2.246681,146651,0,0
93776,738,238,2.270133,146751,0,0
93966,739,239,2.270133,146951,0,0
94067,740,240,2.246681,147051,0,0
94166,741,241,2.274823,147152,0,0
94276,742,242,2.246681,147252,0,0
94367,743,243,2.256062,147352,0,0
94566,744,244,2.260752,147552,0,0
94666,745,245,2.307656,147652,0,0
94766,746,246,2.218539,147752,0,0
94859,747,247,2.265442,147852,0,0
94975,748,248,2.241991,147952,0,0
95075,749,249,2.270133,148052,0,0
95168,750,250,2.213848,148152,0,0
95275,751,251,2.260752,148252,0,0
95368,752,252,2.260752,148352,0,0
95468,753,253,2.199777,148452,0,0
95575,754,254,2.157564,148552,0,0
95676,755,255,2.241991,148652,0,0
95766,756,256,2.246681,148752,0,0
95868,757,257,2.270133,148852,0,0
95975,758,258,2.232610,148952,0,0
96076,759,259,2.232610,149052,0,0
96176,760,260,2.251371,149152,0,0
96267,761,261,2.251371,149252,0,0
96393,762,262,2.223229,149352,0,0
96477,763,263,2.265442,149452,0,0
96676,764,264,2.199777,149652,0,0
96768,765,265,2.256062,149752,0,0
96885,766,266,2.232610,149852,0,0
96966,767,267,2.218539,149952,0,0
97076,768,268,2.288894,150052,0,0
97175,769,269,2.227920,150152,0,0
97276,770,270,2.251371,150252,0,0
97366,771,271,2.185706,150352,0,0
97476,772,272,2.213848,150452,0,0
97576,773,273,2.256062,150552,0,0
97668,774,274,2.265442,150652,0,0
97767,775,275,2.251371,150752,0,0
98077,776,276,2.265442,151052,0,0
98175,777,277,2.284204,151152,0,0
98276,778,278,2.256062,151252,0,0
98376,779,279,2.218539,151352,0,0
98467,780,280,2.274823,151452,0,0
98576,781,281,2.171635,151552,0,0
98677,782,282,2.359250,151652,0,0
98774,783,283,2.270133,151752,0,0
98867,784,284,2.209158,151852,0,0
98967,784,284,2.331107,151952,0,0
99075,785,285,2.302965,152052,0,0
99276,786,286,2.279513,152252,0,0
99376,787,287,2.284204,152352,0,0
99466,788,288,2.209158,152452,0,0
99577,789,289,2.298275,152552,0,0
99675,790,290,2.157564,152652,0,0
99884,791,291,2.279513,152852,0,0
99975,792,292,2.335798,152952,0,0
100066,793,293,2.218539,153052,0,0
100176,794,294,2.298275,153152,0,0
100265,795,295,2.265442,153252,0,0
100377,796,296,2.232610,153352,0,0
100476,797,297,2.331107,153452,0,0
100577,798,298,2.124732,153552,0,0
100682,799,299,2.274823,153652,0,0
100765,800,300,2.223229,153752,0,0
100875,801,301,2.148183,153852,0,0
100976,802,302,2.185706,153952,0,0
101064,803,303,2.227920,154052,0,0
101161,804,304,2.195087,154152,0,0
101264,805,305,2.162255,154252,0,0
101463,806,306,2.157564,154452,0,0
101566,807,307,2.218539,154552,0,0
101665,808,308,2.185706,154652,0,0
101760,809,309,2.105970,154752,0,0
101865,810,310,2.152874,154852,0,0
101958,810,310,2.152874,154952,0,0
102059,811,311,2.129422,155052,0,0
102158,812,312,2.166945,155152,0,0
102260,813,313,2.171635,155252,0,0
102358,814,314,2.199777,155352,0,0
102566,815,315,2.227920,155552,0,0
102666,816,316,2.143493,155652,0,0
102765,817,317,2.157564,155752,0,0
102859,818,318,2.307656,155852,0,0
102959,819,319,2.176326,155952,0,0
103066,820,320,2.204468,156052,0,0
103161,821,321,2.232610,156152,0,0
103261,822,322,2.223229,156252,0,0
103366,823,323,2.176326,156352,0,0
103466,824,324,2.213848,156452,0,0
103566,825,325,2.265442,156552,0,0
103660,826,326,2.298275,156652,0,0
103761,827,327,2.204468,156752,0,0
103859,828,328,2.307656,156852,0,0
103959,829,329,2.185706,156952,0,0
104061,830,330,2.218539,157052,0,0
104161,831,331,2.223229,157152,0,0
104260,832,332,2.138803,157252,0,0
104358,833,333,2.190397,157352,0,0
104458,834,334,2.218539,157452,0,0
104558,835,335,2.288894,157552,0,0
104658,836,336,2.218539,157652,0,0
104758,837,337,2.246681,157752,0,0
104858,838,338,2.213848,157852,0,0
104958,839,339,2.181016,157952,0,0
105058,840,340,2.307656,158052,0,0
105158,841,341,2.209158,158152,0,0
105258,842,342,2.232610,158252,0,0
105358,843,343,2.241991,158352,0,0
105458,844,344,2.274823,158452,0,0
105558,845,345,2.185706,158552,0,0
105658,846,346,2.256062,158652,0,0
105757,847,347,2.199777,158752,0,0
105858,848,348,2.326417,158852,0,0
105958,849,349,2.190397,158952,0,0
106057,850,350,2.326417,159052,0,0
106158,851,351,2.251371,159152,0,0
106258,852,352,2.284204,159252,0,0
106458,853,353,2.232610,159452,0,0
106558,854,354,2.181016,159552,0,0
106658,855,355,2.251371,159652,0,0
106758,856,356,2.185706,159752,0,0
106858,857,357,2.157564,159852,0,0
106958,858,358,2.190397,159952,0,0
107058,859,359,2.129422,160052,0,0
107158,860,360,2.246681,160152,0,0
107258,861,361,2.265442,160252,0,0
107358,862,362,2.312346,160352,0,0
107458,863,363,2.204468,160452,0,0
107558,864,364,2.195087,160552,0,0
107658,865,365,2.171635,160652,0,0
107758,866,366,2.293585,160752,0,0
107858,867,367,2.218539,160852,0,0
107958,868,368,2.274823,160952,0,0
108058,869,369,2.251371,161052,0,0
108358,870,370,2.251371,161352,0,0
108458,871,371,2.204468,161452,0,0
108558,872,372,2.246681,161552,0,0
108658,873,373,2.251371,161652,0,0
108758,874,374,2.232610,161752,0,0
108858,875,375,2.237300,161852,0,0
108958,876,376,2.307656,161952,0,0
109058,877,377,2.293585,162052,0,0
109258,878,378,2.307656,162252,0,0
109358,879,379,2.345178,162352,0,0
109458,880,380,2.321727,162452,0,0
109557,881,381,2.354559,162552,0,0
109658,882,382,2.190397,162652,0,0
109758,883,383,2.335798,162752,0,0
109858,884,384,2.326417,162852,0,0
109958,885,385,2.284204,162952,0,0
110158,886,386,2.363940,163152,0,0
110258,887,387,2.274823,163252,0,0
110358,887,387,2.209158,163352,0,0
110458,887,387,2.246681,163452,0,0
110558,888,388,2.204468,163552,0,0
110658,889,389,2.335798,163652,0,0
110757,890,390,2.345178,163752,0,0
110858,891,391,2.340488,163852,0,0
110958,892,392,2.241991,163952,0,0
111057,893,393,2.293585,164052,0,0
111257,894,394,2.213848,164252,0,0
111358,895,395,2.321727,164352,0,0
111457,896,396,2.237300,164452,0,0
111558,897,397,2.232610,164552,0,0
111657,898,398,2.349869,164652,0,0
111758,899,399,2.223229,164752,0,0
111860,900,400,2.246681,164852,0,0
111965,901,401,2.363940,164952,0,0
112061,902,402,2.274823,165052,0,0
112266,903,403,2.246681,165252,0,0
112368,904,404,2.232610,165352,0,0
112459,905,405,2.284204,165452,0,0
112564,906,406,2.232610,165552,0,0
112761,907,407,2.345178,165752,0,0
112960,908,408,2.232610,165952,0,0
113064,909,409,2.166945,166052,0,0
113165,910,410,2.317036,166152,0,0
113259,911,411,2.326417,166252,0,0
113365,912,412,2.270133,166352,0,0
113465,913,413,2.387392,166452,0,0
113560,914,414,2.349869,166552,0,0
113664,915,415,2.227920,166652,0,0
113765,916,416,2.209158,166752,0,0
113865,917,417,2.190397,166852,0,0
113967,918,418,2.162255,166952,0,0
114066,919,419,2.279513,167052,0,0
114165,920,420,2.091899,167152,0,0
114260,921,421,2.232610,167252,0,0
114365,922,422,2.232610,167352,0,0
114465,923,423,2.195087,167452,0,0
114559,924,424,2.317036,167552,0,0
114666,925,425,2.260752,167652,0,0
114866,926,426,2.396772,167852,0,0
114960,927,427,2.138803,167952,0,0
115065,928,428,2.213848,168052,0,0
115165,929,429,2.143493,168152,0,0
115314,930,430,2.293585,168252,0,0
115472,931,431,2.087209,168352,0,0
115572,932,432,2.176326,168452,0,0
115664,933,433,2.209158,168552,0,0
115752,934,434,2.091899,168652,0,0
115862,935,435,2.190397,168752,0,0
115943,936,436,2.227920,168852,0,0
116034,937,437,1.984021,168952,0,0
116065,938,438,2.256062,169052,0,0
116162,939,439,2.181016,169152,0,0
116360,940,440,2.138803,169352,0,0
116457,941,441,2.256062,169452,0,0
116557,942,442,2.138803,169552,0,0
116657,943,443,2.298275,169652,0,0
116758,944,444,2.185706,169752,0,0
116857,945,445,2.223229,169852,0,0
116957,946,446,2.265442,169952,0,0
117064,947,447,2.213848,170052,0,0
117167,948,448,2.260752,170152,0,0
117266,949,449,2.256062,170252,0,0
117366,950,450,2.213848,170352,0,0
117467,951,451,2.157564,170452,0,0
117566,952,452,2.256062,170552,0,0
117666,953,453,2.218539,170652,0,0
117867,954,454,2.284204,170852,0,0
117966,955,455,2.209158,170952,0,0
118066,956,456,2.166945,171052,0,0
118167,957,457,2.105970,171152,0,0
118366,958,458,2.265442,171352,0,0
118475,959,459,2.256062,171452,0,0
118567,960,460,2.256062,171552,0,0
118667,961,461,2.265442,171652,0,0
118766,962,462,2.265442,171752,0,0
118859,963,463,2.256062,171852,0,0
119065,964,464,2.302965,172052,0,0
119167,965,465,2.218539,172152,0,0
119266,966,466,2.223229,172252,0,0
119375,967,467,2.195087,172352,0,0
119468,968,468,2.237300,172452,0,0
119566,969,469,2.270133,172552,0,0
119767,970,470,2.270133,172752,0,0
119874,971,471,2.232610,172852,0,0
119967,972,472,2.251371,172952,0,0
120067,973,473,2.204468,173052,0,0
120167,974,474,2.209158,173152,0,0
120368,975,475,2.307656,173353,0,0
120466,976,476,2.063757,173453,0,0
120565,977,477,2.288894,173553,0,0
120666,978,478,2.218539,173653,0,0
120768,979,479,2.241991,173753,0,0
120876,980,480,2.218539,173853,0,0
120974,981,481,2.199777,173953,0,0
121067,982,482,2.256062,174053,0,0
121159,983,483,2.246681,174153,0,0
121365,984,484,2.138803,174353,0,0
121465,985,485,2.274823,174453,0,0
121566,986,486,2.378011,174553,0,0
121665,987,487,2.110661,174653,0,0
121767,988,488,2.171635,174753,0,0
121875,989,489,2.251371,174853,0,0
121975,990,490,2.270133,174953,0,0
122061,991,491,2.166945,175053,0,0
122166,992,492,2.213848,175153,0,0
122262,993,493,2.317036,175253,0,0
122361,994,494,2.246681,175353,0,0
122458,995,495,2.241991,175453,0,0
122557,996,496,2.321727,175553,0,0
122658,997,497,2.185706,175653,0,0
122757,998,498,2.181016,175753,0,0
122866,999,499,2.237300,175853,0,0
130735,1000,0,3.635027,183718,0,0
130827,1001,1,3.799189,183818,0,0
130934,1002,2,3.714763,183918,0,0
131035,1003,3,3.869544,184018,0,0
131126,1004,4,3.850783,184118,0,0
131234,1005,5,3.836712,184218,0,0
131327,1006,6,3.827331,184318,0,0
131435,1007,7,3.977423,184418,0,0
131535,1008,8,3.916448,184518,0,0
131626,1009,9,3.832022,184618,0,0
131727,1010,10,3.789808,184718,0,0
131834,1011,11,3.944590,184818,0,0
131926,1012,12,3.855473,184918,0,0
132034,1013,13,3.855473,185018,0,0
132129,1014,14,3.789808,185118,0,0
132224,1015,15,3.846093,185218,0,0
132326,1016,16,3.752285,185318,0,0
132426,1016,16,3.691311,185418,0,0
132527,1017,17,3.817950,185518,0,0
132627,1018,18,3.939900,185618,0,0
132727,1019,19,3.897687,185718,0,0
132926,1020,20,3.911758,185918,0,0
133026,1021,21,3.939900,186018,0,0
133126,1022,22,3.780428,186118,0,0
133228,1023,23,3.817950,186218,0,0
133326,1024,24,3.808570,186318,0,0
133427,1025,25,3.874235,186418,0,0
133528,1026,26,3.888306,186518,0,0
133628,1027,27,3.836712,186618,0,0
133727,1028,28,3.785118,186718,0,0
133827,1029,29,3.827331,186818,0,0
134028,1030,30,3.850783,187018,0,0
134127,1031,31,3.696001,187118,0,0
134226,1032,32,3.752285,187218,0,0
134327,1033,33,3.817950,187318,0,0
134426,1034,34,3.677240,187418,0,0
134527,1035,35,3.780428,187518,0,0
134627,1036,36,3.738214,187618,0,0
134728,1037,37,3.803879,187718,0,0
134829,1038,38,3.752285,187818,0,0
134935,1039,39,3.752285,187918,0,0
135028,1040,40,3.658478,188018,0,0
135128,1041,41,3.710072,188118,0,0
135227,1041,41,3.733524,188218,0,0
135327,1042,42,3.766357,188318,0,0
135428,1043,43,3.728834,188418,0,0
135527,1044,44,3.780428,188518,0,0
135627,1045,45,3.747595,188618,0,0
135726,1046,46,3.892996,188718,0,0
135826,1047,47,3.766357,188818,0,0
135927,1048,48,3.822641,188918,0,0
136027,1049,49,3.817950,189018,0,0
136127,1050,50,3.696001,189118,0,0
136226,1051,51,3.813260,189218,0,0
136327,1052,52,3.771047,189318,0,0
136426,1053,53,3.789808,189418,0,0
136526,1054,54,3.902377,189518,0,0
136627,1055,55,3.968042,189618,0,0
136727,1056,56,3.766357,189718,0,0
136827,1057,57,3.813260,189818,0,0
136926,1058,58,4.043088,189918,0,0
137026,1059,59,3.733524,190018,0,0
137125,1060,60,3.710072,190118,0,0
137224,1061,61,3.794499,190218,0,0
137322,1062,62,3.968042,190318,0,0
137434,1063,63,3.944590,190418,0,0
137526,1064,64,3.789808,190518,0,0
137627,1065,65,3.907067,190618,0,0
137734,1066,66,3.747595,190718,0,0
137833,1067,67,3.794499,190818,0,0
137927,1068,68,3.921138,190918,0,0
138035,1069,69,3.883615,191018,0,0
138134,1070,70,3.953971,191118,0,0
138227,1071,71,3.846093,191218,0,0
138327,1072,72,3.925829,191318,0,0
138434,1073,73,3.639717,191418,0,0
138527,1074,74,3.888306,191518,0,0
138728,1075,75,3.916448,191718,0,0
138836,1076,76,3.892996,191818,0,0
138922,1077,77,3.916448,191918,0,0
139022,1078,78,3.775737,192018,0,0
139122,1079,79,3.878925,192118,0,0
139222,1080,80,3.921138,192218,0,0
139322,1081,81,3.855473,192318,0,0
139422,1082,82,3.963352,192418,0,0
139522,1083,83,3.761666,192518,0,0
139622,1084,84,3.817950,192618,0,0
139722,1085,85,3.944590,192718,0,0
139822,1086,86,3.925829,192818,0,0
139922,1087,87,3.724143,192918,0,0
140022,1088,88,3.817950,193018,0,0
140122,1089,89,3.780428,193118,0,0
140222,1090,90,3.766357,193218,0,0
140322,1091,91,3.822641,193318,0,0
140422,1092,92,3.860164,193418,0,0
140522,1093,93,3.832022,193518,0,0
140622,1094,94,3.813260,193618,0,0
140822,1095,95,3.822641,193818,0,0
140922,1096,96,3.939900,193918,0,0
141022,1096,96,3.822641,194018,0,0
141122,1097,97,3.860164,194118,0,0
141222,1098,98,3.836712,194218,0,0
141322,1099,99,3.817950,194318,0,0
141622,1100,100,3.813260,194618,0,0
141722,1101,101,3.832022,194718,0,0
141826,1102,102,3.752285,194818,0,0
141926,1103,103,3.902377,194918,0,0
142027,1104,104,3.921138,195018,0,0
142123,1105,105,3.949280,195118,0,0
142224,1106,106,3.911758,195218,0,0
142322,1107,107,3.911758,195318,0,0
142422,1108,108,3.817950,195418,0,0
142522,1109,109,3.897687,195518,0,0
142622,1110,110,3.888306,195618,0,0
142722,1111,111,3.897687,195718,0,0
142822,1112,112,3.817950,195818,0,0
142922,1113,113,3.902377,195918,0,0
143022,1114,114,3.864854,196018,0,0
143122,1115,115,4.010255,196118,0,0
143222,1116,116,3.860164,196218,0,0
143322,1117,117,3.846093,196318,0,0
143422,1118,118,3.771047,196418,0,0
143522,1119,119,3.728834,196518,0,0
143622,1120,120,3.935209,196618,0,0
143722,1121,121,3.789808,196718,0,0
143822,1122,122,3.766357,196818,0,0
143922,1123,123,3.888306,196918,0,0
144022,1124,124,3.817950,197018,0,0
144122,1125,125,3.846093,197118,0,0
144222,1126,126,3.907067,197218,0,0
144322,1127,127,3.742905,197318,0,0
144422,1128,128,3.846093,197418,0,0
144522,1129,129,3.878925,197518,0,0
144622,1130,130,3.846093,197618,0,0
144722,1131,131,3.827331,197718,0,0
144822,1132,132,3.869544,197818,0,0
144922,1133,133,3.780428,197918,0,0
145022,1134,134,3.864854,198018,0,0
145122,1135,135,3.822641,198118,0,0
145222,1136,136,3.785118,198218,0,0
145322,1137,137,3.813260,198318,0,0
145422,1138,138,3.705382,198418,0,0
145522,1139,139,3.911758,198518,0,0
145622,1140,140,3.953971,198618,0,0
145722,1141,141,3.836712,198718,0,0
145822,1142,142,3.986803,198818,0,0
146022,1143,143,3.944590,199018,0,0
146122,1144,144,3.911758,199118,0,0
146222,1145,145,3.874235,199218,0,0
146322,1146,146,3.911758,199318,0,0
146422,1147,147,3.907067,199418,0,0
146522,1148,148,3.892996,199518,0,0
146622,1149,149,3.897687,199618,0,0
146722,1150,150,3.925829,199718,0,0
146822,1151,151,3.935209,199818,0,0
146922,1152,152,3.855473,199918,0,0
147122,1153,153,3.855473,200118,0,0
147222,1154,154,3.874235,200218,0,0
147322,1155,155,3.883615,200318,0,0
147422,1156,156,3.836712,200418,0,0
147522,1157,157,3.846093,200518,0,0
147622,1158,158,3.794499,200618,0,0
147722,1159,159,3.855473,200718,0,0
147822,1160,160,3.874235,200818,0,0
147922,1161,161,3.986803,200918,0,0
148022,1162,162,4.010255,201018,0,0
148122,1163,163,3.907067,201118,0,0
148222,1164,164,3.808570,201218,0,0
148322,1165,165,3.803879,201318,0,0
148422,1166,166,3.827331,201418,0,0
148522,1167,167,3.878925,201518,0,0
148622,1168,168,3.902377,201618,0,0
148721,1169,169,3.953971,201718,0,0
148922,1170,170,3.944590,201918,0,0
149022,1171,171,3.907067,202018,0,0
149122,1172,172,3.864854,202118,0,0
149221,1173,173,3.799189,202218,0,0
149322,1174,174,3.794499,202318,0,0
149422,1175,175,3.775737,202418,0,0
149521,1176,176,3.850783,202518,0,0
149622,1177,177,3.888306,202618,0,0
149722,1178,178,3.785118,202718,0,0
149822,1179,179,3.822641,202818,0,0
149922,1180,180,3.808570,202918,0,0
150022,1181,181,3.775737,203018,0,0
150122,1182,182,3.832022,203118,0,0
150222,1183,183,3.864854,203218,0,0
150322,1184,184,3.747595,203318,0,0
150422,1185,185,3.883615,203418,0,0
150522,1186,186,3.892996,203518,0,0
150622,1187,187,3.841402,203618,0,0
150722,1188,188,3.860164,203718,0,0
150822,1189,189,3.883615,203818,0,0
150921,1190,190,3.907067,203918,0,0
151122,1191,191,3.888306,204118,0,0
151222,1192,192,3.766357,204218,0,0
151421,1193,193,3.869544,204418,0,0
151522,1194,194,3.953971,204518,0,0
151634,1195,195,3.935209,204618,0,0
151726,1196,196,3.949280,204718,0,0
151834,1197,197,3.883615,204818,0,0
151927,1198,198,3.986803,204918,0,0
152031,1199,199,3.968042,205018,0,0
152134,1200,200,3.953971,205118,0,0
152226,1201,201,4.024326,205218,0,0
152325,1202,202,3.874235,205318,0,0
152434,1203,203,3.982113,205418,0,0
152526,1204,204,3.892996,205518,0,0
152634,1205,205,3.846093,205618,0,0
152732,1206,206,3.921138,205718,0,0
152826,1207,207,4.005565,205818,0,0
152945,1208,208,4.043088,205918,0,0
153026,1209,209,3.986803,206018,0,0
153134,1210,210,3.892996,206118,0,0
153232,1211,211,3.878925,206218,0,0
153335,1212,212,3.944590,206318,0,0
153426,1213,213,3.888306,206418,0,0
153534,1214,214,3.902377,206518,0,0
153634,1215,215,3.883615,206618,0,0
153735,1216,216,3.958661,206718,0,0
153833,1217,217,3.869544,206818,0,0
153934,1218,218,3.982113,206918,0,0
154025,1219,219,3.944590,207018,0,0
154127,1220,220,3.892996,207118,0,0
154227,1221,221,3.968042,207218,0,0
154334,1222,222,3.925829,207318,0,0
154435,1223,223,3.907067,207418,0,0
154534,1224,224,3.897687,207518,0,0
154636,1225,225,3.939900,207618,0,0
154734,1226,226,3.888306,207718,0,0
154826,1227,227,3.878925,207818,0,0
154934,1228,228,3.813260,207918,0,0
155033,1229,229,3.902377,208018,0,0
155134,1230,230,3.939900,208118,0,0
155234,1231,231,3.850783,208218,0,0
155335,1232,232,3.752285,208318,0,0
155426,1233,233,4.024326,208418,0,0
155535,1234,234,3.907067,208518,0,0
155635,1235,235,4.000874,208618,0,0
155727,1236,236,3.883615,208718,0,0
155835,1237,237,3.855473,208818,0,0
155934,1238,238,3.883615,208918,0,0
156034,1239,239,3.850783,209018,0,0
156135,1240,240,3.907067,209118,0,0
156227,1241,241,3.799189,209218,0,0
156434,1242,242,3.888306,209418,0,0
156533,1243,243,3.846093,209518,0,0
156635,1244,244,3.977423,209618,0,0
156732,1245,245,3.902377,209718,0,0
156833,1246,246,3.963352,209818,0,0
156935,1247,247,3.921138,209918,0,0
157032,1248,248,3.869544,210019,0,0
157126,1249,249,3.930519,210119,0,0
157234,1250,250,3.939900,210219,0,0
157326,1251,251,3.935209,210319,0,0
157434,1252,252,3.855473,210419,0,0
157526,1253,253,3.836712,210519,0,0
157634,1254,254,3.944590,210619,0,0
157735,1255,255,4.052468,210719,0,0
157826,1256,256,3.925829,210819,0,0
157935,1257,257,3.841402,210919,0,0
158027,1258,258,3.935209,211019,0,0
158134,1259,259,3.907067,211119,0,0
158226,1260,260,3.883615,211219,0,0
158335,1261,261,3.817950,211319,0,0
158431,1262,262,3.911758,211419,0,0
158534,1263,263,3.855473,211519,0,0
158626,1264,264,4.000874,211619,0,0
158726,1265,265,3.925829,211719,0,0
158834,1266,266,3.921138,211819,0,0
