56081,m,0,4.445962,2.995393,32.713646,399.775055
56098,p,1,2.654468,10.339967,37.211018,69508
56118,p,2,2.673138,10.384527,37.125111,69528
56138,p,3,2.690473,10.427640,37.051193,69548
56158,p,4,2.704483,10.472029,37.038479,69568
56178,p,5,2.729618,10.522347,37.041565,69588
56198,p,6,2.764473,10.565910,36.988850,69608
56218,p,7,2.806052,10.609921,36.931427,69628
56238,p,8,2.847306,10.652999,36.854797,69648
56258,p,9,2.898701,10.699125,36.745663,69668
56281,p,10,2.968172,10.741023,36.695541,69688
56299,p,11,3.046489,10.785667,36.628742,69708
56318,p,12,3.143121,10.840899,36.537086,69728
56338,p,13,3.252159,10.894309,36.460632,69748
56358,p,14,3.381576,10.952211,36.417969,69768
56379,p,15,3.520059,11.019129,36.421318,69788
56399,p,16,3.663397,11.097509,36.435516,69808
56419,p,17,3.809431,11.179868,36.468372,69828
56439,p,18,3.966538,11.258802,36.498131,69848
56459,p,19,4.131262,11.338973,36.533031,69868
56479,p,20,4.295837,11.422091,36.497074,69888
56499,p,21,4.468439,11.505857,36.403057,69908
56519,p,22,4.659872,11.585782,36.309418,69928
56539,p,23,4.865225,11.660093,36.243519,69948
56559,p,24,5.065429,11.740350,36.191505,69968
56579,p,25,5.273422,11.835040,36.083485,69988
56600,p,26,5.489653,11.934127,35.970985,70008
56620,p,27,5.718610,12.032021,35.847084,70028
56640,p,28,5.956004,12.130232,35.721008,70048
56660,p,29,6.198143,12.230110,35.636639,70068
56681,p,30,6.435488,12.331455,35.584827,70088
56700,p,31,6.435488,12.331455,35.584827,70108
56720,p,32,6.719917,12.443066,35.476353,70128
56740,p,33,6.972607,12.536450,35.333725,70148
56764,p,34,7.223821,12.633358,35.224686,70168
56781,p,35,7.480167,12.731581,35.186123,70188
56801,p,36,7.751691,12.833934,35.097000,70208
56821,p,37,8.025970,12.941139,35.025448,70228
56841,p,38,8.301508,13.049929,35.002350,70248
56860,p,39,8.594003,13.156367,34.980652,70268
56881,p,40,8.915997,13.257453,34.929581,70288
56900,p,41,9.243534,13.350366,34.819374,70308
56920,p,42,9.577236,13.453036,34.788013,70328
56940,p,43,9.915664,13.557724,34.744621,70348
56961,p,44,10.251521,13.653370,34.674099,70368
56981,p,45,10.635531,13.749829,34.689941,70388
57001,p,46,11.018342,13.836243,34.716591,70408
57021,p,47,11.415514,13.923235,34.763432,70428
57041,p,48,11.827631,14.012246,34.897129,70448
57064,p,49,12.249216,14.097106,35.030415,70468
57081,p,50,12.665160,14.184515,35.150620,70488
57101,p,51,13.070800,14.268809,35.195770,70508
57121,p,52,13.455023,14.344646,35.221020,70528
57141,p,53,13.819397,14.417939,35.218575,70548
57164,p,54,14.186262,14.500078,35.139412,70568
57181,p,55,14.506176,14.568397,35.107555,70588
57202,p,56,14.791614,14.624733,35.094639,70608
57221,p,57,15.053927,14.678745,35.081013,70628
57242,p,58,15.313032,14.734718,35.083527,70648
57262,p,59,15.540421,14.777239,35.093285,70668
57281,p,60,15.765249,14.815223,35.103489,70688
57302,p,61,15.992871,14.854589,35.222214,70708
57322,p,62,16.221992,14.888141,35.369202,70728
57342,p,63,16.432131,14.907182,35.452221,70749
57362,p,64,16.632128,14.915230,35.466190,70769
57382,p,65,16.832317,14.928634,35.506088,70789
57402,p,66,17.025248,14.946283,35.641041,70809
57422,p,67,17.202745,14.962761,35.709301,70829
57442,p,68,17.353437,14.980028,35.738838,70849
57462,p,69,17.498802,15.005754,35.759418,70869
57482,p,70,17.639294,15.023082,35.776985,70889
57502,p,71,17.767551,15.014646,35.811550,70909
57522,p,72,17.874599,14.983270,35.860729,70929
57543,p,73,17.981634,14.934350,35.830528,70949
57563,p,74,18.084194,14.867707,35.824039,70969
57583,p,75,18.189045,14.757112,35.840652,70989
57603,p,76,18.292597,14.622723,35.775921,71009
57623,p,77,18.403898,14.465881,35.745602,71029
57643,p,78,18.517199,14.281149,35.743885,71049
57665,p,79,18.657618,14.091946,35.741787,71069
57683,p,80,18.847433,13.907266,35.743984,71089
57703,p,81,19.092754,13.718787,35.751652,71109
57724,p,82,19.384232,13.540067,35.705112,71129
57743,p,83,19.705677,13.372364,35.662086,71149
57763,p,84,20.085850,13.203656,35.644604,71169
57784,p,85,20.480721,13.046668,35.703941,71189
57804,p,86,20.907827,12.896098,35.769066,71209
57824,p,87,21.368382,12.754028,35.839615,71229
57844,p,88,21.868351,12.621367,35.969059,71249
57864,p,89,21.868351,12.621367,35.969059,71269
57884,p,90,22.458580,12.484820,36.120155,71289
57904,p,91,22.982691,12.386055,36.250793,71309
57924,p,92,23.538769,12.292853,36.382591,71329
57944,p,93,24.072474,12.211673,36.506283,71349
57964,p,94,24.613974,12.136756,36.621525,71369
57984,p,95,25.164799,12.068103,36.728832,71389
58004,p,96,25.716970,12.007630,36.888226,71409
58025,p,97,26.263889,11.960207,37.044968,71429
58045,p,98,26.810242,11.917342,37.184021,71449
58065,p,99,27.364960,11.876900,37.311848,71469
58085,p,100,27.979425,11.844001,37.432468,71489
58105,p,101,28.598537,11.825027,37.532871,71509
58125,p,102,29.245893,11.810946,37.683704,71529
58145,p,103,29.918543,11.800652,37.801334,71549
58165,p,104,30.613228,11.797336,37.860680,71569
58185,p,105,31.316515,11.802176,37.909092,71589
58205,p,106,32.020321,11.811557,37.979500,71610
58225,p,107,32.726997,11.827230,38.083168,71630
58245,p,108,33.442673,11.851182,38.235413,71650
58266,p,109,34.164104,11.885634,38.391693,71670
58286,p,110,34.884232,11.928061,38.544182,71690
58306,p,111,35.595711,11.977599,38.686775,71710
58326,p,112,36.308979,12.033958,38.814957,71730
58346,p,113,37.015488,12.092987,38.931301,71750
58366,p,114,37.757568,12.161262,39.050884,71770
58386,p,115,38.489906,12.231032,39.146992,71790
58406,p,116,39.245651,12.302275,39.225151,71810
58426,p,117,40.015015,12.376856,39.230778,71830
58446,p,118,40.800407,12.457694,39.224876,71850
58466,p,119,41.599121,12.540367,39.203129,71870
58486,p,120,42.392788,12.621803,39.175205,71890
58506,p,121,43.179779,12.706425,39.180172,71910
58527,p,122,43.969185,12.791548,39.215801,71930
58547,p,123,44.762287,12.877769,39.181549,71950
58567,p,124,45.581810,12.970824,39.180653,71970
58587,p,125,46.353409,13.063761,39.221306,71990
58607,p,126,47.129101,13.157179,39.188419,72010
58627,p,127,47.899448,13.250173,39.188606,72030
58647,p,128,48.661446,13.353415,39.234531,72050
58667,p,129,49.445400,13.466063,39.278763,72070
58687,p,130,50.241173,13.580682,39.271706,72090
58707,p,131,51.008976,13.690797,39.245712,72110
58727,p,132,51.777580,13.803714,39.281113,72130
58748,p,133,52.548573,13.923473,39.274879,72150
58767,p,134,53.358234,14.048988,39.220284,72170
58788,p,135,54.119881,14.165235,39.111568,72190
58808,p,136,54.869144,14.283628,39.058216,72210
58828,p,137,55.595871,14.403088,39.025932,72230
58848,p,138,56.318001,14.525804,38.939838,72250
58868,p,139,57.070515,14.651960,38.848145,72270
58888,p,140,57.768162,14.767009,38.770905,72290
58908,p,141,58.479683,14.886064,38.700367,72310
58928,p,142,59.142902,14.998024,38.632637,72330
58948,p,143,59.828571,15.116939,38.589344,72350
58968,p,144,60.486210,15.226073,38.600040,72370
58989,p,145,61.134785,15.323878,38.560463,72390
59009,p,146,61.808315,15.424910,38.518600,72411
59029,p,147,62.452454,15.522110,38.486881,72431
59049,p,148,63.089058,15.621621,38.454754,72451
59069,p,149,63.739910,15.723531,38.395744,72471
59089,p,150,64.408096,15.815219,38.285576,72491
59109,p,151,65.083748,15.898690,38.189072,72511
59130,p,152,65.765923,15.982162,38.112415,72531
59149,p,153,66.448029,16.064251,38.041496,72551
59170,p,154,67.136490,16.144640,37.976669,72571
59189,p,155,67.872574,16.222284,37.909809,72591
59210,p,156,68.581421,16.286438,37.854115,72611
59230,p,157,69.293091,16.347399,37.817413,72631
59250,p,158,70.038788,16.408676,37.783016,72651
59270,p,159,70.743134,16.465132,37.750698,72671
59290,p,160,71.453308,16.525108,37.722652,72691
59310,p,161,72.201218,16.582333,37.690250,72711
59332,p,162,72.910751,16.625481,37.666462,72731
59350,p,163,73.615898,16.663826,37.654007,72751
59370,p,164,74.299545,16.699387,37.646015,72771
59390,p,165,74.970436,16.736446,37.642506,72791
59410,p,166,75.669281,16.777157,37.487103,72811
59431,p,167,76.325005,16.808670,37.413258,72831
59450,p,168,76.968536,16.835236,37.409492,72851
59471,p,169,77.602249,16.859106,37.362545,72871
59491,p,170,78.255226,16.878033,37.323162,72891
59513,p,171,78.885445,16.896978,37.311619,72911
59532,p,172,79.472572,16.923487,37.420811,72931
59551,p,173,79.472572,16.923487,37.420811,72951
59571,p,174,80.138092,16.957069,37.419258,72971
59591,p,175,80.713570,16.986824,37.371918,72991
59611,p,176,81.282303,17.012306,37.326195,73011
59632,p,177,81.836670,17.029842,37.400642,73031
59652,p,178,82.381271,17.047337,37.486355,73051
59671,p,179,82.916321,17.067875,37.513634,73071
59691,p,180,83.442184,17.089315,37.476475,73091
59712,p,181,83.967537,17.106726,37.416115,73111
59732,p,182,84.486702,17.113718,37.347469,73131
59751,p,183,84.991318,17.116348,37.287697,73151
59771,p,184,85.482002,17.118717,37.234371,73171
59791,p,185,85.958740,17.122393,37.182106,73191
59812,p,186,86.431252,17.131147,37.183491,73211
59832,p,187,86.927200,17.144064,37.164089,73231
59852,p,188,87.405457,17.155775,37.098213,73251
59872,p,189,87.909271,17.157131,37.033920,73271
59892,p,190,88.432800,17.148394,36.977051,73291
59912,p,191,88.998825,17.136490,36.931507,73311
59932,p,192,89.551125,17.120077,36.897694,73331
59952,p,193,90.113419,17.104225,36.873379,73351
59972,p,194,90.697861,17.099316,36.845928,73371
59992,p,195,91.271797,17.101004,36.881092,73391
60012,p,196,91.806107,17.102158,36.915001,73411
60032,p,197,92.340096,17.105267,36.939373,73431
60052,p,198,92.870377,17.106142,36.952236,73451
60072,p,199,93.371300,17.097054,36.903889,73471
60093,p,200,93.842995,17.083176,36.799431,73491
60113,p,201,94.278374,17.069210,36.770077,73511
60133,p,202,94.678040,17.057365,36.747894,73531
60153,p,203,95.075172,17.045107,36.717873,73551
60173,p,204,95.439629,17.037447,36.674809,73571
60193,p,205,95.810951,17.036814,36.625423,73591
60213,p,206,96.157616,17.033123,36.575394,73611
60233,p,207,96.491837,17.020559,36.533024,73631
60253,p,208,96.811996,17.006210,36.511414,73651
60273,p,209,97.112488,16.990660,36.497025,73671
60293,p,210,97.386116,16.970186,36.434113,73691
60313,p,211,97.641876,16.948748,36.386532,73711
60333,p,212,97.886307,16.930933,36.338272,73732
60353,p,213,98.116760,16.917120,36.284985,73752
60373,p,214,98.352524,16.912706,36.270714,73772
60394,p,215,98.577919,16.914747,36.257568,73792
60414,p,216,98.798035,16.919079,36.177689,73812
60434,p,217,99.018875,16.922489,36.151157,73832
60454,p,218,99.240463,16.918936,36.147869,73852
60474,p,219,99.447731,16.902401,36.150585,73872
60494,p,220,99.641006,16.879654,36.133713,73892
60516,p,221,99.829277,16.854378,36.112312,73912
60534,p,222,100.013344,16.821882,36.095951,73932
60554,p,223,100.174820,16.788980,36.092575,73952
60574,p,224,100.356087,16.764168,36.110970,73972
60594,p,225,100.566391,16.742496,36.172657,73992
60614,p,226,100.812569,16.718847,36.166462,74012
60634,p,227,101.066292,16.699183,36.152393,74032
60654,p,228,101.350349,16.685648,36.184486,74052
60675,p,229,101.670357,16.671265,36.149391,74072
60694,p,230,102.014816,16.649309,36.089539,74092
60715,p,231,102.384079,16.622408,36.041176,74112
60735,p,232,102.784447,16.592243,36.000820,74132
60755,p,233,103.202705,16.554272,35.980923,74152
60775,p,234,103.647018,16.503937,36.031040,74172
60795,p,235,104.084877,16.452574,36.038136,74192
60815,p,236,104.533432,16.399620,36.055763,74212
60835,p,237,104.982697,16.340845,36.122124,74232
60855,p,238,105.437317,16.278330,36.140636,74252
60875,p,239,105.939354,16.218292,36.153538,74272
60896,p,240,106.438316,16.167177,36.155655,74292
60915,p,241,106.971169,16.115305,36.211430,74312
60936,p,242,107.499001,16.075268,36.260296,74332
60955,p,243,108.081573,16.048264,36.286633,74352
60975,p,244,108.692230,16.025154,36.280231,74372
60995,p,245,109.295082,16.005388,36.258720,74392
61016,p,246,109.927048,15.992790,36.235374,74412
61036,p,247,110.591553,15.984680,36.133610,74432
61056,p,248,111.270706,15.972154,35.993740,74452
61076,p,249,111.982788,15.951674,35.820431,74472
61096,p,250,112.701004,15.929419,35.668129,74492
61116,p,251,113.398415,15.914143,35.547489,74512
61136,p,252,114.112953,15.906287,35.443897,74532
61156,p,253,114.880737,15.897877,35.341228,74552
61176,p,254,115.624481,15.884981,35.288582,74572
61196,p,255,116.371796,15.866450,35.255981,74592
61216,p,256,116.371796,15.866450,35.255981,74612
61236,p,257,117.229828,15.846581,35.226616,74632
61256,p,258,117.985138,15.837778,35.271469,74652
61276,p,259,118.750542,15.838723,35.316116,74672
61296,p,260,119.532837,15.850369,35.319183,74692
61316,p,261,120.337051,15.874151,35.377529,74712
61337,p,262,121.160728,15.909055,35.435638,74732
61357,p,263,122.038033,15.950996,35.477871,74752
61377,p,264,122.857552,15.989530,35.383381,74772
61397,p,265,123.687065,16.030024,35.286839,74792
61417,p,266,124.451767,16.074717,35.248741,74812
61437,p,267,125.199539,16.127045,35.229427,74832
61457,p,268,125.975494,16.193460,35.256310,74852
61477,p,269,126.707939,16.271887,35.324818,74872
61497,p,270,127.433289,16.360987,35.390854,74892
61517,p,271,128.151566,16.451704,35.414337,74912
61537,p,272,128.887970,16.542980,35.381775,74932
61557,p,273,129.567383,16.624176,35.344418,74952
61577,p,274,130.227493,16.700052,35.344067,74972
61597,p,275,130.872192,16.774214,35.387379,74992
61617,p,276,131.507034,16.853451,35.451279,75012
61648,p,277,132.165161,16.948362,35.576317,75032
61658,p,278,132.789093,17.048485,35.736153,75052
61741,p,279,133.443649,17.154835,35.899242,75072
61747,p,280,134.064499,17.254198,36.038563,75092
61753,p,281,134.702515,17.351299,36.170250,75112
61758,p,282,135.296265,17.428913,36.293812,75132
61764,p,283,135.899246,17.496586,36.430511,75152
61785,p,284,136.484802,17.558813,36.618187,75172
61805,p,285,137.029129,17.616137,36.917286,75192
61824,p,286,137.556015,17.668652,37.213158,75212
61841,p,287,138.067749,17.712326,37.512749,75232
61862,p,288,138.556992,17.743195,37.847168,75252
61881,p,289,139.022202,17.770893,38.220932,75272
61902,p,290,139.477890,17.805151,38.591393,75292
61921,p,291,139.957031,17.841778,38.935589,75312
61940,p,292,140.405365,17.867334,39.222832,75332
61960,p,293,140.841278,17.887074,39.488972,75352
61981,p,294,141.287643,17.910469,39.736805,75372
62000,p,295,141.702972,17.931372,39.935078,75392
62019,p,296,142.113007,17.945787,40.154495,75412
62039,p,297,142.521423,17.954046,40.440052,75432
62059,p,298,142.913361,17.958542,40.635483,75452
62079,p,299,143.289719,17.960699,40.823112,75472
62099,p,300,143.680389,17.961390,41.036629,75492
62120,p,301,144.037811,17.953196,41.150909,75513
62139,p,302,144.375946,17.938372,41.245842,75533
62160,p,303,144.727615,17.924982,41.320183,75553
62180,p,304,145.076614,17.907394,41.433258,75573
62200,p,305,145.403091,17.881935,41.497448,75593
62220,p,306,145.724762,17.853539,41.519417,75613
62240,p,307,146.041519,17.824219,41.596718,75633
62260,p,308,146.343658,17.795048,41.654842,75653
62280,p,309,146.642624,17.764469,41.700619,75673
62300,p,310,146.936554,17.726883,41.727570,75693
62320,p,311,147.210861,17.683489,41.711113,75713
62340,p,312,147.471222,17.644344,41.656509,75733
62360,p,313,147.733902,17.604818,41.587395,75753
62380,p,314,148.004715,17.553181,41.580647,75773
62400,p,315,148.249084,17.498386,41.646328,75793
62421,p,316,148.487259,17.445520,41.657166,75813
62441,p,317,148.728607,17.391159,41.654808,75833
62465,p,318,148.976242,17.326746,41.631054,75853
62481,p,319,149.209335,17.262161,41.554741,75873
62501,p,320,149.438095,17.196285,41.490780,75893
62521,p,321,149.654663,17.121679,41.439793,75913
62541,p,322,149.857727,17.042494,41.458920,75933
62561,p,323,150.058380,16.970856,41.485188,75953
62581,p,324,150.273453,16.897287,41.501717,75973
62601,p,325,150.474838,16.813763,41.456455,75993
62621,p,326,150.662369,16.718521,41.469650,76013
62642,p,327,150.662369,16.718521,41.469650,76033
62671,p,328,150.868301,16.609694,41.527851,76053
62691,p,329,151.042175,16.513813,41.571228,76073
62712,p,330,151.208710,16.417450,41.556282,76093
62732,p,331,151.369659,16.314466,41.485123,76113
62758,p,332,151.531158,16.205338,41.331181,76133
62779,p,333,151.694901,16.097137,41.191963,76153
62790,p,334,151.850220,15.987185,41.084595,76173
62812,p,335,151.993454,15.866776,41.029804,76193
62838,p,336,152.122009,15.753956,40.987087,76213
62852,p,337,152.261658,15.647723,40.971973,76233
62872,p,338,152.411942,15.543469,40.994343,76253
62899,p,339,152.559906,15.425339,40.961292,76273
62912,p,340,152.684082,15.303405,40.947411,76293
62931,p,341,152.801956,15.183143,40.958935,76313
62951,p,342,152.919159,15.070368,40.914394,76333
62971,p,343,153.036194,14.954244,40.856438,76353
62992,p,344,153.147125,14.837372,40.803215,76373
63018,p,345,153.257172,14.726654,40.761272,76393
63040,p,346,153.372635,14.611041,40.722530,76413
63059,p,347,153.480316,14.487487,40.686211,76434
63078,p,348,153.570053,14.366276,40.662830,76454
63091,p,349,153.651474,14.255730,40.648022,76474
63111,p,350,153.742096,14.154457,40.621834,76494
63132,p,351,153.839645,14.054252,40.577984,76514
63158,p,352,153.936035,13.946343,40.493904,76534
63179,p,353,154.029602,13.835384,40.393082,76554
63191,p,354,154.122162,13.722135,40.306313,76574
63220,p,355,154.196930,13.611148,40.267567,76594
63239,p,356,154.265778,13.494777,40.261395,76614
63258,p,357,154.345596,13.380096,40.189758,76634
63280,p,358,154.437973,13.255980,40.154270,76654
63301,p,359,154.517273,13.124369,40.155582,76674
63319,p,360,154.592941,12.981858,40.110992,76694
63338,p,361,154.667648,12.846611,40.068527,76714
63360,p,362,154.746704,12.703882,40.018227,76734
63372,p,363,154.825272,12.571905,39.972500,76754
63400,p,364,154.911484,12.430868,39.923054,76774
63420,p,365,154.988327,12.285090,39.880470,76794
63432,p,366,155.062119,12.141471,39.844875,76814
63460,p,367,155.137650,12.005329,39.854248,76834
63479,p,368,155.210358,11.864224,39.877449,76854
63500,p,369,155.285706,11.714291,39.906612,76874
63519,p,370,155.365341,11.557359,39.933552,76894
63532,p,371,155.437347,11.391213,39.936188,76914
63552,p,372,155.499115,11.218687,39.892288,76934
63580,p,373,155.557083,11.065270,39.960274,76954
63601,p,374,155.619080,10.903617,40.044518,76974
63620,p,375,155.675751,10.744336,40.126488,76994
63639,p,376,155.730316,10.584265,40.209877,77014
63660,p,377,155.777283,10.432273,40.280106,77034
63679,p,378,155.824692,10.285746,40.342079,77054
63700,p,379,155.879120,10.124315,40.330524,77074
63720,p,380,155.923706,9.972969,40.282269,77094
63732,p,381,155.964386,9.833162,40.204807,77114
63759,p,382,156.006180,9.693206,40.192631,77134
63772,p,383,156.049622,9.549836,40.215191,77154
63791,p,384,156.094772,9.402297,40.272320,77174
63813,p,385,156.132874,9.266757,40.322514,77194
63839,p,386,156.176117,9.137065,40.371868,77214
114353,m,387,156.223541,9.000199,40.408878,247.139587
114373,p,388,160.126617,2.385664,38.798012,127618
114393,p,389,160.120224,2.360994,38.761467,127638
114413,p,390,160.110718,2.339950,38.731010,127658
114433,p,391,160.092926,2.325383,38.699966,127678
114453,p,392,160.072617,2.316568,38.671635,127698
114474,p,393,160.054398,2.300210,38.638515,127718
114494,p,394,160.034821,2.267286,38.610313,127738
114514,p,395,160.009064,2.227452,38.600952,127758
114534,p,396,159.970642,2.188522,38.645905,127778
114554,p,397,159.924118,2.148089,38.691193,127798
114574,p,398,159.882675,2.100904,38.718197,127818
114594,p,399,159.835983,2.041386,38.735481,127838
114614,p,400,159.774078,1.971423,38.760956,127858
114634,p,401,159.699524,1.897189,38.783573,127878
114654,p,402,159.617538,1.811769,38.803890,127898
114674,p,403,159.550186,1.724003,38.813446,127918
114694,p,404,159.480957,1.629177,38.800114,127938
114714,p,405,159.399078,1.527065,38.758167,127958
114734,p,406,159.313980,1.425102,38.786854,127978
114754,p,407,159.230881,1.319697,38.820278,127998
114774,p,408,159.150314,1.201622,38.845341,128018
114795,p,409,159.068909,1.078283,38.870296,128038
114815,p,410,158.974762,0.939480,38.903530,128058
114835,p,411,158.872620,0.790711,38.932117,128078
114855,p,412,158.771851,0.640867,38.956284,128098
114875,p,413,158.680771,0.495796,38.968876,128118
114895,p,414,158.585709,0.338792,38.988686,128138
114915,p,415,158.485947,0.166157,39.016605,128158
114935,p,416,158.387390,-0.001611,39.038315,128178
114955,p,417,158.289322,-0.163810,39.061489,128198
114975,p,418,158.192657,-0.325691,39.082870,128218
114995,p,419,158.090424,-0.495991,39.112946,128238
115015,p,420,157.986145,-0.672236,39.152096,128258
115035,p,421,157.869583,-0.867834,39.181969,128278
115055,p,422,157.755371,-1.055719,39.143612,128298
115075,p,423,157.644348,-1.247392,39.084297,128318
115097,p,424,157.644348,-1.247392,39.084297,128338
115116,p,425,157.512085,-1.479711,39.015579,128358
115136,p,426,157.387451,-1.698282,38.879810,128378
115156,p,427,157.267761,-1.907767,38.775345,128398
115176,p,428,157.148331,-2.121763,38.705193,128418
115196,p,429,157.023743,-2.349476,38.639484,128438
115218,p,430,156.888885,-2.596009,38.575478,128458
115236,p,431,156.756454,-2.842039,38.504520,128478
115256,p,432,156.622742,-3.090999,38.439308,128498
115276,p,433,156.484116,-3.345767,38.340809,128518
115296,p,434,156.339935,-3.594563,38.237152,128538
115316,p,435,156.192703,-3.844556,38.144928,128558
115336,p,436,156.046860,-4.106323,38.045025,128578
115356,p,437,155.906830,-4.358852,37.971779,128598
115376,p,438,155.759171,-4.613850,37.969994,128618
115396,p,439,155.596771,-4.883908,37.974625,128638
115416,p,440,155.444351,-5.143792,37.978336,128658
115437,p,441,155.294830,-5.424232,37.980591,128678
115457,p,442,155.141235,-5.716709,37.926651,128698
115477,p,443,154.979691,-6.008382,37.876938,128718
115497,p,444,154.823669,-6.290090,37.829285,128738
115517,p,445,154.661301,-6.600964,37.853920,128758
115537,p,446,154.503891,-6.922818,37.806183,128778
115557,p,447,154.347229,-7.249097,37.689320,128798
115577,p,448,154.205505,-7.555861,37.586723,128818
115597,p,449,154.066238,-7.877282,37.479641,128838
115617,p,450,153.930191,-8.190074,37.403942,128858
115637,p,451,153.791382,-8.506875,37.401230,128878
115657,p,452,153.643539,-8.826021,37.346935,128898
115677,p,453,153.487854,-9.157145,37.267998,128918
115697,p,454,153.332230,-9.473177,37.199829,128938
115717,p,455,153.153351,-9.808631,37.135860,128958
115737,p,456,152.965897,-10.125764,37.090324,128978
115758,p,457,152.761505,-10.454393,37.046200,128998
115778,p,458,152.561234,-10.774376,37.005970,129018
115798,p,459,152.359680,-11.101140,36.991489,129038
115818,p,460,152.359680,-11.101140,36.991489,129058
115838,p,461,152.118164,-11.479621,37.027012,129078
115858,p,462,151.895721,-11.805874,37.061203,129098
115878,p,463,151.665665,-12.129885,37.062038,129118
115898,p,464,151.420929,-12.457458,37.029282,129138
115918,p,465,151.150467,-12.805324,37.072735,129158
115938,p,466,150.886292,-13.140359,37.071598,129178
115958,p,467,150.620346,-13.476170,37.029163,129198
115978,p,468,150.350998,-13.808560,36.989906,129218
116000,p,469,150.056061,-14.152295,36.952915,129238
116018,p,470,149.756851,-14.487949,36.921108,129258
116039,p,471,149.471909,-14.809610,36.891712,129278
116059,p,472,149.159256,-15.159041,36.867004,129298
116078,p,473,148.850159,-15.496417,36.850742,129318
116099,p,474,148.527954,-15.836647,36.884739,129338
116119,p,475,148.172180,-16.197081,36.932320,129358
116139,p,476,147.797043,-16.562487,36.968731,129378
116159,p,477,147.409073,-16.928255,36.944916,129398
116179,p,478,147.040955,-17.278688,36.919018,129418
116199,p,479,146.671448,-17.633921,36.887314,129438
116219,p,480,146.294800,-17.985432,36.856735,129458
116239,p,481,145.917404,-18.330441,36.881313,129478
116259,p,482,145.537506,-18.680151,36.923416,129498
116279,p,483,145.159164,-19.025019,36.979488,129518
116300,p,484,144.764145,-19.379063,36.992096,129538
116320,p,485,144.373962,-19.733868,36.991486,129558
116339,p,486,144.002502,-20.090673,36.983746,129578
116360,p,487,143.632080,-20.452023,36.963959,129598
116380,p,488,143.268494,-20.793556,36.946911,129618
116401,p,489,142.904221,-21.128677,36.923939,129638
116420,p,490,142.532074,-21.469423,36.897697,129658
116440,p,491,142.156418,-21.812349,36.911175,129678
116461,p,492,141.763870,-22.174191,36.946342,129698
116481,p,493,141.377258,-22.532114,36.970631,129718
116500,p,494,141.008118,-22.870754,36.993481,129738
116520,p,495,140.627289,-23.204878,37.018223,129759
116541,p,496,140.245163,-23.535004,37.045101,129779
116562,p,497,139.856369,-23.889080,37.068935,129799
116581,p,498,139.490082,-24.235474,37.085209,129819
116601,p,499,139.135757,-24.576925,37.035572,129839
116621,p,500,138.789124,-24.919140,36.979645,129859
116641,p,501,138.429535,-25.278883,36.932953,129879
116661,p,502,138.078903,-25.622910,36.894730,129899
116682,p,503,137.705978,-25.983217,36.858685,129919
116702,p,504,137.361511,-26.327997,36.834381,129939
116721,p,505,137.010818,-26.690975,36.849987,129959
116742,p,506,136.676483,-27.031809,36.811714,129979
116762,p,507,136.342255,-27.366457,36.787468,129999
116783,p,508,136.342255,-27.366457,36.787468,130019
116802,p,509,135.957214,-27.747860,36.804100,130039
116822,p,510,135.611984,-28.082697,36.829247,130059
116842,p,511,135.258438,-28.418499,36.867004,130079
116862,p,512,134.897217,-28.758467,36.899406,130099
116882,p,513,134.526978,-29.119617,36.858250,130119
116903,p,514,134.185074,-29.474104,36.808369,130139
116922,p,515,133.842056,-29.832504,36.756603,130159
116942,p,516,133.496277,-30.186705,36.776779,130179
116962,p,517,133.133194,-30.557253,36.757462,130199
116982,p,518,132.784546,-30.911905,36.720036,130219
117002,p,519,132.433273,-31.270342,36.758018,130239
117023,p,520,132.078659,-31.634405,36.794441,130259
117042,p,521,131.717667,-32.013283,36.818859,130279
117063,p,522,131.383774,-32.381310,36.775265,130299
117083,p,523,131.049805,-32.757107,36.783493,130319
117103,p,524,130.716415,-33.129951,36.823208,130339
117123,p,525,130.385330,-33.503677,36.857079,130359
117143,p,526,130.054947,-33.886650,36.901249,130379
117163,p,527,129.728241,-34.275162,36.953857,130399
117183,p,528,129.406937,-34.666298,37.002201,130419
117203,p,529,129.097061,-35.055958,37.049507,130439
117223,p,530,128.802017,-35.448631,37.090630,130459
117243,p,531,128.514191,-35.844891,37.126476,130479
117264,p,532,128.204529,-36.258339,37.172771,130499
117283,p,533,127.900497,-36.648495,37.218151,130519
117304,p,534,127.592995,-37.038467,37.259689,130539
117324,p,535,127.287689,-37.432728,37.297794,130559
117344,p,536,126.980278,-37.835613,37.332481,130579
117364,p,537,126.677162,-38.238403,37.366341,130599
117384,p,538,126.382263,-38.638706,37.392216,130619
117404,p,539,126.069962,-39.061752,37.421085,130639
117424,p,540,125.767250,-39.465462,37.457684,130659
117444,p,541,125.451538,-39.891174,37.481045,130680
117464,p,542,125.158363,-40.301868,37.490971,130700
117484,p,543,124.873962,-40.713379,37.495182,130720
117504,p,544,124.586090,-41.121479,37.497643,130740
117525,p,545,124.286537,-41.542419,37.500561,130760
117545,p,546,124.007210,-41.951271,37.496017,130780
117565,p,547,123.734116,-42.363636,37.544125,130800
117585,p,548,123.448235,-42.792473,37.599449,130820
117605,p,549,123.171783,-43.197468,37.637123,130840
117625,p,550,122.897163,-43.597172,37.612133,130860
117645,p,551,122.630905,-43.994865,37.574448,130880
117665,p,552,122.362541,-44.401718,37.534527,130900
117685,p,553,122.091705,-44.810791,37.502438,130920
117705,p,554,121.827164,-45.211197,37.468281,130940
117725,p,555,121.563934,-45.607040,37.429451,130960
117745,p,556,121.279083,-46.028576,37.404095,130980
117765,p,557,121.006836,-46.432644,37.387379,131000
117785,p,558,120.737221,-46.837029,37.354481,131020
117805,p,559,120.470322,-47.241425,37.318172,131040
117825,p,560,120.207428,-47.647354,37.289631,131060
117846,p,561,119.942322,-48.057640,37.264851,131080
117866,p,562,119.676453,-48.470882,37.250355,131100
117886,p,563,119.425743,-48.880016,37.234226,131120
117916,p,564,119.180840,-49.307003,37.205582,131140
117926,p,565,118.957275,-49.712097,37.186638,131160
117946,p,566,118.736755,-50.116436,37.152420,131180
117966,p,567,118.509491,-50.520546,37.091171,131200
117986,p,568,118.282501,-50.919914,37.102310,131220
118007,p,569,118.073296,-51.314117,37.099419,131240
118028,p,570,117.880562,-51.709930,37.070572,131260
118047,p,571,117.697014,-52.106392,37.041203,131280
118066,p,572,117.510719,-52.519714,37.029217,131300
118087,p,573,117.325897,-52.916496,37.032600,131320
118106,p,574,117.129814,-53.314316,37.051151,131340
118127,p,575,116.938927,-53.705917,37.106293,131360
118147,p,576,116.758659,-54.099617,37.182102,131380
118167,p,577,116.580322,-54.502556,37.256401,131400
118188,p,578,116.398346,-54.904831,37.343452,131420
118207,p,579,116.208511,-55.299496,37.432877,131440
118231,p,580,115.999863,-55.710808,37.525230,131460
118251,p,581,115.809380,-56.103149,37.609821,131480
118269,p,582,115.632614,-56.501274,37.682362,131500
118289,p,583,115.452591,-56.906548,37.816185,131521
118313,p,584,115.265617,-57.307449,37.957371,131541
118332,p,585,115.070602,-57.718334,38.100731,131561
118354,p,586,114.885727,-58.114864,38.286995,131581
118372,p,587,114.710953,-58.517536,38.425571,131601
118393,p,588,114.531487,-58.941929,38.538483,131621
118413,p,589,114.351456,-59.343933,38.698650,131641
118434,p,590,114.175880,-59.735023,38.856377,131661
118449,p,591,113.996780,-60.137302,39.020378,131681
118469,p,592,113.820129,-60.526417,39.184181,131701
118492,p,593,113.638885,-60.920235,39.347706,131721
118511,p,594,113.454643,-61.315117,39.484764,131741
118534,p,595,113.259300,-61.723522,39.599579,131761
118552,p,596,113.061333,-62.132065,39.696918,131781
118574,p,597,112.863449,-62.525822,39.791256,131801
118593,p,598,112.664215,-62.917881,39.916100,131821
118612,p,599,112.465584,-63.312595,40.017181,131841
118638,p,600,112.257355,-63.710629,40.111320,131861
118652,p,601,112.257355,-63.710629,40.111320,131881
118673,p,602,112.015221,-64.168915,40.205814,131901
118692,p,603,111.807114,-64.573326,40.263191,131921
118714,p,604,111.597763,-64.979561,40.310337,131941
118739,p,605,111.380844,-65.385368,40.350559,131961
118759,p,606,111.159248,-65.790184,40.315788,131981
118773,p,607,110.946587,-66.195786,40.299110,132001
118792,p,608,110.735413,-66.607765,40.315243,132021
118813,p,609,110.519501,-67.014427,40.270035,132041
118831,p,610,110.304543,-67.415077,40.216709,132061
118850,p,611,110.095230,-67.818985,40.157787,132081
118870,p,612,109.878433,-68.248604,40.104527,132101
118890,p,613,109.668747,-68.658432,40.057758,132121
118917,p,614,109.446121,-69.065063,40.017166,132141
118931,p,615,109.215012,-69.459457,39.987400,132161
118952,p,616,108.984894,-69.850929,39.923058,132181
118978,p,617,108.754181,-70.253731,39.828846,132201
118999,p,618,108.519630,-70.662567,39.817146,132221
119014,p,619,108.279976,-71.065216,39.771633,132241
119038,p,620,108.022522,-71.487289,39.689178,132261
119054,p,621,107.781631,-71.895203,39.616657,132281
119073,p,622,107.544197,-72.309891,39.543480,132301
119098,p,623,107.297424,-72.727837,39.473568,132321
119118,p,624,107.046410,-73.139793,39.348026,132341
119134,p,625,106.800201,-73.548813,39.258175,132362
119159,p,626,106.557014,-73.964584,39.197956,132382
119173,p,627,106.306526,-74.398796,39.083111,132402
119192,p,628,106.063187,-74.806992,38.985790,132422
119213,p,629,105.810333,-75.211189,38.908924,132442
119239,p,630,105.563942,-75.610733,38.903034,132462
119259,p,631,105.321068,-76.030746,38.886765,132482
119274,p,632,105.087700,-76.439819,38.873577,132502
119299,p,633,104.835449,-76.870811,38.881145,132522
119319,p,634,104.592896,-77.277138,38.856785,132542
119339,p,635,104.337608,-77.696983,38.808270,132562
119353,p,636,104.093727,-78.099503,38.758301,132582
119379,p,637,103.859901,-78.502350,38.713463,132602
119409,p,638,103.630707,-78.905968,38.669674,132622
119419,p,639,103.391029,-79.315300,38.637917,132642
119439,p,640,103.148987,-79.726570,38.620190,132662
119460,p,641,102.918388,-80.132515,38.593193,132682
119475,p,642,102.694862,-80.532364,38.558411,132702
119500,p,643,102.467262,-80.944824,38.531372,132722
119513,p,644,102.247482,-81.337631,38.492889,132742
119533,p,645,102.006706,-81.751938,38.419392,132762
119552,p,646,101.775047,-82.143234,38.417068,132782
119573,p,647,101.541473,-82.529274,38.411823,132802
119593,p,648,101.303322,-82.914581,38.405815,132822
119614,p,649,101.056786,-83.319748,38.408607,132842
119634,p,650,100.816566,-83.715271,38.409214,132862
119653,p,651,100.568657,-84.110039,38.415257,132882
119673,p,652,100.312881,-84.512642,38.428692,132902
119694,p,653,100.071182,-84.892807,38.441002,132922
119714,p,654,99.816734,-85.290047,38.446274,132942
119734,p,655,99.576942,-85.662994,38.369743,132962
119753,p,656,99.345497,-86.030388,38.317223,132982
119773,p,657,99.117584,-86.392380,38.293159,133002
119794,p,658,98.898605,-86.748764,38.277622,133022
119817,p,659,98.688263,-87.108284,38.266582,133042
119839,p,660,98.474976,-87.476906,38.262066,133062
119861,p,661,98.266983,-87.843300,38.269073,133082
119880,p,662,98.073715,-88.200005,38.270538,133102
119902,p,663,97.877289,-88.569893,38.269867,133122
119922,p,664,97.693184,-88.925972,38.287827,133142
119941,p,665,97.513870,-89.286385,38.312351,133162
119960,p,666,97.333794,-89.648552,38.340195,133182
119980,p,667,97.160995,-90.004997,38.431789,133202
120002,p,668,96.992157,-90.363197,38.515564,133222
120021,p,669,96.821465,-90.726616,38.603329,133243
120041,p,670,96.649918,-91.095047,38.687466,133263
120061,p,671,96.476395,-91.463013,38.722412,133283
120080,p,672,96.305618,-91.824318,38.722954,133303
120098,p,673,96.127602,-92.188896,38.722050,133323
120120,p,674,95.936089,-92.558846,38.802052,133343
120138,p,675,95.730278,-92.944664,38.932381,133363
120158,p,676,95.531685,-93.311188,38.983627,133383
120177,p,677,95.317825,-93.694572,39.039028,133403
120198,p,678,95.110619,-94.054543,39.101231,133423
120217,p,679,94.892677,-94.434494,39.211269,133443
120237,p,680,94.689354,-94.803421,39.307728,133463
120257,p,681,94.484589,-95.174057,39.393234,133483
120278,p,682,94.269257,-95.546608,39.474312,133503
120301,p,683,94.050865,-95.938843,39.552795,133523
120318,p,684,93.847404,-96.321709,39.611320,133543
120337,p,685,93.638023,-96.705414,39.668633,133563
120358,p,686,93.430786,-97.084152,39.717285,133583
120378,p,687,93.226875,-97.467392,39.732834,133603
120398,p,688,93.023109,-97.854149,39.694180,133623
120419,p,689,92.818214,-98.236038,39.700409,133643
120439,p,690,92.612335,-98.617035,39.716808,133663
120458,p,691,92.411118,-99.000877,39.730534,133683
120478,p,692,92.205658,-99.386993,39.737396,133703
120499,p,693,91.995193,-99.766869,39.744072,133723
120518,p,694,91.788513,-100.145805,39.746128,133743
120538,p,695,91.585648,-100.534279,39.738934,133763
120558,p,696,91.386871,-100.931557,39.726273,133783
120578,p,697,91.190979,-101.326309,39.711308,133803
120598,p,698,90.994621,-101.720299,39.692455,133823
120618,p,699,90.799179,-102.132271,39.650898,133843
120638,p,700,90.618279,-102.531136,39.558880,133863
120658,p,701,90.618279,-102.531136,39.558880,133883
120678,p,702,90.401825,-102.993927,39.464939,133903
120698,p,703,90.199211,-103.405220,39.385353,133923
120718,p,704,90.004250,-103.796494,39.310165,133943
120739,p,705,89.810013,-104.195076,39.245983,133963
120757,p,706,89.621124,-104.596046,39.188797,133983
120778,p,707,89.420151,-105.014046,39.131535,134003
120798,p,708,89.227631,-105.404526,39.087605,134023
120818,p,709,89.045578,-105.790222,39.044884,134043
120838,p,710,88.860138,-106.201744,38.995228,134063
120858,p,711,88.683403,-106.599930,38.960747,134083
120878,p,712,88.505409,-106.994362,38.895748,134104
120898,p,713,88.320755,-107.380737,38.808414,134124
120922,p,714,88.137810,-107.760773,38.733341,134144
120943,p,715,87.971489,-108.141258,38.703644,134164
120963,p,716,87.808556,-108.550102,38.698460,134184
120988,p,717,87.645821,-108.962921,38.708870,134204
121004,p,718,87.488503,-109.354164,38.743370,134224
121025,p,719,87.324371,-109.747231,38.801151,134244
121048,p,720,87.151604,-110.143921,38.919418,134264
121062,p,721,86.987373,-110.534790,38.986755,134284
121087,p,722,86.839920,-110.921837,39.016586,134304
121102,p,723,86.694748,-111.324249,39.039021,134324
121119,p,724,86.560226,-111.706909,39.070747,134344
121139,p,725,86.426010,-112.092728,39.105495,134364
121159,p,726,86.289742,-112.476440,39.141041,134384
121180,p,727,86.159050,-112.851303,39.171547,134404
121202,p,728,86.033875,-113.223885,39.188206,134424
121230,p,729,85.909996,-113.615234,39.200886,134444
121243,p,730,85.797325,-113.995735,39.211716,134464
121262,p,731,85.667496,-114.399818,39.223259,134484
121289,p,732,85.530365,-114.781197,39.238987,134504
121311,p,733,85.392593,-115.162880,39.243618,134524
121329,p,734,85.255302,-115.552628,39.231731,134544
121343,p,735,85.121803,-115.944077,39.221622,134564
121369,p,736,84.991127,-116.339172,39.217278,134584
121383,p,737,84.847359,-116.755844,39.218323,134604
121408,p,738,84.711067,-117.149025,39.221832,134624
121429,p,739,84.582031,-117.549072,39.206287,134644
121453,p,740,84.468681,-117.925255,39.180260,134664
121463,p,741,84.357468,-118.302429,39.160961,134684
121481,p,742,84.256821,-118.683960,39.144787,134704
121501,p,743,84.166107,-119.077431,39.090645,134724
121520,p,744,84.072762,-119.479691,39.008976,134744
121540,p,745,83.974709,-119.877144,38.949814,134764
121561,p,746,83.868568,-120.273773,38.926567,134784
121581,p,747,83.748718,-120.689583,38.940052,134804
121601,p,748,83.639961,-121.078911,39.021358,134824
121621,p,749,83.536079,-121.480186,39.049812,134844
121644,p,750,83.436623,-121.866074,39.037388,134864
121669,p,751,83.339767,-122.256256,39.038231,134884
121689,p,752,83.246910,-122.647812,39.041836,134904
121708,p,753,83.145325,-123.036797,39.045704,134925
121727,p,754,83.036964,-123.417038,39.057915,134945
121749,p,755,82.934120,-123.786041,39.060329,134965
121770,p,756,82.833359,-124.173363,39.043915,134985
121784,p,757,82.748123,-124.542557,39.023579,135005
121804,p,758,82.669235,-124.910500,39.002327,135025
121824,p,759,82.582771,-125.285057,38.991913,135045
121842,p,760,82.489883,-125.667252,38.991688,135065
121864,p,761,82.391884,-126.066093,39.002731,135085
121883,p,762,82.294273,-126.445343,39.017414,135105
121903,p,763,82.181839,-126.835487,39.041714,135125
121924,p,764,82.065788,-127.208588,39.070614,135145
121949,p,765,81.961113,-127.555824,39.087063,135165
121969,p,766,81.861603,-127.906593,39.096848,135185
121984,p,767,81.766617,-128.254318,39.114677,135205
122009,p,768,81.671883,-128.596817,39.140888,135225
122024,p,769,81.569229,-128.939117,39.165668,135245
172048,m,770,81.461937,-129.279190,39.189465,260.433929
172222,c,771,3.477979,-1.580962,0,0
172245,p,772,77.174599,-136.028564,37.358730,185325
172265,p,773,77.174599,-136.028564,37.358730,185345
172285,p,774,77.211632,-136.052505,37.334488,185365
172305,p,775,77.249237,-136.063995,37.300503,185385
172326,p,776,77.301277,-136.064896,37.261253,185406
172346,p,777,77.367889,-136.066376,37.214966,185426
172366,p,778,77.448288,-136.077179,37.200230,185446
172386,p,779,77.545982,-136.082825,37.280411,185466
172406,p,780,77.663177,-136.078812,37.382366,185486
172426,p,781,77.794525,-136.073700,37.487938,185506
172446,p,782,77.943123,-136.066376,37.551430,185526
172466,p,783,78.100029,-136.058975,37.660538,185546
172486,p,784,78.265984,-136.062164,37.787754,185566
172506,p,785,78.437546,-136.069473,37.917419,185586
172526,p,786,78.623405,-136.068481,38.091827,185606
172546,p,787,78.802711,-136.061356,38.263603,185626
172570,p,788,78.984268,-136.051834,38.428375,185646
172587,p,789,79.172989,-136.044983,38.587067,185666
172607,p,790,79.355003,-136.040375,38.722862,185686
172627,p,791,79.546440,-136.033936,38.837967,185706
172647,p,792,79.749245,-136.026993,38.946499,185726
172667,p,793,79.941856,-136.016205,39.069584,185746
172687,p,794,80.142723,-136.002075,39.213932,185766
172707,p,795,80.351791,-135.987106,39.280361,185786
172727,p,796,80.575485,-135.965027,39.385235,185806
172747,p,797,80.783859,-135.934998,39.556534,185826
172767,p,798,80.985001,-135.899796,39.650646,185846
172787,p,799,81.191643,-135.861053,39.723583,185866
172807,p,800,81.406265,-135.819687,39.782398,185886
172827,p,801,81.604439,-135.772797,39.833668,185906
172848,p,802,81.819687,-135.717560,39.875576,185926
172868,p,803,82.030640,-135.669708,39.904785,185946
172888,p,804,82.247345,-135.621231,39.928196,185966
172908,p,805,82.471550,-135.568161,39.935699,185986
172931,p,806,82.700226,-135.514557,39.941402,186006
172948,p,807,82.932114,-135.463760,39.946671,186026
172968,p,808,83.176735,-135.413574,39.977600,186046
172988,p,809,83.420242,-135.366455,40.031639,186066
173008,p,810,83.665810,-135.321976,40.076939,186086
173028,p,811,83.904465,-135.278503,40.122730,186106
173048,p,812,84.150162,-135.236008,40.164478,186126
173068,p,813,84.418068,-135.198090,40.197788,186146
173089,p,814,84.668999,-135.161865,40.194839,186166
173109,p,815,84.914391,-135.125290,40.172455,186186
173130,p,816,85.161057,-135.091537,40.139515,186206
173149,p,817,85.411026,-135.062576,40.104942,186226
173169,p,818,85.667053,-135.036118,40.072712,186247
173189,p,819,85.928253,-135.010452,40.033440,186267
173209,p,820,86.205360,-134.980270,39.996536,186287
173230,p,821,86.484337,-134.949387,39.969383,186307
173250,p,822,86.750748,-134.921478,39.946064,186327
173269,p,823,87.030418,-134.889877,39.972702,186347
173290,p,824,87.336967,-134.856247,40.017895,186367
173310,p,825,87.626511,-134.823593,40.067329,186387
173330,p,826,87.917374,-134.781784,40.119343,186407
173350,p,827,88.228806,-134.740982,40.143776,186427
173370,p,828,88.529854,-134.711395,40.123440,186447
173390,p,829,88.850113,-134.676666,40.106686,186467
173412,p,830,89.154732,-134.640228,40.085106,186487
173430,p,831,89.463501,-134.606949,40.070164,186507
173450,p,832,89.782990,-134.576233,40.057697,186527
173470,p,833,90.124557,-134.546173,40.035461,186547
173490,p,834,90.459045,-134.514801,40.014446,186567
173511,p,835,90.798386,-134.479782,39.994385,186587
173531,p,836,91.147972,-134.443222,39.975845,186607
173551,p,837,91.490631,-134.411880,39.961338,186627
173571,p,838,91.864670,-134.386703,39.938622,186647
173591,p,839,91.864670,-134.386703,39.938622,186667
173611,p,840,92.276062,-134.356247,39.878780,186687
173631,p,841,92.638062,-134.321762,39.804337,186707
173651,p,842,92.998512,-134.289139,39.735481,186727
173671,p,843,93.356430,-134.258759,39.726757,186747
173691,p,844,93.714226,-134.225510,39.738449,186767
173711,p,845,94.072144,-134.195618,39.682476,186787
173731,p,846,94.437134,-134.171906,39.627964,186807
173751,p,847,94.832123,-134.148407,39.558029,186827
173772,p,848,95.213722,-134.120346,39.435215,186847
173791,p,849,95.599762,-134.087906,39.367680,186867
173812,p,850,95.985497,-134.060013,39.340668,186887
173831,p,851,96.392464,-134.032272,39.373310,186907
173851,p,852,96.807701,-134.006989,39.391483,186927
173871,p,853,97.202759,-133.989532,39.380981,186947
173891,p,854,97.591896,-133.968719,39.332348,186967
173912,p,855,97.979172,-133.943726,39.290405,186987
173932,p,856,98.361542,-133.918854,39.258347,187007
173951,p,857,98.753876,-133.893585,39.236942,187027
173972,p,858,99.119667,-133.873749,39.158760,187047
173992,p,859,99.506905,-133.861053,39.098179,187067
174012,p,860,99.883331,-133.858154,39.083168,187087
174032,p,861,100.285889,-133.858551,39.066090,187107
174052,p,862,100.694138,-133.857025,39.049374,187127
174072,p,863,101.119049,-133.859772,39.040829,187147
174092,p,864,101.554329,-133.864151,38.990704,187167
174112,p,865,102.026955,-133.867447,38.981304,187187
