5975,0,0,3.817950,402494,0,0
6074,1,1,3.813260,402594,0,0
6174,2,2,3.850783,402694,0,0
6275,3,3,3.841402,402794,0,0
6374,4,4,3.878925,402894,0,0
6474,5,5,3.864854,402994,0,0
6573,6,6,3.874235,403094,0,0
6674,7,7,3.874235,403194,0,0
6774,8,8,3.864854,403294,0,0
6874,9,9,3.864854,403394,0,0
6974,10,10,3.878925,403494,0,0
7074,11,11,3.892996,403594,0,0
7174,12,12,3.921138,403694,0,0
7274,13,13,3.892996,403794,0,0
7374,14,14,3.892996,403894,0,0
7474,15,15,3.925829,403994,0,0
7574,16,16,3.930519,404094,0,0
7674,17,17,3.916448,404194,0,0
7774,18,18,3.939900,404294,0,0
7874,19,19,3.883615,404394,0,0
7974,20,20,3.911758,404494,0,0
8074,21,21,3.916448,404594,0,0
8174,22,22,3.897687,404694,0,0
8274,23,23,3.921138,404794,0,0
8374,24,24,3.921138,404894,0,0
8474,25,25,3.939900,404994,0,0
8574,26,26,3.911758,405094,0,0
8674,27,27,3.925829,405194,0,0
8774,28,28,3.921138,405294,0,0
8874,29,29,3.902377,405394,0,0
8974,30,30,3.921138,405494,0,0
9074,31,31,3.911758,405594,0,0
9174,32,32,3.949280,405694,0,0
9274,33,33,3.897687,405794,0,0
9374,34,34,3.944590,405894,0,0
9474,35,35,3.935209,405994,0,0
9574,36,36,3.972732,406094,0,0
9674,37,37,3.963352,406194,0,0
9774,38,38,3.968042,406294,0,0
9874,39,39,3.968042,406394,0,0
9974,40,40,3.986803,406494,0,0
10074,41,41,3.963352,406594,0,0
10174,42,42,3.958661,406694,0,0
10274,43,43,4.005565,406794,0,0
10374,44,44,3.986803,406894,0,0
10474,45,45,3.963352,406994,0,0
10574,46,46,3.991494,407094,0,0
10673,47,47,3.968042,407194,0,0
10773,48,48,3.953971,407294,0,0
10874,49,49,3.958661,407394,0,0
10974,50,50,3.986803,407494,0,0
11074,51,51,3.968042,407594,0,0
11174,52,52,3.991494,407694,0,0
11274,53,53,3.977423,407794,0,0
11374,54,54,3.958661,407894,0,0
11474,55,55,3.949280,407994,0,0
11573,56,56,3.977423,408094,0,0
11674,57,57,3.982113,408194,0,0
11774,58,58,3.963352,408294,0,0
11874,59,59,3.963352,408394,0,0
11974,60,60,3.986803,408494,0,0
12073,61,61,3.972732,408594,0,0
12173,62,62,3.916448,408694,0,0
12273,63,63,3.925829,408794,0,0
12374,64,64,3.921138,408894,0,0
12473,65,65,3.921138,408994,0,0
12573,66,66,3.925829,409094,0,0
12674,67,67,3.930519,409194,0,0
12773,68,68,3.958661,409294,0,0
12873,69,69,3.925829,409394,0,0
12974,70,70,3.925829,409494,0,0
13073,71,71,3.963352,409594,0,0
13174,72,72,3.939900,409694,0,0
13273,73,73,3.949280,409794,0,0
13374,74,74,3.991494,409894,0,0
13473,75,75,3.972732,409994,0,0
13573,76,76,3.963352,410094,0,0
13673,77,77,3.953971,410194,0,0
13773,78,78,3.953971,410294,0,0
13873,79,79,3.968042,410394,0,0
13973,80,80,3.949280,410494,0,0
14073,81,81,3.982113,410594,0,0
14173,82,82,3.996184,410694,0,0
14274,83,83,4.000874,410794,0,0
14373,84,84,4.024326,410894,0,0
14473,85,85,3.982113,410994,0,0
14573,86,86,3.972732,411094,0,0
14674,87,87,3.977423,411194,0,0
14773,88,88,3.991494,411294,0,0
14873,89,89,3.982113,411394,0,0
14973,90,90,3.963352,411494,0,0
15073,91,91,4.038397,411594,0,0
15273,92,92,3.982113,411794,0,0
15373,93,93,3.972732,411894,0,0
15474,94,94,3.968042,411994,0,0
15573,95,95,4.014945,412094,0,0
15673,96,96,3.986803,412194,0,0
15773,97,97,3.977423,412294,0,0
15873,98,98,3.944590,412394,0,0
15974,99,99,4.029017,412494,0,0
16073,100,100,3.968042,412594,0,0
16174,101,101,3.963352,412694,0,0
16274,102,102,3.953971,412794,0,0
16373,103,103,3.963352,412894,0,0
16473,104,104,4.024326,412994,0,0
16573,105,105,3.968042,413094,0,0
16674,106,106,3.972732,413194,0,0
16773,107,107,3.963352,413294,0,0
16874,108,108,3.953971,413394,0,0
16973,109,109,3.991494,413494,0,0
17073,110,110,3.991494,413594,0,0
17173,111,111,3.939900,413694,0,0
17274,112,112,4.010255,413794,0,0
17373,113,113,3.991494,413894,0,0
17473,114,114,3.935209,413994,0,0
17573,115,115,3.939900,414094,0,0
17674,116,116,3.972732,414194,0,0
17774,117,117,3.944590,414294,0,0
17873,118,118,3.982113,414394,0,0
17973,119,119,3.982113,414494,0,0
18073,120,120,4.014945,414594,0,0
18173,121,121,3.991494,414694,0,0
18273,122,122,3.958661,414794,0,0
18374,123,123,3.968042,414894,0,0
18474,124,124,3.996184,414994,0,0
18573,125,125,3.968042,415094,0,0
18673,126,126,3.977423,415194,0,0
18773,127,127,4.019636,415294,0,0
18873,128,128,4.010255,415394,0,0
18973,129,129,3.977423,415494,0,0
19073,130,130,4.010255,415594,0,0
19173,131,131,3.958661,415694,0,0
19273,132,132,4.024326,415794,0,0
19373,133,133,3.986803,415894,0,0
19473,134,134,3.991494,415994,0,0
19573,135,135,4.000874,416094,0,0
19673,136,136,3.991494,416194,0,0
19774,137,137,4.000874,416294,0,0
19874,138,138,4.014945,416394,0,0
19974,139,139,3.986803,416494,0,0
20073,140,140,4.010255,416594,0,0
20174,141,141,4.000874,416694,0,0
20274,142,142,3.977423,416794,0,0
20374,143,143,3.996184,416894,0,0
20474,144,144,4.010255,416994,0,0
20574,145,145,4.000874,417094,0,0
20673,146,146,4.010255,417194,0,0
20774,147,147,4.019636,417294,0,0
20874,148,148,4.000874,417394,0,0
20973,149,149,4.014945,417494,0,0
21074,150,150,4.024326,417594,0,0
21173,151,151,4.029017,417694,0,0
21274,152,152,4.019636,417794,0,0
21373,153,153,4.000874,417894,0,0
21474,154,154,4.052468,417994,0,0
21573,155,155,4.057159,418094,0,0
21674,156,156,4.019636,418194,0,0
21773,157,157,3.996184,418294,0,0
21873,158,158,4.005565,418394,0,0
21974,159,159,4.033707,418494,0,0
22074,160,160,4.043088,418594,0,0
22174,161,161,4.010255,418694,0,0
22274,162,162,4.038397,418794,0,0
22373,163,163,4.010255,418894,0,0
22473,164,164,4.019636,418994,0,0
22574,165,165,4.000874,419094,0,0
22674,166,166,4.029017,419194,0,0
22773,167,167,3.986803,419294,0,0
22874,168,168,4.024326,419394,0,0
22973,169,169,4.010255,419494,0,0
23074,170,170,4.014945,419594,0,0
23174,171,171,4.033707,419694,0,0
23273,172,172,4.000874,419794,0,0
23373,173,173,4.029017,419894,0,0
23473,174,174,4.029017,419994,0,0
23573,175,175,4.000874,420094,0,0
23690,176,176,4.024326,420194,0,0
23790,177,177,4.010255,420294,0,0
23889,178,178,3.991494,420394,0,0
23981,179,179,4.010255,420494,0,0
24089,180,180,4.005565,420594,0,0
24190,181,181,3.986803,420694,0,0
24289,182,182,4.033707,420794,0,0
24389,183,183,4.005565,420894,0,0
24490,184,184,4.047778,420994,0,0
24581,185,185,4.019636,421094,0,0
24689,186,186,4.005565,421194,0,0
24775,187,187,4.033707,421294,0,0
24874,188,188,4.033707,421394,0,0
24973,189,189,4.024326,421494,0,0
25074,190,190,4.010255,421594,0,0
25173,191,191,4.000874,421694,0,0
25273,192,192,4.005565,421794,0,0
25373,193,193,3.996184,421894,0,0
25473,194,194,3.991494,421994,0,0
25573,195,195,3.977423,422094,0,0
25673,196,196,3.986803,422194,0,0
25773,197,197,3.977423,422294,0,0
25874,198,198,4.000874,422394,0,0
25974,199,199,3.986803,422494,0,0
26073,200,200,3.991494,422594,0,0
26173,201,201,3.986803,422694,0,0
26273,202,202,3.986803,422794,0,0
26373,203,203,3.972732,422894,0,0
26474,204,204,3.982113,422994,0,0
26573,205,205,4.005565,423094,0,0
26673,206,206,4.019636,423194,0,0
26774,207,207,4.000874,423294,0,0
26873,208,208,4.000874,423394,0,0
26973,209,209,4.000874,423494,0,0
27073,210,210,4.010255,423595,0,0
27173,211,211,4.005565,423695,0,0
27278,212,212,4.000874,423795,0,0
27390,213,213,4.029017,423895,0,0
27481,214,214,4.052468,423995,0,0
27590,215,215,4.019636,424095,0,0
27690,216,216,4.000874,424195,0,0
27790,217,217,4.024326,424295,0,0
27888,218,218,4.024326,424395,0,0
27990,219,219,3.982113,424495,0,0
28089,220,220,4.033707,424595,0,0
28190,221,221,4.014945,424695,0,0
28290,222,222,3.996184,424795,0,0
28381,223,223,4.066539,424895,0,0
28491,224,224,3.986803,424995,0,0
28578,225,225,4.024326,425095,0,0
28691,226,226,4.029017,425195,0,0
28781,227,227,4.038397,425295,0,0
28880,228,228,3.996184,425395,0,0
28989,229,229,3.963352,425495,0,0
29089,230,230,3.958661,425595,0,0
29180,231,231,4.005565,425695,0,0
29291,232,232,3.986803,425795,0,0
29398,233,233,4.014945,425895,0,0
29491,234,234,3.991494,425995,0,0
29581,235,235,3.991494,426095,0,0
29681,236,236,4.010255,426195,0,0
29790,237,237,4.000874,426295,0,0
29889,238,238,4.014945,426395,0,0
29980,239,239,4.014945,426495,0,0
30078,240,240,3.982113,426595,0,0
30190,241,241,4.014945,426695,0,0
30291,242,242,3.968042,426795,0,0
30390,243,243,3.982113,426895,0,0
30490,244,244,3.996184,426995,0,0
30589,245,245,3.991494,427095,0,0
30691,246,246,3.986803,427195,0,0
30789,247,247,3.953971,427295,0,0
30890,248,248,3.958661,427395,0,0
30989,249,249,3.986803,427495,0,0
31090,250,250,3.977423,427595,0,0
31191,251,251,3.986803,427695,0,0
31280,252,252,3.982113,427795,0,0
31398,253,253,3.972732,427895,0,0
31479,254,254,3.968042,427995,0,0
31590,255,255,3.953971,428095,0,0
31681,256,256,3.939900,428195,0,0
31790,257,257,3.977423,428295,0,0
31881,258,258,4.010255,428395,0,0
31989,259,259,3.977423,428495,0,0
32082,260,260,3.972732,428595,0,0
32180,261,261,3.972732,428695,0,0
32289,262,262,3.991494,428795,0,0
32381,263,263,3.977423,428895,0,0
32491,264,264,3.996184,428995,0,0
32590,265,265,3.977423,429095,0,0
32691,266,266,3.968042,429195,0,0
32790,267,267,3.991494,429295,0,0
32880,268,268,3.986803,429395,0,0
32989,269,269,3.958661,429495,0,0
33081,270,270,3.986803,429595,0,0
33180,271,271,3.996184,429695,0,0
33290,272,272,3.986803,429795,0,0
33391,273,273,3.972732,429895,0,0
33499,274,274,3.968042,429995,0,0
33579,275,275,3.944590,430095,0,0
33681,276,276,3.986803,430195,0,0
33778,277,277,3.939900,430295,0,0
33889,278,278,3.953971,430395,0,0
33990,279,279,3.963352,430495,0,0
34091,280,280,3.977423,430595,0,0
34190,281,281,3.949280,430695,0,0
34290,282,282,3.968042,430795,0,0
34382,283,283,3.986803,430895,0,0
34490,284,284,3.986803,430995,0,0
34590,285,285,3.944590,431095,0,0
34679,286,286,3.972732,431195,0,0
34791,287,287,3.963352,431295,0,0
34878,288,288,3.963352,431395,0,0
34981,289,289,3.972732,431495,0,0
35089,290,290,3.925829,431595,0,0
35182,291,291,3.963352,431695,0,0
35279,292,292,3.972732,431795,0,0
35391,293,293,4.033707,431895,0,0
35489,294,294,4.019636,431995,0,0
35581,295,295,4.052468,432095,0,0
35690,296,296,4.038397,432195,0,0
35791,297,297,4.047778,432295,0,0
35881,298,298,4.047778,432395,0,0
35989,299,299,4.052468,432495,0,0
36088,300,300,3.991494,432595,0,0
36180,301,301,4.010255,432695,0,0
36289,302,302,3.986803,432795,0,0
36380,303,303,4.029017,432895,0,0
36481,304,304,4.029017,432995,0,0
36587,305,305,4.047778,433095,0,0
36681,306,306,4.033707,433195,0,0
36790,307,307,3.996184,433295,0,0
36880,308,308,4.005565,433395,0,0
36978,309,309,4.014945,433495,0,0
37090,310,310,4.005565,433595,0,0
37189,311,311,4.014945,433695,0,0
37290,312,312,3.986803,433795,0,0
37391,313,313,4.024326,433895,0,0
37482,314,314,3.986803,433995,0,0
37589,315,315,3.982113,434095,0,0
37689,316,316,3.986803,434195,0,0
37782,317,317,4.029017,434295,0,0
37889,318,318,4.000874,434395,0,0
37980,319,319,4.000874,434495,0,0
38081,320,320,3.968042,434595,0,0
38189,321,321,3.996184,434695,0,0
38280,322,322,3.991494,434795,0,0
38379,323,323,3.972732,434895,0,0
38479,324,324,4.005565,434995,0,0
38580,325,325,3.982113,435095,0,0
38681,326,326,3.982113,435195,0,0
38782,327,327,3.968042,435295,0,0
38889,328,328,3.996184,435395,0,0
38989,329,329,3.972732,435495,0,0
39081,330,330,3.991494,435595,0,0
39181,331,331,4.024326,435695,0,0
39290,332,332,4.014945,435795,0,0
39382,333,333,4.038397,435895,0,0
39482,334,334,4.024326,435995,0,0
39589,335,335,4.024326,436095,0,0
39690,336,336,4.010255,436195,0,0
39790,337,337,4.057159,436295,0,0
39890,338,338,4.029017,436395,0,0
39989,339,339,3.991494,436495,0,0
40081,340,340,4.000874,436595,0,0
40180,341,341,4.005565,436695,0,0
40282,342,342,4.000874,436795,0,0
40378,343,343,4.000874,436895,0,0
40491,344,344,4.000874,436995,0,0
40588,345,345,3.996184,437095,0,0
40678,346,346,4.010255,437195,0,0
40775,347,347,4.033707,437295,0,0
40873,348,348,4.014945,437395,0,0
40973,349,349,4.005565,437495,0,0
41078,350,350,3.996184,437595,0,0
41190,351,351,4.024326,437695,0,0
41290,352,352,3.996184,437795,0,0
41381,353,353,4.029017,437895,0,0
41489,354,354,4.043088,437995,0,0
41590,355,355,4.043088,438095,0,0
41689,356,356,4.038397,438195,0,0
41782,357,357,4.052468,438295,0,0
41890,358,358,4.029017,438395,0,0
41981,359,359,4.043088,438495,0,0
42090,360,360,4.038397,438595,0,0
42189,361,361,4.019636,438695,0,0
42279,362,362,4.047778,438795,0,0
42378,363,363,4.043088,438895,0,0
42480,364,364,4.047778,438995,0,0
42579,365,365,4.071230,439095,0,0
42678,366,366,4.071230,439195,0,0
42779,367,367,4.071230,439295,0,0
42890,368,368,4.094682,439395,0,0
42989,369,369,4.094682,439495,0,0
43082,370,370,4.094682,439595,0,0
43189,371,371,4.085301,439695,0,0
43289,372,372,4.080610,439795,0,0
43382,373,373,4.113443,439895,0,0
43481,374,374,4.089991,439995,0,0
43578,375,375,4.085301,440095,0,0
43690,376,376,4.085301,440195,0,0
43789,377,377,4.089991,440295,0,0
43882,378,378,4.104062,440395,0,0
43989,379,379,4.085301,440495,0,0
44082,380,380,4.089991,440595,0,0
44189,381,381,4.108753,440695,0,0
44290,382,382,4.089991,440795,0,0
44382,383,383,4.113443,440895,0,0
44489,384,384,4.089991,440995,0,0
44590,385,385,4.104062,441095,0,0
44689,386,386,4.099372,441195,0,0
44789,387,387,4.122824,441295,0,0
44882,388,388,4.108753,441395,0,0
44990,389,389,4.108753,441495,0,0
45090,390,390,4.108753,441595,0,0
45190,391,391,4.085301,441695,0,0
45281,392,392,4.094682,441795,0,0
45390,393,393,4.089991,441895,0,0
45490,394,394,4.075920,441995,0,0
45591,395,395,4.085301,442095,0,0
45677,396,396,4.057159,442195,0,0
45773,397,397,4.061849,442295,0,0
45873,398,398,4.066539,442395,0,0
45973,399,399,4.089991,442495,0,0
46073,400,400,4.057159,442595,0,0
46173,401,401,4.052468,442695,0,0
46274,402,402,4.024326,442795,0,0
46381,403,403,4.038397,442895,0,0
46491,404,404,4.033707,442995,0,0
46581,405,405,4.010255,443095,0,0
46682,406,406,4.029017,443195,0,0
46780,407,407,3.996184,443295,0,0
46888,408,408,4.010255,443395,0,0
46979,409,409,4.005565,443495,0,0
47089,410,410,4.010255,443595,0,0
47189,411,411,4.014945,443695,0,0
47289,412,412,3.991494,443795,0,0
47388,413,413,3.968042,443895,0,0
47489,414,414,3.958661,443995,0,0
47579,415,415,3.982113,444095,0,0
47681,416,416,3.939900,444195,0,0
47779,417,417,3.953971,444295,0,0
47890,418,418,3.935209,444395,0,0
47981,419,419,3.963352,444495,0,0
48081,420,420,3.972732,444595,0,0
48180,421,421,3.949280,444695,0,0
48281,422,422,3.939900,444795,0,0
48378,423,423,3.968042,444895,0,0
48490,424,424,3.996184,444995,0,0
48591,425,425,3.972732,445095,0,0
48691,426,426,3.963352,445195,0,0
48781,427,427,3.972732,445295,0,0
48880,428,428,3.991494,445395,0,0
48979,429,429,3.982113,445495,0,0
49089,430,430,3.977423,445595,0,0
49181,431,431,3.996184,445695,0,0
49282,432,432,3.996184,445795,0,0
49381,433,433,4.038397,445895,0,0
49481,434,434,3.982113,445995,0,0
49589,435,435,3.982113,446095,0,0
49682,436,436,4.000874,446195,0,0
49789,437,437,3.968042,446295,0,0
49889,438,438,4.010255,446395,0,0
49982,439,439,4.024326,446495,0,0
50080,440,440,4.019636,446595,0,0
50189,441,441,4.005565,446695,0,0
50292,442,442,4.029017,446795,0,0
50390,443,443,4.024326,446895,0,0
50479,444,444,4.024326,446995,0,0
50579,445,445,4.024326,447095,0,0
50689,446,446,4.019636,447195,0,0
50790,447,447,4.014945,447295,0,0
50878,448,448,4.005565,447395,0,0
50990,449,449,4.005565,447495,0,0
51081,450,450,4.029017,447595,0,0
51179,451,451,4.000874,447695,0,0
51288,452,452,4.033707,447795,0,0
51390,453,453,4.010255,447895,0,0
51490,454,454,4.029017,447995,0,0
51581,455,455,4.038397,448095,0,0
51691,456,456,4.005565,448195,0,0
51775,457,457,4.029017,448295,0,0
51873,458,458,3.986803,448395,0,0
51973,459,459,4.000874,448495,0,0
52073,460,460,3.991494,448595,0,0
52173,461,461,4.047778,448695,0,0
52273,462,462,4.057159,448795,0,0
52373,463,463,4.047778,448895,0,0
52473,464,464,4.085301,448995,0,0
52573,465,465,4.066539,449095,0,0
52673,466,466,4.043088,449195,0,0
52773,467,467,4.038397,449295,0,0
52873,468,468,4.061849,449395,0,0
52973,469,469,4.061849,449495,0,0
53073,470,470,4.057159,449595,0,0
53173,471,471,4.029017,449695,0,0
53273,472,472,4.043088,449795,0,0
53373,473,473,4.052468,449895,0,0
53473,474,474,3.996184,449995,0,0
53573,475,475,4.038397,450095,0,0
53673,476,476,4.057159,450195,0,0
53773,477,477,4.000874,450295,0,0
53873,478,478,4.024326,450395,0,0
53973,479,479,4.038397,450495,0,0
54073,480,480,4.038397,450595,0,0
54173,481,481,4.047778,450695,0,0
54273,482,482,4.043088,450796,0,0
54373,483,483,4.052468,450896,0,0
54473,484,484,4.061849,450996,0,0
54573,485,485,4.024326,451096,0,0
54673,486,486,4.010255,451196,0,0
54773,487,487,4.005565,451296,0,0
54873,488,488,4.038397,451396,0,0
54973,489,489,4.005565,451496,0,0
55073,490,490,4.047778,451596,0,0
55173,491,491,4.019636,451696,0,0
55273,492,492,4.038397,451796,0,0
55373,493,493,3.986803,451896,0,0
55473,494,494,4.043088,451996,0,0
55573,495,495,4.005565,452096,0,0
55673,496,496,4.047778,452196,0,0
55773,497,497,4.047778,452296,0,0
55873,498,498,4.005565,452396,0,0
55973,499,499,4.033707,452496,0,0
63861,500,0,2.504651,460376,0,0
63960,501,1,2.532793,460476,0,0
64061,502,2,2.490579,460576,0,0
64161,503,3,2.471818,460676,0,0
64258,504,4,2.481199,460776,0,0
64361,505,5,2.467128,460876,0,0
64469,506,6,2.462437,460976,0,0
64559,507,7,2.481199,461076,0,0
64661,508,8,2.406153,461176,0,0
64759,509,9,2.443676,461276,0,0
64859,510,10,2.434295,461376,0,0
64960,511,11,2.462437,461476,0,0
65059,512,12,2.410843,461576,0,0
65160,513,13,2.429605,461676,0,0
65259,514,14,2.429605,461776,0,0
65360,515,15,2.429605,461876,0,0
65461,516,16,2.406153,461976,0,0
65569,517,17,2.429605,462076,0,0
65669,518,18,2.410843,462176,0,0
65761,519,19,2.429605,462276,0,0
65858,520,20,2.406153,462376,0,0
65968,521,21,2.396772,462476,0,0
66062,522,22,2.387392,462576,0,0
66169,523,23,2.345178,462676,0,0
66261,524,24,2.345178,462776,0,0
66360,525,25,2.401463,462876,0,0
66461,526,26,2.410843,462976,0,0
66561,527,27,2.392082,463076,0,0
66661,528,28,2.410843,463176,0,0
66756,529,29,2.349869,463276,0,0
66853,530,30,2.406153,463376,0,0
66962,531,31,2.406153,463476,0,0
67061,532,32,2.387392,463576,0,0
67162,533,33,2.382701,463676,0,0
67262,534,34,2.410843,463776,0,0
67369,535,35,2.392082,463876,0,0
67461,536,36,2.396772,463976,0,0
67561,537,37,2.429605,464076,0,0
67661,538,38,2.415534,464176,0,0
67768,539,39,2.420224,464276,0,0
67861,540,40,2.410843,464376,0,0
67962,541,41,2.410843,464476,0,0
68069,542,42,2.368630,464576,0,0
68162,543,43,2.410843,464676,0,0
68261,544,44,2.438986,464776,0,0
68369,545,45,2.429605,464876,0,0
68462,546,46,2.415534,464976,0,0
68562,547,47,2.457747,465076,0,0
68662,548,48,2.438986,465176,0,0
68759,549,49,2.415534,465276,0,0
68859,550,50,2.429605,465376,0,0
68961,551,51,2.485889,465476,0,0
69062,552,52,2.453057,465576,0,0
69170,553,53,2.424915,465676,0,0
69262,554,54,2.443676,465776,0,0
69370,555,55,2.434295,465876,0,0
69461,556,56,2.453057,465976,0,0
69560,557,57,2.471818,466076,0,0
69669,558,58,2.499960,466176,0,0
69761,559,59,2.429605,466276,0,0
69861,560,60,2.438986,466376,0,0
69961,561,61,2.457747,466476,0,0
70062,562,62,2.406153,466576,0,0
70162,563,63,2.415534,466676,0,0
70260,564,64,2.429605,466776,0,0
70369,565,65,2.490579,466876,0,0
70461,566,66,2.434295,466976,0,0
70569,567,67,2.471818,467076,0,0
70660,568,68,2.448366,467176,0,0
70761,569,69,2.495270,467276,0,0
70861,570,70,2.476508,467376,0,0
70969,571,71,2.448366,467476,0,0
71062,572,72,2.518722,467576,0,0
71161,573,73,2.509341,467676,0,0
71262,574,74,2.485889,467776,0,0
71359,575,75,2.481199,467876,0,0
71461,576,76,2.537483,467976,0,0
71569,577,77,2.528102,468076,0,0
71660,578,78,2.518722,468176,0,0
71755,579,79,2.518722,468276,0,0
71853,580,80,2.476508,468376,0,0
71953,581,81,2.490579,468476,0,0
72053,582,82,2.495270,468576,0,0
72153,583,83,2.495270,468676,0,0
72253,584,84,2.438986,468776,0,0
72353,585,85,2.396772,468876,0,0
72453,586,86,2.462437,468976,0,0
72553,587,87,2.481199,469076,0,0
72653,588,88,2.476508,469176,0,0
72754,589,89,2.481199,469276,0,0
72853,590,90,2.471818,469376,0,0
72953,591,91,2.401463,469476,0,0
73053,592,92,2.392082,469576,0,0
73153,593,93,2.349869,469676,0,0
73253,594,94,2.406153,469776,0,0
73353,595,95,2.438986,469876,0,0
73453,596,96,2.429605,469976,0,0
73553,597,97,2.457747,470076,0,0
73653,598,98,2.392082,470176,0,0
73753,599,99,2.424915,470276,0,0
73853,600,100,2.363940,470376,0,0
73953,601,101,2.434295,470476,0,0
74053,602,102,2.363940,470577,0,0
74153,603,103,2.363940,470677,0,0
74253,604,104,2.382701,470777,0,0
74353,605,105,2.420224,470877,0,0
74453,606,106,2.345178,470977,0,0
74553,607,107,2.396772,471077,0,0
74653,608,108,2.410843,471177,0,0
74753,608,108,2.326417,471277,0,0
74853,609,109,2.335798,471377,0,0
74953,610,110,2.392082,471477,0,0
75053,611,111,2.331107,471577,0,0
75153,612,112,2.331107,471677,0,0
75253,613,113,2.349869,471777,0,0
75353,614,114,2.401463,471877,0,0
75453,615,115,2.387392,471977,0,0
75553,616,116,2.349869,472077,0,0
75653,617,117,2.363940,472177,0,0
75753,618,118,2.443676,472277,0,0
75853,619,119,2.387392,472377,0,0
75953,620,120,2.401463,472477,0,0
76053,621,121,2.453057,472577,0,0
76153,622,122,2.382701,472677,0,0
76353,623,123,2.349869,472877,0,0
76453,624,124,2.382701,472977,0,0
76553,625,125,2.359250,473077,0,0
76653,626,126,2.443676,473177,0,0
76752,627,127,2.401463,473277,0,0
76852,628,128,2.476508,473377,0,0
76953,629,129,2.462437,473477,0,0
77152,630,130,2.481199,473677,0,0
77252,631,131,2.406153,473777,0,0
77352,632,132,2.438986,473877,0,0
77453,633,133,2.476508,473977,0,0
77553,634,134,2.448366,474077,0,0
77652,635,135,2.499960,474177,0,0
77753,636,136,2.434295,474277,0,0
77852,637,137,2.523412,474377,0,0
77953,638,138,2.438986,474477,0,0
78052,639,139,2.471818,474577,0,0
78152,640,140,2.481199,474677,0,0
78252,641,141,2.504651,474777,0,0
78352,642,142,2.443676,474877,0,0
78453,643,143,2.495270,474977,0,0
78552,644,144,2.462437,475077,0,0
78653,645,145,2.438986,475177,0,0
78753,646,146,2.462437,475277,0,0
78852,647,147,2.485889,475377,0,0
78952,648,148,2.443676,475477,0,0
79052,649,149,2.485889,475577,0,0
79153,650,150,2.495270,475677,0,0
79252,651,151,2.443676,475777,0,0
79352,652,152,2.467128,475877,0,0
79453,653,153,2.453057,475977,0,0
79552,654,154,2.453057,476077,0,0
79652,655,155,2.481199,476177,0,0
79752,656,156,2.462437,476277,0,0
79852,657,157,2.424915,476377,0,0
79952,658,158,2.392082,476477,0,0
80052,659,159,2.471818,476577,0,0
80152,660,160,2.434295,476677,0,0
80252,661,161,2.453057,476777,0,0
80352,662,162,2.424915,476877,0,0
80452,663,163,2.406153,476977,0,0
80552,664,164,2.410843,477077,0,0
80652,665,165,2.443676,477177,0,0
80752,666,166,2.424915,477277,0,0
80853,667,167,2.424915,477377,0,0
80952,668,168,2.401463,477477,0,0
81052,669,169,2.420224,477577,0,0
81152,670,170,2.438986,477677,0,0
81252,671,171,2.424915,477777,0,0
81352,672,172,2.406153,477877,0,0
81453,673,173,2.424915,477977,0,0
81552,674,174,2.406153,478077,0,0
81653,675,175,2.457747,478177,0,0
81752,676,176,2.434295,478277,0,0
81852,677,177,2.438986,478377,0,0
81952,678,178,2.434295,478477,0,0
82052,679,179,2.518722,478577,0,0
82152,680,180,2.443676,478677,0,0
82252,681,181,2.471818,478777,0,0
82352,682,182,2.476508,478877,0,0
82453,683,183,2.499960,478977,0,0
82552,684,184,2.556244,479077,0,0
82653,685,185,2.523412,479177,0,0
82752,686,186,2.584387,479277,0,0
82852,687,187,2.532793,479377,0,0
82952,688,188,2.476508,479477,0,0
83052,689,189,2.575006,479577,0,0
83152,690,190,2.575006,479677,0,0
83252,691,191,2.575006,479777,0,0
83352,692,192,2.593767,479877,0,0
83452,693,193,2.598458,479977,0,0
83552,694,194,2.565625,480077,0,0
83653,695,195,2.546864,480177,0,0
83752,696,196,2.584387,480277,0,0
83852,697,197,2.570316,480377,0,0
83953,698,198,2.575006,480477,0,0
84053,699,199,2.607838,480577,0,0
84152,700,200,2.551554,480677,0,0
84252,701,201,2.546864,480777,0,0
84352,702,202,2.528102,480877,0,0
84452,703,203,2.570316,480977,0,0
84552,704,204,2.565625,481077,0,0
84652,705,205,2.438986,481177,0,0
84752,706,206,2.584387,481277,0,0
84852,707,207,2.457747,481377,0,0
84952,708,208,2.514031,481477,0,0
85052,709,209,2.537483,481577,0,0
85152,710,210,2.462437,481677,0,0
85252,711,211,2.499960,481777,0,0
85352,712,212,2.485889,481877,0,0
85452,713,213,2.546864,481977,0,0
85552,714,214,2.537483,482077,0,0
85652,715,215,2.514031,482177,0,0
85752,716,216,2.462437,482277,0,0
85852,717,217,2.518722,482377,0,0
85952,718,218,2.457747,482477,0,0
86052,719,219,2.467128,482577,0,0
86152,720,220,2.542173,482677,0,0
86252,721,221,2.476508,482777,0,0
86352,722,222,2.499960,482877,0,0
86452,723,223,2.528102,482977,0,0
86552,724,224,2.485889,483077,0,0
86652,725,225,2.457747,483177,0,0
86752,726,226,2.443676,483277,0,0
86852,727,227,2.523412,483377,0,0
86953,728,228,2.471818,483477,0,0
87052,729,229,2.490579,483577,0,0
87152,730,230,2.462437,483677,0,0
87252,731,231,2.556244,483777,0,0
87352,732,232,2.462437,483877,0,0
87452,733,233,2.556244,483977,0,0
87552,734,234,2.434295,484077,0,0
87653,735,235,2.537483,484177,0,0
87752,736,236,2.462437,484277,0,0
87852,737,237,2.476508,484377,0,0
87952,738,238,2.509341,484477,0,0
88052,739,239,2.504651,484577,0,0
88152,740,240,2.504651,484677,0,0
88252,741,241,2.532793,484777,0,0
88352,742,242,2.537483,484877,0,0
88452,743,243,2.490579,484977,0,0
88552,744,244,2.523412,485077,0,0
88652,745,245,2.499960,485177,0,0
88752,746,246,2.495270,485277,0,0
88852,747,247,2.528102,485377,0,0
88952,748,248,2.532793,485477,0,0
89053,749,249,2.523412,485577,0,0
89152,750,250,2.532793,485677,0,0
89252,751,251,2.528102,485777,0,0
89352,752,252,2.490579,485877,0,0
89452,753,253,2.481199,485977,0,0
89552,754,254,2.471818,486077,0,0
89652,755,255,2.499960,486177,0,0
89752,756,256,2.457747,486277,0,0
89853,757,257,2.523412,486377,0,0
89952,758,258,2.504651,486477,0,0
90052,759,259,2.457747,486577,0,0
90152,760,260,2.495270,486677,0,0
90252,761,261,2.509341,486777,0,0
90352,762,262,2.471818,486877,0,0
90452,763,263,2.495270,486977,0,0
90552,764,264,2.476508,487077,0,0
90652,765,265,2.462437,487177,0,0
90752,766,266,2.457747,487277,0,0
90852,767,267,2.471818,487377,0,0
90952,768,268,2.490579,487477,0,0
91052,769,269,2.396772,487577,0,0
91152,770,270,2.448366,487677,0,0
91252,771,271,2.410843,487777,0,0
91352,772,272,2.481199,487877,0,0
91452,773,273,2.429605,487977,0,0
91552,774,274,2.406153,488077,0,0
91652,775,275,2.429605,488177,0,0
91752,776,276,2.485889,488277,0,0
91852,777,277,2.467128,488377,0,0
91952,778,278,2.499960,488477,0,0
92052,779,279,2.392082,488577,0,0
92152,780,280,2.471818,488677,0,0
92252,781,281,2.443676,488777,0,0
92352,782,282,2.420224,488877,0,0
92452,783,283,2.415534,488977,0,0
92552,784,284,2.471818,489077,0,0
92652,785,285,2.499960,489177,0,0
92752,786,286,2.363940,489277,0,0
92852,787,287,2.443676,489377,0,0
92952,788,288,2.382701,489477,0,0
93052,789,289,2.476508,489577,0,0
93152,790,290,2.392082,489677,0,0
93252,791,291,2.424915,489777,0,0
93352,792,292,2.476508,489877,0,0
93452,793,293,2.434295,489977,0,0
93552,794,294,2.406153,490077,0,0
93652,795,295,2.453057,490177,0,0
93752,796,296,2.368630,490277,0,0
93852,797,297,2.359250,490377,0,0
93952,798,298,2.448366,490477,0,0
94052,799,299,2.424915,490577,0,0
94152,800,300,2.373321,490677,0,0
94252,801,301,2.392082,490777,0,0
94353,802,302,2.378011,490877,0,0
94452,803,303,2.363940,490977,0,0
94552,804,304,2.429605,491077,0,0
94652,805,305,2.406153,491177,0,0
94752,806,306,2.429605,491277,0,0
94853,807,307,2.448366,491377,0,0
94952,808,308,2.340488,491477,0,0
95052,809,309,2.424915,491577,0,0
95152,810,310,2.462437,491677,0,0
95252,811,311,2.453057,491777,0,0
95352,812,312,2.410843,491877,0,0
95452,813,313,2.406153,491977,0,0
95552,814,314,2.481199,492077,0,0
95652,815,315,2.462437,492177,0,0
95752,816,316,2.481199,492277,0,0
95852,817,317,2.467128,492377,0,0
95952,818,318,2.453057,492477,0,0
96052,819,319,2.481199,492577,0,0
96152,820,320,2.462437,492677,0,0
96252,821,321,2.499960,492777,0,0
96352,822,322,2.514031,492877,0,0
96452,823,323,2.504651,492977,0,0
96552,824,324,2.495270,493077,0,0
96652,825,325,2.509341,493177,0,0
96752,826,326,2.542173,493277,0,0
96852,827,327,2.490579,493377,0,0
96952,828,328,2.518722,493477,0,0
97052,829,329,2.528102,493577,0,0
97152,830,330,2.490579,493677,0,0
97252,831,331,2.514031,493777,0,0
97352,832,332,2.518722,493877,0,0
97452,833,333,2.528102,493977,0,0
97552,833,333,2.542173,494077,0,0
97652,834,334,2.485889,494177,0,0
97752,835,335,2.528102,494277,0,0
97852,836,336,2.523412,494377,0,0
97952,837,337,2.504651,494477,0,0
98052,838,338,2.476508,494577,0,0
98152,839,339,2.490579,494677,0,0
98252,840,340,2.490579,494777,0,0
98352,841,341,2.504651,494877,0,0
98452,842,342,2.481199,494977,0,0
98552,843,343,2.504651,495077,0,0
98652,844,344,2.485889,495177,0,0
98752,845,345,2.481199,495277,0,0
98852,846,346,2.495270,495377,0,0
98952,847,347,2.495270,495477,0,0
99052,848,348,2.509341,495577,0,0
99152,849,349,2.495270,495677,0,0
99252,850,350,2.476508,495777,0,0
99352,851,351,2.509341,495877,0,0
99452,852,352,2.499960,495977,0,0
99552,853,353,2.471818,496077,0,0
99652,854,354,2.481199,496177,0,0
99752,855,355,2.410843,496277,0,0
99852,856,356,2.495270,496377,0,0
99952,857,357,2.499960,496477,0,0
100052,858,358,2.485889,496577,0,0
100152,859,359,2.424915,496677,0,0
100252,860,360,2.481199,496777,0,0
100352,861,361,2.476508,496877,0,0
100452,862,362,2.485889,496977,0,0
100552,863,363,2.467128,497077,0,0
100652,864,364,2.448366,497177,0,0
100752,865,365,2.434295,497277,0,0
100852,866,366,2.476508,497378,0,0
100952,867,367,2.476508,497478,0,0
101052,868,368,2.448366,497578,0,0
101152,869,369,2.495270,497678,0,0
101269,870,370,2.481199,497778,0,0
101359,871,371,2.476508,497878,0,0
101480,872,372,2.514031,497978,0,0
101569,873,373,2.509341,498078,0,0
101689,874,374,2.495270,498178,0,0
101759,875,375,2.481199,498278,0,0
101870,876,376,2.448366,498378,0,0
101979,877,377,2.420224,498478,0,0
102070,878,378,2.453057,498578,0,0
102159,879,379,2.514031,498678,0,0
102267,880,380,2.495270,498778,0,0
102358,881,381,2.443676,498878,0,0
102459,882,382,2.438986,498978,0,0
102579,883,383,2.504651,499078,0,0
102669,884,384,2.453057,499178,0,0
102769,885,385,2.485889,499278,0,0
102868,886,386,2.499960,499378,0,0
102969,887,387,2.467128,499478,0,0
103078,888,388,2.481199,499578,0,0
103167,889,389,2.467128,499678,0,0
103268,890,390,2.453057,499778,0,0
103358,891,391,2.528102,499878,0,0
103468,892,392,2.462437,499978,0,0
103560,893,393,2.499960,500078,0,0
103668,894,394,2.476508,500178,0,0
103779,895,395,2.481199,500278,0,0
103859,896,396,2.485889,500378,0,0
103978,897,397,2.443676,500478,0,0
104076,898,398,2.476508,500578,0,0
104168,899,399,2.429605,500678,0,0
104268,900,400,2.523412,500778,0,0
104368,901,401,2.462437,500878,0,0
104479,902,402,2.528102,500978,0,0
104569,903,403,2.467128,501078,0,0
104678,904,404,2.528102,501178,0,0
104769,905,405,2.490579,501278,0,0
104868,906,406,2.532793,501378,0,0
104960,907,407,2.570316,501478,0,0
105069,908,408,2.570316,501578,0,0
105170,909,409,2.560935,501678,0,0
105259,910,410,2.523412,501778,0,0
105388,911,411,2.579696,501878,0,0
105459,912,412,2.556244,501978,0,0
105558,913,413,2.542173,502078,0,0
105679,914,414,2.560935,502178,0,0
105767,915,415,2.570316,502278,0,0
105859,916,416,2.579696,502378,0,0
105968,917,417,2.589077,502478,0,0
106069,918,418,2.584387,502578,0,0
106158,919,419,2.603148,502678,0,0
106259,920,420,2.565625,502778,0,0
106369,921,421,2.551554,502878,0,0
106477,922,422,2.523412,502978,0,0
106567,923,423,2.556244,503078,0,0
106657,924,424,2.575006,503178,0,0
106769,925,425,2.560935,503278,0,0
106858,926,426,2.565625,503378,0,0
106969,927,427,2.579696,503478,0,0
107069,928,428,2.565625,503578,0,0
107180,929,429,2.528102,503678,0,0
107280,930,430,2.565625,503778,0,0
107380,931,431,2.556244,503878,0,0
107467,932,432,2.499960,503978,0,0
107567,933,433,2.551554,504078,0,0
107658,934,434,2.509341,504178,0,0
107768,934,434,2.518722,504278,0,0
107858,935,435,2.499960,504378,0,0
107952,936,436,2.532793,504478,0,0
108052,937,437,2.523412,504578,0,0
108152,938,438,2.537483,504678,0,0
108252,939,439,2.476508,504778,0,0
108352,940,440,2.546864,504878,0,0
108452,941,441,2.476508,504978,0,0
108552,942,442,2.556244,505078,0,0
108652,943,443,2.546864,505178,0,0
108752,944,444,2.537483,505278,0,0
108852,945,445,2.504651,505378,0,0
108952,946,446,2.565625,505478,0,0
109052,947,447,2.438986,505578,0,0
109152,948,448,2.537483,505678,0,0
109252,949,449,2.523412,505778,0,0
109352,950,450,2.532793,505878,0,0
109452,951,451,2.438986,505978,0,0
109553,952,452,2.443676,506078,0,0
109652,953,453,2.462437,506178,0,0
109753,954,454,2.490579,506278,0,0
109853,955,455,2.532793,506378,0,0
109952,956,456,2.499960,506478,0,0
110052,957,457,2.542173,506578,0,0
110152,958,458,2.438986,506678,0,0
110252,959,459,2.476508,506778,0,0
110352,960,460,2.499960,506878,0,0
110452,961,461,2.518722,506978,0,0
110552,962,462,2.443676,507078,0,0
110652,963,463,2.434295,507178,0,0
110752,964,464,2.410843,507278,0,0
110852,965,465,2.453057,507378,0,0
110952,966,466,2.420224,507478,0,0
111052,967,467,2.457747,507578,0,0
111152,968,468,2.457747,507678,0,0
111252,969,469,2.457747,507778,0,0
111352,970,470,2.481199,507878,0,0
111452,971,471,2.467128,507978,0,0
111552,972,472,2.443676,508078,0,0
111652,973,473,2.514031,508178,0,0
111752,974,474,2.532793,508278,0,0
111852,975,475,2.476508,508378,0,0
111952,976,476,2.551554,508478,0,0
112052,977,477,2.518722,508578,0,0
112152,978,478,2.495270,508678,0,0
112252,979,479,2.457747,508778,0,0
112352,980,480,2.495270,508878,0,0
112452,981,481,2.560935,508978,0,0
112552,982,482,2.537483,509078,0,0
112652,983,483,2.476508,509178,0,0
112752,984,484,2.467128,509278,0,0
112852,985,485,2.556244,509378,0,0
112952,986,486,2.518722,509478,0,0
113052,987,487,2.551554,509578,0,0
113152,988,488,2.509341,509678,0,0
113252,989,489,2.490579,509778,0,0
113352,990,490,2.453057,509878,0,0
113452,991,491,2.467128,509978,0,0
113552,992,492,2.429605,510078,0,0
113652,993,493,2.467128,510178,0,0
113752,994,494,2.481199,510278,0,0
113852,995,495,2.471818,510378,0,0
113952,996,496,2.537483,510478,0,0
114052,997,497,2.514031,510578,0,0
114152,998,498,2.481199,510678,0,0
114252,999,499,2.528102,510778,0,0
122052,1000,0,2.607838,518576,0,0
122152,1001,1,2.579696,518676,0,0
122253,1002,2,2.570316,518776,0,0
122351,1003,3,2.537483,518876,0,0
122450,1004,4,2.551554,518976,0,0
122550,1005,5,2.542173,519076,0,0
122650,1006,6,2.603148,519176,0,0
122750,1007,7,2.612529,519276,0,0
122850,1008,8,2.593767,519376,0,0
122950,1009,9,2.565625,519476,0,0
123049,1010,10,2.598458,519576,0,0
123149,1011,11,2.537483,519676,0,0
123249,1012,12,2.579696,519776,0,0
123349,1013,13,2.546864,519876,0,0
123449,1014,14,2.556244,519976,0,0
123549,1015,15,2.589077,520076,0,0
123649,1016,16,2.603148,520176,0,0
123749,1017,17,2.617219,520276,0,0
123849,1018,18,2.575006,520376,0,0
123949,1019,19,2.617219,520476,0,0
124049,1020,20,2.584387,520576,0,0
124149,1021,21,2.598458,520676,0,0
124249,1022,22,2.593767,520776,0,0
124349,1023,23,2.560935,520876,0,0
124449,1024,24,2.579696,520976,0,0
124549,1025,25,2.584387,521076,0,0
124649,1026,26,2.593767,521176,0,0
124749,1027,27,2.584387,521276,0,0
124849,1028,28,2.603148,521376,0,0
124949,1029,29,2.575006,521476,0,0
125049,1030,30,2.603148,521576,0,0
125149,1031,31,2.579696,521676,0,0
125249,1032,32,2.579696,521776,0,0
125349,1033,33,2.589077,521876,0,0
125449,1034,34,2.607838,521976,0,0
125549,1035,35,2.546864,522076,0,0
125649,1036,36,2.575006,522176,0,0
125749,1037,37,2.570316,522276,0,0
125849,1038,38,2.603148,522376,0,0
125949,1039,39,2.589077,522476,0,0
126049,1040,40,2.612529,522576,0,0
126149,1041,41,2.607838,522676,0,0
126249,1042,42,2.560935,522776,0,0
126349,1043,43,2.598458,522876,0,0
126449,1044,44,2.579696,522976,0,0
126549,1045,45,2.593767,523076,0,0
126649,1046,46,2.570316,523176,0,0
126749,1047,47,2.523412,523276,0,0
126849,1048,48,2.523412,523376,0,0
126949,1049,49,2.528102,523476,0,0
127049,1050,50,2.537483,523576,0,0
127149,1051,51,2.593767,523676,0,0
127249,1052,52,2.598458,523776,0,0
127349,1053,53,2.593767,523876,0,0
127449,1054,54,2.584387,523976,0,0
127549,1055,55,2.556244,524076,0,0
127649,1056,56,2.528102,524176,0,0
127749,1057,57,2.560935,524276,0,0
127849,1058,58,2.551554,524376,0,0
127949,1059,59,2.593767,524476,0,0
128049,1060,60,2.598458,524576,0,0
128149,1061,61,2.589077,524676,0,0
128249,1062,62,2.575006,524776,0,0
128349,1063,63,2.589077,524876,0,0
128449,1064,64,2.607838,524976,0,0
128549,1065,65,2.589077,525076,0,0
128649,1066,66,2.607838,525176,0,0
128749,1067,67,2.579696,525276,0,0
128849,1068,68,2.575006,525376,0,0
128949,1069,69,2.565625,525476,0,0
129049,1070,70,2.579696,525576,0,0
129149,1071,71,2.565625,525676,0,0
129249,1072,72,2.551554,525776,0,0
129349,1073,73,2.570316,525876,0,0
129449,1074,74,2.575006,525976,0,0
129549,1075,75,2.560935,526076,0,0
129649,1076,76,2.607838,526176,0,0
129749,1077,77,2.593767,526276,0,0
129849,1078,78,2.603148,526376,0,0
129949,1079,79,2.570316,526476,0,0
130049,1080,80,2.542173,526576,0,0
130149,1081,81,2.560935,526676,0,0
130249,1082,82,2.607838,526776,0,0
130349,1083,83,2.603148,526876,0,0
130449,1084,84,2.603148,526976,0,0
130549,1085,85,2.607838,527076,0,0
130649,1086,86,2.575006,527176,0,0
130749,1087,87,2.546864,527276,0,0
130849,1088,88,2.584387,527376,0,0
130949,1089,89,2.560935,527476,0,0
131049,1090,90,2.607838,527576,0,0
131149,1091,91,2.575006,527676,0,0
131249,1092,92,2.575006,527776,0,0
131349,1093,93,2.546864,527876,0,0
131449,1094,94,2.603148,527976,0,0
131549,1095,95,2.556244,528076,0,0
131649,1096,96,2.584387,528176,0,0
131749,1097,97,2.593767,528276,0,0
131849,1098,98,2.598458,528376,0,0
131949,1099,99,2.556244,528476,0,0
132049,1100,100,2.570316,528576,0,0
132151,1101,101,2.579696,528676,0,0
132252,1102,102,2.565625,528776,0,0
132352,1103,103,2.560935,528876,0,0
132450,1104,104,2.603148,528976,0,0
132550,1105,105,2.570316,529076,0,0
132652,1106,106,2.579696,529176,0,0
132752,1107,107,2.575006,529276,0,0
132851,1108,108,2.589077,529376,0,0
132951,1109,109,2.589077,529476,0,0
133050,1110,110,2.575006,529576,0,0
133150,1111,111,2.598458,529676,0,0
133251,1112,112,2.570316,529776,0,0
133350,1113,113,2.551554,529876,0,0
133453,1114,114,2.603148,529976,0,0
133553,1115,115,2.579696,530076,0,0
133650,1116,116,2.612529,530176,0,0
133750,1117,117,2.612529,530276,0,0
133851,1118,118,2.579696,530376,0,0
133950,1119,119,2.612529,530476,0,0
134049,1120,120,2.570316,530576,0,0
134150,1121,121,2.579696,530676,0,0
134250,1122,122,2.575006,530776,0,0
134350,1123,123,2.565625,530876,0,0
134452,1124,124,2.584387,530976,0,0
134553,1125,125,2.607838,531076,0,0
134653,1126,126,2.575006,531176,0,0
134753,1127,127,2.560935,531276,0,0
134850,1128,128,2.575006,531376,0,0
134953,1129,129,2.584387,531476,0,0
135049,1130,130,2.528102,531576,0,0
135152,1131,131,2.560935,531676,0,0
135253,1132,132,2.514031,531776,0,0
135351,1133,133,2.495270,531876,0,0
135451,1134,134,2.575006,531976,0,0
135551,1135,135,2.542173,532076,0,0
135653,1136,136,2.546864,532176,0,0
135753,1137,137,2.570316,532276,0,0
135849,1138,138,2.528102,532376,0,0
135949,1139,139,2.528102,532476,0,0
136051,1140,140,2.560935,532576,0,0
136153,1141,141,2.532793,532676,0,0
136253,1142,142,2.607838,532776,0,0
136353,1143,143,2.551554,532876,0,0
136454,1144,144,2.560935,532976,0,0
136557,1145,145,2.556244,533076,0,0
136650,1146,146,2.607838,533176,0,0
136751,1147,147,2.612529,533276,0,0
136850,1148,148,2.565625,533376,0,0
136953,1149,149,2.532793,533476,0,0
137053,1150,150,2.579696,533576,0,0
137153,1151,151,2.617219,533676,0,0
137254,1152,152,2.570316,533776,0,0
137352,1153,153,2.570316,533876,0,0
137449,1154,154,2.584387,533976,0,0
137557,1155,155,2.560935,534076,0,0
137649,1156,156,2.603148,534176,0,0
137750,1157,157,2.560935,534276,0,0
137854,1158,158,2.556244,534376,0,0
137949,1159,159,2.584387,534476,0,0
138049,1160,160,2.575006,534576,0,0
138149,1161,161,2.546864,534676,0,0
138249,1162,162,2.532793,534776,0,0
138349,1163,163,2.584387,534876,0,0
138449,1164,164,2.532793,534976,0,0
138559,1165,165,2.593767,535076,0,0
138659,1166,166,2.593767,535176,0,0
138760,1167,167,2.603148,535276,0,0
138860,1168,168,2.551554,535376,0,0
138966,1169,169,2.579696,535476,0,0
139059,1170,170,2.575006,535576,0,0
139169,1171,171,2.603148,535676,0,0
139259,1172,172,2.593767,535776,0,0
139358,1173,173,2.579696,535876,0,0
139458,1174,174,2.565625,535976,0,0
139559,1175,175,2.584387,536076,0,0
139659,1176,176,2.598458,536176,0,0
139759,1177,177,2.570316,536276,0,0
139849,1178,178,2.560935,536376,0,0
139949,1179,179,2.565625,536476,0,0
140058,1180,180,2.631290,536576,0,0
140150,1181,181,2.556244,536676,0,0
140249,1182,182,2.584387,536776,0,0
140350,1183,183,2.584387,536876,0,0
140450,1184,184,2.565625,536976,0,0
140558,1185,185,2.565625,537076,0,0
140668,1186,186,2.556244,537176,0,0
140750,1187,187,2.546864,537276,0,0
140850,1188,188,2.598458,537376,0,0
140959,1189,189,2.575006,537476,0,0
141049,1190,190,2.560935,537576,0,0
141149,1191,191,2.560935,537676,0,0
141258,1192,192,2.584387,537776,0,0
141359,1193,193,2.575006,537876,0,0
141459,1194,194,2.570316,537976,0,0
141549,1195,195,2.589077,538076,0,0
141660,1196,196,2.565625,538176,0,0
141768,1197,197,2.589077,538276,0,0
141850,1198,198,2.593767,538376,0,0
141967,1199,199,2.598458,538476,0,0
142058,1200,200,2.589077,538576,0,0
142149,1201,201,2.584387,538676,0,0
142250,1202,202,2.584387,538776,0,0
142369,1203,203,2.621909,538876,0,0
142469,1204,204,2.589077,538976,0,0
142560,1205,205,2.631290,539076,0,0
142658,1206,206,2.603148,539176,0,0
142759,1207,207,2.607838,539276,0,0
142849,1208,208,2.598458,539376,0,0
142949,1209,209,2.593767,539476,0,0
143049,1210,210,2.631290,539576,0,0
143149,1211,211,2.612529,539676,0,0
143249,1212,212,2.631290,539776,0,0
143349,1213,213,2.626600,539876,0,0
143449,1214,214,2.631290,539976,0,0
143549,1215,215,2.640671,540076,0,0
143649,1216,216,2.607838,540176,0,0
143749,1217,217,2.659432,540276,0,0
143849,1218,218,2.664123,540376,0,0
143949,1219,219,2.645361,540476,0,0
144049,1220,220,2.654742,540576,0,0
144149,1221,221,2.673503,540676,0,0
144249,1222,222,2.659432,540776,0,0
144351,1223,223,2.654742,540876,0,0
144459,1224,224,2.659432,540976,0,0
144558,1225,225,2.659432,541076,0,0
144659,1226,226,2.659432,541177,0,0
144751,1227,227,2.664123,541277,0,0
144859,1228,228,2.640671,541377,0,0
144959,1229,229,2.673503,541477,0,0
145050,1230,230,2.654742,541577,0,0
145160,1231,231,2.650052,541677,0,0
145250,1232,232,2.673503,541777,0,0
145358,1233,233,2.687574,541877,0,0
145460,1234,234,2.687574,541977,0,0
145559,1235,235,2.682884,542077,0,0
145651,1236,236,2.673503,542177,0,0
145760,1237,237,2.682884,542277,0,0
145850,1238,238,2.640671,542377,0,0
145950,1239,239,2.678194,542477,0,0
146059,1240,240,2.678194,542577,0,0
146160,1241,241,2.696955,542677,0,0
146268,1242,242,2.664123,542777,0,0
146359,1243,243,2.631290,542877,0,0
146470,1244,244,2.692265,542977,0,0
146559,1245,245,2.659432,543077,0,0
146649,1246,246,2.645361,543177,0,0
146760,1247,247,2.687574,543277,0,0
146851,1248,248,2.631290,543377,0,0
146959,1249,249,2.678194,543477,0,0
147051,1250,250,2.640671,543577,0,0
147158,1251,251,2.654742,543677,0,0
147260,1252,252,2.640671,543777,0,0
147359,1253,253,2.626600,543877,0,0
147459,1254,254,2.640671,543977,0,0
147550,1255,255,2.584387,544077,0,0
147660,1256,256,2.575006,544177,0,0
147750,1257,257,2.621909,544277,0,0
147856,1258,258,2.579696,544377,0,0
147948,1259,259,2.598458,544477,0,0
148048,1260,260,2.565625,544577,0,0
148148,1261,261,2.570316,544677,0,0
148249,1262,262,2.584387,544777,0,0
148349,1263,263,2.542173,544877,0,0
148449,1264,264,2.575006,544977,0,0
148548,1265,265,2.542173,545077,0,0
148648,1266,266,2.560935,545177,0,0
148748,1267,267,2.551554,545277,0,0
148848,1268,268,2.551554,545377,0,0
148948,1269,269,2.560935,545477,0,0
149048,1270,270,2.542173,545577,0,0
149149,1271,271,2.556244,545677,0,0
149248,1272,272,2.528102,545777,0,0
149348,1273,273,2.565625,545877,0,0
149448,1274,274,2.575006,545977,0,0
149548,1275,275,2.560935,546077,0,0
149648,1276,276,2.542173,546177,0,0
149748,1277,277,2.523412,546277,0,0
149848,1278,278,2.537483,546377,0,0
149948,1279,279,2.542173,546477,0,0
150048,1280,280,2.523412,546577,0,0
150148,1281,281,2.579696,546677,0,0
150248,1282,282,2.556244,546777,0,0
150348,1283,283,2.542173,546877,0,0
150448,1284,284,2.537483,546977,0,0
150549,1285,285,2.565625,547077,0,0
150648,1286,286,2.584387,547177,0,0
150748,1287,287,2.603148,547277,0,0
150848,1288,288,2.528102,547377,0,0
150948,1289,289,2.598458,547477,0,0
151048,1290,290,2.607838,547577,0,0
151149,1291,291,2.598458,547677,0,0
151248,1292,292,2.603148,547777,0,0
151348,1293,293,2.607838,547877,0,0
151448,1294,294,2.607838,547977,0,0
151548,1295,295,2.570316,548077,0,0
151649,1296,296,2.640671,548177,0,0
151748,1297,297,2.621909,548277,0,0
151848,1298,298,2.664123,548377,0,0
151948,1299,299,2.612529,548477,0,0
152048,1300,300,2.621909,548577,0,0
152148,1301,301,2.645361,548677,0,0
152248,1302,302,2.650052,548777,0,0
152348,1303,303,2.668813,548877,0,0
152448,1304,304,2.640671,548977,0,0
152549,1305,305,2.631290,549077,0,0
152648,1306,306,2.668813,549177,0,0
152748,1307,307,2.650052,549277,0,0
152848,1308,308,2.664123,549377,0,0
152948,1309,309,2.650052,549477,0,0
153048,1310,310,2.645361,549577,0,0
153148,1311,311,2.692265,549677,0,0
153248,1312,312,2.650052,549777,0,0
153348,1313,313,2.635981,549877,0,0
153448,1314,314,2.626600,549977,0,0
153548,1315,315,2.692265,550077,0,0
153648,1316,316,2.664123,550177,0,0
153748,1317,317,2.664123,550277,0,0
153848,1318,318,2.640671,550377,0,0
153948,1319,319,2.650052,550477,0,0
154048,1320,320,2.654742,550577,0,0
154148,1321,321,2.640671,550677,0,0
154248,1322,322,2.659432,550777,0,0
154348,1323,323,2.640671,550877,0,0
154448,1324,324,2.621909,550977,0,0
154548,1325,325,2.617219,551077,0,0
154648,1326,326,2.631290,551177,0,0
154748,1327,327,2.635981,551277,0,0
154848,1328,328,2.631290,551377,0,0
154948,1329,329,2.626600,551477,0,0
155048,1330,330,2.645361,551577,0,0
155148,1331,331,2.635981,551677,0,0
155248,1332,332,2.635981,551777,0,0
155348,1333,333,2.626600,551877,0,0
155448,1334,334,2.617219,551977,0,0
155548,1335,335,2.626600,552077,0,0
155648,1336,336,2.645361,552177,0,0
155748,1337,337,2.603148,552277,0,0
155848,1338,338,2.612529,552377,0,0
155948,1339,339,2.640671,552477,0,0
156048,1340,340,2.635981,552577,0,0
156149,1341,341,2.645361,552677,0,0
156248,1342,342,2.631290,552777,0,0
156348,1343,343,2.617219,552877,0,0
156448,1344,344,2.650052,552977,0,0
156548,1345,345,2.626600,553077,0,0
156648,1346,346,2.640671,553177,0,0
156748,1347,347,2.612529,553277,0,0
156848,1348,348,2.654742,553377,0,0
156948,1349,349,2.612529,553477,0,0
157048,1350,350,2.607838,553577,0,0
157148,1351,351,2.650052,553677,0,0
157248,1352,352,2.570316,553777,0,0
157348,1353,353,2.607838,553877,0,0
157448,1354,354,2.607838,553977,0,0
157548,1355,355,2.579696,554077,0,0
157658,1356,356,2.589077,554177,0,0
157759,1357,357,2.635981,554277,0,0
157858,1358,358,2.603148,554377,0,0
157960,1359,359,2.617219,554477,0,0
158057,1360,360,2.626600,554577,0,0
158159,1361,361,2.607838,554677,0,0
158250,1362,362,2.612529,554777,0,0
158358,1363,363,2.617219,554877,0,0
158458,1364,364,2.626600,554977,0,0
158558,1365,365,2.631290,555077,0,0
158661,1366,366,2.640671,555177,0,0
158750,1367,367,2.650052,555277,0,0
158850,1368,368,2.640671,555377,0,0
158949,1369,369,2.635981,555477,0,0
159059,1370,370,2.678194,555577,0,0
159157,1371,371,2.631290,555677,0,0
159259,1372,372,2.650052,555777,0,0
159351,1373,373,2.640671,555877,0,0
159467,1374,374,2.640671,555977,0,0
159558,1375,375,2.659432,556077,0,0
159655,1376,376,2.635981,556177,0,0
159749,1377,377,2.635981,556277,0,0
159848,1378,378,2.687574,556377,0,0
159948,1379,379,2.659432,556477,0,0
160048,1380,380,2.626600,556577,0,0
160148,1381,381,2.659432,556677,0,0
160248,1382,382,2.617219,556777,0,0
160348,1383,383,2.696955,556877,0,0
160448,1384,384,2.696955,556977,0,0
160548,1385,385,2.668813,557077,0,0
160648,1386,386,2.673503,557177,0,0
160748,1387,387,2.654742,557277,0,0
160848,1388,388,2.682884,557377,0,0
160948,1389,389,2.654742,557477,0,0
161048,1390,390,2.626600,557577,0,0
161148,1391,391,2.645361,557677,0,0
161248,1392,392,2.631290,557777,0,0
161348,1393,393,2.635981,557877,0,0
161448,1394,394,2.593767,557977,0,0
161548,1395,395,2.589077,558077,0,0
161648,1396,396,2.617219,558177,0,0
161748,1397,397,2.621909,558277,0,0
161848,1398,398,2.621909,558377,0,0
161948,1399,399,2.589077,558477,0,0
162048,1400,400,2.579696,558577,0,0
162148,1401,401,2.650052,558677,0,0
162248,1402,402,2.589077,558777,0,0
162348,1403,403,2.584387,558877,0,0
162448,1404,404,2.645361,558977,0,0
162548,1405,405,2.593767,559077,0,0
162648,1406,406,2.626600,559177,0,0
162748,1407,407,2.612529,559277,0,0
162848,1408,408,2.575006,559377,0,0
162948,1409,409,2.607838,559477,0,0
163048,1410,410,2.603148,559577,0,0
163148,1411,411,2.603148,559677,0,0
163248,1412,412,2.640671,559777,0,0
163348,1413,413,2.654742,559877,0,0
163448,1414,414,2.617219,559977,0,0
163548,1415,415,2.589077,560077,0,0
163648,1416,416,2.635981,560177,0,0
163748,1417,417,2.603148,560277,0,0
163848,1418,418,2.612529,560377,0,0
163948,1419,419,2.631290,560477,0,0
164048,1420,420,2.626600,560577,0,0
164148,1421,421,2.650052,560677,0,0
164248,1422,422,2.645361,560777,0,0
164348,1423,423,2.617219,560877,0,0
164448,1424,424,2.645361,560977,0,0
164548,1425,425,2.650052,561077,0,0
164648,1426,426,2.603148,561177,0,0
164748,1427,427,2.589077,561277,0,0
164848,1428,428,2.603148,561377,0,0
164948,1429,429,2.598458,561477,0,0
165048,1430,430,2.584387,561577,0,0
165148,1431,431,2.584387,561677,0,0
165248,1432,432,2.579696,561777,0,0
165348,1433,433,2.570316,561877,0,0
165448,1434,434,2.598458,561977,0,0
165548,1435,435,2.570316,562077,0,0
165648,1436,436,2.598458,562177,0,0
165750,1437,437,2.570316,562277,0,0
165849,1438,438,2.579696,562377,0,0
165949,1439,439,2.603148,562477,0,0
166048,1440,440,2.621909,562577,0,0
166148,1441,441,2.598458,562677,0,0
166249,1442,442,2.603148,562777,0,0
166349,1443,443,2.621909,562877,0,0
166448,1444,444,2.612529,562977,0,0
166548,1445,445,2.579696,563077,0,0
166648,1446,446,2.621909,563177,0,0
166750,1447,447,2.603148,563277,0,0
166852,1448,448,2.607838,563377,0,0
166948,1449,449,2.589077,563477,0,0
167048,1450,450,2.621909,563577,0,0
167148,1451,451,2.607838,563677,0,0
167251,1452,452,2.640671,563777,0,0
167352,1453,453,2.607838,563877,0,0
167448,1454,454,2.593767,563977,0,0
167549,1455,455,2.584387,564077,0,0
167648,1456,456,2.593767,564177,0,0
167748,1457,457,2.612529,564277,0,0
167848,1458,458,2.598458,564377,0,0
167952,1459,459,2.603148,564477,0,0
168049,1460,460,2.631290,564577,0,0
168148,1461,461,2.631290,564677,0,0
168252,1462,462,2.612529,564777,0,0
168350,1463,463,2.612529,564877,0,0
168449,1464,464,2.598458,564977,0,0
168549,1465,465,2.598458,565077,0,0
168648,1466,466,2.607838,565177,0,0
168748,1467,467,2.593767,565277,0,0
168848,1468,468,2.612529,565377,0,0
168950,1469,469,2.598458,565477,0,0
169048,1470,470,2.598458,565577,0,0
169148,1471,471,2.598458,565677,0,0
169248,1472,472,2.640671,565777,0,0
169349,1473,473,2.617219,565877,0,0
169453,1474,474,2.593767,565977,0,0
169549,1475,475,2.626600,566077,0,0
169648,1476,476,2.603148,566177,0,0
169748,1477,477,2.621909,566277,0,0
169848,1478,478,2.650052,566377,0,0
169948,1479,479,2.631290,566477,0,0
170048,1480,480,2.659432,566577,0,0
170148,1481,481,2.635981,566677,0,0
170248,1482,482,2.645361,566777,0,0
170348,1483,483,2.645361,566877,0,0
170448,1484,484,2.640671,566977,0,0
170548,1485,485,2.617219,567077,0,0
170648,1486,486,2.645361,567177,0,0
170748,1487,487,2.612529,567277,0,0
170848,1488,488,2.664123,567378,0,0
170948,1489,489,2.631290,567478,0,0
171048,1490,490,2.626600,567578,0,0
171148,1491,491,2.659432,567678,0,0
171248,1492,492,2.668813,567778,0,0
171348,1493,493,2.678194,567878,0,0
171448,1494,494,2.673503,567978,0,0
171548,1495,495,2.668813,568078,0,0
171648,1496,496,2.678194,568178,0,0
171748,1497,497,2.692265,568278,0,0
171848,1498,498,2.706336,568378,0,0
171948,1499,499,2.668813,568478,0,0
